<?xml version="1.0" encoding="UTF-8"?>
<testng-results ignored="0" total="171" passed="163" failed="8" skipped="0">
  <reporter-output>
  </reporter-output>
  <suite started-at="2023-09-18T22:09:33 CDT" name="Default suite" finished-at="2023-09-18T22:12:40 CDT" duration-ms="187545">
    <groups>
      <group name="cucumber">
        <method signature="AbstractTestNGCucumberTests.runScenario(io.cucumber.testng.PickleWrapper,io.cucumber.testng.FeatureWrapper)[pri:0, instance:com.dsalgoportal.testrunner.TestNGTestRunner@fa4c865]" name="runScenario" class="io.cucumber.testng.AbstractTestNGCucumberTests"/>
      </group> <!-- cucumber -->
    </groups>
    <test started-at="2023-09-18T22:09:33 CDT" name="Default test" finished-at="2023-09-18T22:12:40 CDT" duration-ms="187545">
      <class name="com.dsalgoportal.testrunner.TestNGTestRunner">
        <test-method is-config="true" signature="setUpClass(org.testng.ITestContext)[pri:0, instance:com.dsalgoportal.testrunner.TestNGTestRunner@fa4c865]" started-at="2023-09-18T22:09:33 CDT" name="setUpClass" finished-at="2023-09-18T22:09:40 CDT" duration-ms="7117" status="PASS">
          <params>
            <param index="0">
              <value>
                <![CDATA[org.testng.TestRunner@9091a0f]]>
              </value>
            </param>
          </params>
          <reporter-output>
          </reporter-output>
        </test-method> <!-- setUpClass -->
        <test-method signature="runScenario(io.cucumber.testng.PickleWrapper,io.cucumber.testng.FeatureWrapper)[pri:0, instance:com.dsalgoportal.testrunner.TestNGTestRunner@fa4c865]" started-at="2023-09-18T22:09:40 CDT" name="runScenario" description="Runs Cucumber Scenarios" data-provider="scenarios" finished-at="2023-09-18T22:09:43 CDT" duration-ms="2926" status="PASS">
          <params>
            <param index="0">
              <value>
                <![CDATA["Get started with DsAlgoProject"]]>
              </value>
            </param>
            <param index="1">
              <value>
                <![CDATA["Get started with DsAlgoProject"]]>
              </value>
            </param>
          </params>
          <reporter-output>
          </reporter-output>
        </test-method> <!-- runScenario -->
        <test-method signature="runScenario(io.cucumber.testng.PickleWrapper,io.cucumber.testng.FeatureWrapper)[pri:0, instance:com.dsalgoportal.testrunner.TestNGTestRunner@fa4c865]" started-at="2023-09-18T22:09:43 CDT" name="runScenario" description="Runs Cucumber Scenarios" data-provider="scenarios" finished-at="2023-09-18T22:09:43 CDT" duration-ms="633" status="PASS">
          <params>
            <param index="0">
              <value>
                <![CDATA["Click Register"]]>
              </value>
            </param>
            <param index="1">
              <value>
                <![CDATA["Home"]]>
              </value>
            </param>
          </params>
          <reporter-output>
          </reporter-output>
        </test-method> <!-- runScenario -->
        <test-method signature="runScenario(io.cucumber.testng.PickleWrapper,io.cucumber.testng.FeatureWrapper)[pri:0, instance:com.dsalgoportal.testrunner.TestNGTestRunner@fa4c865]" started-at="2023-09-18T22:09:43 CDT" name="runScenario" description="Runs Cucumber Scenarios" data-provider="scenarios" finished-at="2023-09-18T22:09:44 CDT" duration-ms="553" status="PASS">
          <params>
            <param index="0">
              <value>
                <![CDATA["Click Sign In"]]>
              </value>
            </param>
            <param index="1">
              <value>
                <![CDATA["Home"]]>
              </value>
            </param>
          </params>
          <reporter-output>
          </reporter-output>
        </test-method> <!-- runScenario -->
        <test-method signature="runScenario(io.cucumber.testng.PickleWrapper,io.cucumber.testng.FeatureWrapper)[pri:0, instance:com.dsalgoportal.testrunner.TestNGTestRunner@fa4c865]" started-at="2023-09-18T22:09:44 CDT" name="runScenario" description="Runs Cucumber Scenarios" data-provider="scenarios" finished-at="2023-09-18T22:09:45 CDT" duration-ms="893" status="PASS">
          <params>
            <param index="0">
              <value>
                <![CDATA["Click on DataStructure DropDown without login"]]>
              </value>
            </param>
            <param index="1">
              <value>
                <![CDATA["Home"]]>
              </value>
            </param>
          </params>
          <reporter-output>
          </reporter-output>
        </test-method> <!-- runScenario -->
        <test-method signature="runScenario(io.cucumber.testng.PickleWrapper,io.cucumber.testng.FeatureWrapper)[pri:0, instance:com.dsalgoportal.testrunner.TestNGTestRunner@fa4c865]" started-at="2023-09-18T22:09:45 CDT" name="runScenario" description="Runs Cucumber Scenarios" data-provider="scenarios" finished-at="2023-09-18T22:09:46 CDT" duration-ms="886" status="PASS">
          <params>
            <param index="0">
              <value>
                <![CDATA["Click on DataStructure DropDown without login"]]>
              </value>
            </param>
            <param index="1">
              <value>
                <![CDATA["Home"]]>
              </value>
            </param>
          </params>
          <reporter-output>
          </reporter-output>
        </test-method> <!-- runScenario -->
        <test-method signature="runScenario(io.cucumber.testng.PickleWrapper,io.cucumber.testng.FeatureWrapper)[pri:0, instance:com.dsalgoportal.testrunner.TestNGTestRunner@fa4c865]" started-at="2023-09-18T22:09:46 CDT" name="runScenario" description="Runs Cucumber Scenarios" data-provider="scenarios" finished-at="2023-09-18T22:09:47 CDT" duration-ms="968" status="PASS">
          <params>
            <param index="0">
              <value>
                <![CDATA["Click on DataStructure DropDown without login"]]>
              </value>
            </param>
            <param index="1">
              <value>
                <![CDATA["Home"]]>
              </value>
            </param>
          </params>
          <reporter-output>
          </reporter-output>
        </test-method> <!-- runScenario -->
        <test-method signature="runScenario(io.cucumber.testng.PickleWrapper,io.cucumber.testng.FeatureWrapper)[pri:0, instance:com.dsalgoportal.testrunner.TestNGTestRunner@fa4c865]" started-at="2023-09-18T22:09:47 CDT" name="runScenario" description="Runs Cucumber Scenarios" data-provider="scenarios" finished-at="2023-09-18T22:09:48 CDT" duration-ms="763" status="PASS">
          <params>
            <param index="0">
              <value>
                <![CDATA["Click on DataStructure DropDown without login"]]>
              </value>
            </param>
            <param index="1">
              <value>
                <![CDATA["Home"]]>
              </value>
            </param>
          </params>
          <reporter-output>
          </reporter-output>
        </test-method> <!-- runScenario -->
        <test-method signature="runScenario(io.cucumber.testng.PickleWrapper,io.cucumber.testng.FeatureWrapper)[pri:0, instance:com.dsalgoportal.testrunner.TestNGTestRunner@fa4c865]" started-at="2023-09-18T22:09:48 CDT" name="runScenario" description="Runs Cucumber Scenarios" data-provider="scenarios" finished-at="2023-09-18T22:09:48 CDT" duration-ms="709" status="PASS">
          <params>
            <param index="0">
              <value>
                <![CDATA["Click on DataStructure DropDown without login"]]>
              </value>
            </param>
            <param index="1">
              <value>
                <![CDATA["Home"]]>
              </value>
            </param>
          </params>
          <reporter-output>
          </reporter-output>
        </test-method> <!-- runScenario -->
        <test-method signature="runScenario(io.cucumber.testng.PickleWrapper,io.cucumber.testng.FeatureWrapper)[pri:0, instance:com.dsalgoportal.testrunner.TestNGTestRunner@fa4c865]" started-at="2023-09-18T22:09:48 CDT" name="runScenario" description="Runs Cucumber Scenarios" data-provider="scenarios" finished-at="2023-09-18T22:09:49 CDT" duration-ms="728" status="PASS">
          <params>
            <param index="0">
              <value>
                <![CDATA["Click on DataStructure DropDown without login"]]>
              </value>
            </param>
            <param index="1">
              <value>
                <![CDATA["Home"]]>
              </value>
            </param>
          </params>
          <reporter-output>
          </reporter-output>
        </test-method> <!-- runScenario -->
        <test-method signature="runScenario(io.cucumber.testng.PickleWrapper,io.cucumber.testng.FeatureWrapper)[pri:0, instance:com.dsalgoportal.testrunner.TestNGTestRunner@fa4c865]" started-at="2023-09-18T22:09:49 CDT" name="runScenario" description="Runs Cucumber Scenarios" data-provider="scenarios" finished-at="2023-09-18T22:09:50 CDT" duration-ms="622" status="PASS">
          <params>
            <param index="0">
              <value>
                <![CDATA["Click on Get Started of Each DataStructure Section without login"]]>
              </value>
            </param>
            <param index="1">
              <value>
                <![CDATA["Home"]]>
              </value>
            </param>
          </params>
          <reporter-output>
          </reporter-output>
        </test-method> <!-- runScenario -->
        <test-method signature="runScenario(io.cucumber.testng.PickleWrapper,io.cucumber.testng.FeatureWrapper)[pri:0, instance:com.dsalgoportal.testrunner.TestNGTestRunner@fa4c865]" started-at="2023-09-18T22:09:50 CDT" name="runScenario" description="Runs Cucumber Scenarios" data-provider="scenarios" finished-at="2023-09-18T22:09:50 CDT" duration-ms="717" status="PASS">
          <params>
            <param index="0">
              <value>
                <![CDATA["Click on Get Started of Each DataStructure Section without login"]]>
              </value>
            </param>
            <param index="1">
              <value>
                <![CDATA["Home"]]>
              </value>
            </param>
          </params>
          <reporter-output>
          </reporter-output>
        </test-method> <!-- runScenario -->
        <test-method signature="runScenario(io.cucumber.testng.PickleWrapper,io.cucumber.testng.FeatureWrapper)[pri:0, instance:com.dsalgoportal.testrunner.TestNGTestRunner@fa4c865]" started-at="2023-09-18T22:09:50 CDT" name="runScenario" description="Runs Cucumber Scenarios" data-provider="scenarios" finished-at="2023-09-18T22:09:51 CDT" duration-ms="799" status="PASS">
          <params>
            <param index="0">
              <value>
                <![CDATA["Click on Get Started of Each DataStructure Section without login"]]>
              </value>
            </param>
            <param index="1">
              <value>
                <![CDATA["Home"]]>
              </value>
            </param>
          </params>
          <reporter-output>
          </reporter-output>
        </test-method> <!-- runScenario -->
        <test-method signature="runScenario(io.cucumber.testng.PickleWrapper,io.cucumber.testng.FeatureWrapper)[pri:0, instance:com.dsalgoportal.testrunner.TestNGTestRunner@fa4c865]" started-at="2023-09-18T22:09:51 CDT" name="runScenario" description="Runs Cucumber Scenarios" data-provider="scenarios" finished-at="2023-09-18T22:09:52 CDT" duration-ms="588" status="PASS">
          <params>
            <param index="0">
              <value>
                <![CDATA["Click on Get Started of Each DataStructure Section without login"]]>
              </value>
            </param>
            <param index="1">
              <value>
                <![CDATA["Home"]]>
              </value>
            </param>
          </params>
          <reporter-output>
          </reporter-output>
        </test-method> <!-- runScenario -->
        <test-method signature="runScenario(io.cucumber.testng.PickleWrapper,io.cucumber.testng.FeatureWrapper)[pri:0, instance:com.dsalgoportal.testrunner.TestNGTestRunner@fa4c865]" started-at="2023-09-18T22:09:52 CDT" name="runScenario" description="Runs Cucumber Scenarios" data-provider="scenarios" finished-at="2023-09-18T22:09:52 CDT" duration-ms="589" status="PASS">
          <params>
            <param index="0">
              <value>
                <![CDATA["Click on Get Started of Each DataStructure Section without login"]]>
              </value>
            </param>
            <param index="1">
              <value>
                <![CDATA["Home"]]>
              </value>
            </param>
          </params>
          <reporter-output>
          </reporter-output>
        </test-method> <!-- runScenario -->
        <test-method signature="runScenario(io.cucumber.testng.PickleWrapper,io.cucumber.testng.FeatureWrapper)[pri:0, instance:com.dsalgoportal.testrunner.TestNGTestRunner@fa4c865]" started-at="2023-09-18T22:09:52 CDT" name="runScenario" description="Runs Cucumber Scenarios" data-provider="scenarios" finished-at="2023-09-18T22:09:53 CDT" duration-ms="801" status="PASS">
          <params>
            <param index="0">
              <value>
                <![CDATA["Click on Get Started of Each DataStructure Section without login"]]>
              </value>
            </param>
            <param index="1">
              <value>
                <![CDATA["Home"]]>
              </value>
            </param>
          </params>
          <reporter-output>
          </reporter-output>
        </test-method> <!-- runScenario -->
        <test-method signature="runScenario(io.cucumber.testng.PickleWrapper,io.cucumber.testng.FeatureWrapper)[pri:0, instance:com.dsalgoportal.testrunner.TestNGTestRunner@fa4c865]" started-at="2023-09-18T22:09:53 CDT" name="runScenario" description="Runs Cucumber Scenarios" data-provider="scenarios" finished-at="2023-09-18T22:09:54 CDT" duration-ms="728" status="PASS">
          <params>
            <param index="0">
              <value>
                <![CDATA["Click on Get Started of Each DataStructure Section without login"]]>
              </value>
            </param>
            <param index="1">
              <value>
                <![CDATA["Home"]]>
              </value>
            </param>
          </params>
          <reporter-output>
          </reporter-output>
        </test-method> <!-- runScenario -->
        <test-method signature="runScenario(io.cucumber.testng.PickleWrapper,io.cucumber.testng.FeatureWrapper)[pri:0, instance:com.dsalgoportal.testrunner.TestNGTestRunner@fa4c865]" started-at="2023-09-18T22:09:54 CDT" name="runScenario" description="Runs Cucumber Scenarios" data-provider="scenarios" finished-at="2023-09-18T22:09:55 CDT" duration-ms="912" status="PASS">
          <params>
            <param index="0">
              <value>
                <![CDATA["Check for empty field use case"]]>
              </value>
            </param>
            <param index="1">
              <value>
                <![CDATA["Register"]]>
              </value>
            </param>
          </params>
          <reporter-output>
          </reporter-output>
        </test-method> <!-- runScenario -->
        <test-method signature="runScenario(io.cucumber.testng.PickleWrapper,io.cucumber.testng.FeatureWrapper)[pri:0, instance:com.dsalgoportal.testrunner.TestNGTestRunner@fa4c865]" started-at="2023-09-18T22:09:55 CDT" name="runScenario" description="Runs Cucumber Scenarios" data-provider="scenarios" finished-at="2023-09-18T22:09:56 CDT" duration-ms="857" status="PASS">
          <params>
            <param index="0">
              <value>
                <![CDATA["Check for empty field use case"]]>
              </value>
            </param>
            <param index="1">
              <value>
                <![CDATA["Register"]]>
              </value>
            </param>
          </params>
          <reporter-output>
          </reporter-output>
        </test-method> <!-- runScenario -->
        <test-method signature="runScenario(io.cucumber.testng.PickleWrapper,io.cucumber.testng.FeatureWrapper)[pri:0, instance:com.dsalgoportal.testrunner.TestNGTestRunner@fa4c865]" started-at="2023-09-18T22:09:56 CDT" name="runScenario" description="Runs Cucumber Scenarios" data-provider="scenarios" finished-at="2023-09-18T22:09:56 CDT" duration-ms="834" status="PASS">
          <params>
            <param index="0">
              <value>
                <![CDATA["Check for empty field use case"]]>
              </value>
            </param>
            <param index="1">
              <value>
                <![CDATA["Register"]]>
              </value>
            </param>
          </params>
          <reporter-output>
          </reporter-output>
        </test-method> <!-- runScenario -->
        <test-method signature="runScenario(io.cucumber.testng.PickleWrapper,io.cucumber.testng.FeatureWrapper)[pri:0, instance:com.dsalgoportal.testrunner.TestNGTestRunner@fa4c865]" started-at="2023-09-18T22:09:56 CDT" name="runScenario" description="Runs Cucumber Scenarios" data-provider="scenarios" finished-at="2023-09-18T22:09:57 CDT" duration-ms="812" status="PASS">
          <params>
            <param index="0">
              <value>
                <![CDATA["Check for empty field use case"]]>
              </value>
            </param>
            <param index="1">
              <value>
                <![CDATA["Register"]]>
              </value>
            </param>
          </params>
          <reporter-output>
          </reporter-output>
        </test-method> <!-- runScenario -->
        <test-method signature="runScenario(io.cucumber.testng.PickleWrapper,io.cucumber.testng.FeatureWrapper)[pri:0, instance:com.dsalgoportal.testrunner.TestNGTestRunner@fa4c865]" started-at="2023-09-18T22:09:57 CDT" name="runScenario" description="Runs Cucumber Scenarios" data-provider="scenarios" finished-at="2023-09-18T22:09:58 CDT" duration-ms="953" status="PASS">
          <params>
            <param index="0">
              <value>
                <![CDATA["Check for Password mismatch"]]>
              </value>
            </param>
            <param index="1">
              <value>
                <![CDATA["Register"]]>
              </value>
            </param>
          </params>
          <reporter-output>
          </reporter-output>
        </test-method> <!-- runScenario -->
        <test-method signature="runScenario(io.cucumber.testng.PickleWrapper,io.cucumber.testng.FeatureWrapper)[pri:0, instance:com.dsalgoportal.testrunner.TestNGTestRunner@fa4c865]" started-at="2023-09-18T22:09:58 CDT" name="runScenario" description="Runs Cucumber Scenarios" data-provider="scenarios" finished-at="2023-09-18T22:09:59 CDT" duration-ms="898" status="PASS">
          <params>
            <param index="0">
              <value>
                <![CDATA["Check for Password with only numbers"]]>
              </value>
            </param>
            <param index="1">
              <value>
                <![CDATA["Register"]]>
              </value>
            </param>
          </params>
          <reporter-output>
          </reporter-output>
        </test-method> <!-- runScenario -->
        <test-method signature="runScenario(io.cucumber.testng.PickleWrapper,io.cucumber.testng.FeatureWrapper)[pri:0, instance:com.dsalgoportal.testrunner.TestNGTestRunner@fa4c865]" started-at="2023-09-18T22:09:59 CDT" name="runScenario" description="Runs Cucumber Scenarios" data-provider="scenarios" finished-at="2023-09-18T22:10:00 CDT" duration-ms="910" status="PASS">
          <params>
            <param index="0">
              <value>
                <![CDATA["Check for Password similar to username"]]>
              </value>
            </param>
            <param index="1">
              <value>
                <![CDATA["Register"]]>
              </value>
            </param>
          </params>
          <reporter-output>
          </reporter-output>
        </test-method> <!-- runScenario -->
        <test-method signature="runScenario(io.cucumber.testng.PickleWrapper,io.cucumber.testng.FeatureWrapper)[pri:0, instance:com.dsalgoportal.testrunner.TestNGTestRunner@fa4c865]" started-at="2023-09-18T22:10:00 CDT" name="runScenario" description="Runs Cucumber Scenarios" data-provider="scenarios" finished-at="2023-09-18T22:10:01 CDT" duration-ms="913" status="PASS">
          <params>
            <param index="0">
              <value>
                <![CDATA["Check for error message for commonly used password"]]>
              </value>
            </param>
            <param index="1">
              <value>
                <![CDATA["Register"]]>
              </value>
            </param>
          </params>
          <reporter-output>
          </reporter-output>
        </test-method> <!-- runScenario -->
        <test-method signature="runScenario(io.cucumber.testng.PickleWrapper,io.cucumber.testng.FeatureWrapper)[pri:0, instance:com.dsalgoportal.testrunner.TestNGTestRunner@fa4c865]" started-at="2023-09-18T22:10:01 CDT" name="runScenario" description="Runs Cucumber Scenarios" data-provider="scenarios" finished-at="2023-09-18T22:10:02 CDT" duration-ms="871" status="PASS">
          <params>
            <param index="0">
              <value>
                <![CDATA["Check for error message for password with characters less than 8"]]>
              </value>
            </param>
            <param index="1">
              <value>
                <![CDATA["Register"]]>
              </value>
            </param>
          </params>
          <reporter-output>
          </reporter-output>
        </test-method> <!-- runScenario -->
        <test-method signature="runScenario(io.cucumber.testng.PickleWrapper,io.cucumber.testng.FeatureWrapper)[pri:0, instance:com.dsalgoportal.testrunner.TestNGTestRunner@fa4c865]" started-at="2023-09-18T22:10:02 CDT" name="runScenario" description="Runs Cucumber Scenarios" data-provider="scenarios" finished-at="2023-09-18T22:10:03 CDT" duration-ms="745" status="PASS">
          <params>
            <param index="0">
              <value>
                <![CDATA["The user is able to signin with registered credential"]]>
              </value>
            </param>
            <param index="1">
              <value>
                <![CDATA["SignIn feature"]]>
              </value>
            </param>
          </params>
          <reporter-output>
          </reporter-output>
        </test-method> <!-- runScenario -->
        <test-method signature="runScenario(io.cucumber.testng.PickleWrapper,io.cucumber.testng.FeatureWrapper)[pri:0, instance:com.dsalgoportal.testrunner.TestNGTestRunner@fa4c865]" started-at="2023-09-18T22:10:03 CDT" name="runScenario" description="Runs Cucumber Scenarios" data-provider="scenarios" finished-at="2023-09-18T22:10:03 CDT" duration-ms="526" status="PASS">
          <params>
            <param index="0">
              <value>
                <![CDATA["Verifying Register link"]]>
              </value>
            </param>
            <param index="1">
              <value>
                <![CDATA["SignIn feature"]]>
              </value>
            </param>
          </params>
          <reporter-output>
          </reporter-output>
        </test-method> <!-- runScenario -->
        <test-method signature="runScenario(io.cucumber.testng.PickleWrapper,io.cucumber.testng.FeatureWrapper)[pri:0, instance:com.dsalgoportal.testrunner.TestNGTestRunner@fa4c865]" started-at="2023-09-18T22:10:03 CDT" name="runScenario" description="Runs Cucumber Scenarios" data-provider="scenarios" finished-at="2023-09-18T22:10:04 CDT" duration-ms="784" status="PASS">
          <params>
            <param index="0">
              <value>
                <![CDATA["User on login page and login with invalid inputs"]]>
              </value>
            </param>
            <param index="1">
              <value>
                <![CDATA["SignIn feature"]]>
              </value>
            </param>
          </params>
          <reporter-output>
          </reporter-output>
        </test-method> <!-- runScenario -->
        <test-method signature="runScenario(io.cucumber.testng.PickleWrapper,io.cucumber.testng.FeatureWrapper)[pri:0, instance:com.dsalgoportal.testrunner.TestNGTestRunner@fa4c865]" started-at="2023-09-18T22:10:04 CDT" name="runScenario" description="Runs Cucumber Scenarios" data-provider="scenarios" finished-at="2023-09-18T22:10:06 CDT" duration-ms="1886" status="PASS">
          <params>
            <param index="0">
              <value>
                <![CDATA["User invalid and valid inputs from Excel on login page and login with"]]>
              </value>
            </param>
            <param index="1">
              <value>
                <![CDATA["SignIn feature"]]>
              </value>
            </param>
          </params>
          <reporter-output>
          </reporter-output>
        </test-method> <!-- runScenario -->
        <test-method signature="runScenario(io.cucumber.testng.PickleWrapper,io.cucumber.testng.FeatureWrapper)[pri:0, instance:com.dsalgoportal.testrunner.TestNGTestRunner@fa4c865]" started-at="2023-09-18T22:10:06 CDT" name="runScenario" description="Runs Cucumber Scenarios" data-provider="scenarios" finished-at="2023-09-18T22:10:07 CDT" duration-ms="952" status="PASS">
          <params>
            <param index="0">
              <value>
                <![CDATA["User invalid and valid inputs from Excel on login page and login with"]]>
              </value>
            </param>
            <param index="1">
              <value>
                <![CDATA["SignIn feature"]]>
              </value>
            </param>
          </params>
          <reporter-output>
          </reporter-output>
        </test-method> <!-- runScenario -->
        <test-method signature="runScenario(io.cucumber.testng.PickleWrapper,io.cucumber.testng.FeatureWrapper)[pri:0, instance:com.dsalgoportal.testrunner.TestNGTestRunner@fa4c865]" started-at="2023-09-18T22:10:07 CDT" name="runScenario" description="Runs Cucumber Scenarios" data-provider="scenarios" finished-at="2023-09-18T22:10:08 CDT" duration-ms="779" status="PASS">
          <params>
            <param index="0">
              <value>
                <![CDATA["User invalid and valid inputs from Excel on login page and login with"]]>
              </value>
            </param>
            <param index="1">
              <value>
                <![CDATA["SignIn feature"]]>
              </value>
            </param>
          </params>
          <reporter-output>
          </reporter-output>
        </test-method> <!-- runScenario -->
        <test-method signature="runScenario(io.cucumber.testng.PickleWrapper,io.cucumber.testng.FeatureWrapper)[pri:0, instance:com.dsalgoportal.testrunner.TestNGTestRunner@fa4c865]" started-at="2023-09-18T22:10:08 CDT" name="runScenario" description="Runs Cucumber Scenarios" data-provider="scenarios" finished-at="2023-09-18T22:10:09 CDT" duration-ms="1176" status="PASS">
          <params>
            <param index="0">
              <value>
                <![CDATA["Verifying signout link"]]>
              </value>
            </param>
            <param index="1">
              <value>
                <![CDATA["SignIn feature"]]>
              </value>
            </param>
          </params>
          <reporter-output>
          </reporter-output>
        </test-method> <!-- runScenario -->
        <test-method signature="runScenario(io.cucumber.testng.PickleWrapper,io.cucumber.testng.FeatureWrapper)[pri:0, instance:com.dsalgoportal.testrunner.TestNGTestRunner@fa4c865]" started-at="2023-09-18T22:10:09 CDT" name="runScenario" description="Runs Cucumber Scenarios" data-provider="scenarios" finished-at="2023-09-18T22:10:10 CDT" duration-ms="921" status="PASS">
          <params>
            <param index="0">
              <value>
                <![CDATA["User Logs into the DSAlgo Portal"]]>
              </value>
            </param>
            <param index="1">
              <value>
                <![CDATA["Arrays"]]>
              </value>
            </param>
          </params>
          <reporter-output>
          </reporter-output>
        </test-method> <!-- runScenario -->
        <test-method signature="runScenario(io.cucumber.testng.PickleWrapper,io.cucumber.testng.FeatureWrapper)[pri:0, instance:com.dsalgoportal.testrunner.TestNGTestRunner@fa4c865]" started-at="2023-09-18T22:10:10 CDT" name="runScenario" description="Runs Cucumber Scenarios" data-provider="scenarios" finished-at="2023-09-18T22:10:10 CDT" duration-ms="285" status="PASS">
          <params>
            <param index="0">
              <value>
                <![CDATA["User is on the Array page"]]>
              </value>
            </param>
            <param index="1">
              <value>
                <![CDATA["Arrays"]]>
              </value>
            </param>
          </params>
          <reporter-output>
          </reporter-output>
        </test-method> <!-- runScenario -->
        <test-method signature="runScenario(io.cucumber.testng.PickleWrapper,io.cucumber.testng.FeatureWrapper)[pri:0, instance:com.dsalgoportal.testrunner.TestNGTestRunner@fa4c865]" started-at="2023-09-18T22:10:10 CDT" name="runScenario" description="Runs Cucumber Scenarios" data-provider="scenarios" finished-at="2023-09-18T22:10:10 CDT" duration-ms="431" status="PASS">
          <params>
            <param index="0">
              <value>
                <![CDATA["User is on the Arrays in Python page."]]>
              </value>
            </param>
            <param index="1">
              <value>
                <![CDATA["Arrays"]]>
              </value>
            </param>
          </params>
          <reporter-output>
          </reporter-output>
        </test-method> <!-- runScenario -->
        <test-method signature="runScenario(io.cucumber.testng.PickleWrapper,io.cucumber.testng.FeatureWrapper)[pri:0, instance:com.dsalgoportal.testrunner.TestNGTestRunner@fa4c865]" started-at="2023-09-18T22:10:10 CDT" name="runScenario" description="Runs Cucumber Scenarios" data-provider="scenarios" finished-at="2023-09-18T22:10:11 CDT" duration-ms="745" status="PASS">
          <params>
            <param index="0">
              <value>
                <![CDATA["User is on the tryeditor page of Arrays in python."]]>
              </value>
            </param>
            <param index="1">
              <value>
                <![CDATA["Arrays"]]>
              </value>
            </param>
          </params>
          <reporter-output>
          </reporter-output>
        </test-method> <!-- runScenario -->
        <test-method signature="runScenario(io.cucumber.testng.PickleWrapper,io.cucumber.testng.FeatureWrapper)[pri:0, instance:com.dsalgoportal.testrunner.TestNGTestRunner@fa4c865]" started-at="2023-09-18T22:10:11 CDT" name="runScenario" description="Runs Cucumber Scenarios" data-provider="scenarios" finished-at="2023-09-18T22:10:12 CDT" duration-ms="562" status="PASS">
          <params>
            <param index="0">
              <value>
                <![CDATA["The user runs a valid python code in tryeditor."]]>
              </value>
            </param>
            <param index="1">
              <value>
                <![CDATA["Arrays"]]>
              </value>
            </param>
          </params>
          <reporter-output>
          </reporter-output>
        </test-method> <!-- runScenario -->
        <test-method signature="runScenario(io.cucumber.testng.PickleWrapper,io.cucumber.testng.FeatureWrapper)[pri:0, instance:com.dsalgoportal.testrunner.TestNGTestRunner@fa4c865]" started-at="2023-09-18T22:10:12 CDT" name="runScenario" description="Runs Cucumber Scenarios" data-provider="scenarios" finished-at="2023-09-18T22:10:12 CDT" duration-ms="719" status="PASS">
          <params>
            <param index="0">
              <value>
                <![CDATA["The user runs a invalid code in Editor"]]>
              </value>
            </param>
            <param index="1">
              <value>
                <![CDATA["Arrays"]]>
              </value>
            </param>
          </params>
          <reporter-output>
          </reporter-output>
        </test-method> <!-- runScenario -->
        <test-method signature="runScenario(io.cucumber.testng.PickleWrapper,io.cucumber.testng.FeatureWrapper)[pri:0, instance:com.dsalgoportal.testrunner.TestNGTestRunner@fa4c865]" started-at="2023-09-18T22:10:12 CDT" name="runScenario" description="Runs Cucumber Scenarios" data-provider="scenarios" finished-at="2023-09-18T22:10:13 CDT" duration-ms="376" status="PASS">
          <params>
            <param index="0">
              <value>
                <![CDATA["The user needs to navigate to Array Using List page"]]>
              </value>
            </param>
            <param index="1">
              <value>
                <![CDATA["Arrays"]]>
              </value>
            </param>
          </params>
          <reporter-output>
          </reporter-output>
        </test-method> <!-- runScenario -->
        <test-method signature="runScenario(io.cucumber.testng.PickleWrapper,io.cucumber.testng.FeatureWrapper)[pri:0, instance:com.dsalgoportal.testrunner.TestNGTestRunner@fa4c865]" started-at="2023-09-18T22:10:13 CDT" name="runScenario" description="Runs Cucumber Scenarios" data-provider="scenarios" finished-at="2023-09-18T22:10:13 CDT" duration-ms="288" status="PASS">
          <params>
            <param index="0">
              <value>
                <![CDATA["The user is able to redirect to try Editor for Arrays Using List page"]]>
              </value>
            </param>
            <param index="1">
              <value>
                <![CDATA["Arrays"]]>
              </value>
            </param>
          </params>
          <reporter-output>
          </reporter-output>
        </test-method> <!-- runScenario -->
        <test-method signature="runScenario(io.cucumber.testng.PickleWrapper,io.cucumber.testng.FeatureWrapper)[pri:0, instance:com.dsalgoportal.testrunner.TestNGTestRunner@fa4c865]" started-at="2023-09-18T22:10:13 CDT" name="runScenario" description="Runs Cucumber Scenarios" data-provider="scenarios" finished-at="2023-09-18T22:10:14 CDT" duration-ms="538" status="PASS">
          <params>
            <param index="0">
              <value>
                <![CDATA["The user runs a valid python code in tryeditor."]]>
              </value>
            </param>
            <param index="1">
              <value>
                <![CDATA["Arrays"]]>
              </value>
            </param>
          </params>
          <reporter-output>
          </reporter-output>
        </test-method> <!-- runScenario -->
        <test-method signature="runScenario(io.cucumber.testng.PickleWrapper,io.cucumber.testng.FeatureWrapper)[pri:0, instance:com.dsalgoportal.testrunner.TestNGTestRunner@fa4c865]" started-at="2023-09-18T22:10:14 CDT" name="runScenario" description="Runs Cucumber Scenarios" data-provider="scenarios" finished-at="2023-09-18T22:10:14 CDT" duration-ms="713" status="PASS">
          <params>
            <param index="0">
              <value>
                <![CDATA["The user runs a invalid code in Editor"]]>
              </value>
            </param>
            <param index="1">
              <value>
                <![CDATA["Arrays"]]>
              </value>
            </param>
          </params>
          <reporter-output>
          </reporter-output>
        </test-method> <!-- runScenario -->
        <test-method signature="runScenario(io.cucumber.testng.PickleWrapper,io.cucumber.testng.FeatureWrapper)[pri:0, instance:com.dsalgoportal.testrunner.TestNGTestRunner@fa4c865]" started-at="2023-09-18T22:10:14 CDT" name="runScenario" description="Runs Cucumber Scenarios" data-provider="scenarios" finished-at="2023-09-18T22:10:15 CDT" duration-ms="330" status="PASS">
          <params>
            <param index="0">
              <value>
                <![CDATA["The user needs to navigate to Basic Operations in List page"]]>
              </value>
            </param>
            <param index="1">
              <value>
                <![CDATA["Arrays"]]>
              </value>
            </param>
          </params>
          <reporter-output>
          </reporter-output>
        </test-method> <!-- runScenario -->
        <test-method signature="runScenario(io.cucumber.testng.PickleWrapper,io.cucumber.testng.FeatureWrapper)[pri:0, instance:com.dsalgoportal.testrunner.TestNGTestRunner@fa4c865]" started-at="2023-09-18T22:10:15 CDT" name="runScenario" description="Runs Cucumber Scenarios" data-provider="scenarios" finished-at="2023-09-18T22:10:15 CDT" duration-ms="292" status="PASS">
          <params>
            <param index="0">
              <value>
                <![CDATA["The user is able to redirect to try Editor for Basic Operations in List page"]]>
              </value>
            </param>
            <param index="1">
              <value>
                <![CDATA["Arrays"]]>
              </value>
            </param>
          </params>
          <reporter-output>
          </reporter-output>
        </test-method> <!-- runScenario -->
        <test-method signature="runScenario(io.cucumber.testng.PickleWrapper,io.cucumber.testng.FeatureWrapper)[pri:0, instance:com.dsalgoportal.testrunner.TestNGTestRunner@fa4c865]" started-at="2023-09-18T22:10:15 CDT" name="runScenario" description="Runs Cucumber Scenarios" data-provider="scenarios" finished-at="2023-09-18T22:10:16 CDT" duration-ms="505" status="PASS">
          <params>
            <param index="0">
              <value>
                <![CDATA["The user runs a valid python code in tryeditor."]]>
              </value>
            </param>
            <param index="1">
              <value>
                <![CDATA["Arrays"]]>
              </value>
            </param>
          </params>
          <reporter-output>
          </reporter-output>
        </test-method> <!-- runScenario -->
        <test-method signature="runScenario(io.cucumber.testng.PickleWrapper,io.cucumber.testng.FeatureWrapper)[pri:0, instance:com.dsalgoportal.testrunner.TestNGTestRunner@fa4c865]" started-at="2023-09-18T22:10:16 CDT" name="runScenario" description="Runs Cucumber Scenarios" data-provider="scenarios" finished-at="2023-09-18T22:10:16 CDT" duration-ms="758" status="PASS">
          <params>
            <param index="0">
              <value>
                <![CDATA["The user runs a invalid code in Editor"]]>
              </value>
            </param>
            <param index="1">
              <value>
                <![CDATA["Arrays"]]>
              </value>
            </param>
          </params>
          <reporter-output>
          </reporter-output>
        </test-method> <!-- runScenario -->
        <test-method signature="runScenario(io.cucumber.testng.PickleWrapper,io.cucumber.testng.FeatureWrapper)[pri:0, instance:com.dsalgoportal.testrunner.TestNGTestRunner@fa4c865]" started-at="2023-09-18T22:10:16 CDT" name="runScenario" description="Runs Cucumber Scenarios" data-provider="scenarios" finished-at="2023-09-18T22:10:17 CDT" duration-ms="300" status="PASS">
          <params>
            <param index="0">
              <value>
                <![CDATA["The user needs to navigate to Applications of Array page"]]>
              </value>
            </param>
            <param index="1">
              <value>
                <![CDATA["Arrays"]]>
              </value>
            </param>
          </params>
          <reporter-output>
          </reporter-output>
        </test-method> <!-- runScenario -->
        <test-method signature="runScenario(io.cucumber.testng.PickleWrapper,io.cucumber.testng.FeatureWrapper)[pri:0, instance:com.dsalgoportal.testrunner.TestNGTestRunner@fa4c865]" started-at="2023-09-18T22:10:17 CDT" name="runScenario" description="Runs Cucumber Scenarios" data-provider="scenarios" finished-at="2023-09-18T22:10:17 CDT" duration-ms="287" status="PASS">
          <params>
            <param index="0">
              <value>
                <![CDATA["The user is able to redirect to try Editor for Applications of Array page"]]>
              </value>
            </param>
            <param index="1">
              <value>
                <![CDATA["Arrays"]]>
              </value>
            </param>
          </params>
          <reporter-output>
          </reporter-output>
        </test-method> <!-- runScenario -->
        <test-method signature="runScenario(io.cucumber.testng.PickleWrapper,io.cucumber.testng.FeatureWrapper)[pri:0, instance:com.dsalgoportal.testrunner.TestNGTestRunner@fa4c865]" started-at="2023-09-18T22:10:17 CDT" name="runScenario" description="Runs Cucumber Scenarios" data-provider="scenarios" finished-at="2023-09-18T22:10:17 CDT" duration-ms="447" status="PASS">
          <params>
            <param index="0">
              <value>
                <![CDATA["The user runs a valid python code in tryeditor."]]>
              </value>
            </param>
            <param index="1">
              <value>
                <![CDATA["Arrays"]]>
              </value>
            </param>
          </params>
          <reporter-output>
          </reporter-output>
        </test-method> <!-- runScenario -->
        <test-method signature="runScenario(io.cucumber.testng.PickleWrapper,io.cucumber.testng.FeatureWrapper)[pri:0, instance:com.dsalgoportal.testrunner.TestNGTestRunner@fa4c865]" started-at="2023-09-18T22:10:17 CDT" name="runScenario" description="Runs Cucumber Scenarios" data-provider="scenarios" finished-at="2023-09-18T22:10:18 CDT" duration-ms="749" status="PASS">
          <params>
            <param index="0">
              <value>
                <![CDATA["The user runs a invalid code in Editor"]]>
              </value>
            </param>
            <param index="1">
              <value>
                <![CDATA["Arrays"]]>
              </value>
            </param>
          </params>
          <reporter-output>
          </reporter-output>
        </test-method> <!-- runScenario -->
        <test-method signature="runScenario(io.cucumber.testng.PickleWrapper,io.cucumber.testng.FeatureWrapper)[pri:0, instance:com.dsalgoportal.testrunner.TestNGTestRunner@fa4c865]" started-at="2023-09-18T22:10:18 CDT" name="runScenario" description="Runs Cucumber Scenarios" data-provider="scenarios" finished-at="2023-09-18T22:10:18 CDT" duration-ms="242" status="PASS">
          <params>
            <param index="0">
              <value>
                <![CDATA["The user needs to navigate to Practice questions"]]>
              </value>
            </param>
            <param index="1">
              <value>
                <![CDATA["Arrays"]]>
              </value>
            </param>
          </params>
          <reporter-output>
          </reporter-output>
        </test-method> <!-- runScenario -->
        <test-method signature="runScenario(io.cucumber.testng.PickleWrapper,io.cucumber.testng.FeatureWrapper)[pri:0, instance:com.dsalgoportal.testrunner.TestNGTestRunner@fa4c865]" started-at="2023-09-18T22:10:18 CDT" name="runScenario" description="Runs Cucumber Scenarios" data-provider="scenarios" finished-at="2023-09-18T22:10:22 CDT" duration-ms="3674" status="PASS">
          <params>
            <param index="0">
              <value>
                <![CDATA["The User is at the Search the Array"]]>
              </value>
            </param>
            <param index="1">
              <value>
                <![CDATA["Arrays"]]>
              </value>
            </param>
          </params>
          <reporter-output>
          </reporter-output>
        </test-method> <!-- runScenario -->
        <test-method signature="runScenario(io.cucumber.testng.PickleWrapper,io.cucumber.testng.FeatureWrapper)[pri:0, instance:com.dsalgoportal.testrunner.TestNGTestRunner@fa4c865]" started-at="2023-09-18T22:10:22 CDT" name="runScenario" description="Runs Cucumber Scenarios" data-provider="scenarios" finished-at="2023-09-18T22:10:22 CDT" duration-ms="461" status="PASS">
          <params>
            <param index="0">
              <value>
                <![CDATA["The user is able to run code in tryEditor for Search the array link"]]>
              </value>
            </param>
            <param index="1">
              <value>
                <![CDATA["Arrays"]]>
              </value>
            </param>
          </params>
          <reporter-output>
          </reporter-output>
        </test-method> <!-- runScenario -->
        <test-method signature="runScenario(io.cucumber.testng.PickleWrapper,io.cucumber.testng.FeatureWrapper)[pri:0, instance:com.dsalgoportal.testrunner.TestNGTestRunner@fa4c865]" started-at="2023-09-18T22:10:22 CDT" name="runScenario" description="Runs Cucumber Scenarios" data-provider="scenarios" finished-at="2023-09-18T22:10:26 CDT" duration-ms="3803" status="PASS">
          <params>
            <param index="0">
              <value>
                <![CDATA["The user is able to submit code in tryEditor for Search the array link"]]>
              </value>
            </param>
            <param index="1">
              <value>
                <![CDATA["Arrays"]]>
              </value>
            </param>
          </params>
          <reporter-output>
          </reporter-output>
        </test-method> <!-- runScenario -->
        <test-method signature="runScenario(io.cucumber.testng.PickleWrapper,io.cucumber.testng.FeatureWrapper)[pri:0, instance:com.dsalgoportal.testrunner.TestNGTestRunner@fa4c865]" started-at="2023-09-18T22:10:26 CDT" name="runScenario" description="Runs Cucumber Scenarios" data-provider="scenarios" finished-at="2023-09-18T22:10:30 CDT" duration-ms="3609" status="PASS">
          <params>
            <param index="0">
              <value>
                <![CDATA["The User is at the Max Consecutive Ones"]]>
              </value>
            </param>
            <param index="1">
              <value>
                <![CDATA["Arrays"]]>
              </value>
            </param>
          </params>
          <reporter-output>
          </reporter-output>
        </test-method> <!-- runScenario -->
        <test-method signature="runScenario(io.cucumber.testng.PickleWrapper,io.cucumber.testng.FeatureWrapper)[pri:0, instance:com.dsalgoportal.testrunner.TestNGTestRunner@fa4c865]" started-at="2023-09-18T22:10:30 CDT" name="runScenario" description="Runs Cucumber Scenarios" data-provider="scenarios" finished-at="2023-09-18T22:10:30 CDT" duration-ms="429" status="FAIL">
          <params>
            <param index="0">
              <value>
                <![CDATA["The user is able to run code in tryEditor for Max Consecutive Ones"]]>
              </value>
            </param>
            <param index="1">
              <value>
                <![CDATA["Arrays"]]>
              </value>
            </param>
          </params>
          <exception class="org.openqa.selenium.UnhandledAlertException">
            <message>
              <![CDATA[unexpected alert open: {Alert text : SyntaxError: bad input on line 1}
  (Session info: chrome=116.0.5845.188): SyntaxError: bad input on line 1
Build info: version: '4.10.0', revision: 'c14d967899'
System info: os.name: 'Windows 10', os.arch: 'amd64', os.version: '10.0', java.version: '20.0.1'
Driver info: org.openqa.selenium.chrome.ChromeDriver
Command: [034884b549b94ea8203d084daa973747, findElement {using=id, value=output}]
Capabilities {acceptInsecureCerts: false, browserName: chrome, browserVersion: 116.0.5845.188, chrome: {chromedriverVersion: 116.0.5845.96 (1a3918166880..., userDataDir: C:\Users\anish\AppData\Loca...}, fedcm:accounts: true, goog:chromeOptions: {debuggerAddress: localhost:57228}, networkConnectionEnabled: false, pageLoadStrategy: normal, platformName: windows, proxy: Proxy(), se:cdp: ws://localhost:57228/devtoo..., se:cdpVersion: 116.0.5845.188, setWindowRect: true, strictFileInteractability: false, timeouts: {implicit: 0, pageLoad: 300000, script: 30000}, unhandledPromptBehavior: dismiss and notify, webauthn:extension:credBlob: true, webauthn:extension:largeBlob: true, webauthn:extension:minPinLength: true, webauthn:extension:prf: true, webauthn:virtualAuthenticators: true}
Session ID: 034884b549b94ea8203d084daa973747]]>
            </message>
            <full-stacktrace>
              <![CDATA[org.openqa.selenium.UnhandledAlertException: unexpected alert open: {Alert text : SyntaxError: bad input on line 1}
  (Session info: chrome=116.0.5845.188): SyntaxError: bad input on line 1
Build info: version: '4.10.0', revision: 'c14d967899'
System info: os.name: 'Windows 10', os.arch: 'amd64', os.version: '10.0', java.version: '20.0.1'
Driver info: org.openqa.selenium.chrome.ChromeDriver
Command: [034884b549b94ea8203d084daa973747, findElement {using=id, value=output}]
Capabilities {acceptInsecureCerts: false, browserName: chrome, browserVersion: 116.0.5845.188, chrome: {chromedriverVersion: 116.0.5845.96 (1a3918166880..., userDataDir: C:\Users\anish\AppData\Loca...}, fedcm:accounts: true, goog:chromeOptions: {debuggerAddress: localhost:57228}, networkConnectionEnabled: false, pageLoadStrategy: normal, platformName: windows, proxy: Proxy(), se:cdp: ws://localhost:57228/devtoo..., se:cdpVersion: 116.0.5845.188, setWindowRect: true, strictFileInteractability: false, timeouts: {implicit: 0, pageLoad: 300000, script: 30000}, unhandledPromptBehavior: dismiss and notify, webauthn:extension:credBlob: true, webauthn:extension:largeBlob: true, webauthn:extension:minPinLength: true, webauthn:extension:prf: true, webauthn:virtualAuthenticators: true}
Session ID: 034884b549b94ea8203d084daa973747
at org.openqa.selenium.remote.codec.w3c.W3CHttpResponseCodec.decode(W3CHttpResponseCodec.java:130)
at org.openqa.selenium.remote.codec.w3c.W3CHttpResponseCodec.decode(W3CHttpResponseCodec.java:51)
at org.openqa.selenium.remote.HttpCommandExecutor.execute(HttpCommandExecutor.java:191)
at org.openqa.selenium.remote.service.DriverCommandExecutor.invokeExecute(DriverCommandExecutor.java:196)
at org.openqa.selenium.remote.service.DriverCommandExecutor.execute(DriverCommandExecutor.java:171)
at org.openqa.selenium.remote.RemoteWebDriver.execute(RemoteWebDriver.java:531)
at org.openqa.selenium.remote.ElementLocation$ElementFinder$2.findElement(ElementLocation.java:165)
at org.openqa.selenium.remote.ElementLocation.findElement(ElementLocation.java:59)
at org.openqa.selenium.remote.RemoteWebDriver.findElement(RemoteWebDriver.java:350)
at org.openqa.selenium.remote.RemoteWebDriver.findElement(RemoteWebDriver.java:344)
at com.dsalgoportal.pages.ArrayPage.codeOutput(ArrayPage.java:89)
at com.dsalgoportal.stepdefintion.ArraysStep.the_user_should_be_presented_with_valid_output(ArraysStep.java:115)
at ✽.the user should be presented with valid output.(file:///C:/Users/anish/eclipse-workspace/DsAlgoPortal/src/test/resources/Features/05_Array.feature:136)
]]>
            </full-stacktrace>
          </exception> <!-- org.openqa.selenium.UnhandledAlertException -->
          <reporter-output>
          </reporter-output>
        </test-method> <!-- runScenario -->
        <test-method signature="runScenario(io.cucumber.testng.PickleWrapper,io.cucumber.testng.FeatureWrapper)[pri:0, instance:com.dsalgoportal.testrunner.TestNGTestRunner@fa4c865]" started-at="2023-09-18T22:10:30 CDT" name="runScenario" description="Runs Cucumber Scenarios" data-provider="scenarios" finished-at="2023-09-18T22:10:45 CDT" duration-ms="15085" status="FAIL">
          <params>
            <param index="0">
              <value>
                <![CDATA["The user is able to submit code in tryEditor for Max Consecutive Ones"]]>
              </value>
            </param>
            <param index="1">
              <value>
                <![CDATA["Arrays"]]>
              </value>
            </param>
          </params>
          <exception class="org.openqa.selenium.NoSuchElementException">
            <message>
              <![CDATA[no such element: Unable to locate element: {"method":"xpath","selector":"//div[@class='list-group'][2]/a"}
  (Session info: chrome=116.0.5845.188)
For documentation on this error, please visit: https://www.selenium.dev/documentation/webdriver/troubleshooting/errors#no-such-element-exception
Build info: version: '4.10.0', revision: 'c14d967899'
System info: os.name: 'Windows 10', os.arch: 'amd64', os.version: '10.0', java.version: '20.0.1'
Driver info: org.openqa.selenium.chrome.ChromeDriver
Command: [034884b549b94ea8203d084daa973747, findElement {using=xpath, value=//div[@class='list-group'][2]/a}]
Capabilities {acceptInsecureCerts: false, browserName: chrome, browserVersion: 116.0.5845.188, chrome: {chromedriverVersion: 116.0.5845.96 (1a3918166880..., userDataDir: C:\Users\anish\AppData\Loca...}, fedcm:accounts: true, goog:chromeOptions: {debuggerAddress: localhost:57228}, networkConnectionEnabled: false, pageLoadStrategy: normal, platformName: windows, proxy: Proxy(), se:cdp: ws://localhost:57228/devtoo..., se:cdpVersion: 116.0.5845.188, setWindowRect: true, strictFileInteractability: false, timeouts: {implicit: 0, pageLoad: 300000, script: 30000}, unhandledPromptBehavior: dismiss and notify, webauthn:extension:credBlob: true, webauthn:extension:largeBlob: true, webauthn:extension:minPinLength: true, webauthn:extension:prf: true, webauthn:virtualAuthenticators: true}
Session ID: 034884b549b94ea8203d084daa973747]]>
            </message>
            <full-stacktrace>
              <![CDATA[org.openqa.selenium.NoSuchElementException: no such element: Unable to locate element: {"method":"xpath","selector":"//div[@class='list-group'][2]/a"}
  (Session info: chrome=116.0.5845.188)
For documentation on this error, please visit: https://www.selenium.dev/documentation/webdriver/troubleshooting/errors#no-such-element-exception
Build info: version: '4.10.0', revision: 'c14d967899'
System info: os.name: 'Windows 10', os.arch: 'amd64', os.version: '10.0', java.version: '20.0.1'
Driver info: org.openqa.selenium.chrome.ChromeDriver
Command: [034884b549b94ea8203d084daa973747, findElement {using=xpath, value=//div[@class='list-group'][2]/a}]
Capabilities {acceptInsecureCerts: false, browserName: chrome, browserVersion: 116.0.5845.188, chrome: {chromedriverVersion: 116.0.5845.96 (1a3918166880..., userDataDir: C:\Users\anish\AppData\Loca...}, fedcm:accounts: true, goog:chromeOptions: {debuggerAddress: localhost:57228}, networkConnectionEnabled: false, pageLoadStrategy: normal, platformName: windows, proxy: Proxy(), se:cdp: ws://localhost:57228/devtoo..., se:cdpVersion: 116.0.5845.188, setWindowRect: true, strictFileInteractability: false, timeouts: {implicit: 0, pageLoad: 300000, script: 30000}, unhandledPromptBehavior: dismiss and notify, webauthn:extension:credBlob: true, webauthn:extension:largeBlob: true, webauthn:extension:minPinLength: true, webauthn:extension:prf: true, webauthn:virtualAuthenticators: true}
Session ID: 034884b549b94ea8203d084daa973747
at java.base/jdk.internal.reflect.DirectConstructorHandleAccessor.newInstance(DirectConstructorHandleAccessor.java:67)
at java.base/java.lang.reflect.Constructor.newInstanceWithCaller(Constructor.java:500)
at java.base/java.lang.reflect.Constructor.newInstance(Constructor.java:484)
at org.openqa.selenium.remote.codec.w3c.W3CHttpResponseCodec.createException(W3CHttpResponseCodec.java:199)
at org.openqa.selenium.remote.codec.w3c.W3CHttpResponseCodec.decode(W3CHttpResponseCodec.java:132)
at org.openqa.selenium.remote.codec.w3c.W3CHttpResponseCodec.decode(W3CHttpResponseCodec.java:51)
at org.openqa.selenium.remote.HttpCommandExecutor.execute(HttpCommandExecutor.java:191)
at org.openqa.selenium.remote.service.DriverCommandExecutor.invokeExecute(DriverCommandExecutor.java:196)
at org.openqa.selenium.remote.service.DriverCommandExecutor.execute(DriverCommandExecutor.java:171)
at org.openqa.selenium.remote.RemoteWebDriver.execute(RemoteWebDriver.java:531)
at org.openqa.selenium.remote.ElementLocation$ElementFinder$2.findElement(ElementLocation.java:165)
at org.openqa.selenium.remote.ElementLocation.findElement(ElementLocation.java:59)
at org.openqa.selenium.remote.RemoteWebDriver.findElement(RemoteWebDriver.java:350)
at org.openqa.selenium.remote.RemoteWebDriver.findElement(RemoteWebDriver.java:344)
at com.dsalgoportal.pages.ArrayPage.clickOnMaxConsecutiveNum(ArrayPage.java:184)
at com.dsalgoportal.stepdefintion.ArraysStep.the_user_clicks_max_consecutive_ones(ArraysStep.java:218)
at ✽.The user clicks Max Consecutive Ones.(file:///C:/Users/anish/eclipse-workspace/DsAlgoPortal/src/test/resources/Features/05_Array.feature:140)
]]>
            </full-stacktrace>
          </exception> <!-- org.openqa.selenium.NoSuchElementException -->
          <reporter-output>
          </reporter-output>
        </test-method> <!-- runScenario -->
        <test-method signature="runScenario(io.cucumber.testng.PickleWrapper,io.cucumber.testng.FeatureWrapper)[pri:0, instance:com.dsalgoportal.testrunner.TestNGTestRunner@fa4c865]" started-at="2023-09-18T22:10:45 CDT" name="runScenario" description="Runs Cucumber Scenarios" data-provider="scenarios" finished-at="2023-09-18T22:11:00 CDT" duration-ms="15040" status="FAIL">
          <params>
            <param index="0">
              <value>
                <![CDATA["The User is at the Find Numbers with Even Number of Digits"]]>
              </value>
            </param>
            <param index="1">
              <value>
                <![CDATA["Arrays"]]>
              </value>
            </param>
          </params>
          <exception class="org.openqa.selenium.NoSuchElementException">
            <message>
              <![CDATA[no such element: Unable to locate element: {"method":"xpath","selector":"//div[@class='list-group'][3]/a"}
  (Session info: chrome=116.0.5845.188)
For documentation on this error, please visit: https://www.selenium.dev/documentation/webdriver/troubleshooting/errors#no-such-element-exception
Build info: version: '4.10.0', revision: 'c14d967899'
System info: os.name: 'Windows 10', os.arch: 'amd64', os.version: '10.0', java.version: '20.0.1'
Driver info: org.openqa.selenium.chrome.ChromeDriver
Command: [034884b549b94ea8203d084daa973747, findElement {using=xpath, value=//div[@class='list-group'][3]/a}]
Capabilities {acceptInsecureCerts: false, browserName: chrome, browserVersion: 116.0.5845.188, chrome: {chromedriverVersion: 116.0.5845.96 (1a3918166880..., userDataDir: C:\Users\anish\AppData\Loca...}, fedcm:accounts: true, goog:chromeOptions: {debuggerAddress: localhost:57228}, networkConnectionEnabled: false, pageLoadStrategy: normal, platformName: windows, proxy: Proxy(), se:cdp: ws://localhost:57228/devtoo..., se:cdpVersion: 116.0.5845.188, setWindowRect: true, strictFileInteractability: false, timeouts: {implicit: 0, pageLoad: 300000, script: 30000}, unhandledPromptBehavior: dismiss and notify, webauthn:extension:credBlob: true, webauthn:extension:largeBlob: true, webauthn:extension:minPinLength: true, webauthn:extension:prf: true, webauthn:virtualAuthenticators: true}
Session ID: 034884b549b94ea8203d084daa973747]]>
            </message>
            <full-stacktrace>
              <![CDATA[org.openqa.selenium.NoSuchElementException: no such element: Unable to locate element: {"method":"xpath","selector":"//div[@class='list-group'][3]/a"}
  (Session info: chrome=116.0.5845.188)
For documentation on this error, please visit: https://www.selenium.dev/documentation/webdriver/troubleshooting/errors#no-such-element-exception
Build info: version: '4.10.0', revision: 'c14d967899'
System info: os.name: 'Windows 10', os.arch: 'amd64', os.version: '10.0', java.version: '20.0.1'
Driver info: org.openqa.selenium.chrome.ChromeDriver
Command: [034884b549b94ea8203d084daa973747, findElement {using=xpath, value=//div[@class='list-group'][3]/a}]
Capabilities {acceptInsecureCerts: false, browserName: chrome, browserVersion: 116.0.5845.188, chrome: {chromedriverVersion: 116.0.5845.96 (1a3918166880..., userDataDir: C:\Users\anish\AppData\Loca...}, fedcm:accounts: true, goog:chromeOptions: {debuggerAddress: localhost:57228}, networkConnectionEnabled: false, pageLoadStrategy: normal, platformName: windows, proxy: Proxy(), se:cdp: ws://localhost:57228/devtoo..., se:cdpVersion: 116.0.5845.188, setWindowRect: true, strictFileInteractability: false, timeouts: {implicit: 0, pageLoad: 300000, script: 30000}, unhandledPromptBehavior: dismiss and notify, webauthn:extension:credBlob: true, webauthn:extension:largeBlob: true, webauthn:extension:minPinLength: true, webauthn:extension:prf: true, webauthn:virtualAuthenticators: true}
Session ID: 034884b549b94ea8203d084daa973747
at java.base/jdk.internal.reflect.DirectConstructorHandleAccessor.newInstance(DirectConstructorHandleAccessor.java:67)
at java.base/java.lang.reflect.Constructor.newInstanceWithCaller(Constructor.java:500)
at java.base/java.lang.reflect.Constructor.newInstance(Constructor.java:484)
at org.openqa.selenium.remote.codec.w3c.W3CHttpResponseCodec.createException(W3CHttpResponseCodec.java:199)
at org.openqa.selenium.remote.codec.w3c.W3CHttpResponseCodec.decode(W3CHttpResponseCodec.java:132)
at org.openqa.selenium.remote.codec.w3c.W3CHttpResponseCodec.decode(W3CHttpResponseCodec.java:51)
at org.openqa.selenium.remote.HttpCommandExecutor.execute(HttpCommandExecutor.java:191)
at org.openqa.selenium.remote.service.DriverCommandExecutor.invokeExecute(DriverCommandExecutor.java:196)
at org.openqa.selenium.remote.service.DriverCommandExecutor.execute(DriverCommandExecutor.java:171)
at org.openqa.selenium.remote.RemoteWebDriver.execute(RemoteWebDriver.java:531)
at org.openqa.selenium.remote.ElementLocation$ElementFinder$2.findElement(ElementLocation.java:165)
at org.openqa.selenium.remote.ElementLocation.findElement(ElementLocation.java:59)
at org.openqa.selenium.remote.RemoteWebDriver.findElement(RemoteWebDriver.java:350)
at org.openqa.selenium.remote.RemoteWebDriver.findElement(RemoteWebDriver.java:344)
at com.dsalgoportal.pages.ArrayPage.clickOnFindNumbers(ArrayPage.java:188)
at com.dsalgoportal.stepdefintion.ArraysStep.the_user_clicks_find_numbers_with_even_number_of_digits_link(ArraysStep.java:224)
at ✽.The user clicks Find Numbers with Even Number of Digits link.(file:///C:/Users/anish/eclipse-workspace/DsAlgoPortal/src/test/resources/Features/05_Array.feature:147)
]]>
            </full-stacktrace>
          </exception> <!-- org.openqa.selenium.NoSuchElementException -->
          <reporter-output>
          </reporter-output>
        </test-method> <!-- runScenario -->
        <test-method signature="runScenario(io.cucumber.testng.PickleWrapper,io.cucumber.testng.FeatureWrapper)[pri:0, instance:com.dsalgoportal.testrunner.TestNGTestRunner@fa4c865]" started-at="2023-09-18T22:11:00 CDT" name="runScenario" description="Runs Cucumber Scenarios" data-provider="scenarios" finished-at="2023-09-18T22:11:01 CDT" duration-ms="416" status="FAIL">
          <params>
            <param index="0">
              <value>
                <![CDATA["The user is able to run code in tryEditor for Find Numbers with Even Number of Digits"]]>
              </value>
            </param>
            <param index="1">
              <value>
                <![CDATA["Arrays"]]>
              </value>
            </param>
          </params>
          <exception class="org.openqa.selenium.UnhandledAlertException">
            <message>
              <![CDATA[unexpected alert open: {Alert text : SyntaxError: bad input on line 1}
  (Session info: chrome=116.0.5845.188): SyntaxError: bad input on line 1
Build info: version: '4.10.0', revision: 'c14d967899'
System info: os.name: 'Windows 10', os.arch: 'amd64', os.version: '10.0', java.version: '20.0.1'
Driver info: org.openqa.selenium.chrome.ChromeDriver
Command: [034884b549b94ea8203d084daa973747, findElement {using=id, value=output}]
Capabilities {acceptInsecureCerts: false, browserName: chrome, browserVersion: 116.0.5845.188, chrome: {chromedriverVersion: 116.0.5845.96 (1a3918166880..., userDataDir: C:\Users\anish\AppData\Loca...}, fedcm:accounts: true, goog:chromeOptions: {debuggerAddress: localhost:57228}, networkConnectionEnabled: false, pageLoadStrategy: normal, platformName: windows, proxy: Proxy(), se:cdp: ws://localhost:57228/devtoo..., se:cdpVersion: 116.0.5845.188, setWindowRect: true, strictFileInteractability: false, timeouts: {implicit: 0, pageLoad: 300000, script: 30000}, unhandledPromptBehavior: dismiss and notify, webauthn:extension:credBlob: true, webauthn:extension:largeBlob: true, webauthn:extension:minPinLength: true, webauthn:extension:prf: true, webauthn:virtualAuthenticators: true}
Session ID: 034884b549b94ea8203d084daa973747]]>
            </message>
            <full-stacktrace>
              <![CDATA[org.openqa.selenium.UnhandledAlertException: unexpected alert open: {Alert text : SyntaxError: bad input on line 1}
  (Session info: chrome=116.0.5845.188): SyntaxError: bad input on line 1
Build info: version: '4.10.0', revision: 'c14d967899'
System info: os.name: 'Windows 10', os.arch: 'amd64', os.version: '10.0', java.version: '20.0.1'
Driver info: org.openqa.selenium.chrome.ChromeDriver
Command: [034884b549b94ea8203d084daa973747, findElement {using=id, value=output}]
Capabilities {acceptInsecureCerts: false, browserName: chrome, browserVersion: 116.0.5845.188, chrome: {chromedriverVersion: 116.0.5845.96 (1a3918166880..., userDataDir: C:\Users\anish\AppData\Loca...}, fedcm:accounts: true, goog:chromeOptions: {debuggerAddress: localhost:57228}, networkConnectionEnabled: false, pageLoadStrategy: normal, platformName: windows, proxy: Proxy(), se:cdp: ws://localhost:57228/devtoo..., se:cdpVersion: 116.0.5845.188, setWindowRect: true, strictFileInteractability: false, timeouts: {implicit: 0, pageLoad: 300000, script: 30000}, unhandledPromptBehavior: dismiss and notify, webauthn:extension:credBlob: true, webauthn:extension:largeBlob: true, webauthn:extension:minPinLength: true, webauthn:extension:prf: true, webauthn:virtualAuthenticators: true}
Session ID: 034884b549b94ea8203d084daa973747
at org.openqa.selenium.remote.codec.w3c.W3CHttpResponseCodec.decode(W3CHttpResponseCodec.java:130)
at org.openqa.selenium.remote.codec.w3c.W3CHttpResponseCodec.decode(W3CHttpResponseCodec.java:51)
at org.openqa.selenium.remote.HttpCommandExecutor.execute(HttpCommandExecutor.java:191)
at org.openqa.selenium.remote.service.DriverCommandExecutor.invokeExecute(DriverCommandExecutor.java:196)
at org.openqa.selenium.remote.service.DriverCommandExecutor.execute(DriverCommandExecutor.java:171)
at org.openqa.selenium.remote.RemoteWebDriver.execute(RemoteWebDriver.java:531)
at org.openqa.selenium.remote.ElementLocation$ElementFinder$2.findElement(ElementLocation.java:165)
at org.openqa.selenium.remote.ElementLocation.findElement(ElementLocation.java:59)
at org.openqa.selenium.remote.RemoteWebDriver.findElement(RemoteWebDriver.java:350)
at org.openqa.selenium.remote.RemoteWebDriver.findElement(RemoteWebDriver.java:344)
at com.dsalgoportal.pages.ArrayPage.codeOutput(ArrayPage.java:89)
at com.dsalgoportal.stepdefintion.ArraysStep.the_user_should_be_presented_with_valid_output(ArraysStep.java:115)
at ✽.the user should be presented with valid output.(file:///C:/Users/anish/eclipse-workspace/DsAlgoPortal/src/test/resources/Features/05_Array.feature:153)
]]>
            </full-stacktrace>
          </exception> <!-- org.openqa.selenium.UnhandledAlertException -->
          <reporter-output>
          </reporter-output>
        </test-method> <!-- runScenario -->
        <test-method signature="runScenario(io.cucumber.testng.PickleWrapper,io.cucumber.testng.FeatureWrapper)[pri:0, instance:com.dsalgoportal.testrunner.TestNGTestRunner@fa4c865]" started-at="2023-09-18T22:11:01 CDT" name="runScenario" description="Runs Cucumber Scenarios" data-provider="scenarios" finished-at="2023-09-18T22:11:16 CDT" duration-ms="15064" status="FAIL">
          <params>
            <param index="0">
              <value>
                <![CDATA["The user is able to submit code in tryEditor for Find Numbers with Even Number of Digits"]]>
              </value>
            </param>
            <param index="1">
              <value>
                <![CDATA["Arrays"]]>
              </value>
            </param>
          </params>
          <exception class="org.openqa.selenium.NoSuchElementException">
            <message>
              <![CDATA[no such element: Unable to locate element: {"method":"xpath","selector":"//div[@class='list-group'][3]/a"}
  (Session info: chrome=116.0.5845.188)
For documentation on this error, please visit: https://www.selenium.dev/documentation/webdriver/troubleshooting/errors#no-such-element-exception
Build info: version: '4.10.0', revision: 'c14d967899'
System info: os.name: 'Windows 10', os.arch: 'amd64', os.version: '10.0', java.version: '20.0.1'
Driver info: org.openqa.selenium.chrome.ChromeDriver
Command: [034884b549b94ea8203d084daa973747, findElement {using=xpath, value=//div[@class='list-group'][3]/a}]
Capabilities {acceptInsecureCerts: false, browserName: chrome, browserVersion: 116.0.5845.188, chrome: {chromedriverVersion: 116.0.5845.96 (1a3918166880..., userDataDir: C:\Users\anish\AppData\Loca...}, fedcm:accounts: true, goog:chromeOptions: {debuggerAddress: localhost:57228}, networkConnectionEnabled: false, pageLoadStrategy: normal, platformName: windows, proxy: Proxy(), se:cdp: ws://localhost:57228/devtoo..., se:cdpVersion: 116.0.5845.188, setWindowRect: true, strictFileInteractability: false, timeouts: {implicit: 0, pageLoad: 300000, script: 30000}, unhandledPromptBehavior: dismiss and notify, webauthn:extension:credBlob: true, webauthn:extension:largeBlob: true, webauthn:extension:minPinLength: true, webauthn:extension:prf: true, webauthn:virtualAuthenticators: true}
Session ID: 034884b549b94ea8203d084daa973747]]>
            </message>
            <full-stacktrace>
              <![CDATA[org.openqa.selenium.NoSuchElementException: no such element: Unable to locate element: {"method":"xpath","selector":"//div[@class='list-group'][3]/a"}
  (Session info: chrome=116.0.5845.188)
For documentation on this error, please visit: https://www.selenium.dev/documentation/webdriver/troubleshooting/errors#no-such-element-exception
Build info: version: '4.10.0', revision: 'c14d967899'
System info: os.name: 'Windows 10', os.arch: 'amd64', os.version: '10.0', java.version: '20.0.1'
Driver info: org.openqa.selenium.chrome.ChromeDriver
Command: [034884b549b94ea8203d084daa973747, findElement {using=xpath, value=//div[@class='list-group'][3]/a}]
Capabilities {acceptInsecureCerts: false, browserName: chrome, browserVersion: 116.0.5845.188, chrome: {chromedriverVersion: 116.0.5845.96 (1a3918166880..., userDataDir: C:\Users\anish\AppData\Loca...}, fedcm:accounts: true, goog:chromeOptions: {debuggerAddress: localhost:57228}, networkConnectionEnabled: false, pageLoadStrategy: normal, platformName: windows, proxy: Proxy(), se:cdp: ws://localhost:57228/devtoo..., se:cdpVersion: 116.0.5845.188, setWindowRect: true, strictFileInteractability: false, timeouts: {implicit: 0, pageLoad: 300000, script: 30000}, unhandledPromptBehavior: dismiss and notify, webauthn:extension:credBlob: true, webauthn:extension:largeBlob: true, webauthn:extension:minPinLength: true, webauthn:extension:prf: true, webauthn:virtualAuthenticators: true}
Session ID: 034884b549b94ea8203d084daa973747
at java.base/jdk.internal.reflect.DirectConstructorHandleAccessor.newInstance(DirectConstructorHandleAccessor.java:67)
at java.base/java.lang.reflect.Constructor.newInstanceWithCaller(Constructor.java:500)
at java.base/java.lang.reflect.Constructor.newInstance(Constructor.java:484)
at org.openqa.selenium.remote.codec.w3c.W3CHttpResponseCodec.createException(W3CHttpResponseCodec.java:199)
at org.openqa.selenium.remote.codec.w3c.W3CHttpResponseCodec.decode(W3CHttpResponseCodec.java:132)
at org.openqa.selenium.remote.codec.w3c.W3CHttpResponseCodec.decode(W3CHttpResponseCodec.java:51)
at org.openqa.selenium.remote.HttpCommandExecutor.execute(HttpCommandExecutor.java:191)
at org.openqa.selenium.remote.service.DriverCommandExecutor.invokeExecute(DriverCommandExecutor.java:196)
at org.openqa.selenium.remote.service.DriverCommandExecutor.execute(DriverCommandExecutor.java:171)
at org.openqa.selenium.remote.RemoteWebDriver.execute(RemoteWebDriver.java:531)
at org.openqa.selenium.remote.ElementLocation$ElementFinder$2.findElement(ElementLocation.java:165)
at org.openqa.selenium.remote.ElementLocation.findElement(ElementLocation.java:59)
at org.openqa.selenium.remote.RemoteWebDriver.findElement(RemoteWebDriver.java:350)
at org.openqa.selenium.remote.RemoteWebDriver.findElement(RemoteWebDriver.java:344)
at com.dsalgoportal.pages.ArrayPage.clickOnFindNumbers(ArrayPage.java:188)
at com.dsalgoportal.stepdefintion.ArraysStep.the_user_clicks_find_numbers_with_even_number_of_digits_link(ArraysStep.java:224)
at ✽.The user clicks Find Numbers with Even Number of Digits link.(file:///C:/Users/anish/eclipse-workspace/DsAlgoPortal/src/test/resources/Features/05_Array.feature:157)
]]>
            </full-stacktrace>
          </exception> <!-- org.openqa.selenium.NoSuchElementException -->
          <reporter-output>
          </reporter-output>
        </test-method> <!-- runScenario -->
        <test-method signature="runScenario(io.cucumber.testng.PickleWrapper,io.cucumber.testng.FeatureWrapper)[pri:0, instance:com.dsalgoportal.testrunner.TestNGTestRunner@fa4c865]" started-at="2023-09-18T22:11:16 CDT" name="runScenario" description="Runs Cucumber Scenarios" data-provider="scenarios" finished-at="2023-09-18T22:11:31 CDT" duration-ms="15098" status="FAIL">
          <params>
            <param index="0">
              <value>
                <![CDATA["The User is at the Squares of a Sorted Array"]]>
              </value>
            </param>
            <param index="1">
              <value>
                <![CDATA["Arrays"]]>
              </value>
            </param>
          </params>
          <exception class="org.openqa.selenium.NoSuchElementException">
            <message>
              <![CDATA[no such element: Unable to locate element: {"method":"xpath","selector":"//div[@class='list-group'][4]/a"}
  (Session info: chrome=116.0.5845.188)
For documentation on this error, please visit: https://www.selenium.dev/documentation/webdriver/troubleshooting/errors#no-such-element-exception
Build info: version: '4.10.0', revision: 'c14d967899'
System info: os.name: 'Windows 10', os.arch: 'amd64', os.version: '10.0', java.version: '20.0.1'
Driver info: org.openqa.selenium.chrome.ChromeDriver
Command: [034884b549b94ea8203d084daa973747, findElement {using=xpath, value=//div[@class='list-group'][4]/a}]
Capabilities {acceptInsecureCerts: false, browserName: chrome, browserVersion: 116.0.5845.188, chrome: {chromedriverVersion: 116.0.5845.96 (1a3918166880..., userDataDir: C:\Users\anish\AppData\Loca...}, fedcm:accounts: true, goog:chromeOptions: {debuggerAddress: localhost:57228}, networkConnectionEnabled: false, pageLoadStrategy: normal, platformName: windows, proxy: Proxy(), se:cdp: ws://localhost:57228/devtoo..., se:cdpVersion: 116.0.5845.188, setWindowRect: true, strictFileInteractability: false, timeouts: {implicit: 0, pageLoad: 300000, script: 30000}, unhandledPromptBehavior: dismiss and notify, webauthn:extension:credBlob: true, webauthn:extension:largeBlob: true, webauthn:extension:minPinLength: true, webauthn:extension:prf: true, webauthn:virtualAuthenticators: true}
Session ID: 034884b549b94ea8203d084daa973747]]>
            </message>
            <full-stacktrace>
              <![CDATA[org.openqa.selenium.NoSuchElementException: no such element: Unable to locate element: {"method":"xpath","selector":"//div[@class='list-group'][4]/a"}
  (Session info: chrome=116.0.5845.188)
For documentation on this error, please visit: https://www.selenium.dev/documentation/webdriver/troubleshooting/errors#no-such-element-exception
Build info: version: '4.10.0', revision: 'c14d967899'
System info: os.name: 'Windows 10', os.arch: 'amd64', os.version: '10.0', java.version: '20.0.1'
Driver info: org.openqa.selenium.chrome.ChromeDriver
Command: [034884b549b94ea8203d084daa973747, findElement {using=xpath, value=//div[@class='list-group'][4]/a}]
Capabilities {acceptInsecureCerts: false, browserName: chrome, browserVersion: 116.0.5845.188, chrome: {chromedriverVersion: 116.0.5845.96 (1a3918166880..., userDataDir: C:\Users\anish\AppData\Loca...}, fedcm:accounts: true, goog:chromeOptions: {debuggerAddress: localhost:57228}, networkConnectionEnabled: false, pageLoadStrategy: normal, platformName: windows, proxy: Proxy(), se:cdp: ws://localhost:57228/devtoo..., se:cdpVersion: 116.0.5845.188, setWindowRect: true, strictFileInteractability: false, timeouts: {implicit: 0, pageLoad: 300000, script: 30000}, unhandledPromptBehavior: dismiss and notify, webauthn:extension:credBlob: true, webauthn:extension:largeBlob: true, webauthn:extension:minPinLength: true, webauthn:extension:prf: true, webauthn:virtualAuthenticators: true}
Session ID: 034884b549b94ea8203d084daa973747
at java.base/jdk.internal.reflect.DirectConstructorHandleAccessor.newInstance(DirectConstructorHandleAccessor.java:67)
at java.base/java.lang.reflect.Constructor.newInstanceWithCaller(Constructor.java:500)
at java.base/java.lang.reflect.Constructor.newInstance(Constructor.java:484)
at org.openqa.selenium.remote.codec.w3c.W3CHttpResponseCodec.createException(W3CHttpResponseCodec.java:199)
at org.openqa.selenium.remote.codec.w3c.W3CHttpResponseCodec.decode(W3CHttpResponseCodec.java:132)
at org.openqa.selenium.remote.codec.w3c.W3CHttpResponseCodec.decode(W3CHttpResponseCodec.java:51)
at org.openqa.selenium.remote.HttpCommandExecutor.execute(HttpCommandExecutor.java:191)
at org.openqa.selenium.remote.service.DriverCommandExecutor.invokeExecute(DriverCommandExecutor.java:196)
at org.openqa.selenium.remote.service.DriverCommandExecutor.execute(DriverCommandExecutor.java:171)
at org.openqa.selenium.remote.RemoteWebDriver.execute(RemoteWebDriver.java:531)
at org.openqa.selenium.remote.ElementLocation$ElementFinder$2.findElement(ElementLocation.java:165)
at org.openqa.selenium.remote.ElementLocation.findElement(ElementLocation.java:59)
at org.openqa.selenium.remote.RemoteWebDriver.findElement(RemoteWebDriver.java:350)
at org.openqa.selenium.remote.RemoteWebDriver.findElement(RemoteWebDriver.java:344)
at com.dsalgoportal.pages.ArrayPage.clickOnSquares(ArrayPage.java:193)
at com.dsalgoportal.stepdefintion.ArraysStep.the_user_clicks_squares_of_a_sorted_array_link(ArraysStep.java:230)
at ✽.The user clicks Squares of a Sorted Array link.(file:///C:/Users/anish/eclipse-workspace/DsAlgoPortal/src/test/resources/Features/05_Array.feature:164)
]]>
            </full-stacktrace>
          </exception> <!-- org.openqa.selenium.NoSuchElementException -->
          <reporter-output>
          </reporter-output>
        </test-method> <!-- runScenario -->
        <test-method signature="runScenario(io.cucumber.testng.PickleWrapper,io.cucumber.testng.FeatureWrapper)[pri:0, instance:com.dsalgoportal.testrunner.TestNGTestRunner@fa4c865]" started-at="2023-09-18T22:11:31 CDT" name="runScenario" description="Runs Cucumber Scenarios" data-provider="scenarios" finished-at="2023-09-18T22:11:31 CDT" duration-ms="356" status="FAIL">
          <params>
            <param index="0">
[...]
              </value>
            </param>
          </params>
          <reporter-output>
          </reporter-output>
        </test-method> <!-- runScenario -->
        <test-method signature="runScenario(io.cucumber.testng.PickleWrapper,io.cucumber.testng.FeatureWrapper)[pri:0, instance:com.dsalgoportal.testrunner.TestNGTestRunner@fa4c865]" started-at="2023-09-18T22:12:30 CDT" name="runScenario" description="Runs Cucumber Scenarios" data-provider="scenarios" finished-at="2023-09-18T22:12:30 CDT" duration-ms="304" status="PASS">
          <params>
            <param index="0">
              <value>
                <![CDATA["The user is able to run code in tryEditor"]]>
              </value>
            </param>
            <param index="1">
              <value>
                <![CDATA["Tree feature"]]>
              </value>
            </param>
          </params>
          <reporter-output>
          </reporter-output>
        </test-method> <!-- runScenario -->
        <test-method signature="runScenario(io.cucumber.testng.PickleWrapper,io.cucumber.testng.FeatureWrapper)[pri:0, instance:com.dsalgoportal.testrunner.TestNGTestRunner@fa4c865]" started-at="2023-09-18T22:12:30 CDT" name="runScenario" description="Runs Cucumber Scenarios" data-provider="scenarios" finished-at="2023-09-18T22:12:31 CDT" duration-ms="544" status="PASS">
          <params>
            <param index="0">
              <value>
                <![CDATA["The user is able to get the error message for invalid syntax"]]>
              </value>
            </param>
            <param index="1">
              <value>
                <![CDATA["Tree feature"]]>
              </value>
            </param>
          </params>
          <reporter-output>
          </reporter-output>
        </test-method> <!-- runScenario -->
        <test-method signature="runScenario(io.cucumber.testng.PickleWrapper,io.cucumber.testng.FeatureWrapper)[pri:0, instance:com.dsalgoportal.testrunner.TestNGTestRunner@fa4c865]" started-at="2023-09-18T22:12:31 CDT" name="runScenario" description="Runs Cucumber Scenarios" data-provider="scenarios" finished-at="2023-09-18T22:12:31 CDT" duration-ms="379" status="PASS">
          <params>
            <param index="0">
              <value>
                <![CDATA["The user is able to navigate to Implementation in Python Page"]]>
              </value>
            </param>
            <param index="1">
              <value>
                <![CDATA["Tree feature"]]>
              </value>
            </param>
          </params>
          <reporter-output>
          </reporter-output>
        </test-method> <!-- runScenario -->
        <test-method signature="runScenario(io.cucumber.testng.PickleWrapper,io.cucumber.testng.FeatureWrapper)[pri:0, instance:com.dsalgoportal.testrunner.TestNGTestRunner@fa4c865]" started-at="2023-09-18T22:12:31 CDT" name="runScenario" description="Runs Cucumber Scenarios" data-provider="scenarios" finished-at="2023-09-18T22:12:32 CDT" duration-ms="297" status="PASS">
          <params>
            <param index="0">
              <value>
                <![CDATA["The user is able to navigate to Implementation in Python page having an tryeditor"]]>
              </value>
            </param>
            <param index="1">
              <value>
                <![CDATA["Tree feature"]]>
              </value>
            </param>
          </params>
          <reporter-output>
          </reporter-output>
        </test-method> <!-- runScenario -->
        <test-method signature="runScenario(io.cucumber.testng.PickleWrapper,io.cucumber.testng.FeatureWrapper)[pri:0, instance:com.dsalgoportal.testrunner.TestNGTestRunner@fa4c865]" started-at="2023-09-18T22:12:32 CDT" name="runScenario" description="Runs Cucumber Scenarios" data-provider="scenarios" finished-at="2023-09-18T22:12:32 CDT" duration-ms="280" status="PASS">
          <params>
            <param index="0">
              <value>
                <![CDATA["The user is able to run code in tryEditor"]]>
              </value>
            </param>
            <param index="1">
              <value>
                <![CDATA["Tree feature"]]>
              </value>
            </param>
          </params>
          <reporter-output>
          </reporter-output>
        </test-method> <!-- runScenario -->
        <test-method signature="runScenario(io.cucumber.testng.PickleWrapper,io.cucumber.testng.FeatureWrapper)[pri:0, instance:com.dsalgoportal.testrunner.TestNGTestRunner@fa4c865]" started-at="2023-09-18T22:12:32 CDT" name="runScenario" description="Runs Cucumber Scenarios" data-provider="scenarios" finished-at="2023-09-18T22:12:33 CDT" duration-ms="602" status="PASS">
          <params>
            <param index="0">
              <value>
                <![CDATA["The user is able to get the error message for invalid syntax"]]>
              </value>
            </param>
            <param index="1">
              <value>
                <![CDATA["Tree feature"]]>
              </value>
            </param>
          </params>
          <reporter-output>
          </reporter-output>
        </test-method> <!-- runScenario -->
        <test-method signature="runScenario(io.cucumber.testng.PickleWrapper,io.cucumber.testng.FeatureWrapper)[pri:0, instance:com.dsalgoportal.testrunner.TestNGTestRunner@fa4c865]" started-at="2023-09-18T22:12:33 CDT" name="runScenario" description="Runs Cucumber Scenarios" data-provider="scenarios" finished-at="2023-09-18T22:12:33 CDT" duration-ms="500" status="PASS">
          <params>
            <param index="0">
              <value>
                <![CDATA["The user is able to navigate to Binary Tree Traversals Page"]]>
              </value>
            </param>
            <param index="1">
              <value>
                <![CDATA["Tree feature"]]>
              </value>
            </param>
          </params>
          <reporter-output>
          </reporter-output>
        </test-method> <!-- runScenario -->
        <test-method signature="runScenario(io.cucumber.testng.PickleWrapper,io.cucumber.testng.FeatureWrapper)[pri:0, instance:com.dsalgoportal.testrunner.TestNGTestRunner@fa4c865]" started-at="2023-09-18T22:12:33 CDT" name="runScenario" description="Runs Cucumber Scenarios" data-provider="scenarios" finished-at="2023-09-18T22:12:33 CDT" duration-ms="388" status="PASS">
          <params>
            <param index="0">
              <value>
                <![CDATA["The user is able to navigate to Binary Tree Traversals page having an tryeditor"]]>
              </value>
            </param>
            <param index="1">
              <value>
                <![CDATA["Tree feature"]]>
              </value>
            </param>
          </params>
          <reporter-output>
          </reporter-output>
        </test-method> <!-- runScenario -->
        <test-method signature="runScenario(io.cucumber.testng.PickleWrapper,io.cucumber.testng.FeatureWrapper)[pri:0, instance:com.dsalgoportal.testrunner.TestNGTestRunner@fa4c865]" started-at="2023-09-18T22:12:33 CDT" name="runScenario" description="Runs Cucumber Scenarios" data-provider="scenarios" finished-at="2023-09-18T22:12:34 CDT" duration-ms="380" status="PASS">
          <params>
            <param index="0">
              <value>
                <![CDATA["The user is able to run code in tryEditor"]]>
              </value>
            </param>
            <param index="1">
              <value>
                <![CDATA["Tree feature"]]>
              </value>
            </param>
          </params>
          <reporter-output>
          </reporter-output>
        </test-method> <!-- runScenario -->
        <test-method signature="runScenario(io.cucumber.testng.PickleWrapper,io.cucumber.testng.FeatureWrapper)[pri:0, instance:com.dsalgoportal.testrunner.TestNGTestRunner@fa4c865]" started-at="2023-09-18T22:12:34 CDT" name="runScenario" description="Runs Cucumber Scenarios" data-provider="scenarios" finished-at="2023-09-18T22:12:34 CDT" duration-ms="619" status="PASS">
          <params>
            <param index="0">
              <value>
                <![CDATA["The user is able to get the error message for invalid syntax"]]>
              </value>
            </param>
            <param index="1">
              <value>
                <![CDATA["Tree feature"]]>
              </value>
            </param>
          </params>
          <reporter-output>
          </reporter-output>
        </test-method> <!-- runScenario -->
        <test-method signature="runScenario(io.cucumber.testng.PickleWrapper,io.cucumber.testng.FeatureWrapper)[pri:0, instance:com.dsalgoportal.testrunner.TestNGTestRunner@fa4c865]" started-at="2023-09-18T22:12:34 CDT" name="runScenario" description="Runs Cucumber Scenarios" data-provider="scenarios" finished-at="2023-09-18T22:12:35 CDT" duration-ms="408" status="PASS">
          <params>
            <param index="0">
              <value>
                <![CDATA["The user is able to navigate to Applications of Binary trees Page"]]>
              </value>
            </param>
            <param index="1">
              <value>
                <![CDATA["Tree feature"]]>
              </value>
            </param>
          </params>
          <reporter-output>
          </reporter-output>
        </test-method> <!-- runScenario -->
        <test-method signature="runScenario(io.cucumber.testng.PickleWrapper,io.cucumber.testng.FeatureWrapper)[pri:0, instance:com.dsalgoportal.testrunner.TestNGTestRunner@fa4c865]" started-at="2023-09-18T22:12:35 CDT" name="runScenario" description="Runs Cucumber Scenarios" data-provider="scenarios" finished-at="2023-09-18T22:12:35 CDT" duration-ms="324" status="PASS">
          <params>
            <param index="0">
              <value>
                <![CDATA["The user is able to navigate to Applications of Binary trees page having an tryeditor"]]>
              </value>
            </param>
            <param index="1">
              <value>
                <![CDATA["Tree feature"]]>
              </value>
            </param>
          </params>
          <reporter-output>
          </reporter-output>
        </test-method> <!-- runScenario -->
        <test-method signature="runScenario(io.cucumber.testng.PickleWrapper,io.cucumber.testng.FeatureWrapper)[pri:0, instance:com.dsalgoportal.testrunner.TestNGTestRunner@fa4c865]" started-at="2023-09-18T22:12:35 CDT" name="runScenario" description="Runs Cucumber Scenarios" data-provider="scenarios" finished-at="2023-09-18T22:12:35 CDT" duration-ms="301" status="PASS">
          <params>
            <param index="0">
              <value>
                <![CDATA["The user is able to run code in tryEditor"]]>
              </value>
            </param>
            <param index="1">
              <value>
                <![CDATA["Tree feature"]]>
              </value>
            </param>
          </params>
          <reporter-output>
          </reporter-output>
        </test-method> <!-- runScenario -->
        <test-method signature="runScenario(io.cucumber.testng.PickleWrapper,io.cucumber.testng.FeatureWrapper)[pri:0, instance:com.dsalgoportal.testrunner.TestNGTestRunner@fa4c865]" started-at="2023-09-18T22:12:35 CDT" name="runScenario" description="Runs Cucumber Scenarios" data-provider="scenarios" finished-at="2023-09-18T22:12:36 CDT" duration-ms="645" status="PASS">
          <params>
            <param index="0">
              <value>
                <![CDATA["The user is able to get the error message for invalid syntax"]]>
              </value>
            </param>
            <param index="1">
              <value>
                <![CDATA["Tree feature"]]>
              </value>
            </param>
          </params>
          <reporter-output>
          </reporter-output>
        </test-method> <!-- runScenario -->
        <test-method signature="runScenario(io.cucumber.testng.PickleWrapper,io.cucumber.testng.FeatureWrapper)[pri:0, instance:com.dsalgoportal.testrunner.TestNGTestRunner@fa4c865]" started-at="2023-09-18T22:12:36 CDT" name="runScenario" description="Runs Cucumber Scenarios" data-provider="scenarios" finished-at="2023-09-18T22:12:37 CDT" duration-ms="705" status="PASS">
          <params>
            <param index="0">
              <value>
                <![CDATA["The user is able to navigate to Binary Search Trees Page"]]>
              </value>
            </param>
            <param index="1">
              <value>
                <![CDATA["Tree feature"]]>
              </value>
            </param>
          </params>
          <reporter-output>
          </reporter-output>
        </test-method> <!-- runScenario -->
        <test-method signature="runScenario(io.cucumber.testng.PickleWrapper,io.cucumber.testng.FeatureWrapper)[pri:0, instance:com.dsalgoportal.testrunner.TestNGTestRunner@fa4c865]" started-at="2023-09-18T22:12:37 CDT" name="runScenario" description="Runs Cucumber Scenarios" data-provider="scenarios" finished-at="2023-09-18T22:12:37 CDT" duration-ms="329" status="PASS">
          <params>
            <param index="0">
              <value>
                <![CDATA["The user is able to navigate to Binary Search Trees page having an tryeditor"]]>
              </value>
            </param>
            <param index="1">
              <value>
                <![CDATA["Tree feature"]]>
              </value>
            </param>
          </params>
          <reporter-output>
          </reporter-output>
        </test-method> <!-- runScenario -->
        <test-method signature="runScenario(io.cucumber.testng.PickleWrapper,io.cucumber.testng.FeatureWrapper)[pri:0, instance:com.dsalgoportal.testrunner.TestNGTestRunner@fa4c865]" started-at="2023-09-18T22:12:37 CDT" name="runScenario" description="Runs Cucumber Scenarios" data-provider="scenarios" finished-at="2023-09-18T22:12:37 CDT" duration-ms="340" status="PASS">
          <params>
            <param index="0">
              <value>
                <![CDATA["The user is able to run code in tryEditor"]]>
              </value>
            </param>
            <param index="1">
              <value>
                <![CDATA["Tree feature"]]>
              </value>
            </param>
          </params>
          <reporter-output>
          </reporter-output>
        </test-method> <!-- runScenario -->
        <test-method signature="runScenario(io.cucumber.testng.PickleWrapper,io.cucumber.testng.FeatureWrapper)[pri:0, instance:com.dsalgoportal.testrunner.TestNGTestRunner@fa4c865]" started-at="2023-09-18T22:12:37 CDT" name="runScenario" description="Runs Cucumber Scenarios" data-provider="scenarios" finished-at="2023-09-18T22:12:38 CDT" duration-ms="581" status="PASS">
          <params>
            <param index="0">
              <value>
                <![CDATA["The user is able to get the error message for invalid syntax"]]>
              </value>
            </param>
            <param index="1">
              <value>
                <![CDATA["Tree feature"]]>
              </value>
            </param>
          </params>
          <reporter-output>
          </reporter-output>
        </test-method> <!-- runScenario -->
        <test-method signature="runScenario(io.cucumber.testng.PickleWrapper,io.cucumber.testng.FeatureWrapper)[pri:0, instance:com.dsalgoportal.testrunner.TestNGTestRunner@fa4c865]" started-at="2023-09-18T22:12:38 CDT" name="runScenario" description="Runs Cucumber Scenarios" data-provider="scenarios" finished-at="2023-09-18T22:12:38 CDT" duration-ms="404" status="PASS">
          <params>
            <param index="0">
              <value>
                <![CDATA["The user is able to navigate to Implementation Of BST Page"]]>
              </value>
            </param>
            <param index="1">
              <value>
                <![CDATA["Tree feature"]]>
              </value>
            </param>
          </params>
          <reporter-output>
          </reporter-output>
        </test-method> <!-- runScenario -->
        <test-method signature="runScenario(io.cucumber.testng.PickleWrapper,io.cucumber.testng.FeatureWrapper)[pri:0, instance:com.dsalgoportal.testrunner.TestNGTestRunner@fa4c865]" started-at="2023-09-18T22:12:38 CDT" name="runScenario" description="Runs Cucumber Scenarios" data-provider="scenarios" finished-at="2023-09-18T22:12:39 CDT" duration-ms="337" status="PASS">
          <params>
            <param index="0">
              <value>
                <![CDATA["The user is able to navigate to Implementation Of BST page having an tryeditor"]]>
              </value>
            </param>
            <param index="1">
              <value>
                <![CDATA["Tree feature"]]>
              </value>
            </param>
          </params>
          <reporter-output>
          </reporter-output>
        </test-method> <!-- runScenario -->
        <test-method signature="runScenario(io.cucumber.testng.PickleWrapper,io.cucumber.testng.FeatureWrapper)[pri:0, instance:com.dsalgoportal.testrunner.TestNGTestRunner@fa4c865]" started-at="2023-09-18T22:12:39 CDT" name="runScenario" description="Runs Cucumber Scenarios" data-provider="scenarios" finished-at="2023-09-18T22:12:39 CDT" duration-ms="303" status="PASS">
          <params>
            <param index="0">
              <value>
                <![CDATA["The user is able to run code in tryEditor"]]>
              </value>
            </param>
            <param index="1">
              <value>
                <![CDATA["Tree feature"]]>
              </value>
            </param>
          </params>
          <reporter-output>
          </reporter-output>
        </test-method> <!-- runScenario -->
        <test-method signature="runScenario(io.cucumber.testng.PickleWrapper,io.cucumber.testng.FeatureWrapper)[pri:0, instance:com.dsalgoportal.testrunner.TestNGTestRunner@fa4c865]" started-at="2023-09-18T22:12:39 CDT" name="runScenario" description="Runs Cucumber Scenarios" data-provider="scenarios" finished-at="2023-09-18T22:12:40 CDT" duration-ms="537" status="PASS">
          <params>
            <param index="0">
              <value>
                <![CDATA["The user is able to get the error message for invalid syntax"]]>
              </value>
            </param>
            <param index="1">
              <value>
                <![CDATA["Tree feature"]]>
              </value>
            </param>
          </params>
          <reporter-output>
          </reporter-output>
        </test-method> <!-- runScenario -->
        <test-method signature="runScenario(io.cucumber.testng.PickleWrapper,io.cucumber.testng.FeatureWrapper)[pri:0, instance:com.dsalgoportal.testrunner.TestNGTestRunner@fa4c865]" started-at="2023-09-18T22:12:40 CDT" name="runScenario" description="Runs Cucumber Scenarios" data-provider="scenarios" finished-at="2023-09-18T22:12:40 CDT" duration-ms="299" status="PASS">
          <params>
            <param index="0">
              <value>
                <![CDATA["The user is able to navigate to Practice Questions Page"]]>
              </value>
            </param>
            <param index="1">
              <value>
                <![CDATA["Tree feature"]]>
              </value>
            </param>
          </params>
          <reporter-output>
          </reporter-output>
        </test-method> <!-- runScenario -->
        <test-method is-config="true" signature="tearDownClass()[pri:0, instance:com.dsalgoportal.testrunner.TestNGTestRunner@fa4c865]" started-at="2023-09-18T22:12:40 CDT" name="tearDownClass" finished-at="2023-09-18T22:12:40 CDT" duration-ms="230" status="PASS">
          <reporter-output>
          </reporter-output>
        </test-method> <!-- tearDownClass -->
      </class> <!-- com.dsalgoportal.testrunner.TestNGTestRunner -->
    </test> <!-- Default test -->
  </suite> <!-- Default suite -->
</testng-results>
