<?xml version="1.0" encoding="UTF-8"?>
<testng-results ignored="0" total="177" passed="169" failed="8" skipped="0">
  <reporter-output>
  </reporter-output>
  <suite started-at="2023-09-14T14:38:57 CDT" name="Default suite" finished-at="2023-09-14T14:42:13 CDT" duration-ms="196264">
    <groups>
      <group name="cucumber">
        <method signature="AbstractTestNGCucumberTests.runScenario(io.cucumber.testng.PickleWrapper,io.cucumber.testng.FeatureWrapper)[pri:0, instance:com.dsalgoportal.testrunner.TestNGTestRunner@fa4c865]" name="runScenario" class="io.cucumber.testng.AbstractTestNGCucumberTests"/>
      </group> <!-- cucumber -->
    </groups>
    <test started-at="2023-09-14T14:38:57 CDT" name="Default test" finished-at="2023-09-14T14:42:13 CDT" duration-ms="196264">
      <class name="com.dsalgoportal.testrunner.TestNGTestRunner">
        <test-method is-config="true" signature="setUpClass(org.testng.ITestContext)[pri:0, instance:com.dsalgoportal.testrunner.TestNGTestRunner@fa4c865]" started-at="2023-09-14T14:38:57 CDT" name="setUpClass" finished-at="2023-09-14T14:39:02 CDT" duration-ms="5102" status="PASS">
          <params>
            <param index="0">
              <value>
                <![CDATA[org.testng.TestRunner@1a60b0c4]]>
              </value>
            </param>
          </params>
          <reporter-output>
          </reporter-output>
        </test-method> <!-- setUpClass -->
        <test-method signature="runScenario(io.cucumber.testng.PickleWrapper,io.cucumber.testng.FeatureWrapper)[pri:0, instance:com.dsalgoportal.testrunner.TestNGTestRunner@fa4c865]" started-at="2023-09-14T14:39:02 CDT" name="runScenario" description="Runs Cucumber Scenarios" data-provider="scenarios" finished-at="2023-09-14T14:39:10 CDT" duration-ms="7761" status="PASS">
          <params>
            <param index="0">
              <value>
                <![CDATA["Get started with DsAlgoProject"]]>
              </value>
            </param>
            <param index="1">
              <value>
                <![CDATA["Get started with DsAlgoProject"]]>
              </value>
            </param>
          </params>
          <reporter-output>
          </reporter-output>
        </test-method> <!-- runScenario -->
        <test-method signature="runScenario(io.cucumber.testng.PickleWrapper,io.cucumber.testng.FeatureWrapper)[pri:0, instance:com.dsalgoportal.testrunner.TestNGTestRunner@fa4c865]" started-at="2023-09-14T14:39:10 CDT" name="runScenario" description="Runs Cucumber Scenarios" data-provider="scenarios" finished-at="2023-09-14T14:39:10 CDT" duration-ms="749" status="PASS">
          <params>
            <param index="0">
              <value>
                <![CDATA["Click Register"]]>
              </value>
            </param>
            <param index="1">
              <value>
                <![CDATA["Home"]]>
              </value>
            </param>
          </params>
          <reporter-output>
          </reporter-output>
        </test-method> <!-- runScenario -->
        <test-method signature="runScenario(io.cucumber.testng.PickleWrapper,io.cucumber.testng.FeatureWrapper)[pri:0, instance:com.dsalgoportal.testrunner.TestNGTestRunner@fa4c865]" started-at="2023-09-14T14:39:10 CDT" name="runScenario" description="Runs Cucumber Scenarios" data-provider="scenarios" finished-at="2023-09-14T14:39:12 CDT" duration-ms="1265" status="PASS">
          <params>
            <param index="0">
              <value>
                <![CDATA["Click Sign In"]]>
              </value>
            </param>
            <param index="1">
              <value>
                <![CDATA["Home"]]>
              </value>
            </param>
          </params>
          <reporter-output>
          </reporter-output>
        </test-method> <!-- runScenario -->
        <test-method signature="runScenario(io.cucumber.testng.PickleWrapper,io.cucumber.testng.FeatureWrapper)[pri:0, instance:com.dsalgoportal.testrunner.TestNGTestRunner@fa4c865]" started-at="2023-09-14T14:39:12 CDT" name="runScenario" description="Runs Cucumber Scenarios" data-provider="scenarios" finished-at="2023-09-14T14:39:13 CDT" duration-ms="1086" status="PASS">
          <params>
            <param index="0">
              <value>
                <![CDATA["Click on DataStructure DropDown without login"]]>
              </value>
            </param>
            <param index="1">
              <value>
                <![CDATA["Home"]]>
              </value>
            </param>
          </params>
          <reporter-output>
          </reporter-output>
        </test-method> <!-- runScenario -->
        <test-method signature="runScenario(io.cucumber.testng.PickleWrapper,io.cucumber.testng.FeatureWrapper)[pri:0, instance:com.dsalgoportal.testrunner.TestNGTestRunner@fa4c865]" started-at="2023-09-14T14:39:13 CDT" name="runScenario" description="Runs Cucumber Scenarios" data-provider="scenarios" finished-at="2023-09-14T14:39:14 CDT" duration-ms="880" status="PASS">
          <params>
            <param index="0">
              <value>
                <![CDATA["Click on DataStructure DropDown without login"]]>
              </value>
            </param>
            <param index="1">
              <value>
                <![CDATA["Home"]]>
              </value>
            </param>
          </params>
          <reporter-output>
          </reporter-output>
        </test-method> <!-- runScenario -->
        <test-method signature="runScenario(io.cucumber.testng.PickleWrapper,io.cucumber.testng.FeatureWrapper)[pri:0, instance:com.dsalgoportal.testrunner.TestNGTestRunner@fa4c865]" started-at="2023-09-14T14:39:14 CDT" name="runScenario" description="Runs Cucumber Scenarios" data-provider="scenarios" finished-at="2023-09-14T14:39:14 CDT" duration-ms="812" status="PASS">
          <params>
            <param index="0">
              <value>
                <![CDATA["Click on DataStructure DropDown without login"]]>
              </value>
            </param>
            <param index="1">
              <value>
                <![CDATA["Home"]]>
              </value>
            </param>
          </params>
          <reporter-output>
          </reporter-output>
        </test-method> <!-- runScenario -->
        <test-method signature="runScenario(io.cucumber.testng.PickleWrapper,io.cucumber.testng.FeatureWrapper)[pri:0, instance:com.dsalgoportal.testrunner.TestNGTestRunner@fa4c865]" started-at="2023-09-14T14:39:14 CDT" name="runScenario" description="Runs Cucumber Scenarios" data-provider="scenarios" finished-at="2023-09-14T14:39:15 CDT" duration-ms="756" status="PASS">
          <params>
            <param index="0">
              <value>
                <![CDATA["Click on DataStructure DropDown without login"]]>
              </value>
            </param>
            <param index="1">
              <value>
                <![CDATA["Home"]]>
              </value>
            </param>
          </params>
          <reporter-output>
          </reporter-output>
        </test-method> <!-- runScenario -->
        <test-method signature="runScenario(io.cucumber.testng.PickleWrapper,io.cucumber.testng.FeatureWrapper)[pri:0, instance:com.dsalgoportal.testrunner.TestNGTestRunner@fa4c865]" started-at="2023-09-14T14:39:15 CDT" name="runScenario" description="Runs Cucumber Scenarios" data-provider="scenarios" finished-at="2023-09-14T14:39:16 CDT" duration-ms="788" status="PASS">
          <params>
            <param index="0">
              <value>
                <![CDATA["Click on DataStructure DropDown without login"]]>
              </value>
            </param>
            <param index="1">
              <value>
                <![CDATA["Home"]]>
              </value>
            </param>
          </params>
          <reporter-output>
          </reporter-output>
        </test-method> <!-- runScenario -->
        <test-method signature="runScenario(io.cucumber.testng.PickleWrapper,io.cucumber.testng.FeatureWrapper)[pri:0, instance:com.dsalgoportal.testrunner.TestNGTestRunner@fa4c865]" started-at="2023-09-14T14:39:16 CDT" name="runScenario" description="Runs Cucumber Scenarios" data-provider="scenarios" finished-at="2023-09-14T14:39:17 CDT" duration-ms="730" status="PASS">
          <params>
            <param index="0">
              <value>
                <![CDATA["Click on DataStructure DropDown without login"]]>
              </value>
            </param>
            <param index="1">
              <value>
                <![CDATA["Home"]]>
              </value>
            </param>
          </params>
          <reporter-output>
          </reporter-output>
        </test-method> <!-- runScenario -->
        <test-method signature="runScenario(io.cucumber.testng.PickleWrapper,io.cucumber.testng.FeatureWrapper)[pri:0, instance:com.dsalgoportal.testrunner.TestNGTestRunner@fa4c865]" started-at="2023-09-14T14:39:17 CDT" name="runScenario" description="Runs Cucumber Scenarios" data-provider="scenarios" finished-at="2023-09-14T14:39:17 CDT" duration-ms="697" status="PASS">
          <params>
            <param index="0">
              <value>
                <![CDATA["Click on Get Started of Each DataStructure Section without login"]]>
              </value>
            </param>
            <param index="1">
              <value>
                <![CDATA["Home"]]>
              </value>
            </param>
          </params>
          <reporter-output>
          </reporter-output>
        </test-method> <!-- runScenario -->
        <test-method signature="runScenario(io.cucumber.testng.PickleWrapper,io.cucumber.testng.FeatureWrapper)[pri:0, instance:com.dsalgoportal.testrunner.TestNGTestRunner@fa4c865]" started-at="2023-09-14T14:39:17 CDT" name="runScenario" description="Runs Cucumber Scenarios" data-provider="scenarios" finished-at="2023-09-14T14:39:18 CDT" duration-ms="634" status="PASS">
          <params>
            <param index="0">
              <value>
                <![CDATA["Click on Get Started of Each DataStructure Section without login"]]>
              </value>
            </param>
            <param index="1">
              <value>
                <![CDATA["Home"]]>
              </value>
            </param>
          </params>
          <reporter-output>
          </reporter-output>
        </test-method> <!-- runScenario -->
        <test-method signature="runScenario(io.cucumber.testng.PickleWrapper,io.cucumber.testng.FeatureWrapper)[pri:0, instance:com.dsalgoportal.testrunner.TestNGTestRunner@fa4c865]" started-at="2023-09-14T14:39:18 CDT" name="runScenario" description="Runs Cucumber Scenarios" data-provider="scenarios" finished-at="2023-09-14T14:39:19 CDT" duration-ms="641" status="PASS">
          <params>
            <param index="0">
              <value>
                <![CDATA["Click on Get Started of Each DataStructure Section without login"]]>
              </value>
            </param>
            <param index="1">
              <value>
                <![CDATA["Home"]]>
              </value>
            </param>
          </params>
          <reporter-output>
          </reporter-output>
        </test-method> <!-- runScenario -->
        <test-method signature="runScenario(io.cucumber.testng.PickleWrapper,io.cucumber.testng.FeatureWrapper)[pri:0, instance:com.dsalgoportal.testrunner.TestNGTestRunner@fa4c865]" started-at="2023-09-14T14:39:19 CDT" name="runScenario" description="Runs Cucumber Scenarios" data-provider="scenarios" finished-at="2023-09-14T14:39:19 CDT" duration-ms="701" status="PASS">
          <params>
            <param index="0">
              <value>
                <![CDATA["Click on Get Started of Each DataStructure Section without login"]]>
              </value>
            </param>
            <param index="1">
              <value>
                <![CDATA["Home"]]>
              </value>
            </param>
          </params>
          <reporter-output>
          </reporter-output>
        </test-method> <!-- runScenario -->
        <test-method signature="runScenario(io.cucumber.testng.PickleWrapper,io.cucumber.testng.FeatureWrapper)[pri:0, instance:com.dsalgoportal.testrunner.TestNGTestRunner@fa4c865]" started-at="2023-09-14T14:39:19 CDT" name="runScenario" description="Runs Cucumber Scenarios" data-provider="scenarios" finished-at="2023-09-14T14:39:20 CDT" duration-ms="593" status="PASS">
          <params>
            <param index="0">
              <value>
                <![CDATA["Click on Get Started of Each DataStructure Section without login"]]>
              </value>
            </param>
            <param index="1">
              <value>
                <![CDATA["Home"]]>
              </value>
            </param>
          </params>
          <reporter-output>
          </reporter-output>
        </test-method> <!-- runScenario -->
        <test-method signature="runScenario(io.cucumber.testng.PickleWrapper,io.cucumber.testng.FeatureWrapper)[pri:0, instance:com.dsalgoportal.testrunner.TestNGTestRunner@fa4c865]" started-at="2023-09-14T14:39:20 CDT" name="runScenario" description="Runs Cucumber Scenarios" data-provider="scenarios" finished-at="2023-09-14T14:39:21 CDT" duration-ms="627" status="PASS">
          <params>
            <param index="0">
              <value>
                <![CDATA["Click on Get Started of Each DataStructure Section without login"]]>
              </value>
            </param>
            <param index="1">
              <value>
                <![CDATA["Home"]]>
              </value>
            </param>
          </params>
          <reporter-output>
          </reporter-output>
        </test-method> <!-- runScenario -->
        <test-method signature="runScenario(io.cucumber.testng.PickleWrapper,io.cucumber.testng.FeatureWrapper)[pri:0, instance:com.dsalgoportal.testrunner.TestNGTestRunner@fa4c865]" started-at="2023-09-14T14:39:21 CDT" name="runScenario" description="Runs Cucumber Scenarios" data-provider="scenarios" finished-at="2023-09-14T14:39:21 CDT" duration-ms="573" status="PASS">
          <params>
            <param index="0">
              <value>
                <![CDATA["Click on Get Started of Each DataStructure Section without login"]]>
              </value>
            </param>
            <param index="1">
              <value>
                <![CDATA["Home"]]>
              </value>
            </param>
          </params>
          <reporter-output>
          </reporter-output>
        </test-method> <!-- runScenario -->
        <test-method signature="runScenario(io.cucumber.testng.PickleWrapper,io.cucumber.testng.FeatureWrapper)[pri:0, instance:com.dsalgoportal.testrunner.TestNGTestRunner@fa4c865]" started-at="2023-09-14T14:39:21 CDT" name="runScenario" description="Runs Cucumber Scenarios" data-provider="scenarios" finished-at="2023-09-14T14:39:22 CDT" duration-ms="802" status="PASS">
          <params>
            <param index="0">
              <value>
                <![CDATA["Check for empty field use case"]]>
              </value>
            </param>
            <param index="1">
              <value>
                <![CDATA["Register"]]>
              </value>
            </param>
          </params>
          <reporter-output>
          </reporter-output>
        </test-method> <!-- runScenario -->
        <test-method signature="runScenario(io.cucumber.testng.PickleWrapper,io.cucumber.testng.FeatureWrapper)[pri:0, instance:com.dsalgoportal.testrunner.TestNGTestRunner@fa4c865]" started-at="2023-09-14T14:39:22 CDT" name="runScenario" description="Runs Cucumber Scenarios" data-provider="scenarios" finished-at="2023-09-14T14:39:23 CDT" duration-ms="864" status="PASS">
          <params>
            <param index="0">
              <value>
                <![CDATA["Check for empty field use case"]]>
              </value>
            </param>
            <param index="1">
              <value>
                <![CDATA["Register"]]>
              </value>
            </param>
          </params>
          <reporter-output>
          </reporter-output>
        </test-method> <!-- runScenario -->
        <test-method signature="runScenario(io.cucumber.testng.PickleWrapper,io.cucumber.testng.FeatureWrapper)[pri:0, instance:com.dsalgoportal.testrunner.TestNGTestRunner@fa4c865]" started-at="2023-09-14T14:39:23 CDT" name="runScenario" description="Runs Cucumber Scenarios" data-provider="scenarios" finished-at="2023-09-14T14:39:24 CDT" duration-ms="858" status="PASS">
          <params>
            <param index="0">
              <value>
                <![CDATA["Check for empty field use case"]]>
              </value>
            </param>
            <param index="1">
              <value>
                <![CDATA["Register"]]>
              </value>
            </param>
          </params>
          <reporter-output>
          </reporter-output>
        </test-method> <!-- runScenario -->
        <test-method signature="runScenario(io.cucumber.testng.PickleWrapper,io.cucumber.testng.FeatureWrapper)[pri:0, instance:com.dsalgoportal.testrunner.TestNGTestRunner@fa4c865]" started-at="2023-09-14T14:39:24 CDT" name="runScenario" description="Runs Cucumber Scenarios" data-provider="scenarios" finished-at="2023-09-14T14:39:25 CDT" duration-ms="938" status="PASS">
          <params>
            <param index="0">
              <value>
                <![CDATA["Check for empty field use case"]]>
              </value>
            </param>
            <param index="1">
              <value>
                <![CDATA["Register"]]>
              </value>
            </param>
          </params>
          <reporter-output>
          </reporter-output>
        </test-method> <!-- runScenario -->
        <test-method signature="runScenario(io.cucumber.testng.PickleWrapper,io.cucumber.testng.FeatureWrapper)[pri:0, instance:com.dsalgoportal.testrunner.TestNGTestRunner@fa4c865]" started-at="2023-09-14T14:39:25 CDT" name="runScenario" description="Runs Cucumber Scenarios" data-provider="scenarios" finished-at="2023-09-14T14:39:26 CDT" duration-ms="1032" status="PASS">
          <params>
            <param index="0">
              <value>
                <![CDATA["Check for Password mismatch"]]>
              </value>
            </param>
            <param index="1">
              <value>
                <![CDATA["Register"]]>
              </value>
            </param>
          </params>
          <reporter-output>
          </reporter-output>
        </test-method> <!-- runScenario -->
        <test-method signature="runScenario(io.cucumber.testng.PickleWrapper,io.cucumber.testng.FeatureWrapper)[pri:0, instance:com.dsalgoportal.testrunner.TestNGTestRunner@fa4c865]" started-at="2023-09-14T14:39:26 CDT" name="runScenario" description="Runs Cucumber Scenarios" data-provider="scenarios" finished-at="2023-09-14T14:39:27 CDT" duration-ms="922" status="PASS">
          <params>
            <param index="0">
              <value>
                <![CDATA["Check for Password with only numbers"]]>
              </value>
            </param>
            <param index="1">
              <value>
                <![CDATA["Register"]]>
              </value>
            </param>
          </params>
          <reporter-output>
          </reporter-output>
        </test-method> <!-- runScenario -->
        <test-method signature="runScenario(io.cucumber.testng.PickleWrapper,io.cucumber.testng.FeatureWrapper)[pri:0, instance:com.dsalgoportal.testrunner.TestNGTestRunner@fa4c865]" started-at="2023-09-14T14:39:27 CDT" name="runScenario" description="Runs Cucumber Scenarios" data-provider="scenarios" finished-at="2023-09-14T14:39:28 CDT" duration-ms="963" status="PASS">
          <params>
            <param index="0">
              <value>
                <![CDATA["Check for Password similar to username"]]>
              </value>
            </param>
            <param index="1">
              <value>
                <![CDATA["Register"]]>
              </value>
            </param>
          </params>
          <reporter-output>
          </reporter-output>
        </test-method> <!-- runScenario -->
        <test-method signature="runScenario(io.cucumber.testng.PickleWrapper,io.cucumber.testng.FeatureWrapper)[pri:0, instance:com.dsalgoportal.testrunner.TestNGTestRunner@fa4c865]" started-at="2023-09-14T14:39:28 CDT" name="runScenario" description="Runs Cucumber Scenarios" data-provider="scenarios" finished-at="2023-09-14T14:39:28 CDT" duration-ms="923" status="PASS">
          <params>
            <param index="0">
              <value>
                <![CDATA["Check for error message for commonly used password"]]>
              </value>
            </param>
            <param index="1">
              <value>
                <![CDATA["Register"]]>
              </value>
            </param>
          </params>
          <reporter-output>
          </reporter-output>
        </test-method> <!-- runScenario -->
        <test-method signature="runScenario(io.cucumber.testng.PickleWrapper,io.cucumber.testng.FeatureWrapper)[pri:0, instance:com.dsalgoportal.testrunner.TestNGTestRunner@fa4c865]" started-at="2023-09-14T14:39:28 CDT" name="runScenario" description="Runs Cucumber Scenarios" data-provider="scenarios" finished-at="2023-09-14T14:39:29 CDT" duration-ms="942" status="PASS">
          <params>
            <param index="0">
              <value>
                <![CDATA["Check for error message for password with characters less than 8"]]>
              </value>
            </param>
            <param index="1">
              <value>
                <![CDATA["Register"]]>
              </value>
            </param>
          </params>
          <reporter-output>
          </reporter-output>
        </test-method> <!-- runScenario -->
        <test-method signature="runScenario(io.cucumber.testng.PickleWrapper,io.cucumber.testng.FeatureWrapper)[pri:0, instance:com.dsalgoportal.testrunner.TestNGTestRunner@fa4c865]" started-at="2023-09-14T14:39:29 CDT" name="runScenario" description="Runs Cucumber Scenarios" data-provider="scenarios" finished-at="2023-09-14T14:39:30 CDT" duration-ms="728" status="PASS">
          <params>
            <param index="0">
              <value>
                <![CDATA["The user is able to signin with registered credential"]]>
              </value>
            </param>
            <param index="1">
              <value>
                <![CDATA["SignIn feature"]]>
              </value>
            </param>
          </params>
          <reporter-output>
          </reporter-output>
        </test-method> <!-- runScenario -->
        <test-method signature="runScenario(io.cucumber.testng.PickleWrapper,io.cucumber.testng.FeatureWrapper)[pri:0, instance:com.dsalgoportal.testrunner.TestNGTestRunner@fa4c865]" started-at="2023-09-14T14:39:30 CDT" name="runScenario" description="Runs Cucumber Scenarios" data-provider="scenarios" finished-at="2023-09-14T14:39:31 CDT" duration-ms="576" status="PASS">
          <params>
            <param index="0">
              <value>
                <![CDATA["Verifying Register link"]]>
              </value>
            </param>
            <param index="1">
              <value>
                <![CDATA["SignIn feature"]]>
              </value>
            </param>
          </params>
          <reporter-output>
          </reporter-output>
        </test-method> <!-- runScenario -->
        <test-method signature="runScenario(io.cucumber.testng.PickleWrapper,io.cucumber.testng.FeatureWrapper)[pri:0, instance:com.dsalgoportal.testrunner.TestNGTestRunner@fa4c865]" started-at="2023-09-14T14:39:31 CDT" name="runScenario" description="Runs Cucumber Scenarios" data-provider="scenarios" finished-at="2023-09-14T14:39:31 CDT" duration-ms="772" status="PASS">
          <params>
            <param index="0">
              <value>
                <![CDATA["User on login page and login with invalid inputs"]]>
              </value>
            </param>
            <param index="1">
              <value>
                <![CDATA["SignIn feature"]]>
              </value>
            </param>
          </params>
          <reporter-output>
          </reporter-output>
        </test-method> <!-- runScenario -->
        <test-method signature="runScenario(io.cucumber.testng.PickleWrapper,io.cucumber.testng.FeatureWrapper)[pri:0, instance:com.dsalgoportal.testrunner.TestNGTestRunner@fa4c865]" started-at="2023-09-14T14:39:31 CDT" name="runScenario" description="Runs Cucumber Scenarios" data-provider="scenarios" finished-at="2023-09-14T14:39:33 CDT" duration-ms="1621" status="PASS">
          <params>
            <param index="0">
              <value>
                <![CDATA["User invalid and valid inputs from Excel on login page and login with"]]>
              </value>
            </param>
            <param index="1">
              <value>
                <![CDATA["SignIn feature"]]>
              </value>
            </param>
          </params>
          <reporter-output>
          </reporter-output>
        </test-method> <!-- runScenario -->
        <test-method signature="runScenario(io.cucumber.testng.PickleWrapper,io.cucumber.testng.FeatureWrapper)[pri:0, instance:com.dsalgoportal.testrunner.TestNGTestRunner@fa4c865]" started-at="2023-09-14T14:39:33 CDT" name="runScenario" description="Runs Cucumber Scenarios" data-provider="scenarios" finished-at="2023-09-14T14:39:34 CDT" duration-ms="990" status="PASS">
          <params>
            <param index="0">
              <value>
                <![CDATA["User invalid and valid inputs from Excel on login page and login with"]]>
              </value>
            </param>
            <param index="1">
              <value>
                <![CDATA["SignIn feature"]]>
              </value>
            </param>
          </params>
          <reporter-output>
          </reporter-output>
        </test-method> <!-- runScenario -->
        <test-method signature="runScenario(io.cucumber.testng.PickleWrapper,io.cucumber.testng.FeatureWrapper)[pri:0, instance:com.dsalgoportal.testrunner.TestNGTestRunner@fa4c865]" started-at="2023-09-14T14:39:34 CDT" name="runScenario" description="Runs Cucumber Scenarios" data-provider="scenarios" finished-at="2023-09-14T14:39:35 CDT" duration-ms="904" status="PASS">
          <params>
            <param index="0">
              <value>
                <![CDATA["User invalid and valid inputs from Excel on login page and login with"]]>
              </value>
            </param>
            <param index="1">
              <value>
                <![CDATA["SignIn feature"]]>
              </value>
            </param>
          </params>
          <reporter-output>
          </reporter-output>
        </test-method> <!-- runScenario -->
        <test-method signature="runScenario(io.cucumber.testng.PickleWrapper,io.cucumber.testng.FeatureWrapper)[pri:0, instance:com.dsalgoportal.testrunner.TestNGTestRunner@fa4c865]" started-at="2023-09-14T14:39:35 CDT" name="runScenario" description="Runs Cucumber Scenarios" data-provider="scenarios" finished-at="2023-09-14T14:39:36 CDT" duration-ms="1165" status="PASS">
          <params>
            <param index="0">
              <value>
                <![CDATA["Verifying signout link"]]>
              </value>
            </param>
            <param index="1">
              <value>
                <![CDATA["SignIn feature"]]>
              </value>
            </param>
          </params>
          <reporter-output>
          </reporter-output>
        </test-method> <!-- runScenario -->
        <test-method signature="runScenario(io.cucumber.testng.PickleWrapper,io.cucumber.testng.FeatureWrapper)[pri:0, instance:com.dsalgoportal.testrunner.TestNGTestRunner@fa4c865]" started-at="2023-09-14T14:39:36 CDT" name="runScenario" description="Runs Cucumber Scenarios" data-provider="scenarios" finished-at="2023-09-14T14:39:37 CDT" duration-ms="786" status="PASS">
          <params>
            <param index="0">
              <value>
                <![CDATA["User Logs into the DSAlgo Portal"]]>
              </value>
            </param>
            <param index="1">
              <value>
                <![CDATA["Arrays"]]>
              </value>
            </param>
          </params>
          <reporter-output>
          </reporter-output>
        </test-method> <!-- runScenario -->
        <test-method signature="runScenario(io.cucumber.testng.PickleWrapper,io.cucumber.testng.FeatureWrapper)[pri:0, instance:com.dsalgoportal.testrunner.TestNGTestRunner@fa4c865]" started-at="2023-09-14T14:39:37 CDT" name="runScenario" description="Runs Cucumber Scenarios" data-provider="scenarios" finished-at="2023-09-14T14:39:37 CDT" duration-ms="499" status="PASS">
          <params>
            <param index="0">
              <value>
                <![CDATA["User is on the Array page"]]>
              </value>
            </param>
            <param index="1">
              <value>
                <![CDATA["Arrays"]]>
              </value>
            </param>
          </params>
          <reporter-output>
          </reporter-output>
        </test-method> <!-- runScenario -->
        <test-method signature="runScenario(io.cucumber.testng.PickleWrapper,io.cucumber.testng.FeatureWrapper)[pri:0, instance:com.dsalgoportal.testrunner.TestNGTestRunner@fa4c865]" started-at="2023-09-14T14:39:37 CDT" name="runScenario" description="Runs Cucumber Scenarios" data-provider="scenarios" finished-at="2023-09-14T14:39:38 CDT" duration-ms="535" status="PASS">
          <params>
            <param index="0">
              <value>
                <![CDATA["User is on the Arrays in Python page."]]>
              </value>
            </param>
            <param index="1">
              <value>
                <![CDATA["Arrays"]]>
              </value>
            </param>
          </params>
          <reporter-output>
          </reporter-output>
        </test-method> <!-- runScenario -->
        <test-method signature="runScenario(io.cucumber.testng.PickleWrapper,io.cucumber.testng.FeatureWrapper)[pri:0, instance:com.dsalgoportal.testrunner.TestNGTestRunner@fa4c865]" started-at="2023-09-14T14:39:38 CDT" name="runScenario" description="Runs Cucumber Scenarios" data-provider="scenarios" finished-at="2023-09-14T14:39:40 CDT" duration-ms="1585" status="PASS">
          <params>
            <param index="0">
              <value>
                <![CDATA["User is on the tryeditor page of Arrays in python."]]>
              </value>
            </param>
            <param index="1">
              <value>
                <![CDATA["Arrays"]]>
              </value>
            </param>
          </params>
          <reporter-output>
          </reporter-output>
        </test-method> <!-- runScenario -->
        <test-method signature="runScenario(io.cucumber.testng.PickleWrapper,io.cucumber.testng.FeatureWrapper)[pri:0, instance:com.dsalgoportal.testrunner.TestNGTestRunner@fa4c865]" started-at="2023-09-14T14:39:40 CDT" name="runScenario" description="Runs Cucumber Scenarios" data-provider="scenarios" finished-at="2023-09-14T14:39:40 CDT" duration-ms="659" status="PASS">
          <params>
            <param index="0">
              <value>
                <![CDATA["The user runs a valid python code in tryeditor."]]>
              </value>
            </param>
            <param index="1">
              <value>
                <![CDATA["Arrays"]]>
              </value>
            </param>
          </params>
          <reporter-output>
          </reporter-output>
        </test-method> <!-- runScenario -->
        <test-method signature="runScenario(io.cucumber.testng.PickleWrapper,io.cucumber.testng.FeatureWrapper)[pri:0, instance:com.dsalgoportal.testrunner.TestNGTestRunner@fa4c865]" started-at="2023-09-14T14:39:40 CDT" name="runScenario" description="Runs Cucumber Scenarios" data-provider="scenarios" finished-at="2023-09-14T14:39:41 CDT" duration-ms="975" status="PASS">
          <params>
            <param index="0">
              <value>
                <![CDATA["The user runs a invalid code in Editor"]]>
              </value>
            </param>
            <param index="1">
              <value>
                <![CDATA["Arrays"]]>
              </value>
            </param>
          </params>
          <reporter-output>
          </reporter-output>
        </test-method> <!-- runScenario -->
        <test-method signature="runScenario(io.cucumber.testng.PickleWrapper,io.cucumber.testng.FeatureWrapper)[pri:0, instance:com.dsalgoportal.testrunner.TestNGTestRunner@fa4c865]" started-at="2023-09-14T14:39:41 CDT" name="runScenario" description="Runs Cucumber Scenarios" data-provider="scenarios" finished-at="2023-09-14T14:39:42 CDT" duration-ms="432" status="PASS">
          <params>
            <param index="0">
              <value>
                <![CDATA["The user needs to navigate to Array Using List page"]]>
              </value>
            </param>
            <param index="1">
              <value>
                <![CDATA["Arrays"]]>
              </value>
            </param>
          </params>
          <reporter-output>
          </reporter-output>
        </test-method> <!-- runScenario -->
        <test-method signature="runScenario(io.cucumber.testng.PickleWrapper,io.cucumber.testng.FeatureWrapper)[pri:0, instance:com.dsalgoportal.testrunner.TestNGTestRunner@fa4c865]" started-at="2023-09-14T14:39:42 CDT" name="runScenario" description="Runs Cucumber Scenarios" data-provider="scenarios" finished-at="2023-09-14T14:39:42 CDT" duration-ms="371" status="PASS">
          <params>
            <param index="0">
              <value>
                <![CDATA["The user is able to redirect to try Editor for Arrays Using List page"]]>
              </value>
            </param>
            <param index="1">
              <value>
                <![CDATA["Arrays"]]>
              </value>
            </param>
          </params>
          <reporter-output>
          </reporter-output>
        </test-method> <!-- runScenario -->
        <test-method signature="runScenario(io.cucumber.testng.PickleWrapper,io.cucumber.testng.FeatureWrapper)[pri:0, instance:com.dsalgoportal.testrunner.TestNGTestRunner@fa4c865]" started-at="2023-09-14T14:39:42 CDT" name="runScenario" description="Runs Cucumber Scenarios" data-provider="scenarios" finished-at="2023-09-14T14:39:43 CDT" duration-ms="560" status="PASS">
          <params>
            <param index="0">
              <value>
                <![CDATA["The user runs a valid python code in tryeditor."]]>
              </value>
            </param>
            <param index="1">
              <value>
                <![CDATA["Arrays"]]>
              </value>
            </param>
          </params>
          <reporter-output>
          </reporter-output>
        </test-method> <!-- runScenario -->
        <test-method signature="runScenario(io.cucumber.testng.PickleWrapper,io.cucumber.testng.FeatureWrapper)[pri:0, instance:com.dsalgoportal.testrunner.TestNGTestRunner@fa4c865]" started-at="2023-09-14T14:39:43 CDT" name="runScenario" description="Runs Cucumber Scenarios" data-provider="scenarios" finished-at="2023-09-14T14:39:43 CDT" duration-ms="837" status="PASS">
          <params>
            <param index="0">
              <value>
                <![CDATA["The user runs a invalid code in Editor"]]>
              </value>
            </param>
            <param index="1">
              <value>
                <![CDATA["Arrays"]]>
              </value>
            </param>
          </params>
          <reporter-output>
          </reporter-output>
        </test-method> <!-- runScenario -->
        <test-method signature="runScenario(io.cucumber.testng.PickleWrapper,io.cucumber.testng.FeatureWrapper)[pri:0, instance:com.dsalgoportal.testrunner.TestNGTestRunner@fa4c865]" started-at="2023-09-14T14:39:43 CDT" name="runScenario" description="Runs Cucumber Scenarios" data-provider="scenarios" finished-at="2023-09-14T14:39:44 CDT" duration-ms="356" status="PASS">
          <params>
            <param index="0">
              <value>
                <![CDATA["The user needs to navigate to Basic Operations in List page"]]>
              </value>
            </param>
            <param index="1">
              <value>
                <![CDATA["Arrays"]]>
              </value>
            </param>
          </params>
          <reporter-output>
          </reporter-output>
        </test-method> <!-- runScenario -->
        <test-method signature="runScenario(io.cucumber.testng.PickleWrapper,io.cucumber.testng.FeatureWrapper)[pri:0, instance:com.dsalgoportal.testrunner.TestNGTestRunner@fa4c865]" started-at="2023-09-14T14:39:44 CDT" name="runScenario" description="Runs Cucumber Scenarios" data-provider="scenarios" finished-at="2023-09-14T14:39:44 CDT" duration-ms="365" status="PASS">
          <params>
            <param index="0">
              <value>
                <![CDATA["The user is able to redirect to try Editor for Basic Operations in List page"]]>
              </value>
            </param>
            <param index="1">
              <value>
                <![CDATA["Arrays"]]>
              </value>
            </param>
          </params>
          <reporter-output>
          </reporter-output>
        </test-method> <!-- runScenario -->
        <test-method signature="runScenario(io.cucumber.testng.PickleWrapper,io.cucumber.testng.FeatureWrapper)[pri:0, instance:com.dsalgoportal.testrunner.TestNGTestRunner@fa4c865]" started-at="2023-09-14T14:39:44 CDT" name="runScenario" description="Runs Cucumber Scenarios" data-provider="scenarios" finished-at="2023-09-14T14:39:45 CDT" duration-ms="543" status="PASS">
          <params>
            <param index="0">
              <value>
                <![CDATA["The user runs a valid python code in tryeditor."]]>
              </value>
            </param>
            <param index="1">
              <value>
                <![CDATA["Arrays"]]>
              </value>
            </param>
          </params>
          <reporter-output>
          </reporter-output>
        </test-method> <!-- runScenario -->
        <test-method signature="runScenario(io.cucumber.testng.PickleWrapper,io.cucumber.testng.FeatureWrapper)[pri:0, instance:com.dsalgoportal.testrunner.TestNGTestRunner@fa4c865]" started-at="2023-09-14T14:39:45 CDT" name="runScenario" description="Runs Cucumber Scenarios" data-provider="scenarios" finished-at="2023-09-14T14:39:46 CDT" duration-ms="780" status="PASS">
          <params>
            <param index="0">
              <value>
                <![CDATA["The user runs a invalid code in Editor"]]>
              </value>
            </param>
            <param index="1">
              <value>
                <![CDATA["Arrays"]]>
              </value>
            </param>
          </params>
          <reporter-output>
          </reporter-output>
        </test-method> <!-- runScenario -->
        <test-method signature="runScenario(io.cucumber.testng.PickleWrapper,io.cucumber.testng.FeatureWrapper)[pri:0, instance:com.dsalgoportal.testrunner.TestNGTestRunner@fa4c865]" started-at="2023-09-14T14:39:46 CDT" name="runScenario" description="Runs Cucumber Scenarios" data-provider="scenarios" finished-at="2023-09-14T14:39:46 CDT" duration-ms="340" status="PASS">
          <params>
            <param index="0">
              <value>
                <![CDATA["The user needs to navigate to Applications of Array page"]]>
              </value>
            </param>
            <param index="1">
              <value>
                <![CDATA["Arrays"]]>
              </value>
            </param>
          </params>
          <reporter-output>
          </reporter-output>
        </test-method> <!-- runScenario -->
        <test-method signature="runScenario(io.cucumber.testng.PickleWrapper,io.cucumber.testng.FeatureWrapper)[pri:0, instance:com.dsalgoportal.testrunner.TestNGTestRunner@fa4c865]" started-at="2023-09-14T14:39:46 CDT" name="runScenario" description="Runs Cucumber Scenarios" data-provider="scenarios" finished-at="2023-09-14T14:39:46 CDT" duration-ms="304" status="PASS">
          <params>
            <param index="0">
              <value>
                <![CDATA["The user is able to redirect to try Editor for Applications of Array page"]]>
              </value>
            </param>
            <param index="1">
              <value>
                <![CDATA["Arrays"]]>
              </value>
            </param>
          </params>
          <reporter-output>
          </reporter-output>
        </test-method> <!-- runScenario -->
        <test-method signature="runScenario(io.cucumber.testng.PickleWrapper,io.cucumber.testng.FeatureWrapper)[pri:0, instance:com.dsalgoportal.testrunner.TestNGTestRunner@fa4c865]" started-at="2023-09-14T14:39:46 CDT" name="runScenario" description="Runs Cucumber Scenarios" data-provider="scenarios" finished-at="2023-09-14T14:39:47 CDT" duration-ms="506" status="PASS">
          <params>
            <param index="0">
              <value>
                <![CDATA["The user runs a valid python code in tryeditor."]]>
              </value>
            </param>
            <param index="1">
              <value>
                <![CDATA["Arrays"]]>
              </value>
            </param>
          </params>
          <reporter-output>
          </reporter-output>
        </test-method> <!-- runScenario -->
        <test-method signature="runScenario(io.cucumber.testng.PickleWrapper,io.cucumber.testng.FeatureWrapper)[pri:0, instance:com.dsalgoportal.testrunner.TestNGTestRunner@fa4c865]" started-at="2023-09-14T14:39:47 CDT" name="runScenario" description="Runs Cucumber Scenarios" data-provider="scenarios" finished-at="2023-09-14T14:39:48 CDT" duration-ms="919" status="PASS">
          <params>
            <param index="0">
              <value>
                <![CDATA["The user runs a invalid code in Editor"]]>
              </value>
            </param>
            <param index="1">
              <value>
                <![CDATA["Arrays"]]>
              </value>
            </param>
          </params>
          <reporter-output>
          </reporter-output>
        </test-method> <!-- runScenario -->
        <test-method signature="runScenario(io.cucumber.testng.PickleWrapper,io.cucumber.testng.FeatureWrapper)[pri:0, instance:com.dsalgoportal.testrunner.TestNGTestRunner@fa4c865]" started-at="2023-09-14T14:39:48 CDT" name="runScenario" description="Runs Cucumber Scenarios" data-provider="scenarios" finished-at="2023-09-14T14:39:48 CDT" duration-ms="316" status="PASS">
          <params>
            <param index="0">
              <value>
                <![CDATA["The user needs to navigate to Practice questions"]]>
              </value>
            </param>
            <param index="1">
              <value>
                <![CDATA["Arrays"]]>
              </value>
            </param>
          </params>
          <reporter-output>
          </reporter-output>
        </test-method> <!-- runScenario -->
        <test-method signature="runScenario(io.cucumber.testng.PickleWrapper,io.cucumber.testng.FeatureWrapper)[pri:0, instance:com.dsalgoportal.testrunner.TestNGTestRunner@fa4c865]" started-at="2023-09-14T14:39:48 CDT" name="runScenario" description="Runs Cucumber Scenarios" data-provider="scenarios" finished-at="2023-09-14T14:39:52 CDT" duration-ms="3758" status="PASS">
          <params>
            <param index="0">
              <value>
                <![CDATA["The User is at the Search the Array"]]>
              </value>
            </param>
            <param index="1">
              <value>
                <![CDATA["Arrays"]]>
              </value>
            </param>
          </params>
          <reporter-output>
          </reporter-output>
        </test-method> <!-- runScenario -->
        <test-method signature="runScenario(io.cucumber.testng.PickleWrapper,io.cucumber.testng.FeatureWrapper)[pri:0, instance:com.dsalgoportal.testrunner.TestNGTestRunner@fa4c865]" started-at="2023-09-14T14:39:52 CDT" name="runScenario" description="Runs Cucumber Scenarios" data-provider="scenarios" finished-at="2023-09-14T14:39:52 CDT" duration-ms="556" status="PASS">
          <params>
            <param index="0">
              <value>
                <![CDATA["The user is able to run code in tryEditor for Search the array link"]]>
              </value>
            </param>
            <param index="1">
              <value>
                <![CDATA["Arrays"]]>
              </value>
            </param>
          </params>
          <reporter-output>
          </reporter-output>
        </test-method> <!-- runScenario -->
        <test-method signature="runScenario(io.cucumber.testng.PickleWrapper,io.cucumber.testng.FeatureWrapper)[pri:0, instance:com.dsalgoportal.testrunner.TestNGTestRunner@fa4c865]" started-at="2023-09-14T14:39:52 CDT" name="runScenario" description="Runs Cucumber Scenarios" data-provider="scenarios" finished-at="2023-09-14T14:39:56 CDT" duration-ms="3860" status="PASS">
          <params>
            <param index="0">
              <value>
                <![CDATA["The user is able to submit code in tryEditor for Search the array link"]]>
              </value>
            </param>
            <param index="1">
              <value>
                <![CDATA["Arrays"]]>
              </value>
            </param>
          </params>
          <reporter-output>
          </reporter-output>
        </test-method> <!-- runScenario -->
        <test-method signature="runScenario(io.cucumber.testng.PickleWrapper,io.cucumber.testng.FeatureWrapper)[pri:0, instance:com.dsalgoportal.testrunner.TestNGTestRunner@fa4c865]" started-at="2023-09-14T14:39:56 CDT" name="runScenario" description="Runs Cucumber Scenarios" data-provider="scenarios" finished-at="2023-09-14T14:40:00 CDT" duration-ms="3520" status="PASS">
          <params>
            <param index="0">
              <value>
                <![CDATA["The User is at the Max Consecutive Ones"]]>
              </value>
            </param>
            <param index="1">
              <value>
                <![CDATA["Arrays"]]>
              </value>
            </param>
          </params>
          <reporter-output>
          </reporter-output>
        </test-method> <!-- runScenario -->
        <test-method signature="runScenario(io.cucumber.testng.PickleWrapper,io.cucumber.testng.FeatureWrapper)[pri:0, instance:com.dsalgoportal.testrunner.TestNGTestRunner@fa4c865]" started-at="2023-09-14T14:40:00 CDT" name="runScenario" description="Runs Cucumber Scenarios" data-provider="scenarios" finished-at="2023-09-14T14:40:00 CDT" duration-ms="437" status="FAIL">
          <params>
            <param index="0">
              <value>
                <![CDATA["The user is able to run code in tryEditor for Max Consecutive Ones"]]>
              </value>
            </param>
            <param index="1">
              <value>
                <![CDATA["Arrays"]]>
              </value>
            </param>
          </params>
          <exception class="org.openqa.selenium.UnhandledAlertException">
            <message>
              <![CDATA[unexpected alert open: {Alert text : SyntaxError: bad input on line 1}
  (Session info: chrome=116.0.5845.141): SyntaxError: bad input on line 1
Build info: version: '4.10.0', revision: 'c14d967899'
System info: os.name: 'Windows 10', os.arch: 'amd64', os.version: '10.0', java.version: '20.0.1'
Driver info: org.openqa.selenium.chrome.ChromeDriver
Command: [e34dc73847943b3167c04d2fdf553d50, findElement {using=id, value=output}]
Capabilities {acceptInsecureCerts: false, browserName: chrome, browserVersion: 116.0.5845.141, chrome: {chromedriverVersion: 116.0.5845.96 (1a3918166880..., userDataDir: C:\Users\anish\AppData\Loca...}, fedcm:accounts: true, goog:chromeOptions: {debuggerAddress: localhost:62899}, networkConnectionEnabled: false, pageLoadStrategy: normal, platformName: windows, proxy: Proxy(), se:cdp: ws://localhost:62899/devtoo..., se:cdpVersion: 116.0.5845.141, setWindowRect: true, strictFileInteractability: false, timeouts: {implicit: 0, pageLoad: 300000, script: 30000}, unhandledPromptBehavior: dismiss and notify, webauthn:extension:credBlob: true, webauthn:extension:largeBlob: true, webauthn:extension:minPinLength: true, webauthn:extension:prf: true, webauthn:virtualAuthenticators: true}
Session ID: e34dc73847943b3167c04d2fdf553d50]]>
            </message>
            <full-stacktrace>
              <![CDATA[org.openqa.selenium.UnhandledAlertException: unexpected alert open: {Alert text : SyntaxError: bad input on line 1}
  (Session info: chrome=116.0.5845.141): SyntaxError: bad input on line 1
Build info: version: '4.10.0', revision: 'c14d967899'
System info: os.name: 'Windows 10', os.arch: 'amd64', os.version: '10.0', java.version: '20.0.1'
Driver info: org.openqa.selenium.chrome.ChromeDriver
Command: [e34dc73847943b3167c04d2fdf553d50, findElement {using=id, value=output}]
Capabilities {acceptInsecureCerts: false, browserName: chrome, browserVersion: 116.0.5845.141, chrome: {chromedriverVersion: 116.0.5845.96 (1a3918166880..., userDataDir: C:\Users\anish\AppData\Loca...}, fedcm:accounts: true, goog:chromeOptions: {debuggerAddress: localhost:62899}, networkConnectionEnabled: false, pageLoadStrategy: normal, platformName: windows, proxy: Proxy(), se:cdp: ws://localhost:62899/devtoo..., se:cdpVersion: 116.0.5845.141, setWindowRect: true, strictFileInteractability: false, timeouts: {implicit: 0, pageLoad: 300000, script: 30000}, unhandledPromptBehavior: dismiss and notify, webauthn:extension:credBlob: true, webauthn:extension:largeBlob: true, webauthn:extension:minPinLength: true, webauthn:extension:prf: true, webauthn:virtualAuthenticators: true}
Session ID: e34dc73847943b3167c04d2fdf553d50
at org.openqa.selenium.remote.codec.w3c.W3CHttpResponseCodec.decode(W3CHttpResponseCodec.java:130)
at org.openqa.selenium.remote.codec.w3c.W3CHttpResponseCodec.decode(W3CHttpResponseCodec.java:51)
at org.openqa.selenium.remote.HttpCommandExecutor.execute(HttpCommandExecutor.java:191)
at org.openqa.selenium.remote.service.DriverCommandExecutor.invokeExecute(DriverCommandExecutor.java:196)
at org.openqa.selenium.remote.service.DriverCommandExecutor.execute(DriverCommandExecutor.java:171)
at org.openqa.selenium.remote.RemoteWebDriver.execute(RemoteWebDriver.java:531)
at org.openqa.selenium.remote.ElementLocation$ElementFinder$2.findElement(ElementLocation.java:165)
at org.openqa.selenium.remote.ElementLocation.findElement(ElementLocation.java:59)
at org.openqa.selenium.remote.RemoteWebDriver.findElement(RemoteWebDriver.java:350)
at org.openqa.selenium.remote.RemoteWebDriver.findElement(RemoteWebDriver.java:344)
at com.dsalgoportal.pages.ArrayPage.codeOutput(ArrayPage.java:89)
at com.dsalgoportal.stepdefintion.ArraysStep.the_user_should_be_presented_with_valid_output(ArraysStep.java:115)
at ✽.the user should be presented with valid output.(file:///C:/Users/anish/eclipse-workspace/DsAlgoPortal/src/test/resources/Features/Array.feature:136)
]]>
            </full-stacktrace>
          </exception> <!-- org.openqa.selenium.UnhandledAlertException -->
          <reporter-output>
          </reporter-output>
        </test-method> <!-- runScenario -->
        <test-method signature="runScenario(io.cucumber.testng.PickleWrapper,io.cucumber.testng.FeatureWrapper)[pri:0, instance:com.dsalgoportal.testrunner.TestNGTestRunner@fa4c865]" started-at="2023-09-14T14:40:00 CDT" name="runScenario" description="Runs Cucumber Scenarios" data-provider="scenarios" finished-at="2023-09-14T14:40:15 CDT" duration-ms="15205" status="FAIL">
          <params>
            <param index="0">
              <value>
                <![CDATA["The user is able to submit code in tryEditor for Max Consecutive Ones"]]>
              </value>
            </param>
            <param index="1">
              <value>
                <![CDATA["Arrays"]]>
              </value>
            </param>
          </params>
          <exception class="org.openqa.selenium.NoSuchElementException">
            <message>
              <![CDATA[no such element: Unable to locate element: {"method":"xpath","selector":"//div[@class='list-group'][2]/a"}
  (Session info: chrome=116.0.5845.141)
For documentation on this error, please visit: https://www.selenium.dev/documentation/webdriver/troubleshooting/errors#no-such-element-exception
Build info: version: '4.10.0', revision: 'c14d967899'
System info: os.name: 'Windows 10', os.arch: 'amd64', os.version: '10.0', java.version: '20.0.1'
Driver info: org.openqa.selenium.chrome.ChromeDriver
Command: [e34dc73847943b3167c04d2fdf553d50, findElement {using=xpath, value=//div[@class='list-group'][2]/a}]
Capabilities {acceptInsecureCerts: false, browserName: chrome, browserVersion: 116.0.5845.141, chrome: {chromedriverVersion: 116.0.5845.96 (1a3918166880..., userDataDir: C:\Users\anish\AppData\Loca...}, fedcm:accounts: true, goog:chromeOptions: {debuggerAddress: localhost:62899}, networkConnectionEnabled: false, pageLoadStrategy: normal, platformName: windows, proxy: Proxy(), se:cdp: ws://localhost:62899/devtoo..., se:cdpVersion: 116.0.5845.141, setWindowRect: true, strictFileInteractability: false, timeouts: {implicit: 0, pageLoad: 300000, script: 30000}, unhandledPromptBehavior: dismiss and notify, webauthn:extension:credBlob: true, webauthn:extension:largeBlob: true, webauthn:extension:minPinLength: true, webauthn:extension:prf: true, webauthn:virtualAuthenticators: true}
Session ID: e34dc73847943b3167c04d2fdf553d50]]>
            </message>
            <full-stacktrace>
              <![CDATA[org.openqa.selenium.NoSuchElementException: no such element: Unable to locate element: {"method":"xpath","selector":"//div[@class='list-group'][2]/a"}
  (Session info: chrome=116.0.5845.141)
For documentation on this error, please visit: https://www.selenium.dev/documentation/webdriver/troubleshooting/errors#no-such-element-exception
Build info: version: '4.10.0', revision: 'c14d967899'
System info: os.name: 'Windows 10', os.arch: 'amd64', os.version: '10.0', java.version: '20.0.1'
Driver info: org.openqa.selenium.chrome.ChromeDriver
Command: [e34dc73847943b3167c04d2fdf553d50, findElement {using=xpath, value=//div[@class='list-group'][2]/a}]
Capabilities {acceptInsecureCerts: false, browserName: chrome, browserVersion: 116.0.5845.141, chrome: {chromedriverVersion: 116.0.5845.96 (1a3918166880..., userDataDir: C:\Users\anish\AppData\Loca...}, fedcm:accounts: true, goog:chromeOptions: {debuggerAddress: localhost:62899}, networkConnectionEnabled: false, pageLoadStrategy: normal, platformName: windows, proxy: Proxy(), se:cdp: ws://localhost:62899/devtoo..., se:cdpVersion: 116.0.5845.141, setWindowRect: true, strictFileInteractability: false, timeouts: {implicit: 0, pageLoad: 300000, script: 30000}, unhandledPromptBehavior: dismiss and notify, webauthn:extension:credBlob: true, webauthn:extension:largeBlob: true, webauthn:extension:minPinLength: true, webauthn:extension:prf: true, webauthn:virtualAuthenticators: true}
Session ID: e34dc73847943b3167c04d2fdf553d50
at java.base/jdk.internal.reflect.DirectConstructorHandleAccessor.newInstance(DirectConstructorHandleAccessor.java:67)
at java.base/java.lang.reflect.Constructor.newInstanceWithCaller(Constructor.java:500)
at java.base/java.lang.reflect.Constructor.newInstance(Constructor.java:484)
at org.openqa.selenium.remote.codec.w3c.W3CHttpResponseCodec.createException(W3CHttpResponseCodec.java:199)
at org.openqa.selenium.remote.codec.w3c.W3CHttpResponseCodec.decode(W3CHttpResponseCodec.java:132)
at org.openqa.selenium.remote.codec.w3c.W3CHttpResponseCodec.decode(W3CHttpResponseCodec.java:51)
at org.openqa.selenium.remote.HttpCommandExecutor.execute(HttpCommandExecutor.java:191)
at org.openqa.selenium.remote.service.DriverCommandExecutor.invokeExecute(DriverCommandExecutor.java:196)
at org.openqa.selenium.remote.service.DriverCommandExecutor.execute(DriverCommandExecutor.java:171)
at org.openqa.selenium.remote.RemoteWebDriver.execute(RemoteWebDriver.java:531)
at org.openqa.selenium.remote.ElementLocation$ElementFinder$2.findElement(ElementLocation.java:165)
at org.openqa.selenium.remote.ElementLocation.findElement(ElementLocation.java:59)
at org.openqa.selenium.remote.RemoteWebDriver.findElement(RemoteWebDriver.java:350)
at org.openqa.selenium.remote.RemoteWebDriver.findElement(RemoteWebDriver.java:344)
at com.dsalgoportal.pages.ArrayPage.clickOnMaxConsecutiveNum(ArrayPage.java:184)
at com.dsalgoportal.stepdefintion.ArraysStep.the_user_clicks_max_consecutive_ones(ArraysStep.java:218)
at ✽.The user clicks Max Consecutive Ones.(file:///C:/Users/anish/eclipse-workspace/DsAlgoPortal/src/test/resources/Features/Array.feature:140)
]]>
            </full-stacktrace>
          </exception> <!-- org.openqa.selenium.NoSuchElementException -->
          <reporter-output>
          </reporter-output>
        </test-method> <!-- runScenario -->
        <test-method signature="runScenario(io.cucumber.testng.PickleWrapper,io.cucumber.testng.FeatureWrapper)[pri:0, instance:com.dsalgoportal.testrunner.TestNGTestRunner@fa4c865]" started-at="2023-09-14T14:40:15 CDT" name="runScenario" description="Runs Cucumber Scenarios" data-provider="scenarios" finished-at="2023-09-14T14:40:30 CDT" duration-ms="15038" status="FAIL">
          <params>
            <param index="0">
              <value>
                <![CDATA["The User is at the Find Numbers with Even Number of Digits"]]>
              </value>
            </param>
            <param index="1">
              <value>
                <![CDATA["Arrays"]]>
              </value>
            </param>
          </params>
          <exception class="org.openqa.selenium.NoSuchElementException">
            <message>
              <![CDATA[no such element: Unable to locate element: {"method":"xpath","selector":"//div[@class='list-group'][3]/a"}
  (Session info: chrome=116.0.5845.141)
For documentation on this error, please visit: https://www.selenium.dev/documentation/webdriver/troubleshooting/errors#no-such-element-exception
Build info: version: '4.10.0', revision: 'c14d967899'
System info: os.name: 'Windows 10', os.arch: 'amd64', os.version: '10.0', java.version: '20.0.1'
Driver info: org.openqa.selenium.chrome.ChromeDriver
Command: [e34dc73847943b3167c04d2fdf553d50, findElement {using=xpath, value=//div[@class='list-group'][3]/a}]
Capabilities {acceptInsecureCerts: false, browserName: chrome, browserVersion: 116.0.5845.141, chrome: {chromedriverVersion: 116.0.5845.96 (1a3918166880..., userDataDir: C:\Users\anish\AppData\Loca...}, fedcm:accounts: true, goog:chromeOptions: {debuggerAddress: localhost:62899}, networkConnectionEnabled: false, pageLoadStrategy: normal, platformName: windows, proxy: Proxy(), se:cdp: ws://localhost:62899/devtoo..., se:cdpVersion: 116.0.5845.141, setWindowRect: true, strictFileInteractability: false, timeouts: {implicit: 0, pageLoad: 300000, script: 30000}, unhandledPromptBehavior: dismiss and notify, webauthn:extension:credBlob: true, webauthn:extension:largeBlob: true, webauthn:extension:minPinLength: true, webauthn:extension:prf: true, webauthn:virtualAuthenticators: true}
Session ID: e34dc73847943b3167c04d2fdf553d50]]>
            </message>
            <full-stacktrace>
              <![CDATA[org.openqa.selenium.NoSuchElementException: no such element: Unable to locate element: {"method":"xpath","selector":"//div[@class='list-group'][3]/a"}
  (Session info: chrome=116.0.5845.141)
For documentation on this error, please visit: https://www.selenium.dev/documentation/webdriver/troubleshooting/errors#no-such-element-exception
Build info: version: '4.10.0', revision: 'c14d967899'
System info: os.name: 'Windows 10', os.arch: 'amd64', os.version: '10.0', java.version: '20.0.1'
Driver info: org.openqa.selenium.chrome.ChromeDriver
Command: [e34dc73847943b3167c04d2fdf553d50, findElement {using=xpath, value=//div[@class='list-group'][3]/a}]
Capabilities {acceptInsecureCerts: false, browserName: chrome, browserVersion: 116.0.5845.141, chrome: {chromedriverVersion: 116.0.5845.96 (1a3918166880..., userDataDir: C:\Users\anish\AppData\Loca...}, fedcm:accounts: true, goog:chromeOptions: {debuggerAddress: localhost:62899}, networkConnectionEnabled: false, pageLoadStrategy: normal, platformName: windows, proxy: Proxy(), se:cdp: ws://localhost:62899/devtoo..., se:cdpVersion: 116.0.5845.141, setWindowRect: true, strictFileInteractability: false, timeouts: {implicit: 0, pageLoad: 300000, script: 30000}, unhandledPromptBehavior: dismiss and notify, webauthn:extension:credBlob: true, webauthn:extension:largeBlob: true, webauthn:extension:minPinLength: true, webauthn:extension:prf: true, webauthn:virtualAuthenticators: true}
Session ID: e34dc73847943b3167c04d2fdf553d50
at java.base/jdk.internal.reflect.DirectConstructorHandleAccessor.newInstance(DirectConstructorHandleAccessor.java:67)
at java.base/java.lang.reflect.Constructor.newInstanceWithCaller(Constructor.java:500)
at java.base/java.lang.reflect.Constructor.newInstance(Constructor.java:484)
at org.openqa.selenium.remote.codec.w3c.W3CHttpResponseCodec.createException(W3CHttpResponseCodec.java:199)
at org.openqa.selenium.remote.codec.w3c.W3CHttpResponseCodec.decode(W3CHttpResponseCodec.java:132)
at org.openqa.selenium.remote.codec.w3c.W3CHttpResponseCodec.decode(W3CHttpResponseCodec.java:51)
at org.openqa.selenium.remote.HttpCommandExecutor.execute(HttpCommandExecutor.java:191)
at org.openqa.selenium.remote.service.DriverCommandExecutor.invokeExecute(DriverCommandExecutor.java:196)
at org.openqa.selenium.remote.service.DriverCommandExecutor.execute(DriverCommandExecutor.java:171)
at org.openqa.selenium.remote.RemoteWebDriver.execute(RemoteWebDriver.java:531)
at org.openqa.selenium.remote.ElementLocation$ElementFinder$2.findElement(ElementLocation.java:165)
at org.openqa.selenium.remote.ElementLocation.findElement(ElementLocation.java:59)
at org.openqa.selenium.remote.RemoteWebDriver.findElement(RemoteWebDriver.java:350)
at org.openqa.selenium.remote.RemoteWebDriver.findElement(RemoteWebDriver.java:344)
at com.dsalgoportal.pages.ArrayPage.clickOnFindNumbers(ArrayPage.java:188)
at com.dsalgoportal.stepdefintion.ArraysStep.the_user_clicks_find_numbers_with_even_number_of_digits_link(ArraysStep.java:224)
at ✽.The user clicks Find Numbers with Even Number of Digits link.(file:///C:/Users/anish/eclipse-workspace/DsAlgoPortal/src/test/resources/Features/Array.feature:147)
]]>
            </full-stacktrace>
          </exception> <!-- org.openqa.selenium.NoSuchElementException -->
          <reporter-output>
          </reporter-output>
        </test-method> <!-- runScenario -->
        <test-method signature="runScenario(io.cucumber.testng.PickleWrapper,io.cucumber.testng.FeatureWrapper)[pri:0, instance:com.dsalgoportal.testrunner.TestNGTestRunner@fa4c865]" started-at="2023-09-14T14:40:30 CDT" name="runScenario" description="Runs Cucumber Scenarios" data-provider="scenarios" finished-at="2023-09-14T14:40:31 CDT" duration-ms="366" status="FAIL">
          <params>
            <param index="0">
              <value>
                <![CDATA["The user is able to run code in tryEditor for Find Numbers with Even Number of Digits"]]>
              </value>
            </param>
            <param index="1">
              <value>
                <![CDATA["Arrays"]]>
              </value>
            </param>
          </params>
          <exception class="org.openqa.selenium.UnhandledAlertException">
            <message>
              <![CDATA[unexpected alert open: {Alert text : SyntaxError: bad input on line 1}
  (Session info: chrome=116.0.5845.141): SyntaxError: bad input on line 1
Build info: version: '4.10.0', revision: 'c14d967899'
System info: os.name: 'Windows 10', os.arch: 'amd64', os.version: '10.0', java.version: '20.0.1'
Driver info: org.openqa.selenium.chrome.ChromeDriver
Command: [e34dc73847943b3167c04d2fdf553d50, findElement {using=id, value=output}]
Capabilities {acceptInsecureCerts: false, browserName: chrome, browserVersion: 116.0.5845.141, chrome: {chromedriverVersion: 116.0.5845.96 (1a3918166880..., userDataDir: C:\Users\anish\AppData\Loca...}, fedcm:accounts: true, goog:chromeOptions: {debuggerAddress: localhost:62899}, networkConnectionEnabled: false, pageLoadStrategy: normal, platformName: windows, proxy: Proxy(), se:cdp: ws://localhost:62899/devtoo..., se:cdpVersion: 116.0.5845.141, setWindowRect: true, strictFileInteractability: false, timeouts: {implicit: 0, pageLoad: 300000, script: 30000}, unhandledPromptBehavior: dismiss and notify, webauthn:extension:credBlob: true, webauthn:extension:largeBlob: true, webauthn:extension:minPinLength: true, webauthn:extension:prf: true, webauthn:virtualAuthenticators: true}
Session ID: e34dc73847943b3167c04d2fdf553d50]]>
            </message>
            <full-stacktrace>
              <![CDATA[org.openqa.selenium.UnhandledAlertException: unexpected alert open: {Alert text : SyntaxError: bad input on line 1}
  (Session info: chrome=116.0.5845.141): SyntaxError: bad input on line 1
Build info: version: '4.10.0', revision: 'c14d967899'
System info: os.name: 'Windows 10', os.arch: 'amd64', os.version: '10.0', java.version: '20.0.1'
Driver info: org.openqa.selenium.chrome.ChromeDriver
Command: [e34dc73847943b3167c04d2fdf553d50, findElement {using=id, value=output}]
Capabilities {acceptInsecureCerts: false, browserName: chrome, browserVersion: 116.0.5845.141, chrome: {chromedriverVersion: 116.0.5845.96 (1a3918166880..., userDataDir: C:\Users\anish\AppData\Loca...}, fedcm:accounts: true, goog:chromeOptions: {debuggerAddress: localhost:62899}, networkConnectionEnabled: false, pageLoadStrategy: normal, platformName: windows, proxy: Proxy(), se:cdp: ws://localhost:62899/devtoo..., se:cdpVersion: 116.0.5845.141, setWindowRect: true, strictFileInteractability: false, timeouts: {implicit: 0, pageLoad: 300000, script: 30000}, unhandledPromptBehavior: dismiss and notify, webauthn:extension:credBlob: true, webauthn:extension:largeBlob: true, webauthn:extension:minPinLength: true, webauthn:extension:prf: true, webauthn:virtualAuthenticators: true}
Session ID: e34dc73847943b3167c04d2fdf553d50
at org.openqa.selenium.remote.codec.w3c.W3CHttpResponseCodec.decode(W3CHttpResponseCodec.java:130)
at org.openqa.selenium.remote.codec.w3c.W3CHttpResponseCodec.decode(W3CHttpResponseCodec.java:51)
at org.openqa.selenium.remote.HttpCommandExecutor.execute(HttpCommandExecutor.java:191)
at org.openqa.selenium.remote.service.DriverCommandExecutor.invokeExecute(DriverCommandExecutor.java:196)
at org.openqa.selenium.remote.service.DriverCommandExecutor.execute(DriverCommandExecutor.java:171)
at org.openqa.selenium.remote.RemoteWebDriver.execute(RemoteWebDriver.java:531)
at org.openqa.selenium.remote.ElementLocation$ElementFinder$2.findElement(ElementLocation.java:165)
at org.openqa.selenium.remote.ElementLocation.findElement(ElementLocation.java:59)
at org.openqa.selenium.remote.RemoteWebDriver.findElement(RemoteWebDriver.java:350)
at org.openqa.selenium.remote.RemoteWebDriver.findElement(RemoteWebDriver.java:344)
at com.dsalgoportal.pages.ArrayPage.codeOutput(ArrayPage.java:89)
at com.dsalgoportal.stepdefintion.ArraysStep.the_user_should_be_presented_with_valid_output(ArraysStep.java:115)
at ✽.the user should be presented with valid output.(file:///C:/Users/anish/eclipse-workspace/DsAlgoPortal/src/test/resources/Features/Array.feature:153)
]]>
            </full-stacktrace>
          </exception> <!-- org.openqa.selenium.UnhandledAlertException -->
          <reporter-output>
          </reporter-output>
        </test-method> <!-- runScenario -->
        <test-method signature="runScenario(io.cucumber.testng.PickleWrapper,io.cucumber.testng.FeatureWrapper)[pri:0, instance:com.dsalgoportal.testrunner.TestNGTestRunner@fa4c865]" started-at="2023-09-14T14:40:31 CDT" name="runScenario" description="Runs Cucumber Scenarios" data-provider="scenarios" finished-at="2023-09-14T14:40:46 CDT" duration-ms="15052" status="FAIL">
          <params>
            <param index="0">
              <value>
                <![CDATA["The user is able to submit code in tryEditor for Find Numbers with Even Number of Digits"]]>
              </value>
            </param>
            <param index="1">
              <value>
                <![CDATA["Arrays"]]>
              </value>
            </param>
          </params>
          <exception class="org.openqa.selenium.NoSuchElementException">
            <message>
              <![CDATA[no such element: Unable to locate element: {"method":"xpath","selector":"//div[@class='list-group'][3]/a"}
  (Session info: chrome=116.0.5845.141)
For documentation on this error, please visit: https://www.selenium.dev/documentation/webdriver/troubleshooting/errors#no-such-element-exception
Build info: version: '4.10.0', revision: 'c14d967899'
System info: os.name: 'Windows 10', os.arch: 'amd64', os.version: '10.0', java.version: '20.0.1'
Driver info: org.openqa.selenium.chrome.ChromeDriver
Command: [e34dc73847943b3167c04d2fdf553d50, findElement {using=xpath, value=//div[@class='list-group'][3]/a}]
Capabilities {acceptInsecureCerts: false, browserName: chrome, browserVersion: 116.0.5845.141, chrome: {chromedriverVersion: 116.0.5845.96 (1a3918166880..., userDataDir: C:\Users\anish\AppData\Loca...}, fedcm:accounts: true, goog:chromeOptions: {debuggerAddress: localhost:62899}, networkConnectionEnabled: false, pageLoadStrategy: normal, platformName: windows, proxy: Proxy(), se:cdp: ws://localhost:62899/devtoo..., se:cdpVersion: 116.0.5845.141, setWindowRect: true, strictFileInteractability: false, timeouts: {implicit: 0, pageLoad: 300000, script: 30000}, unhandledPromptBehavior: dismiss and notify, webauthn:extension:credBlob: true, webauthn:extension:largeBlob: true, webauthn:extension:minPinLength: true, webauthn:extension:prf: true, webauthn:virtualAuthenticators: true}
Session ID: e34dc73847943b3167c04d2fdf553d50]]>
            </message>
            <full-stacktrace>
              <![CDATA[org.openqa.selenium.NoSuchElementException: no such element: Unable to locate element: {"method":"xpath","selector":"//div[@class='list-group'][3]/a"}
  (Session info: chrome=116.0.5845.141)
For documentation on this error, please visit: https://www.selenium.dev/documentation/webdriver/troubleshooting/errors#no-such-element-exception
Build info: version: '4.10.0', revision: 'c14d967899'
System info: os.name: 'Windows 10', os.arch: 'amd64', os.version: '10.0', java.version: '20.0.1'
Driver info: org.openqa.selenium.chrome.ChromeDriver
Command: [e34dc73847943b3167c04d2fdf553d50, findElement {using=xpath, value=//div[@class='list-group'][3]/a}]
Capabilities {acceptInsecureCerts: false, browserName: chrome, browserVersion: 116.0.5845.141, chrome: {chromedriverVersion: 116.0.5845.96 (1a3918166880..., userDataDir: C:\Users\anish\AppData\Loca...}, fedcm:accounts: true, goog:chromeOptions: {debuggerAddress: localhost:62899}, networkConnectionEnabled: false, pageLoadStrategy: normal, platformName: windows, proxy: Proxy(), se:cdp: ws://localhost:62899/devtoo..., se:cdpVersion: 116.0.5845.141, setWindowRect: true, strictFileInteractability: false, timeouts: {implicit: 0, pageLoad: 300000, script: 30000}, unhandledPromptBehavior: dismiss and notify, webauthn:extension:credBlob: true, webauthn:extension:largeBlob: true, webauthn:extension:minPinLength: true, webauthn:extension:prf: true, webauthn:virtualAuthenticators: true}
Session ID: e34dc73847943b3167c04d2fdf553d50
at java.base/jdk.internal.reflect.DirectConstructorHandleAccessor.newInstance(DirectConstructorHandleAccessor.java:67)
at java.base/java.lang.reflect.Constructor.newInstanceWithCaller(Constructor.java:500)
at java.base/java.lang.reflect.Constructor.newInstance(Constructor.java:484)
at org.openqa.selenium.remote.codec.w3c.W3CHttpResponseCodec.createException(W3CHttpResponseCodec.java:199)
at org.openqa.selenium.remote.codec.w3c.W3CHttpResponseCodec.decode(W3CHttpResponseCodec.java:132)
at org.openqa.selenium.remote.codec.w3c.W3CHttpResponseCodec.decode(W3CHttpResponseCodec.java:51)
at org.openqa.selenium.remote.HttpCommandExecutor.execute(HttpCommandExecutor.java:191)
at org.openqa.selenium.remote.service.DriverCommandExecutor.invokeExecute(DriverCommandExecutor.java:196)
at org.openqa.selenium.remote.service.DriverCommandExecutor.execute(DriverCommandExecutor.java:171)
at org.openqa.selenium.remote.RemoteWebDriver.execute(RemoteWebDriver.java:531)
at org.openqa.selenium.remote.ElementLocation$ElementFinder$2.findElement(ElementLocation.java:165)
at org.openqa.selenium.remote.ElementLocation.findElement(ElementLocation.java:59)
at org.openqa.selenium.remote.RemoteWebDriver.findElement(RemoteWebDriver.java:350)
at org.openqa.selenium.remote.RemoteWebDriver.findElement(RemoteWebDriver.java:344)
at com.dsalgoportal.pages.ArrayPage.clickOnFindNumbers(ArrayPage.java:188)
at com.dsalgoportal.stepdefintion.ArraysStep.the_user_clicks_find_numbers_with_even_number_of_digits_link(ArraysStep.java:224)
at ✽.The user clicks Find Numbers with Even Number of Digits link.(file:///C:/Users/anish/eclipse-workspace/DsAlgoPortal/src/test/resources/Features/Array.feature:157)
]]>
            </full-stacktrace>
          </exception> <!-- org.openqa.selenium.NoSuchElementException -->
          <reporter-output>
          </reporter-output>
        </test-method> <!-- runScenario -->
        <test-method signature="runScenario(io.cucumber.testng.PickleWrapper,io.cucumber.testng.FeatureWrapper)[pri:0, instance:com.dsalgoportal.testrunner.TestNGTestRunner@fa4c865]" started-at="2023-09-14T14:40:46 CDT" name="runScenario" description="Runs Cucumber Scenarios" data-provider="scenarios" finished-at="2023-09-14T14:41:01 CDT" duration-ms="15062" status="FAIL">
          <params>
            <param index="0">
              <value>
                <![CDATA["The User is at the Squares of a Sorted Array"]]>
              </value>
            </param>
            <param index="1">
              <value>
                <![CDATA["Arrays"]]>
              </value>
            </param>
          </params>
          <exception class="org.openqa.selenium.NoSuchElementException">
            <message>
              <![CDATA[no such element: Unable to locate element: {"method":"xpath","selector":"//div[@class='list-group'][4]/a"}
  (Session info: chrome=116.0.5845.141)
For documentation on this error, please visit: https://www.selenium.dev/documentation/webdriver/troubleshooting/errors#no-such-element-exception
Build info: version: '4.10.0', revision: 'c14d967899'
System info: os.name: 'Windows 10', os.arch: 'amd64', os.version: '10.0', java.version: '20.0.1'
Driver info: org.openqa.selenium.chrome.ChromeDriver
Command: [e34dc73847943b3167c04d2fdf553d50, findElement {using=xpath, value=//div[@class='list-group'][4]/a}]
Capabilities {acceptInsecureCerts: false, browserName: chrome, browserVersion: 116.0.5845.141, chrome: {chromedriverVersion: 116.0.5845.96 (1a3918166880..., userDataDir: C:\Users\anish\AppData\Loca...}, fedcm:accounts: true, goog:chromeOptions: {debuggerAddress: localhost:62899}, networkConnectionEnabled: false, pageLoadStrategy: normal, platformName: windows, proxy: Proxy(), se:cdp: ws://localhost:62899/devtoo..., se:cdpVersion: 116.0.5845.141, setWindowRect: true, strictFileInteractability: false, timeouts: {implicit: 0, pageLoad: 300000, script: 30000}, unhandledPromptBehavior: dismiss and notify, webauthn:extension:credBlob: true, webauthn:extension:largeBlob: true, webauthn:extension:minPinLength: true, webauthn:extension:prf: true, webauthn:virtualAuthenticators: true}
Session ID: e34dc73847943b3167c04d2fdf553d50]]>
            </message>
            <full-stacktrace>
              <![CDATA[org.openqa.selenium.NoSuchElementException: no such element: Unable to locate element: {"method":"xpath","selector":"//div[@class='list-group'][4]/a"}
  (Session info: chrome=116.0.5845.141)
For documentation on this error, please visit: https://www.selenium.dev/documentation/webdriver/troubleshooting/errors#no-such-element-exception
Build info: version: '4.10.0', revision: 'c14d967899'
System info: os.name: 'Windows 10', os.arch: 'amd64', os.version: '10.0', java.version: '20.0.1'
Driver info: org.openqa.selenium.chrome.ChromeDriver
Command: [e34dc73847943b3167c04d2fdf553d50, findElement {using=xpath, value=//div[@class='list-group'][4]/a}]
Capabilities {acceptInsecureCerts: false, browserName: chrome, browserVersion: 116.0.5845.141, chrome: {chromedriverVersion: 116.0.5845.96 (1a3918166880..., userDataDir: C:\Users\anish\AppData\Loca...}, fedcm:accounts: true, goog:chromeOptions: {debuggerAddress: localhost:62899}, networkConnectionEnabled: false, pageLoadStrategy: normal, platformName: windows, proxy: Proxy(), se:cdp: ws://localhost:62899/devtoo..., se:cdpVersion: 116.0.5845.141, setWindowRect: true, strictFileInteractability: false, timeouts: {implicit: 0, pageLoad: 300000, script: 30000}, unhandledPromptBehavior: dismiss and notify, webauthn:extension:credBlob: true, webauthn:extension:largeBlob: true, webauthn:extension:minPinLength: true, webauthn:extension:prf: true, webauthn:virtualAuthenticators: true}
Session ID: e34dc73847943b3167c04d2fdf553d50
at java.base/jdk.internal.reflect.DirectConstructorHandleAccessor.newInstance(DirectConstructorHandleAccessor.java:67)
at java.base/java.lang.reflect.Constructor.newInstanceWithCaller(Constructor.java:500)
at java.base/java.lang.reflect.Constructor.newInstance(Constructor.java:484)
at org.openqa.selenium.remote.codec.w3c.W3CHttpResponseCodec.createException(W3CHttpResponseCodec.java:199)
at org.openqa.selenium.remote.codec.w3c.W3CHttpResponseCodec.decode(W3CHttpResponseCodec.java:132)
at org.openqa.selenium.remote.codec.w3c.W3CHttpResponseCodec.decode(W3CHttpResponseCodec.java:51)
at org.openqa.selenium.remote.HttpCommandExecutor.execute(HttpCommandExecutor.java:191)
at org.openqa.selenium.remote.service.DriverCommandExecutor.invokeExecute(DriverCommandExecutor.java:196)
at org.openqa.selenium.remote.service.DriverCommandExecutor.execute(DriverCommandExecutor.java:171)
at org.openqa.selenium.remote.RemoteWebDriver.execute(RemoteWebDriver.java:531)
at org.openqa.selenium.remote.ElementLocation$ElementFinder$2.findElement(ElementLocation.java:165)
at org.openqa.selenium.remote.ElementLocation.findElement(ElementLocation.java:59)
at org.openqa.selenium.remote.RemoteWebDriver.findElement(RemoteWebDriver.java:350)
at org.openqa.selenium.remote.RemoteWebDriver.findElement(RemoteWebDriver.java:344)
at com.dsalgoportal.pages.ArrayPage.clickOnSquares(ArrayPage.java:193)
at com.dsalgoportal.stepdefintion.ArraysStep.the_user_clicks_squares_of_a_sorted_array_link(ArraysStep.java:230)
at ✽.The user clicks Squares of a Sorted Array link.(file:///C:/Users/anish/eclipse-workspace/DsAlgoPortal/src/test/resources/Features/Array.feature:164)
]]>
            </full-stacktrace>
          </exception> <!-- org.openqa.selenium.NoSuchElementException -->
          <reporter-output>
          </reporter-output>
        </test-method> <!-- runScenario -->
        <test-method signature="runScenario(io.cucumber.testng.PickleWrapper,io.cucumber.testng.FeatureWrapper)[pri:0, instance:com.dsalgoportal.testrunner.TestNGTestRunner@fa4c865]" started-at="2023-09-14T14:41:01 CDT" name="runScenario" description="Runs Cucumber Scenarios" data-provider="scenarios" finished-at="2023-09-14T14:41:01 CDT" duration-ms="381" status="FAIL">
          <params>
            <param index="0">
              <value>
[...]
          <params>
            <param index="0">
              <value>
                <![CDATA["The user is able to run valid code in tryEditor page of linkedlist"]]>
              </value>
            </param>
            <param index="1">
              <value>
                <![CDATA["Linked List feature"]]>
              </value>
            </param>
          </params>
          <reporter-output>
          </reporter-output>
        </test-method> <!-- runScenario -->
        <test-method signature="runScenario(io.cucumber.testng.PickleWrapper,io.cucumber.testng.FeatureWrapper)[pri:0, instance:com.dsalgoportal.testrunner.TestNGTestRunner@fa4c865]" started-at="2023-09-14T14:42:03 CDT" name="runScenario" description="Runs Cucumber Scenarios" data-provider="scenarios" finished-at="2023-09-14T14:42:04 CDT" duration-ms="593" status="PASS">
          <params>
            <param index="0">
              <value>
                <![CDATA["The user is able to get the error message for invalid syntax of linkedlist page"]]>
              </value>
            </param>
            <param index="1">
              <value>
                <![CDATA["Linked List feature"]]>
              </value>
            </param>
          </params>
          <reporter-output>
          </reporter-output>
        </test-method> <!-- runScenario -->
        <test-method signature="runScenario(io.cucumber.testng.PickleWrapper,io.cucumber.testng.FeatureWrapper)[pri:0, instance:com.dsalgoportal.testrunner.TestNGTestRunner@fa4c865]" started-at="2023-09-14T14:42:04 CDT" name="runScenario" description="Runs Cucumber Scenarios" data-provider="scenarios" finished-at="2023-09-14T14:42:04 CDT" duration-ms="494" status="PASS">
          <params>
            <param index="0">
              <value>
                <![CDATA["The user is able to navigate to types of linkedlist Page"]]>
              </value>
            </param>
            <param index="1">
              <value>
                <![CDATA["Linked List feature"]]>
              </value>
            </param>
          </params>
          <reporter-output>
          </reporter-output>
        </test-method> <!-- runScenario -->
        <test-method signature="runScenario(io.cucumber.testng.PickleWrapper,io.cucumber.testng.FeatureWrapper)[pri:0, instance:com.dsalgoportal.testrunner.TestNGTestRunner@fa4c865]" started-at="2023-09-14T14:42:04 CDT" name="runScenario" description="Runs Cucumber Scenarios" data-provider="scenarios" finished-at="2023-09-14T14:42:04 CDT" duration-ms="290" status="PASS">
          <params>
            <param index="0">
              <value>
                <![CDATA["The user is able to navigate to types of linkedlist page having an tryEditor"]]>
              </value>
            </param>
            <param index="1">
              <value>
                <![CDATA["Linked List feature"]]>
              </value>
            </param>
          </params>
          <reporter-output>
          </reporter-output>
        </test-method> <!-- runScenario -->
        <test-method signature="runScenario(io.cucumber.testng.PickleWrapper,io.cucumber.testng.FeatureWrapper)[pri:0, instance:com.dsalgoportal.testrunner.TestNGTestRunner@fa4c865]" started-at="2023-09-14T14:42:04 CDT" name="runScenario" description="Runs Cucumber Scenarios" data-provider="scenarios" finished-at="2023-09-14T14:42:05 CDT" duration-ms="373" status="PASS">
          <params>
            <param index="0">
              <value>
                <![CDATA["The user is able to run valid code in tryEditor page of linkedlist"]]>
              </value>
            </param>
            <param index="1">
              <value>
                <![CDATA["Linked List feature"]]>
              </value>
            </param>
          </params>
          <reporter-output>
          </reporter-output>
        </test-method> <!-- runScenario -->
        <test-method signature="runScenario(io.cucumber.testng.PickleWrapper,io.cucumber.testng.FeatureWrapper)[pri:0, instance:com.dsalgoportal.testrunner.TestNGTestRunner@fa4c865]" started-at="2023-09-14T14:42:05 CDT" name="runScenario" description="Runs Cucumber Scenarios" data-provider="scenarios" finished-at="2023-09-14T14:42:05 CDT" duration-ms="543" status="PASS">
          <params>
            <param index="0">
              <value>
                <![CDATA["The user is able to get the error message for invalid syntax of linkedlist page"]]>
              </value>
            </param>
            <param index="1">
              <value>
                <![CDATA["Linked List feature"]]>
              </value>
            </param>
          </params>
          <reporter-output>
          </reporter-output>
        </test-method> <!-- runScenario -->
        <test-method signature="runScenario(io.cucumber.testng.PickleWrapper,io.cucumber.testng.FeatureWrapper)[pri:0, instance:com.dsalgoportal.testrunner.TestNGTestRunner@fa4c865]" started-at="2023-09-14T14:42:05 CDT" name="runScenario" description="Runs Cucumber Scenarios" data-provider="scenarios" finished-at="2023-09-14T14:42:06 CDT" duration-ms="367" status="PASS">
          <params>
            <param index="0">
              <value>
                <![CDATA["The user is able to navigate to implement linkedlist in python  Page"]]>
              </value>
            </param>
            <param index="1">
              <value>
                <![CDATA["Linked List feature"]]>
              </value>
            </param>
          </params>
          <reporter-output>
          </reporter-output>
        </test-method> <!-- runScenario -->
        <test-method signature="runScenario(io.cucumber.testng.PickleWrapper,io.cucumber.testng.FeatureWrapper)[pri:0, instance:com.dsalgoportal.testrunner.TestNGTestRunner@fa4c865]" started-at="2023-09-14T14:42:06 CDT" name="runScenario" description="Runs Cucumber Scenarios" data-provider="scenarios" finished-at="2023-09-14T14:42:06 CDT" duration-ms="348" status="PASS">
          <params>
            <param index="0">
              <value>
                <![CDATA["The user is able to navigate to implement linkedlist in python page having an tryEditor"]]>
              </value>
            </param>
            <param index="1">
              <value>
                <![CDATA["Linked List feature"]]>
              </value>
            </param>
          </params>
          <reporter-output>
          </reporter-output>
        </test-method> <!-- runScenario -->
        <test-method signature="runScenario(io.cucumber.testng.PickleWrapper,io.cucumber.testng.FeatureWrapper)[pri:0, instance:com.dsalgoportal.testrunner.TestNGTestRunner@fa4c865]" started-at="2023-09-14T14:42:06 CDT" name="runScenario" description="Runs Cucumber Scenarios" data-provider="scenarios" finished-at="2023-09-14T14:42:06 CDT" duration-ms="372" status="PASS">
          <params>
            <param index="0">
              <value>
                <![CDATA["The user is able to run valid code in tryEditor page of linkedlist"]]>
              </value>
            </param>
            <param index="1">
              <value>
                <![CDATA["Linked List feature"]]>
              </value>
            </param>
          </params>
          <reporter-output>
          </reporter-output>
        </test-method> <!-- runScenario -->
        <test-method signature="runScenario(io.cucumber.testng.PickleWrapper,io.cucumber.testng.FeatureWrapper)[pri:0, instance:com.dsalgoportal.testrunner.TestNGTestRunner@fa4c865]" started-at="2023-09-14T14:42:06 CDT" name="runScenario" description="Runs Cucumber Scenarios" data-provider="scenarios" finished-at="2023-09-14T14:42:07 CDT" duration-ms="592" status="PASS">
          <params>
            <param index="0">
              <value>
                <![CDATA["The user is able to get the error message for invalid syntax of linkedlist page"]]>
              </value>
            </param>
            <param index="1">
              <value>
                <![CDATA["Linked List feature"]]>
              </value>
            </param>
          </params>
          <reporter-output>
          </reporter-output>
        </test-method> <!-- runScenario -->
        <test-method signature="runScenario(io.cucumber.testng.PickleWrapper,io.cucumber.testng.FeatureWrapper)[pri:0, instance:com.dsalgoportal.testrunner.TestNGTestRunner@fa4c865]" started-at="2023-09-14T14:42:07 CDT" name="runScenario" description="Runs Cucumber Scenarios" data-provider="scenarios" finished-at="2023-09-14T14:42:07 CDT" duration-ms="361" status="PASS">
          <params>
            <param index="0">
              <value>
                <![CDATA["The user is able to navigate to linkedlist transversal Page"]]>
              </value>
            </param>
            <param index="1">
              <value>
                <![CDATA["Linked List feature"]]>
              </value>
            </param>
          </params>
          <reporter-output>
          </reporter-output>
        </test-method> <!-- runScenario -->
        <test-method signature="runScenario(io.cucumber.testng.PickleWrapper,io.cucumber.testng.FeatureWrapper)[pri:0, instance:com.dsalgoportal.testrunner.TestNGTestRunner@fa4c865]" started-at="2023-09-14T14:42:07 CDT" name="runScenario" description="Runs Cucumber Scenarios" data-provider="scenarios" finished-at="2023-09-14T14:42:08 CDT" duration-ms="290" status="PASS">
          <params>
            <param index="0">
              <value>
                <![CDATA["The user is able to navigate to linkedlist transversal page having an tryEditor"]]>
              </value>
            </param>
            <param index="1">
              <value>
                <![CDATA["Linked List feature"]]>
              </value>
            </param>
          </params>
          <reporter-output>
          </reporter-output>
        </test-method> <!-- runScenario -->
        <test-method signature="runScenario(io.cucumber.testng.PickleWrapper,io.cucumber.testng.FeatureWrapper)[pri:0, instance:com.dsalgoportal.testrunner.TestNGTestRunner@fa4c865]" started-at="2023-09-14T14:42:08 CDT" name="runScenario" description="Runs Cucumber Scenarios" data-provider="scenarios" finished-at="2023-09-14T14:42:08 CDT" duration-ms="362" status="PASS">
          <params>
            <param index="0">
              <value>
                <![CDATA["The user is able to run valid code in tryEditor page of linkedlist"]]>
              </value>
            </param>
            <param index="1">
              <value>
                <![CDATA["Linked List feature"]]>
              </value>
            </param>
          </params>
          <reporter-output>
          </reporter-output>
        </test-method> <!-- runScenario -->
        <test-method signature="runScenario(io.cucumber.testng.PickleWrapper,io.cucumber.testng.FeatureWrapper)[pri:0, instance:com.dsalgoportal.testrunner.TestNGTestRunner@fa4c865]" started-at="2023-09-14T14:42:08 CDT" name="runScenario" description="Runs Cucumber Scenarios" data-provider="scenarios" finished-at="2023-09-14T14:42:09 CDT" duration-ms="609" status="PASS">
          <params>
            <param index="0">
              <value>
                <![CDATA["The user is able to get the error message for invalid syntax of linkedlist page"]]>
              </value>
            </param>
            <param index="1">
              <value>
                <![CDATA["Linked List feature"]]>
              </value>
            </param>
          </params>
          <reporter-output>
          </reporter-output>
        </test-method> <!-- runScenario -->
        <test-method signature="runScenario(io.cucumber.testng.PickleWrapper,io.cucumber.testng.FeatureWrapper)[pri:0, instance:com.dsalgoportal.testrunner.TestNGTestRunner@fa4c865]" started-at="2023-09-14T14:42:09 CDT" name="runScenario" description="Runs Cucumber Scenarios" data-provider="scenarios" finished-at="2023-09-14T14:42:09 CDT" duration-ms="533" status="PASS">
          <params>
            <param index="0">
              <value>
                <![CDATA["The user is able to navigate to linkedlist insertion Page"]]>
              </value>
            </param>
            <param index="1">
              <value>
                <![CDATA["Linked List feature"]]>
              </value>
            </param>
          </params>
          <reporter-output>
          </reporter-output>
        </test-method> <!-- runScenario -->
        <test-method signature="runScenario(io.cucumber.testng.PickleWrapper,io.cucumber.testng.FeatureWrapper)[pri:0, instance:com.dsalgoportal.testrunner.TestNGTestRunner@fa4c865]" started-at="2023-09-14T14:42:09 CDT" name="runScenario" description="Runs Cucumber Scenarios" data-provider="scenarios" finished-at="2023-09-14T14:42:09 CDT" duration-ms="307" status="PASS">
          <params>
            <param index="0">
              <value>
                <![CDATA["The user is able to navigate to linkedlist insertion page having an tryEditor"]]>
              </value>
            </param>
            <param index="1">
              <value>
                <![CDATA["Linked List feature"]]>
              </value>
            </param>
          </params>
          <reporter-output>
          </reporter-output>
        </test-method> <!-- runScenario -->
        <test-method signature="runScenario(io.cucumber.testng.PickleWrapper,io.cucumber.testng.FeatureWrapper)[pri:0, instance:com.dsalgoportal.testrunner.TestNGTestRunner@fa4c865]" started-at="2023-09-14T14:42:09 CDT" name="runScenario" description="Runs Cucumber Scenarios" data-provider="scenarios" finished-at="2023-09-14T14:42:10 CDT" duration-ms="330" status="PASS">
          <params>
            <param index="0">
              <value>
                <![CDATA["The user is able to run valid code in tryEditor page of linkedlist"]]>
              </value>
            </param>
            <param index="1">
              <value>
                <![CDATA["Linked List feature"]]>
              </value>
            </param>
          </params>
          <reporter-output>
          </reporter-output>
        </test-method> <!-- runScenario -->
        <test-method signature="runScenario(io.cucumber.testng.PickleWrapper,io.cucumber.testng.FeatureWrapper)[pri:0, instance:com.dsalgoportal.testrunner.TestNGTestRunner@fa4c865]" started-at="2023-09-14T14:42:10 CDT" name="runScenario" description="Runs Cucumber Scenarios" data-provider="scenarios" finished-at="2023-09-14T14:42:10 CDT" duration-ms="604" status="PASS">
          <params>
            <param index="0">
              <value>
                <![CDATA["The user is able to get the error message for invalid syntax of linkedlist page"]]>
              </value>
            </param>
            <param index="1">
              <value>
                <![CDATA["Linked List feature"]]>
              </value>
            </param>
          </params>
          <reporter-output>
          </reporter-output>
        </test-method> <!-- runScenario -->
        <test-method signature="runScenario(io.cucumber.testng.PickleWrapper,io.cucumber.testng.FeatureWrapper)[pri:0, instance:com.dsalgoportal.testrunner.TestNGTestRunner@fa4c865]" started-at="2023-09-14T14:42:10 CDT" name="runScenario" description="Runs Cucumber Scenarios" data-provider="scenarios" finished-at="2023-09-14T14:42:11 CDT" duration-ms="435" status="PASS">
          <params>
            <param index="0">
              <value>
                <![CDATA["The user is able to navigate to linkedlist deletion Page"]]>
              </value>
            </param>
            <param index="1">
              <value>
                <![CDATA["Linked List feature"]]>
              </value>
            </param>
          </params>
          <reporter-output>
          </reporter-output>
        </test-method> <!-- runScenario -->
        <test-method signature="runScenario(io.cucumber.testng.PickleWrapper,io.cucumber.testng.FeatureWrapper)[pri:0, instance:com.dsalgoportal.testrunner.TestNGTestRunner@fa4c865]" started-at="2023-09-14T14:42:11 CDT" name="runScenario" description="Runs Cucumber Scenarios" data-provider="scenarios" finished-at="2023-09-14T14:42:11 CDT" duration-ms="295" status="PASS">
          <params>
            <param index="0">
              <value>
                <![CDATA["The user is able to navigate to linkedlist deletion page having an tryEditor"]]>
              </value>
            </param>
            <param index="1">
              <value>
                <![CDATA["Linked List feature"]]>
              </value>
            </param>
          </params>
          <reporter-output>
          </reporter-output>
        </test-method> <!-- runScenario -->
        <test-method signature="runScenario(io.cucumber.testng.PickleWrapper,io.cucumber.testng.FeatureWrapper)[pri:0, instance:com.dsalgoportal.testrunner.TestNGTestRunner@fa4c865]" started-at="2023-09-14T14:42:11 CDT" name="runScenario" description="Runs Cucumber Scenarios" data-provider="scenarios" finished-at="2023-09-14T14:42:12 CDT" duration-ms="355" status="PASS">
          <params>
            <param index="0">
              <value>
                <![CDATA["The user is able to run valid code in tryEditor page of linkedlist"]]>
              </value>
            </param>
            <param index="1">
              <value>
                <![CDATA["Linked List feature"]]>
              </value>
            </param>
          </params>
          <reporter-output>
          </reporter-output>
        </test-method> <!-- runScenario -->
        <test-method signature="runScenario(io.cucumber.testng.PickleWrapper,io.cucumber.testng.FeatureWrapper)[pri:0, instance:com.dsalgoportal.testrunner.TestNGTestRunner@fa4c865]" started-at="2023-09-14T14:42:12 CDT" name="runScenario" description="Runs Cucumber Scenarios" data-provider="scenarios" finished-at="2023-09-14T14:42:12 CDT" duration-ms="574" status="PASS">
          <params>
            <param index="0">
              <value>
                <![CDATA["The user is able to get the error message for invalid syntax of linkedlist page"]]>
              </value>
            </param>
            <param index="1">
              <value>
                <![CDATA["Linked List feature"]]>
              </value>
            </param>
          </params>
          <reporter-output>
          </reporter-output>
        </test-method> <!-- runScenario -->
        <test-method signature="runScenario(io.cucumber.testng.PickleWrapper,io.cucumber.testng.FeatureWrapper)[pri:0, instance:com.dsalgoportal.testrunner.TestNGTestRunner@fa4c865]" started-at="2023-09-14T14:42:12 CDT" name="runScenario" description="Runs Cucumber Scenarios" data-provider="scenarios" finished-at="2023-09-14T14:42:12 CDT" duration-ms="331" status="PASS">
          <params>
            <param index="0">
              <value>
                <![CDATA["The user is able to navigate to Practice Questions in linkedlist Page"]]>
              </value>
            </param>
            <param index="1">
              <value>
                <![CDATA["Linked List feature"]]>
              </value>
            </param>
          </params>
          <reporter-output>
          </reporter-output>
        </test-method> <!-- runScenario -->
        <test-method is-config="true" signature="tearDownClass()[pri:0, instance:com.dsalgoportal.testrunner.TestNGTestRunner@fa4c865]" started-at="2023-09-14T14:42:12 CDT" name="tearDownClass" finished-at="2023-09-14T14:42:13 CDT" duration-ms="454" status="PASS">
          <reporter-output>
          </reporter-output>
        </test-method> <!-- tearDownClass -->
      </class> <!-- com.dsalgoportal.testrunner.TestNGTestRunner -->
    </test> <!-- Default test -->
  </suite> <!-- Default suite -->
</testng-results>
