<?xml version="1.0" encoding="UTF-8"?>

<testng-results ignored="0" total="96" passed="96" failed="0" skipped="0">
  <reporter-output>
  </reporter-output>
  <suite started-at="2023-09-13T22:01:37 CDT" name="Default suite" finished-at="2023-09-13T22:03:30 CDT" duration-ms="113233">

    <groups>
      <group name="cucumber">
        <method signature="AbstractTestNGCucumberTests.runScenario(io.cucumber.testng.PickleWrapper,io.cucumber.testng.FeatureWrapper)[pri:0, instance:com.dsalgoportal.testrunner.TestNGTestRunner@7ae0a9ec]" name="runScenario" class="io.cucumber.testng.AbstractTestNGCucumberTests"/>
      </group> <!-- cucumber -->
    </groups>

    <test started-at="2023-09-13T22:01:37 CDT" name="Default test" finished-at="2023-09-13T22:03:30 CDT" duration-ms="113233">
      <class name="com.dsalgoportal.testrunner.TestNGTestRunner">
        <test-method is-config="true" signature="setUpClass(org.testng.ITestContext)[pri:0, instance:com.dsalgoportal.testrunner.TestNGTestRunner@8297b3a]" started-at="2023-09-13T22:01:37 CDT" name="setUpClass" finished-at="2023-09-13T22:01:42 CDT" duration-ms="5344" status="PASS">
          <params>
            <param index="0">
              <value>
                <![CDATA[org.testng.TestRunner@351fadfa]]>

              </value>
            </param>
          </params>
          <reporter-output>
          </reporter-output>
        </test-method> <!-- setUpClass -->

        <test-method signature="runScenario(io.cucumber.testng.PickleWrapper,io.cucumber.testng.FeatureWrapper)[pri:0, instance:com.dsalgoportal.testrunner.TestNGTestRunner@8297b3a]" started-at="2023-09-13T22:01:42 CDT" name="runScenario" description="Runs Cucumber Scenarios" data-provider="scenarios" finished-at="2023-09-13T22:01:46 CDT" duration-ms="3282" status="PASS">

          <params>
            <param index="0">
              <value>
                <![CDATA["User Logs into the DSAlgo Website"]]>
              </value>
            </param>
            <param index="1">
              <value>
                <![CDATA["As a User I want to validate Data Structures Introduction"]]>
              </value>
            </param>
          </params>
          <reporter-output>
          </reporter-output>
        </test-method> <!-- runScenario -->

        <test-method signature="runScenario(io.cucumber.testng.PickleWrapper,io.cucumber.testng.FeatureWrapper)[pri:0, instance:com.dsalgoportal.testrunner.TestNGTestRunner@8297b3a]" started-at="2023-09-13T22:01:46 CDT" name="runScenario" description="Runs Cucumber Scenarios" data-provider="scenarios" finished-at="2023-09-13T22:01:46 CDT" duration-ms="869" status="PASS">

          <params>
            <param index="0">
              <value>
                <![CDATA["User in on Data StructureIntroduction Page"]]>
              </value>
            </param>
            <param index="1">
              <value>
                <![CDATA["As a User I want to validate Data Structures Introduction"]]>
              </value>
            </param>
          </params>
          <reporter-output>
          </reporter-output>
        </test-method> <!-- runScenario -->

        <test-method signature="runScenario(io.cucumber.testng.PickleWrapper,io.cucumber.testng.FeatureWrapper)[pri:0, instance:com.dsalgoportal.testrunner.TestNGTestRunner@8297b3a]" started-at="2023-09-13T22:01:46 CDT" name="runScenario" description="Runs Cucumber Scenarios" data-provider="scenarios" finished-at="2023-09-13T22:01:47 CDT" duration-ms="807" status="PASS">

          <params>
            <param index="0">
              <value>
                <![CDATA["The user is on the try editor page of Time complexity"]]>
              </value>
            </param>
            <param index="1">
              <value>
                <![CDATA["As a User I want to validate Data Structures Introduction"]]>
              </value>
            </param>
          </params>
          <reporter-output>
          </reporter-output>
        </test-method> <!-- runScenario -->

        <test-method signature="runScenario(io.cucumber.testng.PickleWrapper,io.cucumber.testng.FeatureWrapper)[pri:0, instance:com.dsalgoportal.testrunner.TestNGTestRunner@8297b3a]" started-at="2023-09-13T22:01:47 CDT" name="runScenario" description="Runs Cucumber Scenarios" data-provider="scenarios" finished-at="2023-09-13T22:01:48 CDT" duration-ms="1163" status="PASS">

          <params>
            <param index="0">
              <value>
                <![CDATA["The user is able run code in tryEditor for Time Complexity page"]]>
              </value>
            </param>
            <param index="1">
              <value>
                <![CDATA["As a User I want to validate Data Structures Introduction"]]>
              </value>
            </param>
          </params>
          <reporter-output>
          </reporter-output>
        </test-method> <!-- runScenario -->

        <test-method signature="runScenario(io.cucumber.testng.PickleWrapper,io.cucumber.testng.FeatureWrapper)[pri:0, instance:com.dsalgoportal.testrunner.TestNGTestRunner@8297b3a]" started-at="2023-09-13T22:01:48 CDT" name="runScenario" description="Runs Cucumber Scenarios" data-provider="scenarios" finished-at="2023-09-13T22:01:51 CDT" duration-ms="2802" status="PASS">

          <params>
            <param index="0">
              <value>
                <![CDATA["The user is presented with error message for code with invalid syntax in tryEditor for Time Complexity page"]]>
              </value>
            </param>
            <param index="1">
              <value>
                <![CDATA["As a User I want to validate Data Structures Introduction"]]>
              </value>
            </param>
          </params>
          <reporter-output>
          </reporter-output>
        </test-method> <!-- runScenario -->

        <test-method signature="runScenario(io.cucumber.testng.PickleWrapper,io.cucumber.testng.FeatureWrapper)[pri:0, instance:com.dsalgoportal.testrunner.TestNGTestRunner@8297b3a]" started-at="2023-09-13T22:01:51 CDT" name="runScenario" description="Runs Cucumber Scenarios" data-provider="scenarios" finished-at="2023-09-13T22:01:54 CDT" duration-ms="3012" status="PASS">
          <params>
            <param index="0">
              <value>
                <![CDATA["Click on DataStructure DropDown without login"]]>
              </value>
            </param>
            <param index="1">
              <value>
                <![CDATA["Home"]]>
              </value>
            </param>
          </params>
          <reporter-output>
          </reporter-output>
        </test-method> <!-- runScenario -->
        <test-method signature="runScenario(io.cucumber.testng.PickleWrapper,io.cucumber.testng.FeatureWrapper)[pri:0, instance:com.dsalgoportal.testrunner.TestNGTestRunner@8297b3a]" started-at="2023-09-13T22:01:54 CDT" name="runScenario" description="Runs Cucumber Scenarios" data-provider="scenarios" finished-at="2023-09-13T22:01:57 CDT" duration-ms="2364" status="PASS">
          <params>
            <param index="0">
              <value>
                <![CDATA["Click on DataStructure DropDown without login"]]>
              </value>
            </param>
            <param index="1">
              <value>
                <![CDATA["Home"]]>
              </value>
            </param>
          </params>
          <reporter-output>
          </reporter-output>
        </test-method> <!-- runScenario -->
        <test-method signature="runScenario(io.cucumber.testng.PickleWrapper,io.cucumber.testng.FeatureWrapper)[pri:0, instance:com.dsalgoportal.testrunner.TestNGTestRunner@8297b3a]" started-at="2023-09-13T22:01:57 CDT" name="runScenario" description="Runs Cucumber Scenarios" data-provider="scenarios" finished-at="2023-09-13T22:01:59 CDT" duration-ms="2752" status="PASS">
          <params>
            <param index="0">
              <value>
                <![CDATA["Click on DataStructure DropDown without login"]]>
              </value>
            </param>
            <param index="1">
              <value>
                <![CDATA["Home"]]>
              </value>
            </param>
          </params>
          <reporter-output>
          </reporter-output>
        </test-method> <!-- runScenario -->
        <test-method signature="runScenario(io.cucumber.testng.PickleWrapper,io.cucumber.testng.FeatureWrapper)[pri:0, instance:com.dsalgoportal.testrunner.TestNGTestRunner@8297b3a]" started-at="2023-09-13T22:01:59 CDT" name="runScenario" description="Runs Cucumber Scenarios" data-provider="scenarios" finished-at="2023-09-13T22:02:01 CDT" duration-ms="2056" status="PASS">
          <params>
            <param index="0">
              <value>
                <![CDATA["Click on DataStructure DropDown without login"]]>
              </value>
            </param>
            <param index="1">
              <value>
                <![CDATA["Home"]]>
              </value>
            </param>
          </params>
          <reporter-output>
          </reporter-output>
        </test-method> <!-- runScenario -->
        <test-method signature="runScenario(io.cucumber.testng.PickleWrapper,io.cucumber.testng.FeatureWrapper)[pri:0, instance:com.dsalgoportal.testrunner.TestNGTestRunner@8297b3a]" started-at="2023-09-13T22:02:01 CDT" name="runScenario" description="Runs Cucumber Scenarios" data-provider="scenarios" finished-at="2023-09-13T22:02:04 CDT" duration-ms="2356" status="PASS">
          <params>
            <param index="0">
              <value>
                <![CDATA["Click on Get Started of Each DataStructure Section without login"]]>
              </value>
            </param>
            <param index="1">
              <value>
                <![CDATA["Home"]]>
              </value>
            </param>
          </params>
          <reporter-output>
          </reporter-output>
        </test-method> <!-- runScenario -->
        <test-method signature="runScenario(io.cucumber.testng.PickleWrapper,io.cucumber.testng.FeatureWrapper)[pri:0, instance:com.dsalgoportal.testrunner.TestNGTestRunner@8297b3a]" started-at="2023-09-13T22:02:04 CDT" name="runScenario" description="Runs Cucumber Scenarios" data-provider="scenarios" finished-at="2023-09-13T22:02:06 CDT" duration-ms="1686" status="PASS">
          <params>
            <param index="0">
              <value>
                <![CDATA["Click on Get Started of Each DataStructure Section without login"]]>
              </value>
            </param>
            <param index="1">
              <value>
                <![CDATA["Home"]]>
              </value>
            </param>
          </params>
          <reporter-output>
          </reporter-output>
        </test-method> <!-- runScenario -->
        <test-method signature="runScenario(io.cucumber.testng.PickleWrapper,io.cucumber.testng.FeatureWrapper)[pri:0, instance:com.dsalgoportal.testrunner.TestNGTestRunner@8297b3a]" started-at="2023-09-13T22:02:06 CDT" name="runScenario" description="Runs Cucumber Scenarios" data-provider="scenarios" finished-at="2023-09-13T22:02:07 CDT" duration-ms="1245" status="PASS">
          <params>
            <param index="0">
              <value>
                <![CDATA["Click on Get Started of Each DataStructure Section without login"]]>
              </value>
            </param>
            <param index="1">
              <value>
                <![CDATA["Home"]]>
              </value>
            </param>
          </params>
          <reporter-output>
          </reporter-output>
        </test-method> <!-- runScenario -->
        <test-method signature="runScenario(io.cucumber.testng.PickleWrapper,io.cucumber.testng.FeatureWrapper)[pri:0, instance:com.dsalgoportal.testrunner.TestNGTestRunner@8297b3a]" started-at="2023-09-13T22:02:07 CDT" name="runScenario" description="Runs Cucumber Scenarios" data-provider="scenarios" finished-at="2023-09-13T22:02:08 CDT" duration-ms="1190" status="PASS">
          <params>
            <param index="0">
              <value>
                <![CDATA["Click on Get Started of Each DataStructure Section without login"]]>
              </value>
            </param>
            <param index="1">
              <value>
                <![CDATA["Home"]]>
              </value>
            </param>
          </params>
          <reporter-output>
          </reporter-output>
        </test-method> <!-- runScenario -->
        <test-method signature="runScenario(io.cucumber.testng.PickleWrapper,io.cucumber.testng.FeatureWrapper)[pri:0, instance:com.dsalgoportal.testrunner.TestNGTestRunner@8297b3a]" started-at="2023-09-13T22:02:08 CDT" name="runScenario" description="Runs Cucumber Scenarios" data-provider="scenarios" finished-at="2023-09-13T22:02:09 CDT" duration-ms="1396" status="PASS">
          <params>
            <param index="0">
              <value>
                <![CDATA["Click on Get Started of Each DataStructure Section without login"]]>
              </value>
            </param>
            <param index="1">
              <value>
                <![CDATA["Home"]]>
              </value>
            </param>
          </params>
          <reporter-output>
          </reporter-output>
        </test-method> <!-- runScenario -->
        <test-method signature="runScenario(io.cucumber.testng.PickleWrapper,io.cucumber.testng.FeatureWrapper)[pri:0, instance:com.dsalgoportal.testrunner.TestNGTestRunner@8297b3a]" started-at="2023-09-13T22:02:09 CDT" name="runScenario" description="Runs Cucumber Scenarios" data-provider="scenarios" finished-at="2023-09-13T22:02:11 CDT" duration-ms="1341" status="PASS">
          <params>
            <param index="0">
              <value>
                <![CDATA["Click on Get Started of Each DataStructure Section without login"]]>
              </value>
            </param>
            <param index="1">
              <value>
                <![CDATA["Home"]]>
              </value>
            </param>
          </params>
          <reporter-output>
          </reporter-output>
        </test-method> <!-- runScenario -->
        <test-method signature="runScenario(io.cucumber.testng.PickleWrapper,io.cucumber.testng.FeatureWrapper)[pri:0, instance:com.dsalgoportal.testrunner.TestNGTestRunner@8297b3a]" started-at="2023-09-13T22:02:11 CDT" name="runScenario" description="Runs Cucumber Scenarios" data-provider="scenarios" finished-at="2023-09-13T22:02:13 CDT" duration-ms="2605" status="PASS">
          <params>
            <param index="0">
              <value>
                <![CDATA["Click on Get Started of Each DataStructure Section without login"]]>
              </value>
            </param>
            <param index="1">
              <value>
                <![CDATA["Home"]]>
              </value>
            </param>
          </params>
          <reporter-output>
          </reporter-output>
        </test-method> <!-- runScenario -->
        <test-method signature="runScenario(io.cucumber.testng.PickleWrapper,io.cucumber.testng.FeatureWrapper)[pri:0, instance:com.dsalgoportal.testrunner.TestNGTestRunner@8297b3a]" started-at="2023-09-13T22:02:13 CDT" name="runScenario" description="Runs Cucumber Scenarios" data-provider="scenarios" finished-at="2023-09-13T22:02:16 CDT" duration-ms="2577" status="PASS">
          <params>
            <param index="0">
              <value>
                <![CDATA["Check for empty field use case"]]>
              </value>
            </param>
            <param index="1">
              <value>
                <![CDATA["Register"]]>
              </value>
            </param>
          </params>
          <reporter-output>
          </reporter-output>
        </test-method> <!-- runScenario -->
        <test-method signature="runScenario(io.cucumber.testng.PickleWrapper,io.cucumber.testng.FeatureWrapper)[pri:0, instance:com.dsalgoportal.testrunner.TestNGTestRunner@8297b3a]" started-at="2023-09-13T22:02:16 CDT" name="runScenario" description="Runs Cucumber Scenarios" data-provider="scenarios" finished-at="2023-09-13T22:02:17 CDT" duration-ms="1597" status="PASS">
          <params>
            <param index="0">
              <value>
                <![CDATA["Check for empty field use case"]]>
              </value>
            </param>
            <param index="1">
              <value>
                <![CDATA["Register"]]>
              </value>
            </param>
          </params>
          <reporter-output>
          </reporter-output>
        </test-method> <!-- runScenario -->
        <test-method signature="runScenario(io.cucumber.testng.PickleWrapper,io.cucumber.testng.FeatureWrapper)[pri:0, instance:com.dsalgoportal.testrunner.TestNGTestRunner@8297b3a]" started-at="2023-09-13T22:02:17 CDT" name="runScenario" description="Runs Cucumber Scenarios" data-provider="scenarios" finished-at="2023-09-13T22:02:19 CDT" duration-ms="1101" status="PASS">
          <params>
            <param index="0">
              <value>
                <![CDATA["Check for empty field use case"]]>
              </value>
            </param>
            <param index="1">
              <value>
                <![CDATA["Register"]]>
              </value>
            </param>
          </params>
          <reporter-output>
          </reporter-output>
        </test-method> <!-- runScenario -->
        <test-method signature="runScenario(io.cucumber.testng.PickleWrapper,io.cucumber.testng.FeatureWrapper)[pri:0, instance:com.dsalgoportal.testrunner.TestNGTestRunner@8297b3a]" started-at="2023-09-13T22:02:19 CDT" name="runScenario" description="Runs Cucumber Scenarios" data-provider="scenarios" finished-at="2023-09-13T22:02:20 CDT" duration-ms="1147" status="PASS">
          <params>
            <param index="0">
              <value>
                <![CDATA["Check for empty field use case"]]>
              </value>
            </param>
            <param index="1">
              <value>
                <![CDATA["Register"]]>
              </value>
            </param>
          </params>
          <reporter-output>
          </reporter-output>
        </test-method> <!-- runScenario -->
        <test-method signature="runScenario(io.cucumber.testng.PickleWrapper,io.cucumber.testng.FeatureWrapper)[pri:0, instance:com.dsalgoportal.testrunner.TestNGTestRunner@8297b3a]" started-at="2023-09-13T22:02:20 CDT" name="runScenario" description="Runs Cucumber Scenarios" data-provider="scenarios" finished-at="2023-09-13T22:02:21 CDT" duration-ms="1236" status="PASS">
          <params>
            <param index="0">
              <value>
                <![CDATA["Check for Password mismatch"]]>
              </value>
            </param>
            <param index="1">
              <value>
                <![CDATA["Register"]]>
              </value>
            </param>
          </params>
          <reporter-output>
          </reporter-output>
        </test-method> <!-- runScenario -->
        <test-method signature="runScenario(io.cucumber.testng.PickleWrapper,io.cucumber.testng.FeatureWrapper)[pri:0, instance:com.dsalgoportal.testrunner.TestNGTestRunner@8297b3a]" started-at="2023-09-13T22:02:21 CDT" name="runScenario" description="Runs Cucumber Scenarios" data-provider="scenarios" finished-at="2023-09-13T22:02:22 CDT" duration-ms="1222" status="PASS">
          <params>
            <param index="0">
              <value>
                <![CDATA["Check for Password with only numbers"]]>
              </value>
            </param>
            <param index="1">
              <value>
                <![CDATA["Register"]]>
              </value>
            </param>
          </params>
          <reporter-output>
          </reporter-output>
        </test-method> <!-- runScenario -->
        <test-method signature="runScenario(io.cucumber.testng.PickleWrapper,io.cucumber.testng.FeatureWrapper)[pri:0, instance:com.dsalgoportal.testrunner.TestNGTestRunner@8297b3a]" started-at="2023-09-13T22:02:22 CDT" name="runScenario" description="Runs Cucumber Scenarios" data-provider="scenarios" finished-at="2023-09-13T22:02:23 CDT" duration-ms="1276" status="PASS">
          <params>
            <param index="0">
              <value>
                <![CDATA["Check for Password similar to username"]]>
              </value>
            </param>
            <param index="1">
              <value>
                <![CDATA["Register"]]>
              </value>
            </param>
          </params>
          <reporter-output>
          </reporter-output>
        </test-method> <!-- runScenario -->
        <test-method signature="runScenario(io.cucumber.testng.PickleWrapper,io.cucumber.testng.FeatureWrapper)[pri:0, instance:com.dsalgoportal.testrunner.TestNGTestRunner@8297b3a]" started-at="2023-09-13T22:02:23 CDT" name="runScenario" description="Runs Cucumber Scenarios" data-provider="scenarios" finished-at="2023-09-13T22:02:25 CDT" duration-ms="1223" status="PASS">
          <params>
            <param index="0">
              <value>
                <![CDATA["Check for error message for commonly used password"]]>
              </value>
            </param>
            <param index="1">
              <value>
                <![CDATA["Register"]]>
              </value>
            </param>
          </params>
          <reporter-output>
          </reporter-output>
        </test-method> <!-- runScenario -->
        <test-method signature="runScenario(io.cucumber.testng.PickleWrapper,io.cucumber.testng.FeatureWrapper)[pri:0, instance:com.dsalgoportal.testrunner.TestNGTestRunner@8297b3a]" started-at="2023-09-13T22:02:25 CDT" name="runScenario" description="Runs Cucumber Scenarios" data-provider="scenarios" finished-at="2023-09-13T22:02:26 CDT" duration-ms="1220" status="PASS">
          <params>
            <param index="0">
              <value>
                <![CDATA["Check for error message for password with characters less than 8"]]>
              </value>
            </param>
            <param index="1">
              <value>
                <![CDATA["Register"]]>
              </value>
            </param>
          </params>
          <reporter-output>
          </reporter-output>
        </test-method> <!-- runScenario -->
        <test-method signature="runScenario(io.cucumber.testng.PickleWrapper,io.cucumber.testng.FeatureWrapper)[pri:0, instance:com.dsalgoportal.testrunner.TestNGTestRunner@8297b3a]" started-at="2023-09-13T22:02:26 CDT" name="runScenario" description="Runs Cucumber Scenarios" data-provider="scenarios" finished-at="2023-09-13T22:02:27 CDT" duration-ms="797" status="PASS">
          <params>
            <param index="0">
              <value>
                <![CDATA["The user is able to signin with registered credential"]]>
              </value>
            </param>
            <param index="1">
              <value>
                <![CDATA["SignIn feature"]]>
              </value>
            </param>
          </params>
          <reporter-output>
          </reporter-output>
        </test-method> <!-- runScenario -->
        <test-method signature="runScenario(io.cucumber.testng.PickleWrapper,io.cucumber.testng.FeatureWrapper)[pri:0, instance:com.dsalgoportal.testrunner.TestNGTestRunner@8297b3a]" started-at="2023-09-13T22:02:27 CDT" name="runScenario" description="Runs Cucumber Scenarios" data-provider="scenarios" finished-at="2023-09-13T22:02:27 CDT" duration-ms="579" status="PASS">
          <params>
            <param index="0">
              <value>
                <![CDATA["Verifying Register link"]]>
              </value>
            </param>
            <param index="1">
              <value>
                <![CDATA["SignIn feature"]]>
              </value>
            </param>
          </params>
          <reporter-output>
          </reporter-output>
        </test-method> <!-- runScenario -->
        <test-method signature="runScenario(io.cucumber.testng.PickleWrapper,io.cucumber.testng.FeatureWrapper)[pri:0, instance:com.dsalgoportal.testrunner.TestNGTestRunner@8297b3a]" started-at="2023-09-13T22:02:27 CDT" name="runScenario" description="Runs Cucumber Scenarios" data-provider="scenarios" finished-at="2023-09-13T22:02:28 CDT" duration-ms="696" status="PASS">
          <params>
            <param index="0">
              <value>
                <![CDATA["User on login page and login with invalid inputs"]]>
              </value>
            </param>
            <param index="1">
              <value>
                <![CDATA["SignIn feature"]]>
              </value>
            </param>
          </params>
          <reporter-output>
          </reporter-output>
        </test-method> <!-- runScenario -->
        <test-method signature="runScenario(io.cucumber.testng.PickleWrapper,io.cucumber.testng.FeatureWrapper)[pri:0, instance:com.dsalgoportal.testrunner.TestNGTestRunner@8297b3a]" started-at="2023-09-13T22:02:28 CDT" name="runScenario" description="Runs Cucumber Scenarios" data-provider="scenarios" finished-at="2023-09-13T22:02:31 CDT" duration-ms="2792" status="PASS">
          <params>
            <param index="0">
              <value>
                <![CDATA["User invalid and valid inputs from Excel on login page and login with"]]>
              </value>
            </param>
            <param index="1">
              <value>
                <![CDATA["SignIn feature"]]>
              </value>
            </param>
          </params>
          <reporter-output>
          </reporter-output>
        </test-method> <!-- runScenario -->
        <test-method signature="runScenario(io.cucumber.testng.PickleWrapper,io.cucumber.testng.FeatureWrapper)[pri:0, instance:com.dsalgoportal.testrunner.TestNGTestRunner@8297b3a]" started-at="2023-09-13T22:02:31 CDT" name="runScenario" description="Runs Cucumber Scenarios" data-provider="scenarios" finished-at="2023-09-13T22:02:33 CDT" duration-ms="2496" status="PASS">
          <params>
            <param index="0">
              <value>
                <![CDATA["User invalid and valid inputs from Excel on login page and login with"]]>
              </value>
            </param>
            <param index="1">
              <value>
                <![CDATA["SignIn feature"]]>
              </value>
            </param>
          </params>
          <reporter-output>
          </reporter-output>
        </test-method> <!-- runScenario -->
        <test-method signature="runScenario(io.cucumber.testng.PickleWrapper,io.cucumber.testng.FeatureWrapper)[pri:0, instance:com.dsalgoportal.testrunner.TestNGTestRunner@8297b3a]" started-at="2023-09-13T22:02:33 CDT" name="runScenario" description="Runs Cucumber Scenarios" data-provider="scenarios" finished-at="2023-09-13T22:02:35 CDT" duration-ms="1752" status="PASS">
          <params>
            <param index="0">
              <value>
                <![CDATA["User invalid and valid inputs from Excel on login page and login with"]]>
              </value>
            </param>
            <param index="1">
              <value>
                <![CDATA["SignIn feature"]]>
              </value>
            </param>
          </params>
          <reporter-output>
          </reporter-output>
        </test-method> <!-- runScenario -->
        <test-method signature="runScenario(io.cucumber.testng.PickleWrapper,io.cucumber.testng.FeatureWrapper)[pri:0, instance:com.dsalgoportal.testrunner.TestNGTestRunner@8297b3a]" started-at="2023-09-13T22:02:35 CDT" name="runScenario" description="Runs Cucumber Scenarios" data-provider="scenarios" finished-at="2023-09-13T22:02:37 CDT" duration-ms="2447" status="PASS">
          <params>
            <param index="0">
              <value>
                <![CDATA["Verifying signout link"]]>
              </value>
            </param>
            <param index="1">
              <value>
                <![CDATA["SignIn feature"]]>
              </value>
            </param>
          </params>
          <reporter-output>
          </reporter-output>
        </test-method> <!-- runScenario -->
        <test-method signature="runScenario(io.cucumber.testng.PickleWrapper,io.cucumber.testng.FeatureWrapper)[pri:0, instance:com.dsalgoportal.testrunner.TestNGTestRunner@8297b3a]" started-at="2023-09-13T22:02:38 CDT" name="runScenario" description="Runs Cucumber Scenarios" data-provider="scenarios" finished-at="2023-09-13T22:02:40 CDT" duration-ms="2111" status="PASS">
          <params>
            <param index="0">
              <value>
                <![CDATA["Login"]]>
              </value>
            </param>
            <param index="1">
              <value>
                <![CDATA["Title of your feature"]]>
              </value>
            </param>
          </params>
          <reporter-output>
          </reporter-output>
        </test-method> <!-- runScenario -->
        <test-method signature="runScenario(io.cucumber.testng.PickleWrapper,io.cucumber.testng.FeatureWrapper)[pri:0, instance:com.dsalgoportal.testrunner.TestNGTestRunner@8297b3a]" started-at="2023-09-13T22:02:40 CDT" name="runScenario" description="Runs Cucumber Scenarios" data-provider="scenarios" finished-at="2023-09-13T22:02:43 CDT" duration-ms="3506" status="PASS">
          <params>
            <param index="0">
              <value>
                <![CDATA["The user is able to navigate to Operations in Stack page"]]>
              </value>
            </param>
            <param index="1">
              <value>
                <![CDATA["Title of your feature"]]>
              </value>
            </param>
          </params>
          <reporter-output>
          </reporter-output>
        </test-method> <!-- runScenario -->
        <test-method signature="runScenario(io.cucumber.testng.PickleWrapper,io.cucumber.testng.FeatureWrapper)[pri:0, instance:com.dsalgoportal.testrunner.TestNGTestRunner@8297b3a]" started-at="2023-09-13T22:02:43 CDT" name="runScenario" description="Runs Cucumber Scenarios" data-provider="scenarios" finished-at="2023-09-13T22:02:50 CDT" duration-ms="6443" status="PASS">
          <params>
            <param index="0">
              <value>
                <![CDATA["The user is able to navigate to a page having an tryEditor"]]>
              </value>
            </param>
            <param index="1">
              <value>
                <![CDATA["Title of your feature"]]>
              </value>
            </param>
          </params>
          <reporter-output>
          </reporter-output>
        </test-method> <!-- runScenario -->
        <test-method signature="runScenario(io.cucumber.testng.PickleWrapper,io.cucumber.testng.FeatureWrapper)[pri:0, instance:com.dsalgoportal.testrunner.TestNGTestRunner@8297b3a]" started-at="2023-09-13T22:02:50 CDT" name="runScenario" description="Runs Cucumber Scenarios" data-provider="scenarios" finished-at="2023-09-13T22:02:50 CDT" duration-ms="416" status="PASS">
          <params>
            <param index="0">
              <value>
                <![CDATA["The user is able to run code in tryEditor"]]>
              </value>
            </param>
            <param index="1">
              <value>
                <![CDATA["Title of your feature"]]>
              </value>
            </param>
          </params>
          <reporter-output>
          </reporter-output>
        </test-method> <!-- runScenario -->
        <test-method signature="runScenario(io.cucumber.testng.PickleWrapper,io.cucumber.testng.FeatureWrapper)[pri:0, instance:com.dsalgoportal.testrunner.TestNGTestRunner@8297b3a]" started-at="2023-09-13T22:02:50 CDT" name="runScenario" description="Runs Cucumber Scenarios" data-provider="scenarios" finished-at="2023-09-13T22:02:51 CDT" duration-ms="714" status="PASS">
          <params>
            <param index="0">
              <value>
                <![CDATA["The user is able to get the error message for invalid syntax"]]>
              </value>
            </param>
            <param index="1">
              <value>
                <![CDATA["Title of your feature"]]>
              </value>
            </param>
          </params>
          <reporter-output>
          </reporter-output>
        </test-method> <!-- runScenario -->
        <test-method signature="runScenario(io.cucumber.testng.PickleWrapper,io.cucumber.testng.FeatureWrapper)[pri:0, instance:com.dsalgoportal.testrunner.TestNGTestRunner@8297b3a]" started-at="2023-09-13T22:02:51 CDT" name="runScenario" description="Runs Cucumber Scenarios" data-provider="scenarios" finished-at="2023-09-13T22:02:51 CDT" duration-ms="290" status="PASS">
          <params>
            <param index="0">
              <value>
                <![CDATA["The user is able to navigate to Implementation Page"]]>
              </value>
            </param>
            <param index="1">
              <value>
                <![CDATA["Title of your feature"]]>
              </value>
            </param>
          </params>
          <reporter-output>
          </reporter-output>
        </test-method> <!-- runScenario -->
        <test-method signature="runScenario(io.cucumber.testng.PickleWrapper,io.cucumber.testng.FeatureWrapper)[pri:0, instance:com.dsalgoportal.testrunner.TestNGTestRunner@8297b3a]" started-at="2023-09-13T22:02:51 CDT" name="runScenario" description="Runs Cucumber Scenarios" data-provider="scenarios" finished-at="2023-09-13T22:02:51 CDT" duration-ms="346" status="PASS">
          <params>
            <param index="0">
              <value>
                <![CDATA["The user is able to navigate to Implementation page having an tryeditor"]]>
              </value>
            </param>
            <param index="1">
              <value>
                <![CDATA["Title of your feature"]]>
              </value>
            </param>
          </params>
          <reporter-output>
          </reporter-output>
        </test-method> <!-- runScenario -->
        <test-method signature="runScenario(io.cucumber.testng.PickleWrapper,io.cucumber.testng.FeatureWrapper)[pri:0, instance:com.dsalgoportal.testrunner.TestNGTestRunner@8297b3a]" started-at="2023-09-13T22:02:51 CDT" name="runScenario" description="Runs Cucumber Scenarios" data-provider="scenarios" finished-at="2023-09-13T22:02:52 CDT" duration-ms="429" status="PASS">
          <params>
            <param index="0">
              <value>
                <![CDATA["The user is able to run code in tryEditor"]]>
              </value>
            </param>
            <param index="1">
              <value>
                <![CDATA["Title of your feature"]]>
              </value>
            </param>
          </params>
          <reporter-output>
          </reporter-output>
        </test-method> <!-- runScenario -->
        <test-method signature="runScenario(io.cucumber.testng.PickleWrapper,io.cucumber.testng.FeatureWrapper)[pri:0, instance:com.dsalgoportal.testrunner.TestNGTestRunner@8297b3a]" started-at="2023-09-13T22:02:52 CDT" name="runScenario" description="Runs Cucumber Scenarios" data-provider="scenarios" finished-at="2023-09-13T22:02:52 CDT" duration-ms="709" status="PASS">
          <params>
            <param index="0">
              <value>
                <![CDATA["The user is able to get the error message for invalid syntax"]]>
              </value>
            </param>
            <param index="1">
              <value>
                <![CDATA["Title of your feature"]]>
              </value>
            </param>
          </params>
          <reporter-output>
          </reporter-output>
        </test-method> <!-- runScenario -->
        <test-method signature="runScenario(io.cucumber.testng.PickleWrapper,io.cucumber.testng.FeatureWrapper)[pri:0, instance:com.dsalgoportal.testrunner.TestNGTestRunner@8297b3a]" started-at="2023-09-13T22:02:52 CDT" name="runScenario" description="Runs Cucumber Scenarios" data-provider="scenarios" finished-at="2023-09-13T22:02:53 CDT" duration-ms="549" status="PASS">
          <params>
            <param index="0">
              <value>
                <![CDATA["The user is able to navigate to Applications in stack Page"]]>
              </value>
            </param>
            <param index="1">
              <value>
                <![CDATA["Title of your feature"]]>
              </value>
            </param>
          </params>
          <reporter-output>
          </reporter-output>
        </test-method> <!-- runScenario -->
        <test-method signature="runScenario(io.cucumber.testng.PickleWrapper,io.cucumber.testng.FeatureWrapper)[pri:0, instance:com.dsalgoportal.testrunner.TestNGTestRunner@8297b3a]" started-at="2023-09-13T22:02:53 CDT" name="runScenario" description="Runs Cucumber Scenarios" data-provider="scenarios" finished-at="2023-09-13T22:02:54 CDT" duration-ms="821" status="PASS">
          <params>
            <param index="0">
              <value>
                <![CDATA["The user is able to navigate to Applications page having an tryEditor"]]>
              </value>
            </param>
            <param index="1">
              <value>
                <![CDATA["Title of your feature"]]>
              </value>
            </param>
          </params>
          <reporter-output>
          </reporter-output>
        </test-method> <!-- runScenario -->
        <test-method signature="runScenario(io.cucumber.testng.PickleWrapper,io.cucumber.testng.FeatureWrapper)[pri:0, instance:com.dsalgoportal.testrunner.TestNGTestRunner@8297b3a]" started-at="2023-09-13T22:02:54 CDT" name="runScenario" description="Runs Cucumber Scenarios" data-provider="scenarios" finished-at="2023-09-13T22:02:54 CDT" duration-ms="402" status="PASS">
          <params>
            <param index="0">
              <value>
                <![CDATA["The user is able to run code in tryEditor"]]>
              </value>
            </param>
            <param index="1">
              <value>
                <![CDATA["Title of your feature"]]>
              </value>
            </param>
          </params>
          <reporter-output>
          </reporter-output>
        </test-method> <!-- runScenario -->
        <test-method signature="runScenario(io.cucumber.testng.PickleWrapper,io.cucumber.testng.FeatureWrapper)[pri:0, instance:com.dsalgoportal.testrunner.TestNGTestRunner@8297b3a]" started-at="2023-09-13T22:02:54 CDT" name="runScenario" description="Runs Cucumber Scenarios" data-provider="scenarios" finished-at="2023-09-13T22:02:56 CDT" duration-ms="1309" status="PASS">
          <params>
            <param index="0">
              <value>
                <![CDATA["The user is able to get the error message for invalid syntax"]]>
              </value>
            </param>
            <param index="1">
              <value>
                <![CDATA["Title of your feature"]]>
              </value>
            </param>
          </params>
          <reporter-output>
          </reporter-output>
        </test-method> <!-- runScenario -->
        <test-method signature="runScenario(io.cucumber.testng.PickleWrapper,io.cucumber.testng.FeatureWrapper)[pri:0, instance:com.dsalgoportal.testrunner.TestNGTestRunner@8297b3a]" started-at="2023-09-13T22:02:56 CDT" name="runScenario" description="Runs Cucumber Scenarios" data-provider="scenarios" finished-at="2023-09-13T22:02:56 CDT" duration-ms="710" status="PASS">
          <params>
            <param index="0">
              <value>
                <![CDATA["The user is able to navigate to Practice Questions in stack Page"]]>
              </value>
            </param>
            <param index="1">
              <value>
                <![CDATA["Title of your feature"]]>
              </value>
            </param>
          </params>
          <reporter-output>
          </reporter-output>
        </test-method> <!-- runScenario -->
        <test-method signature="runScenario(io.cucumber.testng.PickleWrapper,io.cucumber.testng.FeatureWrapper)[pri:0, instance:com.dsalgoportal.testrunner.TestNGTestRunner@8297b3a]" started-at="2023-09-13T22:02:56 CDT" name="runScenario" description="Runs Cucumber Scenarios" data-provider="scenarios" finished-at="2023-09-13T22:02:57 CDT" duration-ms="895" status="PASS">
          <params>
            <param index="0">
              <value>
                <![CDATA["Login"]]>
              </value>
            </param>
            <param index="1">
              <value>
                <![CDATA["Tree feature"]]>
              </value>
            </param>
          </params>
          <reporter-output>
          </reporter-output>
        </test-method> <!-- runScenario -->
        <test-method signature="runScenario(io.cucumber.testng.PickleWrapper,io.cucumber.testng.FeatureWrapper)[pri:0, instance:com.dsalgoportal.testrunner.TestNGTestRunner@8297b3a]" started-at="2023-09-13T22:02:57 CDT" name="runScenario" description="Runs Cucumber Scenarios" data-provider="scenarios" finished-at="2023-09-13T22:02:58 CDT" duration-ms="875" status="PASS">
          <params>
            <param index="0">
              <value>
                <![CDATA["The user is able to navigate to Overview of Trees"]]>
              </value>
            </param>
            <param index="1">
              <value>
                <![CDATA["Tree feature"]]>
              </value>
            </param>
          </params>
          <reporter-output>
          </reporter-output>
        </test-method> <!-- runScenario -->
        <test-method signature="runScenario(io.cucumber.testng.PickleWrapper,io.cucumber.testng.FeatureWrapper)[pri:0, instance:com.dsalgoportal.testrunner.TestNGTestRunner@8297b3a]" started-at="2023-09-13T22:02:58 CDT" name="runScenario" description="Runs Cucumber Scenarios" data-provider="scenarios" finished-at="2023-09-13T22:02:58 CDT" duration-ms="316" status="PASS">
          <params>
            <param index="0">
              <value>
                <![CDATA["The user is able to navigate to a page having an tryEditor"]]>
              </value>
            </param>
            <param index="1">
              <value>
                <![CDATA["Tree feature"]]>
              </value>
            </param>
          </params>
          <reporter-output>
          </reporter-output>
        </test-method> <!-- runScenario -->
        <test-method signature="runScenario(io.cucumber.testng.PickleWrapper,io.cucumber.testng.FeatureWrapper)[pri:0, instance:com.dsalgoportal.testrunner.TestNGTestRunner@8297b3a]" started-at="2023-09-13T22:02:58 CDT" name="runScenario" description="Runs Cucumber Scenarios" data-provider="scenarios" finished-at="2023-09-13T22:02:59 CDT" duration-ms="464" status="PASS">
          <params>
            <param index="0">
              <value>
                <![CDATA["The user is able to run code in tryEditor"]]>
              </value>
            </param>
            <param index="1">
              <value>
                <![CDATA["Tree feature"]]>
              </value>
            </param>
          </params>
          <reporter-output>
          </reporter-output>
        </test-method> <!-- runScenario -->
        <test-method signature="runScenario(io.cucumber.testng.PickleWrapper,io.cucumber.testng.FeatureWrapper)[pri:0, instance:com.dsalgoportal.testrunner.TestNGTestRunner@8297b3a]" started-at="2023-09-13T22:02:59 CDT" name="runScenario" description="Runs Cucumber Scenarios" data-provider="scenarios" finished-at="2023-09-13T22:03:00 CDT" duration-ms="794" status="PASS">
          <params>
            <param index="0">
              <value>
                <![CDATA["The user is able to get the error message for invalid syntax"]]>
              </value>
            </param>
            <param index="1">
              <value>
                <![CDATA["Tree feature"]]>
              </value>
            </param>
          </params>
          <reporter-output>
          </reporter-output>
        </test-method> <!-- runScenario -->
        <test-method signature="runScenario(io.cucumber.testng.PickleWrapper,io.cucumber.testng.FeatureWrapper)[pri:0, instance:com.dsalgoportal.testrunner.TestNGTestRunner@8297b3a]" started-at="2023-09-13T22:03:00 CDT" name="runScenario" description="Runs Cucumber Scenarios" data-provider="scenarios" finished-at="2023-09-13T22:03:00 CDT" duration-ms="399" status="PASS">
          <params>
            <param index="0">
              <value>
                <![CDATA["The user is able to navigate to Terminologies Page"]]>
              </value>
            </param>
            <param index="1">
              <value>
                <![CDATA["Tree feature"]]>
              </value>
            </param>
          </params>
          <reporter-output>
          </reporter-output>
        </test-method> <!-- runScenario -->
        <test-method signature="runScenario(io.cucumber.testng.PickleWrapper,io.cucumber.testng.FeatureWrapper)[pri:0, instance:com.dsalgoportal.testrunner.TestNGTestRunner@8297b3a]" started-at="2023-09-13T22:03:00 CDT" name="runScenario" description="Runs Cucumber Scenarios" data-provider="scenarios" finished-at="2023-09-13T22:03:00 CDT" duration-ms="358" status="PASS">
          <params>
            <param index="0">
              <value>
                <![CDATA["The user is able to navigate to Terminologies page having an tryeditor"]]>
              </value>
            </param>
            <param index="1">
              <value>
                <![CDATA["Tree feature"]]>
              </value>
            </param>
          </params>
          <reporter-output>
          </reporter-output>
        </test-method> <!-- runScenario -->
        <test-method signature="runScenario(io.cucumber.testng.PickleWrapper,io.cucumber.testng.FeatureWrapper)[pri:0, instance:com.dsalgoportal.testrunner.TestNGTestRunner@8297b3a]" started-at="2023-09-13T22:03:00 CDT" name="runScenario" description="Runs Cucumber Scenarios" data-provider="scenarios" finished-at="2023-09-13T22:03:01 CDT" duration-ms="371" status="PASS">
          <params>
            <param index="0">
              <value>
                <![CDATA["The user is able to run code in tryEditor"]]>
              </value>
            </param>
            <param index="1">
              <value>
                <![CDATA["Tree feature"]]>
              </value>
            </param>
          </params>
          <reporter-output>
          </reporter-output>
        </test-method> <!-- runScenario -->
        <test-method signature="runScenario(io.cucumber.testng.PickleWrapper,io.cucumber.testng.FeatureWrapper)[pri:0, instance:com.dsalgoportal.testrunner.TestNGTestRunner@8297b3a]" started-at="2023-09-13T22:03:01 CDT" name="runScenario" description="Runs Cucumber Scenarios" data-provider="scenarios" finished-at="2023-09-13T22:03:01 CDT" duration-ms="651" status="PASS">
          <params>
            <param index="0">
              <value>
                <![CDATA["The user is able to get the error message for invalid syntax"]]>
              </value>
            </param>
            <param index="1">
              <value>
                <![CDATA["Tree feature"]]>
              </value>
            </param>
          </params>
          <reporter-output>
          </reporter-output>
        </test-method> <!-- runScenario -->
        <test-method signature="runScenario(io.cucumber.testng.PickleWrapper,io.cucumber.testng.FeatureWrapper)[pri:0, instance:com.dsalgoportal.testrunner.TestNGTestRunner@8297b3a]" started-at="2023-09-13T22:03:01 CDT" name="runScenario" description="Runs Cucumber Scenarios" data-provider="scenarios" finished-at="2023-09-13T22:03:02 CDT" duration-ms="412" status="PASS">
          <params>
            <param index="0">
              <value>
                <![CDATA["The user is able to navigate to Types of Trees Page"]]>
              </value>
            </param>
            <param index="1">
              <value>
                <![CDATA["Tree feature"]]>
              </value>
            </param>
          </params>
          <reporter-output>
          </reporter-output>
        </test-method> <!-- runScenario -->
        <test-method signature="runScenario(io.cucumber.testng.PickleWrapper,io.cucumber.testng.FeatureWrapper)[pri:0, instance:com.dsalgoportal.testrunner.TestNGTestRunner@8297b3a]" started-at="2023-09-13T22:03:02 CDT" name="runScenario" description="Runs Cucumber Scenarios" data-provider="scenarios" finished-at="2023-09-13T22:03:02 CDT" duration-ms="382" status="PASS">
          <params>
            <param index="0">
              <value>
                <![CDATA["The user is able to navigate to Types of Trees page having an tryeditor"]]>
              </value>
            </param>
            <param index="1">
              <value>
                <![CDATA["Tree feature"]]>
              </value>
            </param>
          </params>
          <reporter-output>
          </reporter-output>
        </test-method> <!-- runScenario -->
        <test-method signature="runScenario(io.cucumber.testng.PickleWrapper,io.cucumber.testng.FeatureWrapper)[pri:0, instance:com.dsalgoportal.testrunner.TestNGTestRunner@8297b3a]" started-at="2023-09-13T22:03:02 CDT" name="runScenario" description="Runs Cucumber Scenarios" data-provider="scenarios" finished-at="2023-09-13T22:03:03 CDT" duration-ms="389" status="PASS">
          <params>
            <param index="0">
              <value>
                <![CDATA["The user is able to run code in tryEditor"]]>
              </value>
            </param>
            <param index="1">
              <value>
                <![CDATA["Tree feature"]]>
              </value>
            </param>
          </params>
          <reporter-output>
          </reporter-output>
        </test-method> <!-- runScenario -->
        <test-method signature="runScenario(io.cucumber.testng.PickleWrapper,io.cucumber.testng.FeatureWrapper)[pri:0, instance:com.dsalgoportal.testrunner.TestNGTestRunner@8297b3a]" started-at="2023-09-13T22:03:03 CDT" name="runScenario" description="Runs Cucumber Scenarios" data-provider="scenarios" finished-at="2023-09-13T22:03:04 CDT" duration-ms="1693" status="PASS">
          <params>
            <param index="0">
              <value>
                <![CDATA["The user is able to get the error message for invalid syntax"]]>
              </value>
            </param>
            <param index="1">
              <value>
                <![CDATA["Tree feature"]]>
              </value>
            </param>
          </params>
          <reporter-output>
          </reporter-output>
        </test-method> <!-- runScenario -->
        <test-method signature="runScenario(io.cucumber.testng.PickleWrapper,io.cucumber.testng.FeatureWrapper)[pri:0, instance:com.dsalgoportal.testrunner.TestNGTestRunner@8297b3a]" started-at="2023-09-13T22:03:04 CDT" name="runScenario" description="Runs Cucumber Scenarios" data-provider="scenarios" finished-at="2023-09-13T22:03:06 CDT" duration-ms="2006" status="PASS">
          <params>
            <param index="0">
              <value>
                <![CDATA["The user is able to navigate to Tree Traversals Page"]]>
              </value>
            </param>
            <param index="1">
              <value>
                <![CDATA["Tree feature"]]>
              </value>
            </param>
          </params>
          <reporter-output>
          </reporter-output>
        </test-method> <!-- runScenario -->
        <test-method signature="runScenario(io.cucumber.testng.PickleWrapper,io.cucumber.testng.FeatureWrapper)[pri:0, instance:com.dsalgoportal.testrunner.TestNGTestRunner@8297b3a]" started-at="2023-09-13T22:03:06 CDT" name="runScenario" description="Runs Cucumber Scenarios" data-provider="scenarios" finished-at="2023-09-13T22:03:07 CDT" duration-ms="548" status="PASS">
          <params>
            <param index="0">
              <value>
                <![CDATA["The user is able to navigate to Tree Traversals page having an tryeditor"]]>
              </value>
            </param>
            <param index="1">
              <value>
                <![CDATA["Tree feature"]]>
              </value>
            </param>
          </params>
          <reporter-output>
          </reporter-output>
        </test-method> <!-- runScenario -->
        <test-method signature="runScenario(io.cucumber.testng.PickleWrapper,io.cucumber.testng.FeatureWrapper)[pri:0, instance:com.dsalgoportal.testrunner.TestNGTestRunner@8297b3a]" started-at="2023-09-13T22:03:07 CDT" name="runScenario" description="Runs Cucumber Scenarios" data-provider="scenarios" finished-at="2023-09-13T22:03:07 CDT" duration-ms="364" status="PASS">
          <params>
            <param index="0">
              <value>
                <![CDATA["The user is able to run code in tryEditor"]]>
              </value>
            </param>
            <param index="1">
              <value>
                <![CDATA["Tree feature"]]>
              </value>
            </param>
          </params>
          <reporter-output>
          </reporter-output>
        </test-method> <!-- runScenario -->
        <test-method signature="runScenario(io.cucumber.testng.PickleWrapper,io.cucumber.testng.FeatureWrapper)[pri:0, instance:com.dsalgoportal.testrunner.TestNGTestRunner@8297b3a]" started-at="2023-09-13T22:03:07 CDT" name="runScenario" description="Runs Cucumber Scenarios" data-provider="scenarios" finished-at="2023-09-13T22:03:08 CDT" duration-ms="607" status="PASS">
          <params>
            <param index="0">
              <value>
                <![CDATA["The user is able to get the error message for invalid syntax"]]>
              </value>
            </param>
            <param index="1">
              <value>
                <![CDATA["Tree feature"]]>
              </value>
            </param>
          </params>
          <reporter-output>
          </reporter-output>
        </test-method> <!-- runScenario -->
        <test-method signature="runScenario(io.cucumber.testng.PickleWrapper,io.cucumber.testng.FeatureWrapper)[pri:0, instance:com.dsalgoportal.testrunner.TestNGTestRunner@8297b3a]" started-at="2023-09-13T22:03:08 CDT" name="runScenario" description="Runs Cucumber Scenarios" data-provider="scenarios" finished-at="2023-09-13T22:03:08 CDT" duration-ms="437" status="PASS">
          <params>
            <param index="0">
              <value>
                <![CDATA["The user is able to navigate to Traversals-Illustration Page"]]>
              </value>
            </param>
            <param index="1">
              <value>
                <![CDATA["Tree feature"]]>
              </value>
            </param>
          </params>
          <reporter-output>
          </reporter-output>
        </test-method> <!-- runScenario -->
        <test-method signature="runScenario(io.cucumber.testng.PickleWrapper,io.cucumber.testng.FeatureWrapper)[pri:0, instance:com.dsalgoportal.testrunner.TestNGTestRunner@8297b3a]" started-at="2023-09-13T22:03:08 CDT" name="runScenario" description="Runs Cucumber Scenarios" data-provider="scenarios" finished-at="2023-09-13T22:03:09 CDT" duration-ms="303" status="PASS">
          <params>
            <param index="0">
              <value>
                <![CDATA["The user is able to navigate to Traversals-Illustration page having an tryeditor"]]>
              </value>
            </param>
            <param index="1">
              <value>
                <![CDATA["Tree feature"]]>
              </value>
            </param>
          </params>
          <reporter-output>
          </reporter-output>
        </test-method> <!-- runScenario -->
        <test-method signature="runScenario(io.cucumber.testng.PickleWrapper,io.cucumber.testng.FeatureWrapper)[pri:0, instance:com.dsalgoportal.testrunner.TestNGTestRunner@8297b3a]" started-at="2023-09-13T22:03:09 CDT" name="runScenario" description="Runs Cucumber Scenarios" data-provider="scenarios" finished-at="2023-09-13T22:03:09 CDT" duration-ms="338" status="PASS">
          <params>
            <param index="0">
              <value>
                <![CDATA["The user is able to run code in tryEditor"]]>
              </value>
            </param>
            <param index="1">
              <value>
                <![CDATA["Tree feature"]]>
              </value>
            </param>
          </params>
          <reporter-output>
          </reporter-output>
        </test-method> <!-- runScenario -->
        <test-method signature="runScenario(io.cucumber.testng.PickleWrapper,io.cucumber.testng.FeatureWrapper)[pri:0, instance:com.dsalgoportal.testrunner.TestNGTestRunner@8297b3a]" started-at="2023-09-13T22:03:09 CDT" name="runScenario" description="Runs Cucumber Scenarios" data-provider="scenarios" finished-at="2023-09-13T22:03:10 CDT" duration-ms="1493" status="PASS">
          <params>
            <param index="0">
              <value>
                <![CDATA["The user is able to get the error message for invalid syntax"]]>
              </value>
            </param>
            <param index="1">
              <value>
                <![CDATA["Tree feature"]]>
              </value>
            </param>
          </params>
          <reporter-output>
          </reporter-output>
        </test-method> <!-- runScenario -->
        <test-method signature="runScenario(io.cucumber.testng.PickleWrapper,io.cucumber.testng.FeatureWrapper)[pri:0, instance:com.dsalgoportal.testrunner.TestNGTestRunner@8297b3a]" started-at="2023-09-13T22:03:10 CDT" name="runScenario" description="Runs Cucumber Scenarios" data-provider="scenarios" finished-at="2023-09-13T22:03:11 CDT" duration-ms="528" status="PASS">
          <params>
            <param index="0">
              <value>
                <![CDATA["The user is able to navigate to Binary Trees Page"]]>
              </value>
            </param>
            <param index="1">
              <value>
                <![CDATA["Tree feature"]]>
              </value>
            </param>
          </params>
          <reporter-output>
          </reporter-output>
        </test-method> <!-- runScenario -->
        <test-method signature="runScenario(io.cucumber.testng.PickleWrapper,io.cucumber.testng.FeatureWrapper)[pri:0, instance:com.dsalgoportal.testrunner.TestNGTestRunner@8297b3a]" started-at="2023-09-13T22:03:11 CDT" name="runScenario" description="Runs Cucumber Scenarios" data-provider="scenarios" finished-at="2023-09-13T22:03:11 CDT" duration-ms="354" status="PASS">
          <params>
            <param index="0">
              <value>
                <![CDATA["The user is able to navigate to Binary Trees page having an tryeditor"]]>
              </value>
            </param>
            <param index="1">
              <value>
                <![CDATA["Tree feature"]]>
              </value>
            </param>
          </params>
          <reporter-output>
          </reporter-output>
        </test-method> <!-- runScenario -->
        <test-method signature="runScenario(io.cucumber.testng.PickleWrapper,io.cucumber.testng.FeatureWrapper)[pri:0, instance:com.dsalgoportal.testrunner.TestNGTestRunner@8297b3a]" started-at="2023-09-13T22:03:11 CDT" name="runScenario" description="Runs Cucumber Scenarios" data-provider="scenarios" finished-at="2023-09-13T22:03:12 CDT" duration-ms="339" status="PASS">
          <params>
            <param index="0">
              <value>
                <![CDATA["The user is able to run code in tryEditor"]]>
              </value>
            </param>
            <param index="1">
              <value>
                <![CDATA["Tree feature"]]>
              </value>
            </param>
          </params>
          <reporter-output>
          </reporter-output>
        </test-method> <!-- runScenario -->
        <test-method signature="runScenario(io.cucumber.testng.PickleWrapper,io.cucumber.testng.FeatureWrapper)[pri:0, instance:com.dsalgoportal.testrunner.TestNGTestRunner@8297b3a]" started-at="2023-09-13T22:03:12 CDT" name="runScenario" description="Runs Cucumber Scenarios" data-provider="scenarios" finished-at="2023-09-13T22:03:12 CDT" duration-ms="652" status="PASS">
          <params>
            <param index="0">
              <value>
                <![CDATA["The user is able to get the error message for invalid syntax"]]>
              </value>
            </param>
            <param index="1">
              <value>
                <![CDATA["Tree feature"]]>
              </value>
            </param>
          </params>
          <reporter-output>
          </reporter-output>
        </test-method> <!-- runScenario -->
        <test-method signature="runScenario(io.cucumber.testng.PickleWrapper,io.cucumber.testng.FeatureWrapper)[pri:0, instance:com.dsalgoportal.testrunner.TestNGTestRunner@8297b3a]" started-at="2023-09-13T22:03:12 CDT" name="runScenario" description="Runs Cucumber Scenarios" data-provider="scenarios" finished-at="2023-09-13T22:03:13 CDT" duration-ms="632" status="PASS">
          <params>
            <param index="0">
              <value>
                <![CDATA["The user is able to navigate to Types of Binary Trees Page"]]>
              </value>
            </param>
            <param index="1">
              <value>
                <![CDATA["Tree feature"]]>
              </value>
            </param>
          </params>
          <reporter-output>
          </reporter-output>
        </test-method> <!-- runScenario -->
        <test-method signature="runScenario(io.cucumber.testng.PickleWrapper,io.cucumber.testng.FeatureWrapper)[pri:0, instance:com.dsalgoportal.testrunner.TestNGTestRunner@8297b3a]" started-at="2023-09-13T22:03:13 CDT" name="runScenario" description="Runs Cucumber Scenarios" data-provider="scenarios" finished-at="2023-09-13T22:03:13 CDT" duration-ms="291" status="PASS">
          <params>
            <param index="0">
              <value>
                <![CDATA["The user is able to navigate to Types of Binary Trees page having an tryeditor"]]>
              </value>
            </param>
            <param index="1">
              <value>
                <![CDATA["Tree feature"]]>
              </value>
            </param>
          </params>
          <reporter-output>
          </reporter-output>
        </test-method> <!-- runScenario -->
        <test-method signature="runScenario(io.cucumber.testng.PickleWrapper,io.cucumber.testng.FeatureWrapper)[pri:0, instance:com.dsalgoportal.testrunner.TestNGTestRunner@8297b3a]" started-at="2023-09-13T22:03:13 CDT" name="runScenario" description="Runs Cucumber Scenarios" data-provider="scenarios" finished-at="2023-09-13T22:03:14 CDT" duration-ms="367" status="PASS">
          <params>
            <param index="0">
              <value>
                <![CDATA["The user is able to run code in tryEditor"]]>
              </value>
            </param>
            <param index="1">
              <value>
                <![CDATA["Tree feature"]]>
              </value>
            </param>
          </params>
          <reporter-output>
          </reporter-output>
        </test-method> <!-- runScenario -->
        <test-method signature="runScenario(io.cucumber.testng.PickleWrapper,io.cucumber.testng.FeatureWrapper)[pri:0, instance:com.dsalgoportal.testrunner.TestNGTestRunner@8297b3a]" started-at="2023-09-13T22:03:14 CDT" name="runScenario" description="Runs Cucumber Scenarios" data-provider="scenarios" finished-at="2023-09-13T22:03:14 CDT" duration-ms="638" status="PASS">
          <params>
            <param index="0">
              <value>
                <![CDATA["The user is able to get the error message for invalid syntax"]]>
              </value>
            </param>
            <param index="1">
              <value>
                <![CDATA["Tree feature"]]>
              </value>
            </param>
          </params>
          <reporter-output>
          </reporter-output>
        </test-method> <!-- runScenario -->
        <test-method signature="runScenario(io.cucumber.testng.PickleWrapper,io.cucumber.testng.FeatureWrapper)[pri:0, instance:com.dsalgoportal.testrunner.TestNGTestRunner@8297b3a]" started-at="2023-09-13T22:03:14 CDT" name="runScenario" description="Runs Cucumber Scenarios" data-provider="scenarios" finished-at="2023-09-13T22:03:15 CDT" duration-ms="434" status="PASS">
          <params>
            <param index="0">
              <value>
                <![CDATA["The user is able to navigate to Implementation in Python Page"]]>
              </value>
            </param>
            <param index="1">
              <value>
                <![CDATA["Tree feature"]]>
              </value>
            </param>
          </params>
          <reporter-output>
          </reporter-output>
        </test-method> <!-- runScenario -->
        <test-method signature="runScenario(io.cucumber.testng.PickleWrapper,io.cucumber.testng.FeatureWrapper)[pri:0, instance:com.dsalgoportal.testrunner.TestNGTestRunner@8297b3a]" started-at="2023-09-13T22:03:15 CDT" name="runScenario" description="Runs Cucumber Scenarios" data-provider="scenarios" finished-at="2023-09-13T22:03:15 CDT" duration-ms="317" status="PASS">
          <params>
            <param index="0">
              <value>
                <![CDATA["The user is able to navigate to Implementation in Python page having an tryeditor"]]>
              </value>
            </param>
            <param index="1">
              <value>
                <![CDATA["Tree feature"]]>
              </value>
            </param>
          </params>
          <reporter-output>
          </reporter-output>
        </test-method> <!-- runScenario -->
        <test-method signature="runScenario(io.cucumber.testng.PickleWrapper,io.cucumber.testng.FeatureWrapper)[pri:0, instance:com.dsalgoportal.testrunner.TestNGTestRunner@8297b3a]" started-at="2023-09-13T22:03:15 CDT" name="runScenario" description="Runs Cucumber Scenarios" data-provider="scenarios" finished-at="2023-09-13T22:03:16 CDT" duration-ms="449" status="PASS">
          <params>
            <param index="0">
              <value>
                <![CDATA["The user is able to run code in tryEditor"]]>
              </value>
            </param>
            <param index="1">
              <value>
                <![CDATA["Tree feature"]]>
              </value>
            </param>
          </params>
          <reporter-output>
          </reporter-output>
        </test-method> <!-- runScenario -->
        <test-method signature="runScenario(io.cucumber.testng.PickleWrapper,io.cucumber.testng.FeatureWrapper)[pri:0, instance:com.dsalgoportal.testrunner.TestNGTestRunner@8297b3a]" started-at="2023-09-13T22:03:16 CDT" name="runScenario" description="Runs Cucumber Scenarios" data-provider="scenarios" finished-at="2023-09-13T22:03:16 CDT" duration-ms="715" status="PASS">
          <params>
            <param index="0">
              <value>
                <![CDATA["The user is able to get the error message for invalid syntax"]]>
              </value>
            </param>
            <param index="1">
              <value>
                <![CDATA["Tree feature"]]>
              </value>
            </param>
          </params>
          <reporter-output>
          </reporter-output>
        </test-method> <!-- runScenario -->
        <test-method signature="runScenario(io.cucumber.testng.PickleWrapper,io.cucumber.testng.FeatureWrapper)[pri:0, instance:com.dsalgoportal.testrunner.TestNGTestRunner@8297b3a]" started-at="2023-09-13T22:03:16 CDT" name="runScenario" description="Runs Cucumber Scenarios" data-provider="scenarios" finished-at="2023-09-13T22:03:17 CDT" duration-ms="447" status="PASS">
          <params>
            <param index="0">
              <value>
                <![CDATA["The user is able to navigate to Binary Tree Traversals Page"]]>
              </value>
            </param>
            <param index="1">
              <value>
                <![CDATA["Tree feature"]]>
              </value>
            </param>
          </params>
          <reporter-output>
          </reporter-output>
        </test-method> <!-- runScenario -->
        <test-method signature="runScenario(io.cucumber.testng.PickleWrapper,io.cucumber.testng.FeatureWrapper)[pri:0, instance:com.dsalgoportal.testrunner.TestNGTestRunner@8297b3a]" started-at="2023-09-13T22:03:17 CDT" name="runScenario" description="Runs Cucumber Scenarios" data-provider="scenarios" finished-at="2023-09-13T22:03:17 CDT" duration-ms="324" status="PASS">
          <params>
            <param index="0">
              <value>
                <![CDATA["The user is able to navigate to Binary Tree Traversals page having an tryeditor"]]>
              </value>
            </param>
            <param index="1">
              <value>
                <![CDATA["Tree feature"]]>
              </value>
            </param>
          </params>
          <reporter-output>
          </reporter-output>
        </test-method> <!-- runScenario -->
        <test-method signature="runScenario(io.cucumber.testng.PickleWrapper,io.cucumber.testng.FeatureWrapper)[pri:0, instance:com.dsalgoportal.testrunner.TestNGTestRunner@8297b3a]" started-at="2023-09-13T22:03:17 CDT" name="runScenario" description="Runs Cucumber Scenarios" data-provider="scenarios" finished-at="2023-09-13T22:03:17 CDT" duration-ms="323" status="PASS">
          <params>
            <param index="0">
              <value>
                <![CDATA["The user is able to run code in tryEditor"]]>
              </value>
            </param>
            <param index="1">
              <value>
                <![CDATA["Tree feature"]]>
              </value>
            </param>
          </params>
          <reporter-output>
          </reporter-output>
        </test-method> <!-- runScenario -->
        <test-method signature="runScenario(io.cucumber.testng.PickleWrapper,io.cucumber.testng.FeatureWrapper)[pri:0, instance:com.dsalgoportal.testrunner.TestNGTestRunner@8297b3a]" started-at="2023-09-13T22:03:17 CDT" name="runScenario" description="Runs Cucumber Scenarios" data-provider="scenarios" finished-at="2023-09-13T22:03:18 CDT" duration-ms="695" status="PASS">
          <params>
            <param index="0">
              <value>
                <![CDATA["The user is able to get the error message for invalid syntax"]]>
              </value>
            </param>
            <param index="1">
              <value>
                <![CDATA["Tree feature"]]>
              </value>
            </param>
          </params>
          <reporter-output>
          </reporter-output>
        </test-method> <!-- runScenario -->
        <test-method signature="runScenario(io.cucumber.testng.PickleWrapper,io.cucumber.testng.FeatureWrapper)[pri:0, instance:com.dsalgoportal.testrunner.TestNGTestRunner@8297b3a]" started-at="2023-09-13T22:03:18 CDT" name="runScenario" description="Runs Cucumber Scenarios" data-provider="scenarios" finished-at="2023-09-13T22:03:18 CDT" duration-ms="398" status="PASS">
          <params>
            <param index="0">
              <value>
                <![CDATA["The user is able to navigate to Applications of Binary trees Page"]]>
              </value>
            </param>
            <param index="1">
              <value>
                <![CDATA["Tree feature"]]>
              </value>
            </param>
          </params>
          <reporter-output>
          </reporter-output>
        </test-method> <!-- runScenario -->
        <test-method signature="runScenario(io.cucumber.testng.PickleWrapper,io.cucumber.testng.FeatureWrapper)[pri:0, instance:com.dsalgoportal.testrunner.TestNGTestRunner@8297b3a]" started-at="2023-09-13T22:03:18 CDT" name="runScenario" description="Runs Cucumber Scenarios" data-provider="scenarios" finished-at="2023-09-13T22:03:20 CDT" duration-ms="1278" status="PASS">
          <params>
            <param index="0">
              <value>
                <![CDATA["The user is able to navigate to Applications of Binary trees page having an tryeditor"]]>
              </value>
            </param>
            <param index="1">
              <value>
                <![CDATA["Tree feature"]]>
              </value>
            </param>
          </params>
          <reporter-output>
          </reporter-output>
        </test-method> <!-- runScenario -->
        <test-method signature="runScenario(io.cucumber.testng.PickleWrapper,io.cucumber.testng.FeatureWrapper)[pri:0, instance:com.dsalgoportal.testrunner.TestNGTestRunner@8297b3a]" started-at="2023-09-13T22:03:20 CDT" name="runScenario" description="Runs Cucumber Scenarios" data-provider="scenarios" finished-at="2023-09-13T22:03:20 CDT" duration-ms="324" status="PASS">
          <params>
            <param index="0">
              <value>
                <![CDATA["The user is able to run code in tryEditor"]]>
              </value>
            </param>
            <param index="1">
              <value>
                <![CDATA["Tree feature"]]>
              </value>
            </param>
          </params>
          <reporter-output>
          </reporter-output>
        </test-method> <!-- runScenario -->
        <test-method signature="runScenario(io.cucumber.testng.PickleWrapper,io.cucumber.testng.FeatureWrapper)[pri:0, instance:com.dsalgoportal.testrunner.TestNGTestRunner@8297b3a]" started-at="2023-09-13T22:03:20 CDT" name="runScenario" description="Runs Cucumber Scenarios" data-provider="scenarios" finished-at="2023-09-13T22:03:22 CDT" duration-ms="1603" status="PASS">
          <params>
            <param index="0">
              <value>
                <![CDATA["The user is able to get the error message for invalid syntax"]]>
              </value>
            </param>
            <param index="1">
              <value>
                <![CDATA["Tree feature"]]>
              </value>
            </param>
          </params>
          <reporter-output>
          </reporter-output>
        </test-method> <!-- runScenario -->
        <test-method signature="runScenario(io.cucumber.testng.PickleWrapper,io.cucumber.testng.FeatureWrapper)[pri:0, instance:com.dsalgoportal.testrunner.TestNGTestRunner@8297b3a]" started-at="2023-09-13T22:03:22 CDT" name="runScenario" description="Runs Cucumber Scenarios" data-provider="scenarios" finished-at="2023-09-13T22:03:26 CDT" duration-ms="4453" status="PASS">
          <params>
            <param index="0">
              <value>
                <![CDATA["The user is able to navigate to Binary Search Trees Page"]]>
              </value>
            </param>
            <param index="1">
              <value>
                <![CDATA["Tree feature"]]>
              </value>
            </param>
          </params>
          <reporter-output>
          </reporter-output>
        </test-method> <!-- runScenario -->
        <test-method signature="runScenario(io.cucumber.testng.PickleWrapper,io.cucumber.testng.FeatureWrapper)[pri:0, instance:com.dsalgoportal.testrunner.TestNGTestRunner@8297b3a]" started-at="2023-09-13T22:03:26 CDT" name="runScenario" description="Runs Cucumber Scenarios" data-provider="scenarios" finished-at="2023-09-13T22:03:26 CDT" duration-ms="332" status="PASS">
          <params>
            <param index="0">
              <value>
                <![CDATA["The user is able to navigate to Binary Search Trees page having an tryeditor"]]>
              </value>
            </param>
            <param index="1">
              <value>
                <![CDATA["Tree feature"]]>
              </value>
            </param>
          </params>
          <reporter-output>
          </reporter-output>
        </test-method> <!-- runScenario -->
        <test-method signature="runScenario(io.cucumber.testng.PickleWrapper,io.cucumber.testng.FeatureWrapper)[pri:0, instance:com.dsalgoportal.testrunner.TestNGTestRunner@8297b3a]" started-at="2023-09-13T22:03:26 CDT" name="runScenario" description="Runs Cucumber Scenarios" data-provider="scenarios" finished-at="2023-09-13T22:03:27 CDT" duration-ms="368" status="PASS">
          <params>
            <param index="0">
              <value>
                <![CDATA["The user is able to run code in tryEditor"]]>
              </value>
            </param>
            <param index="1">
              <value>
                <![CDATA["Tree feature"]]>
              </value>
            </param>
          </params>
          <reporter-output>
          </reporter-output>
        </test-method> <!-- runScenario -->
        <test-method signature="runScenario(io.cucumber.testng.PickleWrapper,io.cucumber.testng.FeatureWrapper)[pri:0, instance:com.dsalgoportal.testrunner.TestNGTestRunner@8297b3a]" started-at="2023-09-13T22:03:27 CDT" name="runScenario" description="Runs Cucumber Scenarios" data-provider="scenarios" finished-at="2023-09-13T22:03:28 CDT" duration-ms="752" status="PASS">
          <params>
            <param index="0">
              <value>
                <![CDATA["The user is able to get the error message for invalid syntax"]]>
              </value>
            </param>
            <param index="1">
              <value>
                <![CDATA["Tree feature"]]>
              </value>
            </param>
          </params>
          <reporter-output>
          </reporter-output>
        </test-method> <!-- runScenario -->
        <test-method signature="runScenario(io.cucumber.testng.PickleWrapper,io.cucumber.testng.FeatureWrapper)[pri:0, instance:com.dsalgoportal.testrunner.TestNGTestRunner@8297b3a]" started-at="2023-09-13T22:03:28 CDT" name="runScenario" description="Runs Cucumber Scenarios" data-provider="scenarios" finished-at="2023-09-13T22:03:28 CDT" duration-ms="374" status="PASS">
          <params>
            <param index="0">
              <value>
                <![CDATA["The user is able to navigate to Implementation Of BST Page"]]>
              </value>
            </param>
            <param index="1">
              <value>
                <![CDATA["Tree feature"]]>
              </value>
            </param>
          </params>
          <reporter-output>
          </reporter-output>
        </test-method> <!-- runScenario -->
        <test-method signature="runScenario(io.cucumber.testng.PickleWrapper,io.cucumber.testng.FeatureWrapper)[pri:0, instance:com.dsalgoportal.testrunner.TestNGTestRunner@8297b3a]" started-at="2023-09-13T22:03:28 CDT" name="runScenario" description="Runs Cucumber Scenarios" data-provider="scenarios" finished-at="2023-09-13T22:03:28 CDT" duration-ms="318" status="PASS">
          <params>
            <param index="0">
              <value>
                <![CDATA["The user is able to navigate to Implementation Of BST page having an tryeditor"]]>
              </value>
            </param>
            <param index="1">
              <value>
                <![CDATA["Tree feature"]]>
              </value>
            </param>
          </params>
          <reporter-output>
          </reporter-output>
        </test-method> <!-- runScenario -->
        <test-method signature="runScenario(io.cucumber.testng.PickleWrapper,io.cucumber.testng.FeatureWrapper)[pri:0, instance:com.dsalgoportal.testrunner.TestNGTestRunner@8297b3a]" started-at="2023-09-13T22:03:28 CDT" name="runScenario" description="Runs Cucumber Scenarios" data-provider="scenarios" finished-at="2023-09-13T22:03:29 CDT" duration-ms="452" status="PASS">
          <params>
            <param index="0">
              <value>
                <![CDATA["The user is able to run code in tryEditor"]]>
              </value>
            </param>
            <param index="1">
              <value>
                <![CDATA["Tree feature"]]>
              </value>
            </param>
          </params>
          <reporter-output>
          </reporter-output>
        </test-method> <!-- runScenario -->
        <test-method signature="runScenario(io.cucumber.testng.PickleWrapper,io.cucumber.testng.FeatureWrapper)[pri:0, instance:com.dsalgoportal.testrunner.TestNGTestRunner@8297b3a]" started-at="2023-09-13T22:03:29 CDT" name="runScenario" description="Runs Cucumber Scenarios" data-provider="scenarios" finished-at="2023-09-13T22:03:29 CDT" duration-ms="643" status="PASS">
          <params>
            <param index="0">
              <value>
                <![CDATA["The user is able to get the error message for invalid syntax"]]>
              </value>
            </param>
            <param index="1">
              <value>
                <![CDATA["Tree feature"]]>
              </value>
            </param>
          </params>
          <reporter-output>
          </reporter-output>
        </test-method> <!-- runScenario -->
        <test-method signature="runScenario(io.cucumber.testng.PickleWrapper,io.cucumber.testng.FeatureWrapper)[pri:0, instance:com.dsalgoportal.testrunner.TestNGTestRunner@8297b3a]" started-at="2023-09-13T22:03:29 CDT" name="runScenario" description="Runs Cucumber Scenarios" data-provider="scenarios" finished-at="2023-09-13T22:03:30 CDT" duration-ms="310" status="PASS">
          <params>
            <param index="0">
              <value>
                <![CDATA["The user is able to navigate to Practice Questions Page"]]>
              </value>
            </param>
            <param index="1">
              <value>
                <![CDATA["Tree feature"]]>
              </value>
            </param>
          </params>
          <reporter-output>
          </reporter-output>
        </test-method> <!-- runScenario -->
        <test-method is-config="true" signature="tearDownClass()[pri:0, instance:com.dsalgoportal.testrunner.TestNGTestRunner@8297b3a]" started-at="2023-09-13T22:03:30 CDT" name="tearDownClass" finished-at="2023-09-13T22:03:30 CDT" duration-ms="442" status="PASS">

          <reporter-output>
          </reporter-output>
        </test-method> <!-- tearDownClass -->
      </class> <!-- com.dsalgoportal.testrunner.TestNGTestRunner -->
    </test> <!-- Default test -->
  </suite> <!-- Default suite -->
</testng-results>
