<?xml version="1.0" encoding="UTF-8"?>
<testng-results ignored="0" total="171" passed="171" failed="0" skipped="0">
  <reporter-output>
  </reporter-output>
  <suite started-at="2023-09-14T16:19:38 CDT" name="Default suite" finished-at="2023-09-14T16:21:57 CDT" duration-ms="139712">
    <groups>
      <group name="cucumber">
        <method signature="AbstractTestNGCucumberTests.runScenario(io.cucumber.testng.PickleWrapper,io.cucumber.testng.FeatureWrapper)[pri:0, instance:com.dsalgoportal.testrunner.TestNGTestRunner@fa4c865]" name="runScenario" class="io.cucumber.testng.AbstractTestNGCucumberTests"/>
      </group> <!-- cucumber -->
    </groups>
    <test started-at="2023-09-14T16:19:38 CDT" name="Default test" finished-at="2023-09-14T16:21:57 CDT" duration-ms="139712">
      <class name="com.dsalgoportal.testrunner.TestNGTestRunner">
        <test-method is-config="true" signature="setUpClass(org.testng.ITestContext)[pri:0, instance:com.dsalgoportal.testrunner.TestNGTestRunner@fa4c865]" started-at="2023-09-14T16:19:38 CDT" name="setUpClass" finished-at="2023-09-14T16:19:43 CDT" duration-ms="5294" status="PASS">
          <params>
            <param index="0">
              <value>
                <![CDATA[org.testng.TestRunner@94d4dd]]>
              </value>
            </param>
          </params>
          <reporter-output>
          </reporter-output>
        </test-method> <!-- setUpClass -->
        <test-method signature="runScenario(io.cucumber.testng.PickleWrapper,io.cucumber.testng.FeatureWrapper)[pri:0, instance:com.dsalgoportal.testrunner.TestNGTestRunner@fa4c865]" started-at="2023-09-14T16:19:43 CDT" name="runScenario" description="Runs Cucumber Scenarios" data-provider="scenarios" finished-at="2023-09-14T16:19:46 CDT" duration-ms="2815" status="PASS">
          <params>
            <param index="0">
              <value>
                <![CDATA["Get started with DsAlgoProject"]]>
              </value>
            </param>
            <param index="1">
              <value>
                <![CDATA["Get started with DsAlgoProject"]]>
              </value>
            </param>
          </params>
          <reporter-output>
          </reporter-output>
        </test-method> <!-- runScenario -->
        <test-method signature="runScenario(io.cucumber.testng.PickleWrapper,io.cucumber.testng.FeatureWrapper)[pri:0, instance:com.dsalgoportal.testrunner.TestNGTestRunner@fa4c865]" started-at="2023-09-14T16:19:46 CDT" name="runScenario" description="Runs Cucumber Scenarios" data-provider="scenarios" finished-at="2023-09-14T16:19:46 CDT" duration-ms="646" status="PASS">
          <params>
            <param index="0">
              <value>
                <![CDATA["Click Register"]]>
              </value>
            </param>
            <param index="1">
              <value>
                <![CDATA["Home"]]>
              </value>
            </param>
          </params>
          <reporter-output>
          </reporter-output>
        </test-method> <!-- runScenario -->
        <test-method signature="runScenario(io.cucumber.testng.PickleWrapper,io.cucumber.testng.FeatureWrapper)[pri:0, instance:com.dsalgoportal.testrunner.TestNGTestRunner@fa4c865]" started-at="2023-09-14T16:19:46 CDT" name="runScenario" description="Runs Cucumber Scenarios" data-provider="scenarios" finished-at="2023-09-14T16:19:47 CDT" duration-ms="631" status="PASS">
          <params>
            <param index="0">
              <value>
                <![CDATA["Click Sign In"]]>
              </value>
            </param>
            <param index="1">
              <value>
                <![CDATA["Home"]]>
              </value>
            </param>
          </params>
          <reporter-output>
          </reporter-output>
        </test-method> <!-- runScenario -->
        <test-method signature="runScenario(io.cucumber.testng.PickleWrapper,io.cucumber.testng.FeatureWrapper)[pri:0, instance:com.dsalgoportal.testrunner.TestNGTestRunner@fa4c865]" started-at="2023-09-14T16:19:47 CDT" name="runScenario" description="Runs Cucumber Scenarios" data-provider="scenarios" finished-at="2023-09-14T16:19:48 CDT" duration-ms="1190" status="PASS">
          <params>
            <param index="0">
              <value>
                <![CDATA["Click on DataStructure DropDown without login"]]>
              </value>
            </param>
            <param index="1">
              <value>
                <![CDATA["Home"]]>
              </value>
            </param>
          </params>
          <reporter-output>
          </reporter-output>
        </test-method> <!-- runScenario -->
        <test-method signature="runScenario(io.cucumber.testng.PickleWrapper,io.cucumber.testng.FeatureWrapper)[pri:0, instance:com.dsalgoportal.testrunner.TestNGTestRunner@fa4c865]" started-at="2023-09-14T16:19:48 CDT" name="runScenario" description="Runs Cucumber Scenarios" data-provider="scenarios" finished-at="2023-09-14T16:19:49 CDT" duration-ms="787" status="PASS">
          <params>
            <param index="0">
              <value>
                <![CDATA["Click on DataStructure DropDown without login"]]>
              </value>
            </param>
            <param index="1">
              <value>
                <![CDATA["Home"]]>
              </value>
            </param>
          </params>
          <reporter-output>
          </reporter-output>
        </test-method> <!-- runScenario -->
        <test-method signature="runScenario(io.cucumber.testng.PickleWrapper,io.cucumber.testng.FeatureWrapper)[pri:0, instance:com.dsalgoportal.testrunner.TestNGTestRunner@fa4c865]" started-at="2023-09-14T16:19:49 CDT" name="runScenario" description="Runs Cucumber Scenarios" data-provider="scenarios" finished-at="2023-09-14T16:19:50 CDT" duration-ms="752" status="PASS">
          <params>
            <param index="0">
              <value>
                <![CDATA["Click on DataStructure DropDown without login"]]>
              </value>
            </param>
            <param index="1">
              <value>
                <![CDATA["Home"]]>
              </value>
            </param>
          </params>
          <reporter-output>
          </reporter-output>
        </test-method> <!-- runScenario -->
        <test-method signature="runScenario(io.cucumber.testng.PickleWrapper,io.cucumber.testng.FeatureWrapper)[pri:0, instance:com.dsalgoportal.testrunner.TestNGTestRunner@fa4c865]" started-at="2023-09-14T16:19:50 CDT" name="runScenario" description="Runs Cucumber Scenarios" data-provider="scenarios" finished-at="2023-09-14T16:19:51 CDT" duration-ms="789" status="PASS">
          <params>
            <param index="0">
              <value>
                <![CDATA["Click on DataStructure DropDown without login"]]>
              </value>
            </param>
            <param index="1">
              <value>
                <![CDATA["Home"]]>
              </value>
            </param>
          </params>
          <reporter-output>
          </reporter-output>
        </test-method> <!-- runScenario -->
        <test-method signature="runScenario(io.cucumber.testng.PickleWrapper,io.cucumber.testng.FeatureWrapper)[pri:0, instance:com.dsalgoportal.testrunner.TestNGTestRunner@fa4c865]" started-at="2023-09-14T16:19:51 CDT" name="runScenario" description="Runs Cucumber Scenarios" data-provider="scenarios" finished-at="2023-09-14T16:19:51 CDT" duration-ms="776" status="PASS">
          <params>
            <param index="0">
              <value>
                <![CDATA["Click on DataStructure DropDown without login"]]>
              </value>
            </param>
            <param index="1">
              <value>
                <![CDATA["Home"]]>
              </value>
            </param>
          </params>
          <reporter-output>
          </reporter-output>
        </test-method> <!-- runScenario -->
        <test-method signature="runScenario(io.cucumber.testng.PickleWrapper,io.cucumber.testng.FeatureWrapper)[pri:0, instance:com.dsalgoportal.testrunner.TestNGTestRunner@fa4c865]" started-at="2023-09-14T16:19:51 CDT" name="runScenario" description="Runs Cucumber Scenarios" data-provider="scenarios" finished-at="2023-09-14T16:19:52 CDT" duration-ms="787" status="PASS">
          <params>
            <param index="0">
              <value>
                <![CDATA["Click on DataStructure DropDown without login"]]>
              </value>
            </param>
            <param index="1">
              <value>
                <![CDATA["Home"]]>
              </value>
            </param>
          </params>
          <reporter-output>
          </reporter-output>
        </test-method> <!-- runScenario -->
        <test-method signature="runScenario(io.cucumber.testng.PickleWrapper,io.cucumber.testng.FeatureWrapper)[pri:0, instance:com.dsalgoportal.testrunner.TestNGTestRunner@fa4c865]" started-at="2023-09-14T16:19:52 CDT" name="runScenario" description="Runs Cucumber Scenarios" data-provider="scenarios" finished-at="2023-09-14T16:19:53 CDT" duration-ms="700" status="PASS">
          <params>
            <param index="0">
              <value>
                <![CDATA["Click on Get Started of Each DataStructure Section without login"]]>
              </value>
            </param>
            <param index="1">
              <value>
                <![CDATA["Home"]]>
              </value>
            </param>
          </params>
          <reporter-output>
          </reporter-output>
        </test-method> <!-- runScenario -->
        <test-method signature="runScenario(io.cucumber.testng.PickleWrapper,io.cucumber.testng.FeatureWrapper)[pri:0, instance:com.dsalgoportal.testrunner.TestNGTestRunner@fa4c865]" started-at="2023-09-14T16:19:53 CDT" name="runScenario" description="Runs Cucumber Scenarios" data-provider="scenarios" finished-at="2023-09-14T16:19:54 CDT" duration-ms="713" status="PASS">
          <params>
            <param index="0">
              <value>
                <![CDATA["Click on Get Started of Each DataStructure Section without login"]]>
              </value>
            </param>
            <param index="1">
              <value>
                <![CDATA["Home"]]>
              </value>
            </param>
          </params>
          <reporter-output>
          </reporter-output>
        </test-method> <!-- runScenario -->
        <test-method signature="runScenario(io.cucumber.testng.PickleWrapper,io.cucumber.testng.FeatureWrapper)[pri:0, instance:com.dsalgoportal.testrunner.TestNGTestRunner@fa4c865]" started-at="2023-09-14T16:19:54 CDT" name="runScenario" description="Runs Cucumber Scenarios" data-provider="scenarios" finished-at="2023-09-14T16:19:54 CDT" duration-ms="628" status="PASS">
          <params>
            <param index="0">
              <value>
                <![CDATA["Click on Get Started of Each DataStructure Section without login"]]>
              </value>
            </param>
            <param index="1">
              <value>
                <![CDATA["Home"]]>
              </value>
            </param>
          </params>
          <reporter-output>
          </reporter-output>
        </test-method> <!-- runScenario -->
        <test-method signature="runScenario(io.cucumber.testng.PickleWrapper,io.cucumber.testng.FeatureWrapper)[pri:0, instance:com.dsalgoportal.testrunner.TestNGTestRunner@fa4c865]" started-at="2023-09-14T16:19:54 CDT" name="runScenario" description="Runs Cucumber Scenarios" data-provider="scenarios" finished-at="2023-09-14T16:19:55 CDT" duration-ms="639" status="PASS">
          <params>
            <param index="0">
              <value>
                <![CDATA["Click on Get Started of Each DataStructure Section without login"]]>
              </value>
            </param>
            <param index="1">
              <value>
                <![CDATA["Home"]]>
              </value>
            </param>
          </params>
          <reporter-output>
          </reporter-output>
        </test-method> <!-- runScenario -->
        <test-method signature="runScenario(io.cucumber.testng.PickleWrapper,io.cucumber.testng.FeatureWrapper)[pri:0, instance:com.dsalgoportal.testrunner.TestNGTestRunner@fa4c865]" started-at="2023-09-14T16:19:55 CDT" name="runScenario" description="Runs Cucumber Scenarios" data-provider="scenarios" finished-at="2023-09-14T16:19:55 CDT" duration-ms="641" status="PASS">
          <params>
            <param index="0">
              <value>
                <![CDATA["Click on Get Started of Each DataStructure Section without login"]]>
              </value>
            </param>
            <param index="1">
              <value>
                <![CDATA["Home"]]>
              </value>
            </param>
          </params>
          <reporter-output>
          </reporter-output>
        </test-method> <!-- runScenario -->
        <test-method signature="runScenario(io.cucumber.testng.PickleWrapper,io.cucumber.testng.FeatureWrapper)[pri:0, instance:com.dsalgoportal.testrunner.TestNGTestRunner@fa4c865]" started-at="2023-09-14T16:19:55 CDT" name="runScenario" description="Runs Cucumber Scenarios" data-provider="scenarios" finished-at="2023-09-14T16:19:56 CDT" duration-ms="691" status="PASS">
          <params>
            <param index="0">
              <value>
                <![CDATA["Click on Get Started of Each DataStructure Section without login"]]>
              </value>
            </param>
            <param index="1">
              <value>
                <![CDATA["Home"]]>
              </value>
            </param>
          </params>
          <reporter-output>
          </reporter-output>
        </test-method> <!-- runScenario -->
        <test-method signature="runScenario(io.cucumber.testng.PickleWrapper,io.cucumber.testng.FeatureWrapper)[pri:0, instance:com.dsalgoportal.testrunner.TestNGTestRunner@fa4c865]" started-at="2023-09-14T16:19:56 CDT" name="runScenario" description="Runs Cucumber Scenarios" data-provider="scenarios" finished-at="2023-09-14T16:19:57 CDT" duration-ms="611" status="PASS">
          <params>
            <param index="0">
              <value>
                <![CDATA["Click on Get Started of Each DataStructure Section without login"]]>
              </value>
            </param>
            <param index="1">
              <value>
                <![CDATA["Home"]]>
              </value>
            </param>
          </params>
          <reporter-output>
          </reporter-output>
        </test-method> <!-- runScenario -->
        <test-method signature="runScenario(io.cucumber.testng.PickleWrapper,io.cucumber.testng.FeatureWrapper)[pri:0, instance:com.dsalgoportal.testrunner.TestNGTestRunner@fa4c865]" started-at="2023-09-14T16:19:57 CDT" name="runScenario" description="Runs Cucumber Scenarios" data-provider="scenarios" finished-at="2023-09-14T16:19:58 CDT" duration-ms="887" status="PASS">
          <params>
            <param index="0">
              <value>
                <![CDATA["Check for empty field use case"]]>
              </value>
            </param>
            <param index="1">
              <value>
                <![CDATA["Register"]]>
              </value>
            </param>
          </params>
          <reporter-output>
          </reporter-output>
        </test-method> <!-- runScenario -->
        <test-method signature="runScenario(io.cucumber.testng.PickleWrapper,io.cucumber.testng.FeatureWrapper)[pri:0, instance:com.dsalgoportal.testrunner.TestNGTestRunner@fa4c865]" started-at="2023-09-14T16:19:58 CDT" name="runScenario" description="Runs Cucumber Scenarios" data-provider="scenarios" finished-at="2023-09-14T16:19:59 CDT" duration-ms="892" status="PASS">
          <params>
            <param index="0">
              <value>
                <![CDATA["Check for empty field use case"]]>
              </value>
            </param>
            <param index="1">
              <value>
                <![CDATA["Register"]]>
              </value>
            </param>
          </params>
          <reporter-output>
          </reporter-output>
        </test-method> <!-- runScenario -->
        <test-method signature="runScenario(io.cucumber.testng.PickleWrapper,io.cucumber.testng.FeatureWrapper)[pri:0, instance:com.dsalgoportal.testrunner.TestNGTestRunner@fa4c865]" started-at="2023-09-14T16:19:59 CDT" name="runScenario" description="Runs Cucumber Scenarios" data-provider="scenarios" finished-at="2023-09-14T16:19:59 CDT" duration-ms="914" status="PASS">
          <params>
            <param index="0">
              <value>
                <![CDATA["Check for empty field use case"]]>
              </value>
            </param>
            <param index="1">
              <value>
                <![CDATA["Register"]]>
              </value>
            </param>
          </params>
          <reporter-output>
          </reporter-output>
        </test-method> <!-- runScenario -->
        <test-method signature="runScenario(io.cucumber.testng.PickleWrapper,io.cucumber.testng.FeatureWrapper)[pri:0, instance:com.dsalgoportal.testrunner.TestNGTestRunner@fa4c865]" started-at="2023-09-14T16:19:59 CDT" name="runScenario" description="Runs Cucumber Scenarios" data-provider="scenarios" finished-at="2023-09-14T16:20:00 CDT" duration-ms="1024" status="PASS">
          <params>
            <param index="0">
              <value>
                <![CDATA["Check for empty field use case"]]>
              </value>
            </param>
            <param index="1">
              <value>
                <![CDATA["Register"]]>
              </value>
            </param>
          </params>
          <reporter-output>
          </reporter-output>
        </test-method> <!-- runScenario -->
        <test-method signature="runScenario(io.cucumber.testng.PickleWrapper,io.cucumber.testng.FeatureWrapper)[pri:0, instance:com.dsalgoportal.testrunner.TestNGTestRunner@fa4c865]" started-at="2023-09-14T16:20:00 CDT" name="runScenario" description="Runs Cucumber Scenarios" data-provider="scenarios" finished-at="2023-09-14T16:20:02 CDT" duration-ms="1063" status="PASS">
          <params>
            <param index="0">
              <value>
                <![CDATA["Check for Password mismatch"]]>
              </value>
            </param>
            <param index="1">
              <value>
                <![CDATA["Register"]]>
              </value>
            </param>
          </params>
          <reporter-output>
          </reporter-output>
        </test-method> <!-- runScenario -->
        <test-method signature="runScenario(io.cucumber.testng.PickleWrapper,io.cucumber.testng.FeatureWrapper)[pri:0, instance:com.dsalgoportal.testrunner.TestNGTestRunner@fa4c865]" started-at="2023-09-14T16:20:02 CDT" name="runScenario" description="Runs Cucumber Scenarios" data-provider="scenarios" finished-at="2023-09-14T16:20:03 CDT" duration-ms="997" status="PASS">
          <params>
            <param index="0">
              <value>
                <![CDATA["Check for Password with only numbers"]]>
              </value>
            </param>
            <param index="1">
              <value>
                <![CDATA["Register"]]>
              </value>
            </param>
          </params>
          <reporter-output>
          </reporter-output>
        </test-method> <!-- runScenario -->
        <test-method signature="runScenario(io.cucumber.testng.PickleWrapper,io.cucumber.testng.FeatureWrapper)[pri:0, instance:com.dsalgoportal.testrunner.TestNGTestRunner@fa4c865]" started-at="2023-09-14T16:20:03 CDT" name="runScenario" description="Runs Cucumber Scenarios" data-provider="scenarios" finished-at="2023-09-14T16:20:04 CDT" duration-ms="985" status="PASS">
          <params>
            <param index="0">
              <value>
                <![CDATA["Check for Password similar to username"]]>
              </value>
            </param>
            <param index="1">
              <value>
                <![CDATA["Register"]]>
              </value>
            </param>
          </params>
          <reporter-output>
          </reporter-output>
        </test-method> <!-- runScenario -->
        <test-method signature="runScenario(io.cucumber.testng.PickleWrapper,io.cucumber.testng.FeatureWrapper)[pri:0, instance:com.dsalgoportal.testrunner.TestNGTestRunner@fa4c865]" started-at="2023-09-14T16:20:04 CDT" name="runScenario" description="Runs Cucumber Scenarios" data-provider="scenarios" finished-at="2023-09-14T16:20:05 CDT" duration-ms="978" status="PASS">
          <params>
            <param index="0">
              <value>
                <![CDATA["Check for error message for commonly used password"]]>
              </value>
            </param>
            <param index="1">
              <value>
                <![CDATA["Register"]]>
              </value>
            </param>
          </params>
          <reporter-output>
          </reporter-output>
        </test-method> <!-- runScenario -->
        <test-method signature="runScenario(io.cucumber.testng.PickleWrapper,io.cucumber.testng.FeatureWrapper)[pri:0, instance:com.dsalgoportal.testrunner.TestNGTestRunner@fa4c865]" started-at="2023-09-14T16:20:05 CDT" name="runScenario" description="Runs Cucumber Scenarios" data-provider="scenarios" finished-at="2023-09-14T16:20:05 CDT" duration-ms="963" status="PASS">
          <params>
            <param index="0">
              <value>
                <![CDATA["Check for error message for password with characters less than 8"]]>
              </value>
            </param>
            <param index="1">
              <value>
                <![CDATA["Register"]]>
              </value>
            </param>
          </params>
          <reporter-output>
          </reporter-output>
        </test-method> <!-- runScenario -->
        <test-method signature="runScenario(io.cucumber.testng.PickleWrapper,io.cucumber.testng.FeatureWrapper)[pri:0, instance:com.dsalgoportal.testrunner.TestNGTestRunner@fa4c865]" started-at="2023-09-14T16:20:05 CDT" name="runScenario" description="Runs Cucumber Scenarios" data-provider="scenarios" finished-at="2023-09-14T16:20:06 CDT" duration-ms="758" status="PASS">
          <params>
            <param index="0">
              <value>
                <![CDATA["The user is able to signin with registered credential"]]>
              </value>
            </param>
            <param index="1">
              <value>
                <![CDATA["SignIn feature"]]>
              </value>
            </param>
          </params>
          <reporter-output>
          </reporter-output>
        </test-method> <!-- runScenario -->
        <test-method signature="runScenario(io.cucumber.testng.PickleWrapper,io.cucumber.testng.FeatureWrapper)[pri:0, instance:com.dsalgoportal.testrunner.TestNGTestRunner@fa4c865]" started-at="2023-09-14T16:20:06 CDT" name="runScenario" description="Runs Cucumber Scenarios" data-provider="scenarios" finished-at="2023-09-14T16:20:07 CDT" duration-ms="557" status="PASS">
          <params>
            <param index="0">
              <value>
                <![CDATA["Verifying Register link"]]>
              </value>
            </param>
            <param index="1">
              <value>
                <![CDATA["SignIn feature"]]>
              </value>
            </param>
          </params>
          <reporter-output>
          </reporter-output>
        </test-method> <!-- runScenario -->
        <test-method signature="runScenario(io.cucumber.testng.PickleWrapper,io.cucumber.testng.FeatureWrapper)[pri:0, instance:com.dsalgoportal.testrunner.TestNGTestRunner@fa4c865]" started-at="2023-09-14T16:20:07 CDT" name="runScenario" description="Runs Cucumber Scenarios" data-provider="scenarios" finished-at="2023-09-14T16:20:08 CDT" duration-ms="821" status="PASS">
          <params>
            <param index="0">
              <value>
                <![CDATA["User on login page and login with invalid inputs"]]>
              </value>
            </param>
            <param index="1">
              <value>
                <![CDATA["SignIn feature"]]>
              </value>
            </param>
          </params>
          <reporter-output>
          </reporter-output>
        </test-method> <!-- runScenario -->
        <test-method signature="runScenario(io.cucumber.testng.PickleWrapper,io.cucumber.testng.FeatureWrapper)[pri:0, instance:com.dsalgoportal.testrunner.TestNGTestRunner@fa4c865]" started-at="2023-09-14T16:20:08 CDT" name="runScenario" description="Runs Cucumber Scenarios" data-provider="scenarios" finished-at="2023-09-14T16:20:09 CDT" duration-ms="1645" status="PASS">
          <params>
            <param index="0">
              <value>
                <![CDATA["User invalid and valid inputs from Excel on login page and login with"]]>
              </value>
            </param>
            <param index="1">
              <value>
                <![CDATA["SignIn feature"]]>
              </value>
            </param>
          </params>
          <reporter-output>
          </reporter-output>
        </test-method> <!-- runScenario -->
        <test-method signature="runScenario(io.cucumber.testng.PickleWrapper,io.cucumber.testng.FeatureWrapper)[pri:0, instance:com.dsalgoportal.testrunner.TestNGTestRunner@fa4c865]" started-at="2023-09-14T16:20:09 CDT" name="runScenario" description="Runs Cucumber Scenarios" data-provider="scenarios" finished-at="2023-09-14T16:20:10 CDT" duration-ms="1012" status="PASS">
          <params>
            <param index="0">
              <value>
                <![CDATA["User invalid and valid inputs from Excel on login page and login with"]]>
              </value>
            </param>
            <param index="1">
              <value>
                <![CDATA["SignIn feature"]]>
              </value>
            </param>
          </params>
          <reporter-output>
          </reporter-output>
        </test-method> <!-- runScenario -->
        <test-method signature="runScenario(io.cucumber.testng.PickleWrapper,io.cucumber.testng.FeatureWrapper)[pri:0, instance:com.dsalgoportal.testrunner.TestNGTestRunner@fa4c865]" started-at="2023-09-14T16:20:10 CDT" name="runScenario" description="Runs Cucumber Scenarios" data-provider="scenarios" finished-at="2023-09-14T16:20:11 CDT" duration-ms="904" status="PASS">
          <params>
            <param index="0">
              <value>
                <![CDATA["User invalid and valid inputs from Excel on login page and login with"]]>
              </value>
            </param>
            <param index="1">
              <value>
                <![CDATA["SignIn feature"]]>
              </value>
            </param>
          </params>
          <reporter-output>
          </reporter-output>
        </test-method> <!-- runScenario -->
        <test-method signature="runScenario(io.cucumber.testng.PickleWrapper,io.cucumber.testng.FeatureWrapper)[pri:0, instance:com.dsalgoportal.testrunner.TestNGTestRunner@fa4c865]" started-at="2023-09-14T16:20:11 CDT" name="runScenario" description="Runs Cucumber Scenarios" data-provider="scenarios" finished-at="2023-09-14T16:20:12 CDT" duration-ms="1137" status="PASS">
          <params>
            <param index="0">
              <value>
                <![CDATA["Verifying signout link"]]>
              </value>
            </param>
            <param index="1">
              <value>
                <![CDATA["SignIn feature"]]>
              </value>
            </param>
          </params>
          <reporter-output>
          </reporter-output>
        </test-method> <!-- runScenario -->
        <test-method signature="runScenario(io.cucumber.testng.PickleWrapper,io.cucumber.testng.FeatureWrapper)[pri:0, instance:com.dsalgoportal.testrunner.TestNGTestRunner@fa4c865]" started-at="2023-09-14T16:20:12 CDT" name="runScenario" description="Runs Cucumber Scenarios" data-provider="scenarios" finished-at="2023-09-14T16:20:13 CDT" duration-ms="771" status="PASS">
          <params>
            <param index="0">
              <value>
                <![CDATA["User Logs into the DSAlgo Portal"]]>
              </value>
            </param>
            <param index="1">
              <value>
                <![CDATA["Arrays"]]>
              </value>
            </param>
          </params>
          <reporter-output>
          </reporter-output>
        </test-method> <!-- runScenario -->
        <test-method signature="runScenario(io.cucumber.testng.PickleWrapper,io.cucumber.testng.FeatureWrapper)[pri:0, instance:com.dsalgoportal.testrunner.TestNGTestRunner@fa4c865]" started-at="2023-09-14T16:20:13 CDT" name="runScenario" description="Runs Cucumber Scenarios" data-provider="scenarios" finished-at="2023-09-14T16:20:14 CDT" duration-ms="532" status="PASS">
          <params>
            <param index="0">
              <value>
                <![CDATA["User is on the Array page"]]>
              </value>
            </param>
            <param index="1">
              <value>
                <![CDATA["Arrays"]]>
              </value>
            </param>
          </params>
          <reporter-output>
          </reporter-output>
        </test-method> <!-- runScenario -->
        <test-method signature="runScenario(io.cucumber.testng.PickleWrapper,io.cucumber.testng.FeatureWrapper)[pri:0, instance:com.dsalgoportal.testrunner.TestNGTestRunner@fa4c865]" started-at="2023-09-14T16:20:14 CDT" name="runScenario" description="Runs Cucumber Scenarios" data-provider="scenarios" finished-at="2023-09-14T16:20:14 CDT" duration-ms="481" status="PASS">
          <params>
            <param index="0">
              <value>
                <![CDATA["User is on the Arrays in Python page."]]>
              </value>
            </param>
            <param index="1">
              <value>
                <![CDATA["Arrays"]]>
              </value>
            </param>
          </params>
          <reporter-output>
          </reporter-output>
        </test-method> <!-- runScenario -->
        <test-method signature="runScenario(io.cucumber.testng.PickleWrapper,io.cucumber.testng.FeatureWrapper)[pri:0, instance:com.dsalgoportal.testrunner.TestNGTestRunner@fa4c865]" started-at="2023-09-14T16:20:14 CDT" name="runScenario" description="Runs Cucumber Scenarios" data-provider="scenarios" finished-at="2023-09-14T16:20:16 CDT" duration-ms="1531" status="PASS">
          <params>
            <param index="0">
              <value>
                <![CDATA["User is on the tryeditor page of Arrays in python."]]>
              </value>
            </param>
            <param index="1">
              <value>
                <![CDATA["Arrays"]]>
              </value>
            </param>
          </params>
          <reporter-output>
          </reporter-output>
        </test-method> <!-- runScenario -->
        <test-method signature="runScenario(io.cucumber.testng.PickleWrapper,io.cucumber.testng.FeatureWrapper)[pri:0, instance:com.dsalgoportal.testrunner.TestNGTestRunner@fa4c865]" started-at="2023-09-14T16:20:16 CDT" name="runScenario" description="Runs Cucumber Scenarios" data-provider="scenarios" finished-at="2023-09-14T16:20:16 CDT" duration-ms="559" status="PASS">
          <params>
            <param index="0">
              <value>
                <![CDATA["The user runs a valid python code in tryeditor."]]>
              </value>
            </param>
            <param index="1">
              <value>
                <![CDATA["Arrays"]]>
              </value>
            </param>
          </params>
          <reporter-output>
          </reporter-output>
        </test-method> <!-- runScenario -->
        <test-method signature="runScenario(io.cucumber.testng.PickleWrapper,io.cucumber.testng.FeatureWrapper)[pri:0, instance:com.dsalgoportal.testrunner.TestNGTestRunner@fa4c865]" started-at="2023-09-14T16:20:16 CDT" name="runScenario" description="Runs Cucumber Scenarios" data-provider="scenarios" finished-at="2023-09-14T16:20:17 CDT" duration-ms="855" status="PASS">
          <params>
            <param index="0">
              <value>
                <![CDATA["The user runs a invalid code in Editor"]]>
              </value>
            </param>
            <param index="1">
              <value>
                <![CDATA["Arrays"]]>
              </value>
            </param>
          </params>
          <reporter-output>
          </reporter-output>
        </test-method> <!-- runScenario -->
        <test-method signature="runScenario(io.cucumber.testng.PickleWrapper,io.cucumber.testng.FeatureWrapper)[pri:0, instance:com.dsalgoportal.testrunner.TestNGTestRunner@fa4c865]" started-at="2023-09-14T16:20:17 CDT" name="runScenario" description="Runs Cucumber Scenarios" data-provider="scenarios" finished-at="2023-09-14T16:20:17 CDT" duration-ms="380" status="PASS">
          <params>
            <param index="0">
              <value>
                <![CDATA["The user needs to navigate to Array Using List page"]]>
              </value>
            </param>
            <param index="1">
              <value>
                <![CDATA["Arrays"]]>
              </value>
            </param>
          </params>
          <reporter-output>
          </reporter-output>
        </test-method> <!-- runScenario -->
        <test-method signature="runScenario(io.cucumber.testng.PickleWrapper,io.cucumber.testng.FeatureWrapper)[pri:0, instance:com.dsalgoportal.testrunner.TestNGTestRunner@fa4c865]" started-at="2023-09-14T16:20:17 CDT" name="runScenario" description="Runs Cucumber Scenarios" data-provider="scenarios" finished-at="2023-09-14T16:20:18 CDT" duration-ms="326" status="PASS">
          <params>
            <param index="0">
              <value>
                <![CDATA["The user is able to redirect to try Editor for Arrays Using List page"]]>
              </value>
            </param>
            <param index="1">
              <value>
                <![CDATA["Arrays"]]>
              </value>
            </param>
          </params>
          <reporter-output>
          </reporter-output>
        </test-method> <!-- runScenario -->
        <test-method signature="runScenario(io.cucumber.testng.PickleWrapper,io.cucumber.testng.FeatureWrapper)[pri:0, instance:com.dsalgoportal.testrunner.TestNGTestRunner@fa4c865]" started-at="2023-09-14T16:20:18 CDT" name="runScenario" description="Runs Cucumber Scenarios" data-provider="scenarios" finished-at="2023-09-14T16:20:18 CDT" duration-ms="626" status="PASS">
          <params>
            <param index="0">
              <value>
                <![CDATA["The user runs a valid python code in tryeditor."]]>
              </value>
            </param>
            <param index="1">
              <value>
                <![CDATA["Arrays"]]>
              </value>
            </param>
          </params>
          <reporter-output>
          </reporter-output>
        </test-method> <!-- runScenario -->
        <test-method signature="runScenario(io.cucumber.testng.PickleWrapper,io.cucumber.testng.FeatureWrapper)[pri:0, instance:com.dsalgoportal.testrunner.TestNGTestRunner@fa4c865]" started-at="2023-09-14T16:20:18 CDT" name="runScenario" description="Runs Cucumber Scenarios" data-provider="scenarios" finished-at="2023-09-14T16:20:19 CDT" duration-ms="822" status="PASS">
          <params>
            <param index="0">
              <value>
                <![CDATA["The user runs a invalid code in Editor"]]>
              </value>
            </param>
            <param index="1">
              <value>
                <![CDATA["Arrays"]]>
              </value>
            </param>
          </params>
          <reporter-output>
          </reporter-output>
        </test-method> <!-- runScenario -->
        <test-method signature="runScenario(io.cucumber.testng.PickleWrapper,io.cucumber.testng.FeatureWrapper)[pri:0, instance:com.dsalgoportal.testrunner.TestNGTestRunner@fa4c865]" started-at="2023-09-14T16:20:19 CDT" name="runScenario" description="Runs Cucumber Scenarios" data-provider="scenarios" finished-at="2023-09-14T16:20:20 CDT" duration-ms="317" status="PASS">
          <params>
            <param index="0">
              <value>
                <![CDATA["The user needs to navigate to Basic Operations in List page"]]>
              </value>
            </param>
            <param index="1">
              <value>
                <![CDATA["Arrays"]]>
              </value>
            </param>
          </params>
          <reporter-output>
          </reporter-output>
        </test-method> <!-- runScenario -->
        <test-method signature="runScenario(io.cucumber.testng.PickleWrapper,io.cucumber.testng.FeatureWrapper)[pri:0, instance:com.dsalgoportal.testrunner.TestNGTestRunner@fa4c865]" started-at="2023-09-14T16:20:20 CDT" name="runScenario" description="Runs Cucumber Scenarios" data-provider="scenarios" finished-at="2023-09-14T16:20:20 CDT" duration-ms="361" status="PASS">
          <params>
            <param index="0">
              <value>
                <![CDATA["The user is able to redirect to try Editor for Basic Operations in List page"]]>
              </value>
            </param>
            <param index="1">
              <value>
                <![CDATA["Arrays"]]>
              </value>
            </param>
          </params>
          <reporter-output>
          </reporter-output>
        </test-method> <!-- runScenario -->
        <test-method signature="runScenario(io.cucumber.testng.PickleWrapper,io.cucumber.testng.FeatureWrapper)[pri:0, instance:com.dsalgoportal.testrunner.TestNGTestRunner@fa4c865]" started-at="2023-09-14T16:20:20 CDT" name="runScenario" description="Runs Cucumber Scenarios" data-provider="scenarios" finished-at="2023-09-14T16:20:20 CDT" duration-ms="544" status="PASS">
          <params>
            <param index="0">
              <value>
                <![CDATA["The user runs a valid python code in tryeditor."]]>
              </value>
            </param>
            <param index="1">
              <value>
                <![CDATA["Arrays"]]>
              </value>
            </param>
          </params>
          <reporter-output>
          </reporter-output>
        </test-method> <!-- runScenario -->
        <test-method signature="runScenario(io.cucumber.testng.PickleWrapper,io.cucumber.testng.FeatureWrapper)[pri:0, instance:com.dsalgoportal.testrunner.TestNGTestRunner@fa4c865]" started-at="2023-09-14T16:20:20 CDT" name="runScenario" description="Runs Cucumber Scenarios" data-provider="scenarios" finished-at="2023-09-14T16:20:21 CDT" duration-ms="819" status="PASS">
          <params>
            <param index="0">
              <value>
                <![CDATA["The user runs a invalid code in Editor"]]>
              </value>
            </param>
            <param index="1">
              <value>
                <![CDATA["Arrays"]]>
              </value>
            </param>
          </params>
          <reporter-output>
          </reporter-output>
        </test-method> <!-- runScenario -->
        <test-method signature="runScenario(io.cucumber.testng.PickleWrapper,io.cucumber.testng.FeatureWrapper)[pri:0, instance:com.dsalgoportal.testrunner.TestNGTestRunner@fa4c865]" started-at="2023-09-14T16:20:21 CDT" name="runScenario" description="Runs Cucumber Scenarios" data-provider="scenarios" finished-at="2023-09-14T16:20:22 CDT" duration-ms="336" status="PASS">
          <params>
            <param index="0">
              <value>
                <![CDATA["The user needs to navigate to Applications of Array page"]]>
              </value>
            </param>
            <param index="1">
              <value>
                <![CDATA["Arrays"]]>
              </value>
            </param>
          </params>
          <reporter-output>
          </reporter-output>
        </test-method> <!-- runScenario -->
        <test-method signature="runScenario(io.cucumber.testng.PickleWrapper,io.cucumber.testng.FeatureWrapper)[pri:0, instance:com.dsalgoportal.testrunner.TestNGTestRunner@fa4c865]" started-at="2023-09-14T16:20:22 CDT" name="runScenario" description="Runs Cucumber Scenarios" data-provider="scenarios" finished-at="2023-09-14T16:20:22 CDT" duration-ms="298" status="PASS">
          <params>
            <param index="0">
              <value>
                <![CDATA["The user is able to redirect to try Editor for Applications of Array page"]]>
              </value>
            </param>
            <param index="1">
              <value>
                <![CDATA["Arrays"]]>
              </value>
            </param>
          </params>
          <reporter-output>
          </reporter-output>
        </test-method> <!-- runScenario -->
        <test-method signature="runScenario(io.cucumber.testng.PickleWrapper,io.cucumber.testng.FeatureWrapper)[pri:0, instance:com.dsalgoportal.testrunner.TestNGTestRunner@fa4c865]" started-at="2023-09-14T16:20:22 CDT" name="runScenario" description="Runs Cucumber Scenarios" data-provider="scenarios" finished-at="2023-09-14T16:20:23 CDT" duration-ms="591" status="PASS">
          <params>
            <param index="0">
              <value>
                <![CDATA["The user runs a valid python code in tryeditor."]]>
              </value>
            </param>
            <param index="1">
              <value>
                <![CDATA["Arrays"]]>
              </value>
            </param>
          </params>
          <reporter-output>
          </reporter-output>
        </test-method> <!-- runScenario -->
        <test-method signature="runScenario(io.cucumber.testng.PickleWrapper,io.cucumber.testng.FeatureWrapper)[pri:0, instance:com.dsalgoportal.testrunner.TestNGTestRunner@fa4c865]" started-at="2023-09-14T16:20:23 CDT" name="runScenario" description="Runs Cucumber Scenarios" data-provider="scenarios" finished-at="2023-09-14T16:20:23 CDT" duration-ms="789" status="PASS">
          <params>
            <param index="0">
              <value>
                <![CDATA["The user runs a invalid code in Editor"]]>
              </value>
            </param>
            <param index="1">
              <value>
                <![CDATA["Arrays"]]>
              </value>
            </param>
          </params>
          <reporter-output>
          </reporter-output>
        </test-method> <!-- runScenario -->
        <test-method signature="runScenario(io.cucumber.testng.PickleWrapper,io.cucumber.testng.FeatureWrapper)[pri:0, instance:com.dsalgoportal.testrunner.TestNGTestRunner@fa4c865]" started-at="2023-09-14T16:20:23 CDT" name="runScenario" description="Runs Cucumber Scenarios" data-provider="scenarios" finished-at="2023-09-14T16:20:24 CDT" duration-ms="264" status="PASS">
          <params>
            <param index="0">
              <value>
                <![CDATA["The user needs to navigate to Practice questions"]]>
              </value>
            </param>
            <param index="1">
              <value>
                <![CDATA["Arrays"]]>
              </value>
            </param>
          </params>
          <reporter-output>
          </reporter-output>
        </test-method> <!-- runScenario -->
        <test-method signature="runScenario(io.cucumber.testng.PickleWrapper,io.cucumber.testng.FeatureWrapper)[pri:0, instance:com.dsalgoportal.testrunner.TestNGTestRunner@fa4c865]" started-at="2023-09-14T16:20:24 CDT" name="runScenario" description="Runs Cucumber Scenarios" data-provider="scenarios" finished-at="2023-09-14T16:20:27 CDT" duration-ms="3673" status="PASS">
          <params>
            <param index="0">
              <value>
                <![CDATA["The User is at the Search the Array"]]>
              </value>
            </param>
            <param index="1">
              <value>
                <![CDATA["Arrays"]]>
              </value>
            </param>
          </params>
          <reporter-output>
          </reporter-output>
        </test-method> <!-- runScenario -->
        <test-method signature="runScenario(io.cucumber.testng.PickleWrapper,io.cucumber.testng.FeatureWrapper)[pri:0, instance:com.dsalgoportal.testrunner.TestNGTestRunner@fa4c865]" started-at="2023-09-14T16:20:27 CDT" name="runScenario" description="Runs Cucumber Scenarios" data-provider="scenarios" finished-at="2023-09-14T16:20:28 CDT" duration-ms="423" status="PASS">
          <params>
            <param index="0">
              <value>
                <![CDATA["The user is able to run code in tryEditor for Search the array link"]]>
              </value>
            </param>
            <param index="1">
              <value>
                <![CDATA["Arrays"]]>
              </value>
            </param>
          </params>
          <reporter-output>
          </reporter-output>
        </test-method> <!-- runScenario -->
        <test-method signature="runScenario(io.cucumber.testng.PickleWrapper,io.cucumber.testng.FeatureWrapper)[pri:0, instance:com.dsalgoportal.testrunner.TestNGTestRunner@fa4c865]" started-at="2023-09-14T16:20:28 CDT" name="runScenario" description="Runs Cucumber Scenarios" data-provider="scenarios" finished-at="2023-09-14T16:20:32 CDT" duration-ms="3945" status="PASS">
          <params>
            <param index="0">
              <value>
                <![CDATA["The user is able to submit code in tryEditor for Search the array link"]]>
              </value>
            </param>
            <param index="1">
              <value>
                <![CDATA["Arrays"]]>
              </value>
            </param>
          </params>
          <reporter-output>
          </reporter-output>
        </test-method> <!-- runScenario -->
        <test-method signature="runScenario(io.cucumber.testng.PickleWrapper,io.cucumber.testng.FeatureWrapper)[pri:0, instance:com.dsalgoportal.testrunner.TestNGTestRunner@fa4c865]" started-at="2023-09-14T16:20:32 CDT" name="runScenario" description="Runs Cucumber Scenarios" data-provider="scenarios" finished-at="2023-09-14T16:20:35 CDT" duration-ms="3563" status="PASS">
          <params>
            <param index="0">
              <value>
                <![CDATA["The User is at the Max Consecutive Ones"]]>
              </value>
            </param>
            <param index="1">
              <value>
                <![CDATA["Arrays"]]>
              </value>
            </param>
          </params>
          <reporter-output>
          </reporter-output>
        </test-method> <!-- runScenario -->
        <test-method signature="runScenario(io.cucumber.testng.PickleWrapper,io.cucumber.testng.FeatureWrapper)[pri:0, instance:com.dsalgoportal.testrunner.TestNGTestRunner@fa4c865]" started-at="2023-09-14T16:20:35 CDT" name="runScenario" description="Runs Cucumber Scenarios" data-provider="scenarios" finished-at="2023-09-14T16:20:36 CDT" duration-ms="391" status="PASS">
          <params>
            <param index="0">
              <value>
                <![CDATA["The user is able to run code in tryEditor for Max Consecutive Ones"]]>
              </value>
            </param>
            <param index="1">
              <value>
                <![CDATA["Arrays"]]>
              </value>
            </param>
          </params>
          <reporter-output>
          </reporter-output>
        </test-method> <!-- runScenario -->
        <test-method signature="runScenario(io.cucumber.testng.PickleWrapper,io.cucumber.testng.FeatureWrapper)[pri:0, instance:com.dsalgoportal.testrunner.TestNGTestRunner@fa4c865]" started-at="2023-09-14T16:20:36 CDT" name="runScenario" description="Runs Cucumber Scenarios" data-provider="scenarios" finished-at="2023-09-14T16:20:40 CDT" duration-ms="3890" status="PASS">
          <params>
            <param index="0">
              <value>
                <![CDATA["The user is able to submit code in tryEditor for Max Consecutive Ones"]]>
              </value>
            </param>
            <param index="1">
              <value>
                <![CDATA["Arrays"]]>
              </value>
            </param>
          </params>
          <reporter-output>
          </reporter-output>
        </test-method> <!-- runScenario -->
        <test-method signature="runScenario(io.cucumber.testng.PickleWrapper,io.cucumber.testng.FeatureWrapper)[pri:0, instance:com.dsalgoportal.testrunner.TestNGTestRunner@fa4c865]" started-at="2023-09-14T16:20:40 CDT" name="runScenario" description="Runs Cucumber Scenarios" data-provider="scenarios" finished-at="2023-09-14T16:20:43 CDT" duration-ms="3495" status="PASS">
          <params>
            <param index="0">
              <value>
                <![CDATA["The User is at the Find Numbers with Even Number of Digits"]]>
              </value>
            </param>
            <param index="1">
              <value>
                <![CDATA["Arrays"]]>
              </value>
            </param>
          </params>
          <reporter-output>
          </reporter-output>
        </test-method> <!-- runScenario -->
        <test-method signature="runScenario(io.cucumber.testng.PickleWrapper,io.cucumber.testng.FeatureWrapper)[pri:0, instance:com.dsalgoportal.testrunner.TestNGTestRunner@fa4c865]" started-at="2023-09-14T16:20:43 CDT" name="runScenario" description="Runs Cucumber Scenarios" data-provider="scenarios" finished-at="2023-09-14T16:20:43 CDT" duration-ms="366" status="PASS">
          <params>
            <param index="0">
              <value>
                <![CDATA["The user is able to run code in tryEditor for Find Numbers with Even Number of Digits"]]>
              </value>
            </param>
            <param index="1">
              <value>
                <![CDATA["Arrays"]]>
              </value>
            </param>
          </params>
          <reporter-output>
          </reporter-output>
        </test-method> <!-- runScenario -->
        <test-method signature="runScenario(io.cucumber.testng.PickleWrapper,io.cucumber.testng.FeatureWrapper)[pri:0, instance:com.dsalgoportal.testrunner.TestNGTestRunner@fa4c865]" started-at="2023-09-14T16:20:43 CDT" name="runScenario" description="Runs Cucumber Scenarios" data-provider="scenarios" finished-at="2023-09-14T16:20:47 CDT" duration-ms="3929" status="PASS">
          <params>
            <param index="0">
              <value>
                <![CDATA["The user is able to submit code in tryEditor for Find Numbers with Even Number of Digits"]]>
              </value>
            </param>
            <param index="1">
              <value>
                <![CDATA["Arrays"]]>
              </value>
            </param>
          </params>
          <reporter-output>
          </reporter-output>
        </test-method> <!-- runScenario -->
        <test-method signature="runScenario(io.cucumber.testng.PickleWrapper,io.cucumber.testng.FeatureWrapper)[pri:0, instance:com.dsalgoportal.testrunner.TestNGTestRunner@fa4c865]" started-at="2023-09-14T16:20:47 CDT" name="runScenario" description="Runs Cucumber Scenarios" data-provider="scenarios" finished-at="2023-09-14T16:20:51 CDT" duration-ms="3494" status="PASS">
          <params>
            <param index="0">
              <value>
                <![CDATA["The User is at the Squares of a Sorted Array"]]>
              </value>
            </param>
            <param index="1">
              <value>
                <![CDATA["Arrays"]]>
              </value>
            </param>
          </params>
          <reporter-output>
          </reporter-output>
        </test-method> <!-- runScenario -->
        <test-method signature="runScenario(io.cucumber.testng.PickleWrapper,io.cucumber.testng.FeatureWrapper)[pri:0, instance:com.dsalgoportal.testrunner.TestNGTestRunner@fa4c865]" started-at="2023-09-14T16:20:51 CDT" name="runScenario" description="Runs Cucumber Scenarios" data-provider="scenarios" finished-at="2023-09-14T16:20:51 CDT" duration-ms="348" status="PASS">
          <params>
            <param index="0">
              <value>
                <![CDATA["The user is able to run code in tryEditor for Squares of a Sorted Array"]]>
              </value>
            </param>
            <param index="1">
              <value>
                <![CDATA["Arrays"]]>
              </value>
            </param>
          </params>
          <reporter-output>
          </reporter-output>
        </test-method> <!-- runScenario -->
        <test-method signature="runScenario(io.cucumber.testng.PickleWrapper,io.cucumber.testng.FeatureWrapper)[pri:0, instance:com.dsalgoportal.testrunner.TestNGTestRunner@fa4c865]" started-at="2023-09-14T16:20:51 CDT" name="runScenario" description="Runs Cucumber Scenarios" data-provider="scenarios" finished-at="2023-09-14T16:20:55 CDT" duration-ms="4068" status="PASS">
          <params>
            <param index="0">
              <value>
                <![CDATA["The user is able to submit code in tryEditor for Squares of a Sorted Array"]]>
              </value>
            </param>
            <param index="1">
              <value>
                <![CDATA["Arrays"]]>
              </value>
            </param>
          </params>
          <reporter-output>
          </reporter-output>
        </test-method> <!-- runScenario -->
        <test-method signature="runScenario(io.cucumber.testng.PickleWrapper,io.cucumber.testng.FeatureWrapper)[pri:0, instance:com.dsalgoportal.testrunner.TestNGTestRunner@fa4c865]" started-at="2023-09-14T16:20:55 CDT" name="runScenario" description="Runs Cucumber Scenarios" data-provider="scenarios" finished-at="2023-09-14T16:20:56 CDT" duration-ms="900" status="PASS">
          <params>
            <param index="0">
              <value>
                <![CDATA["User in on Data StructureIntroduction Page"]]>
              </value>
            </param>
            <param index="1">
              <value>
                <![CDATA["As a User I want to validate Data Structures Introduction"]]>
              </value>
            </param>
          </params>
          <reporter-output>
          </reporter-output>
        </test-method> <!-- runScenario -->
        <test-method signature="runScenario(io.cucumber.testng.PickleWrapper,io.cucumber.testng.FeatureWrapper)[pri:0, instance:com.dsalgoportal.testrunner.TestNGTestRunner@fa4c865]" started-at="2023-09-14T16:20:56 CDT" name="runScenario" description="Runs Cucumber Scenarios" data-provider="scenarios" finished-at="2023-09-14T16:20:57 CDT" duration-ms="1279" status="PASS">
          <params>
            <param index="0">
              <value>
                <![CDATA["The user is on the try editor page of Time complexity"]]>
              </value>
            </param>
            <param index="1">
              <value>
                <![CDATA["As a User I want to validate Data Structures Introduction"]]>
              </value>
            </param>
          </params>
          <reporter-output>
          </reporter-output>
        </test-method> <!-- runScenario -->
        <test-method signature="runScenario(io.cucumber.testng.PickleWrapper,io.cucumber.testng.FeatureWrapper)[pri:0, instance:com.dsalgoportal.testrunner.TestNGTestRunner@fa4c865]" started-at="2023-09-14T16:20:57 CDT" name="runScenario" description="Runs Cucumber Scenarios" data-provider="scenarios" finished-at="2023-09-14T16:20:58 CDT" duration-ms="732" status="PASS">
          <params>
            <param index="0">
              <value>
                <![CDATA["The user is able run code in tryEditor for Time Complexity page"]]>
              </value>
            </param>
            <param index="1">
              <value>
                <![CDATA["As a User I want to validate Data Structures Introduction"]]>
              </value>
            </param>
          </params>
          <reporter-output>
          </reporter-output>
        </test-method> <!-- runScenario -->
        <test-method signature="runScenario(io.cucumber.testng.PickleWrapper,io.cucumber.testng.FeatureWrapper)[pri:0, instance:com.dsalgoportal.testrunner.TestNGTestRunner@fa4c865]" started-at="2023-09-14T16:20:58 CDT" name="runScenario" description="Runs Cucumber Scenarios" data-provider="scenarios" finished-at="2023-09-14T16:20:59 CDT" duration-ms="904" status="PASS">
          <params>
            <param index="0">
              <value>
                <![CDATA["The user is presented with error message for code with invalid syntax in tryEditor for Time Complexity page"]]>
              </value>
            </param>
            <param index="1">
              <value>
                <![CDATA["As a User I want to validate Data Structures Introduction"]]>
              </value>
            </param>
          </params>
          <reporter-output>
          </reporter-output>
        </test-method> <!-- runScenario -->
        <test-method signature="runScenario(io.cucumber.testng.PickleWrapper,io.cucumber.testng.FeatureWrapper)[pri:0, instance:com.dsalgoportal.testrunner.TestNGTestRunner@fa4c865]" started-at="2023-09-14T16:20:59 CDT" name="runScenario" description="Runs Cucumber Scenarios" data-provider="scenarios" finished-at="2023-09-14T16:21:00 CDT" duration-ms="1003" status="PASS">
          <params>
            <param index="0">
              <value>
                <![CDATA["The user is able to navigate to Graph page"]]>
              </value>
            </param>
            <param index="1">
              <value>
                <![CDATA["Graph feature"]]>
              </value>
            </param>
          </params>
          <reporter-output>
          </reporter-output>
        </test-method> <!-- runScenario -->
        <test-method signature="runScenario(io.cucumber.testng.PickleWrapper,io.cucumber.testng.FeatureWrapper)[pri:0, instance:com.dsalgoportal.testrunner.TestNGTestRunner@fa4c865]" started-at="2023-09-14T16:21:00 CDT" name="runScenario" description="Runs Cucumber Scenarios" data-provider="scenarios" finished-at="2023-09-14T16:21:01 CDT" duration-ms="456" status="PASS">
          <params>
            <param index="0">
              <value>
                <![CDATA["The user is able to navigate to a page having an tryEditor page on Graph page"]]>
              </value>
            </param>
            <param index="1">
              <value>
                <![CDATA["Graph feature"]]>
              </value>
            </param>
          </params>
          <reporter-output>
          </reporter-output>
        </test-method> <!-- runScenario -->
        <test-method signature="runScenario(io.cucumber.testng.PickleWrapper,io.cucumber.testng.FeatureWrapper)[pri:0, instance:com.dsalgoportal.testrunner.TestNGTestRunner@fa4c865]" started-at="2023-09-14T16:21:01 CDT" name="runScenario" description="Runs Cucumber Scenarios" data-provider="scenarios" finished-at="2023-09-14T16:21:01 CDT" duration-ms="537" status="PASS">
          <params>
            <param index="0">
              <value>
                <![CDATA["The user is able to run valid code in tryEditor page"]]>
              </value>
            </param>
            <param index="1">
              <value>
                <![CDATA["Graph feature"]]>
              </value>
            </param>
          </params>
          <reporter-output>
          </reporter-output>
        </test-method> <!-- runScenario -->
        <test-method signature="runScenario(io.cucumber.testng.PickleWrapper,io.cucumber.testng.FeatureWrapper)[pri:0, instance:com.dsalgoportal.testrunner.TestNGTestRunner@fa4c865]" started-at="2023-09-14T16:21:01 CDT" name="runScenario" description="Runs Cucumber Scenarios" data-provider="scenarios" finished-at="2023-09-14T16:21:02 CDT" duration-ms="708" status="PASS">
          <params>
            <param index="0">
              <value>
                <![CDATA["The user is able to get the error message for invalid syntax of Graph page"]]>
              </value>
            </param>
            <param index="1">
              <value>
                <![CDATA["Graph feature"]]>
              </value>
            </param>
          </params>
          <reporter-output>
          </reporter-output>
        </test-method> <!-- runScenario -->
        <test-method signature="runScenario(io.cucumber.testng.PickleWrapper,io.cucumber.testng.FeatureWrapper)[pri:0, instance:com.dsalgoportal.testrunner.TestNGTestRunner@fa4c865]" started-at="2023-09-14T16:21:02 CDT" name="runScenario" description="Runs Cucumber Scenarios" data-provider="scenarios" finished-at="2023-09-14T16:21:02 CDT" duration-ms="521" status="PASS">
          <params>
            <param index="0">
              <value>
                <![CDATA["The user is able to navigate to Graph Representation Page"]]>
              </value>
            </param>
            <param index="1">
              <value>
                <![CDATA["Graph feature"]]>
              </value>
            </param>
          </params>
          <reporter-output>
          </reporter-output>
        </test-method> <!-- runScenario -->
        <test-method signature="runScenario(io.cucumber.testng.PickleWrapper,io.cucumber.testng.FeatureWrapper)[pri:0, instance:com.dsalgoportal.testrunner.TestNGTestRunner@fa4c865]" started-at="2023-09-14T16:21:02 CDT" name="runScenario" description="Runs Cucumber Scenarios" data-provider="scenarios" finished-at="2023-09-14T16:21:03 CDT" duration-ms="496" status="PASS">
          <params>
            <param index="0">
              <value>
                <![CDATA["The user is able to navigate to a page having an tryEditor page on Graph page"]]>
              </value>
            </param>
            <param index="1">
              <value>
                <![CDATA["Graph feature"]]>
              </value>
            </param>
          </params>
          <reporter-output>
          </reporter-output>
        </test-method> <!-- runScenario -->
        <test-method signature="runScenario(io.cucumber.testng.PickleWrapper,io.cucumber.testng.FeatureWrapper)[pri:0, instance:com.dsalgoportal.testrunner.TestNGTestRunner@fa4c865]" started-at="2023-09-14T16:21:03 CDT" name="runScenario" description="Runs Cucumber Scenarios" data-provider="scenarios" finished-at="2023-09-14T16:21:03 CDT" duration-ms="373" status="PASS">
          <params>
            <param index="0">
              <value>
                <![CDATA["The user is able to run valid code in tryEditor page"]]>
              </value>
            </param>
            <param index="1">
              <value>
                <![CDATA["Graph feature"]]>
              </value>
            </param>
          </params>
          <reporter-output>
          </reporter-output>
        </test-method> <!-- runScenario -->
        <test-method signature="runScenario(io.cucumber.testng.PickleWrapper,io.cucumber.testng.FeatureWrapper)[pri:0, instance:com.dsalgoportal.testrunner.TestNGTestRunner@fa4c865]" started-at="2023-09-14T16:21:03 CDT" name="runScenario" description="Runs Cucumber Scenarios" data-provider="scenarios" finished-at="2023-09-14T16:21:04 CDT" duration-ms="740" status="PASS">
          <params>
            <param index="0">
              <value>
                <![CDATA["The user is able to get the error message for invalid syntax of Graph page"]]>
              </value>
            </param>
            <param index="1">
              <value>
                <![CDATA["Graph feature"]]>
              </value>
            </param>
          </params>
          <reporter-output>
          </reporter-output>
        </test-method> <!-- runScenario -->
        <test-method signature="runScenario(io.cucumber.testng.PickleWrapper,io.cucumber.testng.FeatureWrapper)[pri:0, instance:com.dsalgoportal.testrunner.TestNGTestRunner@fa4c865]" started-at="2023-09-14T16:21:04 CDT" name="runScenario" description="Runs Cucumber Scenarios" data-provider="scenarios" finished-at="2023-09-14T16:21:04 CDT" duration-ms="362" status="PASS">
          <params>
            <param index="0">
              <value>
                <![CDATA["The user is able to navigate to Practice Questions in Graph Page"]]>
              </value>
            </param>
            <param index="1">
              <value>
                <![CDATA["Graph feature"]]>
              </value>
            </param>
          </params>
          <reporter-output>
          </reporter-output>
        </test-method> <!-- runScenario -->
        <test-method signature="runScenario(io.cucumber.testng.PickleWrapper,io.cucumber.testng.FeatureWrapper)[pri:0, instance:com.dsalgoportal.testrunner.TestNGTestRunner@fa4c865]" started-at="2023-09-14T16:21:04 CDT" name="runScenario" description="Runs Cucumber Scenarios" data-provider="scenarios" finished-at="2023-09-14T16:21:05 CDT" duration-ms="1095" status="PASS">
          <params>
            <param index="0">
              <value>
                <![CDATA["The user is able to navigate to introduction of linkedlist page"]]>
              </value>
            </param>
            <param index="1">
              <value>
                <![CDATA["Linked List feature"]]>
              </value>
            </param>
          </params>
          <reporter-output>
          </reporter-output>
        </test-method> <!-- runScenario -->
        <test-method signature="runScenario(io.cucumber.testng.PickleWrapper,io.cucumber.testng.FeatureWrapper)[pri:0, instance:com.dsalgoportal.testrunner.TestNGTestRunner@fa4c865]" started-at="2023-09-14T16:21:05 CDT" name="runScenario" description="Runs Cucumber Scenarios" data-provider="scenarios" finished-at="2023-09-14T16:21:06 CDT" duration-ms="333" status="PASS">
          <params>
            <param index="0">
              <value>
                <![CDATA["The user is able to navigate to a page having an tryEditor"]]>
              </value>
            </param>
            <param index="1">
              <value>
                <![CDATA["Linked List feature"]]>
              </value>
            </param>
          </params>
          <reporter-output>
          </reporter-output>
        </test-method> <!-- runScenario -->
        <test-method signature="runScenario(io.cucumber.testng.PickleWrapper,io.cucumber.testng.FeatureWrapper)[pri:0, instance:com.dsalgoportal.testrunner.TestNGTestRunner@fa4c865]" started-at="2023-09-14T16:21:06 CDT" name="runScenario" description="Runs Cucumber Scenarios" data-provider="scenarios" finished-at="2023-09-14T16:21:06 CDT" duration-ms="512" status="PASS">
          <params>
            <param index="0">
              <value>
                <![CDATA["The user is able to run valid code in tryEditor page of linkedlist"]]>
              </value>
            </param>
            <param index="1">
              <value>
                <![CDATA["Linked List feature"]]>
              </value>
            </param>
          </params>
          <reporter-output>
          </reporter-output>
        </test-method> <!-- runScenario -->
        <test-method signature="runScenario(io.cucumber.testng.PickleWrapper,io.cucumber.testng.FeatureWrapper)[pri:0, instance:com.dsalgoportal.testrunner.TestNGTestRunner@fa4c865]" started-at="2023-09-14T16:21:06 CDT" name="runScenario" description="Runs Cucumber Scenarios" data-provider="scenarios" finished-at="2023-09-14T16:21:07 CDT" duration-ms="790" status="PASS">
          <params>
            <param index="0">
              <value>
                <![CDATA["The user is able to get the error message for invalid syntax of linkedlist page"]]>
              </value>
            </param>
            <param index="1">
              <value>
                <![CDATA["Linked List feature"]]>
              </value>
            </param>
          </params>
          <reporter-output>
          </reporter-output>
        </test-method> <!-- runScenario -->
        <test-method signature="runScenario(io.cucumber.testng.PickleWrapper,io.cucumber.testng.FeatureWrapper)[pri:0, instance:com.dsalgoportal.testrunner.TestNGTestRunner@fa4c865]" started-at="2023-09-14T16:21:07 CDT" name="runScenario" description="Runs Cucumber Scenarios" data-provider="scenarios" finished-at="2023-09-14T16:21:08 CDT" duration-ms="511" status="PASS">
          <params>
            <param index="0">
              <value>
                <![CDATA["The user is able to navigate to creating linkedlist Page"]]>
              </value>
            </param>
            <param index="1">
              <value>
                <![CDATA["Linked List feature"]]>
              </value>
            </param>
          </params>
          <reporter-output>
          </reporter-output>
        </test-method> <!-- runScenario -->
        <test-method signature="runScenario(io.cucumber.testng.PickleWrapper,io.cucumber.testng.FeatureWrapper)[pri:0, instance:com.dsalgoportal.testrunner.TestNGTestRunner@fa4c865]" started-at="2023-09-14T16:21:08 CDT" name="runScenario" description="Runs Cucumber Scenarios" data-provider="scenarios" finished-at="2023-09-14T16:21:08 CDT" duration-ms="335" status="PASS">
          <params>
            <param index="0">
              <value>
                <![CDATA["The user is able to navigate to creating linkedlist page having an tryeditor"]]>
              </value>
            </param>
            <param index="1">
              <value>
                <![CDATA["Linked List feature"]]>
              </value>
            </param>
          </params>
          <reporter-output>
          </reporter-output>
        </test-method> <!-- runScenario -->
        <test-method signature="runScenario(io.cucumber.testng.PickleWrapper,io.cucumber.testng.FeatureWrapper)[pri:0, instance:com.dsalgoportal.testrunner.TestNGTestRunner@fa4c865]" started-at="2023-09-14T16:21:08 CDT" name="runScenario" description="Runs Cucumber Scenarios" data-provider="scenarios" finished-at="2023-09-14T16:21:08 CDT" duration-ms="418" status="PASS">
          <params>
            <param index="0">
              <value>
                <![CDATA["The user is able to run valid code in tryEditor page of linkedlist"]]>
              </value>
            </param>
            <param index="1">
              <value>
                <![CDATA["Linked List feature"]]>
              </value>
            </param>
          </params>
          <reporter-output>
          </reporter-output>
        </test-method> <!-- runScenario -->
        <test-method signature="runScenario(io.cucumber.testng.PickleWrapper,io.cucumber.testng.FeatureWrapper)[pri:0, instance:com.dsalgoportal.testrunner.TestNGTestRunner@fa4c865]" started-at="2023-09-14T16:21:08 CDT" name="runScenario" description="Runs Cucumber Scenarios" data-provider="scenarios" finished-at="2023-09-14T16:21:09 CDT" duration-ms="746" status="PASS">
          <params>
            <param index="0">
              <value>
                <![CDATA["The user is able to get the error message for invalid syntax of linkedlist page"]]>
              </value>
            </param>
            <param index="1">
              <value>
                <![CDATA["Linked List feature"]]>
              </value>
            </param>
          </params>
          <reporter-output>
          </reporter-output>
        </test-method> <!-- runScenario -->
        <test-method signature="runScenario(io.cucumber.testng.PickleWrapper,io.cucumber.testng.FeatureWrapper)[pri:0, instance:com.dsalgoportal.testrunner.TestNGTestRunner@fa4c865]" started-at="2023-09-14T16:21:09 CDT" name="runScenario" description="Runs Cucumber Scenarios" data-provider="scenarios" finished-at="2023-09-14T16:21:10 CDT" duration-ms="503" status="PASS">
          <params>
            <param index="0">
              <value>
                <![CDATA["The user is able to navigate to types of linkedlist Page"]]>
              </value>
            </param>
            <param index="1">
              <value>
                <![CDATA["Linked List feature"]]>
              </value>
            </param>
          </params>
          <reporter-output>
          </reporter-output>
        </test-method> <!-- runScenario -->
        <test-method signature="runScenario(io.cucumber.testng.PickleWrapper,io.cucumber.testng.FeatureWrapper)[pri:0, instance:com.dsalgoportal.testrunner.TestNGTestRunner@fa4c865]" started-at="2023-09-14T16:21:10 CDT" name="runScenario" description="Runs Cucumber Scenarios" data-provider="scenarios" finished-at="2023-09-14T16:21:10 CDT" duration-ms="308" status="PASS">
          <params>
            <param index="0">
              <value>
                <![CDATA["The user is able to navigate to types of linkedlist page having an tryEditor"]]>
              </value>
            </param>
            <param index="1">
              <value>
                <![CDATA["Linked List feature"]]>
              </value>
            </param>
          </params>
          <reporter-output>
          </reporter-output>
        </test-method> <!-- runScenario -->
        <test-method signature="runScenario(io.cucumber.testng.PickleWrapper,io.cucumber.testng.FeatureWrapper)[pri:0, instance:com.dsalgoportal.testrunner.TestNGTestRunner@fa4c865]" started-at="2023-09-14T16:21:10 CDT" name="runScenario" description="Runs Cucumber Scenarios" data-provider="scenarios" finished-at="2023-09-14T16:21:10 CDT" duration-ms="402" status="PASS">
          <params>
            <param index="0">
              <value>
                <![CDATA["The user is able to run valid code in tryEditor page of linkedlist"]]>
              </value>
            </param>
            <param index="1">
              <value>
                <![CDATA["Linked List feature"]]>
              </value>
            </param>
          </params>
          <reporter-output>
          </reporter-output>
        </test-method> <!-- runScenario -->
        <test-method signature="runScenario(io.cucumber.testng.PickleWrapper,io.cucumber.testng.FeatureWrapper)[pri:0, instance:com.dsalgoportal.testrunner.TestNGTestRunner@fa4c865]" started-at="2023-09-14T16:21:10 CDT" name="runScenario" description="Runs Cucumber Scenarios" data-provider="scenarios" finished-at="2023-09-14T16:21:11 CDT" duration-ms="620" status="PASS">
          <params>
            <param index="0">
              <value>
                <![CDATA["The user is able to get the error message for invalid syntax of linkedlist page"]]>
              </value>
            </param>
            <param index="1">
              <value>
                <![CDATA["Linked List feature"]]>
              </value>
            </param>
          </params>
          <reporter-output>
          </reporter-output>
        </test-method> <!-- runScenario -->
        <test-method signature="runScenario(io.cucumber.testng.PickleWrapper,io.cucumber.testng.FeatureWrapper)[pri:0, instance:com.dsalgoportal.testrunner.TestNGTestRunner@fa4c865]" started-at="2023-09-14T16:21:11 CDT" name="runScenario" description="Runs Cucumber Scenarios" data-provider="scenarios" finished-at="2023-09-14T16:21:11 CDT" duration-ms="518" status="PASS">
          <params>
            <param index="0">
              <value>
                <![CDATA["The user is able to navigate to implement linkedlist in python  Page"]]>
              </value>
            </param>
            <param index="1">
              <value>
                <![CDATA["Linked List feature"]]>
              </value>
            </param>
          </params>
          <reporter-output>
          </reporter-output>
        </test-method> <!-- runScenario -->
        <test-method signature="runScenario(io.cucumber.testng.PickleWrapper,io.cucumber.testng.FeatureWrapper)[pri:0, instance:com.dsalgoportal.testrunner.TestNGTestRunner@fa4c865]" started-at="2023-09-14T16:21:11 CDT" name="runScenario" description="Runs Cucumber Scenarios" data-provider="scenarios" finished-at="2023-09-14T16:21:12 CDT" duration-ms="400" status="PASS">
          <params>
            <param index="0">
              <value>
                <![CDATA["The user is able to navigate to implement linkedlist in python page having an tryEditor"]]>
              </value>
            </param>
            <param index="1">
              <value>
                <![CDATA["Linked List feature"]]>
              </value>
            </param>
          </params>
          <reporter-output>
          </reporter-output>
        </test-method> <!-- runScenario -->
        <test-method signature="runScenario(io.cucumber.testng.PickleWrapper,io.cucumber.testng.FeatureWrapper)[pri:0, instance:com.dsalgoportal.testrunner.TestNGTestRunner@fa4c865]" started-at="2023-09-14T16:21:12 CDT" name="runScenario" description="Runs Cucumber Scenarios" data-provider="scenarios" finished-at="2023-09-14T16:21:12 CDT" duration-ms="464" status="PASS">
          <params>
            <param index="0">
              <value>
                <![CDATA["The user is able to run valid code in tryEditor page of linkedlist"]]>
              </value>
            </param>
            <param index="1">
              <value>
                <![CDATA["Linked List feature"]]>
              </value>
            </param>
          </params>
          <reporter-output>
          </reporter-output>
        </test-method> <!-- runScenario -->
        <test-method signature="runScenario(io.cucumber.testng.PickleWrapper,io.cucumber.testng.FeatureWrapper)[pri:0, instance:com.dsalgoportal.testrunner.TestNGTestRunner@fa4c865]" started-at="2023-09-14T16:21:12 CDT" name="runScenario" description="Runs Cucumber Scenarios" data-provider="scenarios" finished-at="2023-09-14T16:21:13 CDT" duration-ms="784" status="PASS">
          <params>
            <param index="0">
              <value>
                <![CDATA["The user is able to get the error message for invalid syntax of linkedlist page"]]>
              </value>
            </param>
            <param index="1">
              <value>
                <![CDATA["Linked List feature"]]>
              </value>
            </param>
          </params>
          <reporter-output>
          </reporter-output>
        </test-method> <!-- runScenario -->
        <test-method signature="runScenario(io.cucumber.testng.PickleWrapper,io.cucumber.testng.FeatureWrapper)[pri:0, instance:com.dsalgoportal.testrunner.TestNGTestRunner@fa4c865]" started-at="2023-09-14T16:21:13 CDT" name="runScenario" description="Runs Cucumber Scenarios" data-provider="scenarios" finished-at="2023-09-14T16:21:14 CDT" duration-ms="397" status="PASS">
          <params>
            <param index="0">
              <value>
                <![CDATA["The user is able to navigate to linkedlist transversal Page"]]>
              </value>
            </param>
            <param index="1">
              <value>
                <![CDATA["Linked List feature"]]>
              </value>
            </param>
          </params>
          <reporter-output>
          </reporter-output>
        </test-method> <!-- runScenario -->
        <test-method signature="runScenario(io.cucumber.testng.PickleWrapper,io.cucumber.testng.FeatureWrapper)[pri:0, instance:com.dsalgoportal.testrunner.TestNGTestRunner@fa4c865]" started-at="2023-09-14T16:21:14 CDT" name="runScenario" description="Runs Cucumber Scenarios" data-provider="scenarios" finished-at="2023-09-14T16:21:14 CDT" duration-ms="529" status="PASS">
          <params>
            <param index="0">
              <value>
                <![CDATA["The user is able to navigate to linkedlist transversal page having an tryEditor"]]>
              </value>
            </param>
            <param index="1">
              <value>
                <![CDATA["Linked List feature"]]>
              </value>
            </param>
          </params>
          <reporter-output>
          </reporter-output>
[...]
              </value>
            </param>
          </params>
          <reporter-output>
          </reporter-output>
        </test-method> <!-- runScenario -->
        <test-method signature="runScenario(io.cucumber.testng.PickleWrapper,io.cucumber.testng.FeatureWrapper)[pri:0, instance:com.dsalgoportal.testrunner.TestNGTestRunner@fa4c865]" started-at="2023-09-14T16:21:46 CDT" name="runScenario" description="Runs Cucumber Scenarios" data-provider="scenarios" finished-at="2023-09-14T16:21:46 CDT" duration-ms="333" status="PASS">
          <params>
            <param index="0">
              <value>
                <![CDATA["The user is able to run code in tryEditor"]]>
              </value>
            </param>
            <param index="1">
              <value>
                <![CDATA["Tree feature"]]>
              </value>
            </param>
          </params>
          <reporter-output>
          </reporter-output>
        </test-method> <!-- runScenario -->
        <test-method signature="runScenario(io.cucumber.testng.PickleWrapper,io.cucumber.testng.FeatureWrapper)[pri:0, instance:com.dsalgoportal.testrunner.TestNGTestRunner@fa4c865]" started-at="2023-09-14T16:21:46 CDT" name="runScenario" description="Runs Cucumber Scenarios" data-provider="scenarios" finished-at="2023-09-14T16:21:47 CDT" duration-ms="781" status="PASS">
          <params>
            <param index="0">
              <value>
                <![CDATA["The user is able to get the error message for invalid syntax"]]>
              </value>
            </param>
            <param index="1">
              <value>
                <![CDATA["Tree feature"]]>
              </value>
            </param>
          </params>
          <reporter-output>
          </reporter-output>
        </test-method> <!-- runScenario -->
        <test-method signature="runScenario(io.cucumber.testng.PickleWrapper,io.cucumber.testng.FeatureWrapper)[pri:0, instance:com.dsalgoportal.testrunner.TestNGTestRunner@fa4c865]" started-at="2023-09-14T16:21:47 CDT" name="runScenario" description="Runs Cucumber Scenarios" data-provider="scenarios" finished-at="2023-09-14T16:21:48 CDT" duration-ms="431" status="PASS">
          <params>
            <param index="0">
              <value>
                <![CDATA["The user is able to navigate to Implementation in Python Page"]]>
              </value>
            </param>
            <param index="1">
              <value>
                <![CDATA["Tree feature"]]>
              </value>
            </param>
          </params>
          <reporter-output>
          </reporter-output>
        </test-method> <!-- runScenario -->
        <test-method signature="runScenario(io.cucumber.testng.PickleWrapper,io.cucumber.testng.FeatureWrapper)[pri:0, instance:com.dsalgoportal.testrunner.TestNGTestRunner@fa4c865]" started-at="2023-09-14T16:21:48 CDT" name="runScenario" description="Runs Cucumber Scenarios" data-provider="scenarios" finished-at="2023-09-14T16:21:48 CDT" duration-ms="361" status="PASS">
          <params>
            <param index="0">
              <value>
                <![CDATA["The user is able to navigate to Implementation in Python page having an tryeditor"]]>
              </value>
            </param>
            <param index="1">
              <value>
                <![CDATA["Tree feature"]]>
              </value>
            </param>
          </params>
          <reporter-output>
          </reporter-output>
        </test-method> <!-- runScenario -->
        <test-method signature="runScenario(io.cucumber.testng.PickleWrapper,io.cucumber.testng.FeatureWrapper)[pri:0, instance:com.dsalgoportal.testrunner.TestNGTestRunner@fa4c865]" started-at="2023-09-14T16:21:48 CDT" name="runScenario" description="Runs Cucumber Scenarios" data-provider="scenarios" finished-at="2023-09-14T16:21:48 CDT" duration-ms="380" status="PASS">
          <params>
            <param index="0">
              <value>
                <![CDATA["The user is able to run code in tryEditor"]]>
              </value>
            </param>
            <param index="1">
              <value>
                <![CDATA["Tree feature"]]>
              </value>
            </param>
          </params>
          <reporter-output>
          </reporter-output>
        </test-method> <!-- runScenario -->
        <test-method signature="runScenario(io.cucumber.testng.PickleWrapper,io.cucumber.testng.FeatureWrapper)[pri:0, instance:com.dsalgoportal.testrunner.TestNGTestRunner@fa4c865]" started-at="2023-09-14T16:21:48 CDT" name="runScenario" description="Runs Cucumber Scenarios" data-provider="scenarios" finished-at="2023-09-14T16:21:49 CDT" duration-ms="679" status="PASS">
          <params>
            <param index="0">
              <value>
                <![CDATA["The user is able to get the error message for invalid syntax"]]>
              </value>
            </param>
            <param index="1">
              <value>
                <![CDATA["Tree feature"]]>
              </value>
            </param>
          </params>
          <reporter-output>
          </reporter-output>
        </test-method> <!-- runScenario -->
        <test-method signature="runScenario(io.cucumber.testng.PickleWrapper,io.cucumber.testng.FeatureWrapper)[pri:0, instance:com.dsalgoportal.testrunner.TestNGTestRunner@fa4c865]" started-at="2023-09-14T16:21:49 CDT" name="runScenario" description="Runs Cucumber Scenarios" data-provider="scenarios" finished-at="2023-09-14T16:21:49 CDT" duration-ms="464" status="PASS">
          <params>
            <param index="0">
              <value>
                <![CDATA["The user is able to navigate to Binary Tree Traversals Page"]]>
              </value>
            </param>
            <param index="1">
              <value>
                <![CDATA["Tree feature"]]>
              </value>
            </param>
          </params>
          <reporter-output>
          </reporter-output>
        </test-method> <!-- runScenario -->
        <test-method signature="runScenario(io.cucumber.testng.PickleWrapper,io.cucumber.testng.FeatureWrapper)[pri:0, instance:com.dsalgoportal.testrunner.TestNGTestRunner@fa4c865]" started-at="2023-09-14T16:21:49 CDT" name="runScenario" description="Runs Cucumber Scenarios" data-provider="scenarios" finished-at="2023-09-14T16:21:50 CDT" duration-ms="407" status="PASS">
          <params>
            <param index="0">
              <value>
                <![CDATA["The user is able to navigate to Binary Tree Traversals page having an tryeditor"]]>
              </value>
            </param>
            <param index="1">
              <value>
                <![CDATA["Tree feature"]]>
              </value>
            </param>
          </params>
          <reporter-output>
          </reporter-output>
        </test-method> <!-- runScenario -->
        <test-method signature="runScenario(io.cucumber.testng.PickleWrapper,io.cucumber.testng.FeatureWrapper)[pri:0, instance:com.dsalgoportal.testrunner.TestNGTestRunner@fa4c865]" started-at="2023-09-14T16:21:50 CDT" name="runScenario" description="Runs Cucumber Scenarios" data-provider="scenarios" finished-at="2023-09-14T16:21:50 CDT" duration-ms="417" status="PASS">
          <params>
            <param index="0">
              <value>
                <![CDATA["The user is able to run code in tryEditor"]]>
              </value>
            </param>
            <param index="1">
              <value>
                <![CDATA["Tree feature"]]>
              </value>
            </param>
          </params>
          <reporter-output>
          </reporter-output>
        </test-method> <!-- runScenario -->
        <test-method signature="runScenario(io.cucumber.testng.PickleWrapper,io.cucumber.testng.FeatureWrapper)[pri:0, instance:com.dsalgoportal.testrunner.TestNGTestRunner@fa4c865]" started-at="2023-09-14T16:21:50 CDT" name="runScenario" description="Runs Cucumber Scenarios" data-provider="scenarios" finished-at="2023-09-14T16:21:51 CDT" duration-ms="580" status="PASS">
          <params>
            <param index="0">
              <value>
                <![CDATA["The user is able to get the error message for invalid syntax"]]>
              </value>
            </param>
            <param index="1">
              <value>
                <![CDATA["Tree feature"]]>
              </value>
            </param>
          </params>
          <reporter-output>
          </reporter-output>
        </test-method> <!-- runScenario -->
        <test-method signature="runScenario(io.cucumber.testng.PickleWrapper,io.cucumber.testng.FeatureWrapper)[pri:0, instance:com.dsalgoportal.testrunner.TestNGTestRunner@fa4c865]" started-at="2023-09-14T16:21:51 CDT" name="runScenario" description="Runs Cucumber Scenarios" data-provider="scenarios" finished-at="2023-09-14T16:21:51 CDT" duration-ms="386" status="PASS">
          <params>
            <param index="0">
              <value>
                <![CDATA["The user is able to navigate to Applications of Binary trees Page"]]>
              </value>
            </param>
            <param index="1">
              <value>
                <![CDATA["Tree feature"]]>
              </value>
            </param>
          </params>
          <reporter-output>
          </reporter-output>
        </test-method> <!-- runScenario -->
        <test-method signature="runScenario(io.cucumber.testng.PickleWrapper,io.cucumber.testng.FeatureWrapper)[pri:0, instance:com.dsalgoportal.testrunner.TestNGTestRunner@fa4c865]" started-at="2023-09-14T16:21:51 CDT" name="runScenario" description="Runs Cucumber Scenarios" data-provider="scenarios" finished-at="2023-09-14T16:21:52 CDT" duration-ms="323" status="PASS">
          <params>
            <param index="0">
              <value>
                <![CDATA["The user is able to navigate to Applications of Binary trees page having an tryeditor"]]>
              </value>
            </param>
            <param index="1">
              <value>
                <![CDATA["Tree feature"]]>
              </value>
            </param>
          </params>
          <reporter-output>
          </reporter-output>
        </test-method> <!-- runScenario -->
        <test-method signature="runScenario(io.cucumber.testng.PickleWrapper,io.cucumber.testng.FeatureWrapper)[pri:0, instance:com.dsalgoportal.testrunner.TestNGTestRunner@fa4c865]" started-at="2023-09-14T16:21:52 CDT" name="runScenario" description="Runs Cucumber Scenarios" data-provider="scenarios" finished-at="2023-09-14T16:21:52 CDT" duration-ms="317" status="PASS">
          <params>
            <param index="0">
              <value>
                <![CDATA["The user is able to run code in tryEditor"]]>
              </value>
            </param>
            <param index="1">
              <value>
                <![CDATA["Tree feature"]]>
              </value>
            </param>
          </params>
          <reporter-output>
          </reporter-output>
        </test-method> <!-- runScenario -->
        <test-method signature="runScenario(io.cucumber.testng.PickleWrapper,io.cucumber.testng.FeatureWrapper)[pri:0, instance:com.dsalgoportal.testrunner.TestNGTestRunner@fa4c865]" started-at="2023-09-14T16:21:52 CDT" name="runScenario" description="Runs Cucumber Scenarios" data-provider="scenarios" finished-at="2023-09-14T16:21:53 CDT" duration-ms="731" status="PASS">
          <params>
            <param index="0">
              <value>
                <![CDATA["The user is able to get the error message for invalid syntax"]]>
              </value>
            </param>
            <param index="1">
              <value>
                <![CDATA["Tree feature"]]>
              </value>
            </param>
          </params>
          <reporter-output>
          </reporter-output>
        </test-method> <!-- runScenario -->
        <test-method signature="runScenario(io.cucumber.testng.PickleWrapper,io.cucumber.testng.FeatureWrapper)[pri:0, instance:com.dsalgoportal.testrunner.TestNGTestRunner@fa4c865]" started-at="2023-09-14T16:21:53 CDT" name="runScenario" description="Runs Cucumber Scenarios" data-provider="scenarios" finished-at="2023-09-14T16:21:53 CDT" duration-ms="555" status="PASS">
          <params>
            <param index="0">
              <value>
                <![CDATA["The user is able to navigate to Binary Search Trees Page"]]>
              </value>
            </param>
            <param index="1">
              <value>
                <![CDATA["Tree feature"]]>
              </value>
            </param>
          </params>
          <reporter-output>
          </reporter-output>
        </test-method> <!-- runScenario -->
        <test-method signature="runScenario(io.cucumber.testng.PickleWrapper,io.cucumber.testng.FeatureWrapper)[pri:0, instance:com.dsalgoportal.testrunner.TestNGTestRunner@fa4c865]" started-at="2023-09-14T16:21:53 CDT" name="runScenario" description="Runs Cucumber Scenarios" data-provider="scenarios" finished-at="2023-09-14T16:21:54 CDT" duration-ms="363" status="PASS">
          <params>
            <param index="0">
              <value>
                <![CDATA["The user is able to navigate to Binary Search Trees page having an tryeditor"]]>
              </value>
            </param>
            <param index="1">
              <value>
                <![CDATA["Tree feature"]]>
              </value>
            </param>
          </params>
          <reporter-output>
          </reporter-output>
        </test-method> <!-- runScenario -->
        <test-method signature="runScenario(io.cucumber.testng.PickleWrapper,io.cucumber.testng.FeatureWrapper)[pri:0, instance:com.dsalgoportal.testrunner.TestNGTestRunner@fa4c865]" started-at="2023-09-14T16:21:54 CDT" name="runScenario" description="Runs Cucumber Scenarios" data-provider="scenarios" finished-at="2023-09-14T16:21:54 CDT" duration-ms="370" status="PASS">
          <params>
            <param index="0">
              <value>
                <![CDATA["The user is able to run code in tryEditor"]]>
              </value>
            </param>
            <param index="1">
              <value>
                <![CDATA["Tree feature"]]>
              </value>
            </param>
          </params>
          <reporter-output>
          </reporter-output>
        </test-method> <!-- runScenario -->
        <test-method signature="runScenario(io.cucumber.testng.PickleWrapper,io.cucumber.testng.FeatureWrapper)[pri:0, instance:com.dsalgoportal.testrunner.TestNGTestRunner@fa4c865]" started-at="2023-09-14T16:21:54 CDT" name="runScenario" description="Runs Cucumber Scenarios" data-provider="scenarios" finished-at="2023-09-14T16:21:55 CDT" duration-ms="734" status="PASS">
          <params>
            <param index="0">
              <value>
                <![CDATA["The user is able to get the error message for invalid syntax"]]>
              </value>
            </param>
            <param index="1">
              <value>
                <![CDATA["Tree feature"]]>
              </value>
            </param>
          </params>
          <reporter-output>
          </reporter-output>
        </test-method> <!-- runScenario -->
        <test-method signature="runScenario(io.cucumber.testng.PickleWrapper,io.cucumber.testng.FeatureWrapper)[pri:0, instance:com.dsalgoportal.testrunner.TestNGTestRunner@fa4c865]" started-at="2023-09-14T16:21:55 CDT" name="runScenario" description="Runs Cucumber Scenarios" data-provider="scenarios" finished-at="2023-09-14T16:21:55 CDT" duration-ms="401" status="PASS">
          <params>
            <param index="0">
              <value>
                <![CDATA["The user is able to navigate to Implementation Of BST Page"]]>
              </value>
            </param>
            <param index="1">
              <value>
                <![CDATA["Tree feature"]]>
              </value>
            </param>
          </params>
          <reporter-output>
          </reporter-output>
        </test-method> <!-- runScenario -->
        <test-method signature="runScenario(io.cucumber.testng.PickleWrapper,io.cucumber.testng.FeatureWrapper)[pri:0, instance:com.dsalgoportal.testrunner.TestNGTestRunner@fa4c865]" started-at="2023-09-14T16:21:55 CDT" name="runScenario" description="Runs Cucumber Scenarios" data-provider="scenarios" finished-at="2023-09-14T16:21:55 CDT" duration-ms="339" status="PASS">
          <params>
            <param index="0">
              <value>
                <![CDATA["The user is able to navigate to Implementation Of BST page having an tryeditor"]]>
              </value>
            </param>
            <param index="1">
              <value>
                <![CDATA["Tree feature"]]>
              </value>
            </param>
          </params>
          <reporter-output>
          </reporter-output>
        </test-method> <!-- runScenario -->
        <test-method signature="runScenario(io.cucumber.testng.PickleWrapper,io.cucumber.testng.FeatureWrapper)[pri:0, instance:com.dsalgoportal.testrunner.TestNGTestRunner@fa4c865]" started-at="2023-09-14T16:21:55 CDT" name="runScenario" description="Runs Cucumber Scenarios" data-provider="scenarios" finished-at="2023-09-14T16:21:56 CDT" duration-ms="417" status="PASS">
          <params>
            <param index="0">
              <value>
                <![CDATA["The user is able to run code in tryEditor"]]>
              </value>
            </param>
            <param index="1">
              <value>
                <![CDATA["Tree feature"]]>
              </value>
            </param>
          </params>
          <reporter-output>
          </reporter-output>
        </test-method> <!-- runScenario -->
        <test-method signature="runScenario(io.cucumber.testng.PickleWrapper,io.cucumber.testng.FeatureWrapper)[pri:0, instance:com.dsalgoportal.testrunner.TestNGTestRunner@fa4c865]" started-at="2023-09-14T16:21:56 CDT" name="runScenario" description="Runs Cucumber Scenarios" data-provider="scenarios" finished-at="2023-09-14T16:21:56 CDT" duration-ms="633" status="PASS">
          <params>
            <param index="0">
              <value>
                <![CDATA["The user is able to get the error message for invalid syntax"]]>
              </value>
            </param>
            <param index="1">
              <value>
                <![CDATA["Tree feature"]]>
              </value>
            </param>
          </params>
          <reporter-output>
          </reporter-output>
        </test-method> <!-- runScenario -->
        <test-method signature="runScenario(io.cucumber.testng.PickleWrapper,io.cucumber.testng.FeatureWrapper)[pri:0, instance:com.dsalgoportal.testrunner.TestNGTestRunner@fa4c865]" started-at="2023-09-14T16:21:57 CDT" name="runScenario" description="Runs Cucumber Scenarios" data-provider="scenarios" finished-at="2023-09-14T16:21:57 CDT" duration-ms="329" status="PASS">
          <params>
            <param index="0">
              <value>
                <![CDATA["The user is able to navigate to Practice Questions Page"]]>
              </value>
            </param>
            <param index="1">
              <value>
                <![CDATA["Tree feature"]]>
              </value>
            </param>
          </params>
          <reporter-output>
          </reporter-output>
        </test-method> <!-- runScenario -->
        <test-method is-config="true" signature="tearDownClass()[pri:0, instance:com.dsalgoportal.testrunner.TestNGTestRunner@fa4c865]" started-at="2023-09-14T16:21:57 CDT" name="tearDownClass" finished-at="2023-09-14T16:21:57 CDT" duration-ms="430" status="PASS">
          <reporter-output>
          </reporter-output>
        </test-method> <!-- tearDownClass -->
      </class> <!-- com.dsalgoportal.testrunner.TestNGTestRunner -->
    </test> <!-- Default test -->
  </suite> <!-- Default suite -->
</testng-results>
