<?xml version="1.0" encoding="UTF-8"?>
<testng-results ignored="0" total="5" passed="5" failed="0" skipped="0">
  <reporter-output>
  </reporter-output>
  <suite started-at="2023-09-13T19:39:44 CDT" name="Default suite" finished-at="2023-09-13T19:39:52 CDT" duration-ms="7825">
    <groups>
      <group name="cucumber">
        <method signature="AbstractTestNGCucumberTests.runScenario(io.cucumber.testng.PickleWrapper,io.cucumber.testng.FeatureWrapper)[pri:0, instance:com.dsalgoportal.testrunner.TestNGTestRunner@7ae0a9ec]" name="runScenario" class="io.cucumber.testng.AbstractTestNGCucumberTests"/>
      </group> <!-- cucumber -->
    </groups>
    <test started-at="2023-09-13T19:39:44 CDT" name="Default test" finished-at="2023-09-13T19:39:52 CDT" duration-ms="7825">
      <class name="com.dsalgoportal.testrunner.TestNGTestRunner">
        <test-method is-config="true" signature="setUpClass(org.testng.ITestContext)[pri:0, instance:com.dsalgoportal.testrunner.TestNGTestRunner@7ae0a9ec]" started-at="2023-09-13T19:39:44 CDT" name="setUpClass" finished-at="2023-09-13T19:39:48 CDT" duration-ms="3478" status="PASS">
          <params>
            <param index="0">
              <value>
                <![CDATA[org.testng.TestRunner@63326a3a]]>
              </value>
            </param>
          </params>
          <reporter-output>
          </reporter-output>
        </test-method> <!-- setUpClass -->
        <test-method signature="runScenario(io.cucumber.testng.PickleWrapper,io.cucumber.testng.FeatureWrapper)[pri:0, instance:com.dsalgoportal.testrunner.TestNGTestRunner@7ae0a9ec]" started-at="2023-09-13T19:39:48 CDT" name="runScenario" description="Runs Cucumber Scenarios" data-provider="scenarios" finished-at="2023-09-13T19:39:49 CDT" duration-ms="1541" status="PASS">
          <params>
            <param index="0">
              <value>
                <![CDATA["User Logs into the DSAlgo Website"]]>
              </value>
            </param>
            <param index="1">
              <value>
                <![CDATA["As a User I want to validate Data Structures Introduction"]]>
              </value>
            </param>
          </params>
          <reporter-output>
          </reporter-output>
        </test-method> <!-- runScenario -->
        <test-method signature="runScenario(io.cucumber.testng.PickleWrapper,io.cucumber.testng.FeatureWrapper)[pri:0, instance:com.dsalgoportal.testrunner.TestNGTestRunner@7ae0a9ec]" started-at="2023-09-13T19:39:49 CDT" name="runScenario" description="Runs Cucumber Scenarios" data-provider="scenarios" finished-at="2023-09-13T19:39:49 CDT" duration-ms="330" status="PASS">
          <params>
            <param index="0">
              <value>
                <![CDATA["User in on Data StructureIntroduction Page"]]>
              </value>
            </param>
            <param index="1">
              <value>
                <![CDATA["As a User I want to validate Data Structures Introduction"]]>
              </value>
            </param>
          </params>
          <reporter-output>
          </reporter-output>
        </test-method> <!-- runScenario -->
        <test-method signature="runScenario(io.cucumber.testng.PickleWrapper,io.cucumber.testng.FeatureWrapper)[pri:0, instance:com.dsalgoportal.testrunner.TestNGTestRunner@7ae0a9ec]" started-at="2023-09-13T19:39:49 CDT" name="runScenario" description="Runs Cucumber Scenarios" data-provider="scenarios" finished-at="2023-09-13T19:39:50 CDT" duration-ms="862" status="PASS">
          <params>
            <param index="0">
              <value>
                <![CDATA["The user is on the try editor page of Time complexity"]]>
              </value>
            </param>
            <param index="1">
              <value>
                <![CDATA["As a User I want to validate Data Structures Introduction"]]>
              </value>
            </param>
          </params>
          <reporter-output>
          </reporter-output>
        </test-method> <!-- runScenario -->
        <test-method signature="runScenario(io.cucumber.testng.PickleWrapper,io.cucumber.testng.FeatureWrapper)[pri:0, instance:com.dsalgoportal.testrunner.TestNGTestRunner@7ae0a9ec]" started-at="2023-09-13T19:39:50 CDT" name="runScenario" description="Runs Cucumber Scenarios" data-provider="scenarios" finished-at="2023-09-13T19:39:51 CDT" duration-ms="937" status="PASS">
          <params>
            <param index="0">
              <value>
                <![CDATA["The user is able run code in tryEditor for Time Complexity page"]]>
              </value>
            </param>
            <param index="1">
              <value>
                <![CDATA["As a User I want to validate Data Structures Introduction"]]>
              </value>
            </param>
          </params>
          <reporter-output>
          </reporter-output>
        </test-method> <!-- runScenario -->
        <test-method signature="runScenario(io.cucumber.testng.PickleWrapper,io.cucumber.testng.FeatureWrapper)[pri:0, instance:com.dsalgoportal.testrunner.TestNGTestRunner@7ae0a9ec]" started-at="2023-09-13T19:39:51 CDT" name="runScenario" description="Runs Cucumber Scenarios" data-provider="scenarios" finished-at="2023-09-13T19:39:52 CDT" duration-ms="489" status="PASS">
          <params>
            <param index="0">
              <value>
                <![CDATA["The user is presented with error message for code with invalid syntax in tryEditor for Time Complexity page"]]>
              </value>
            </param>
            <param index="1">
              <value>
                <![CDATA["As a User I want to validate Data Structures Introduction"]]>
              </value>
            </param>
          </params>
          <reporter-output>
          </reporter-output>
        </test-method> <!-- runScenario -->
        <test-method is-config="true" signature="tearDownClass()[pri:0, instance:com.dsalgoportal.testrunner.TestNGTestRunner@7ae0a9ec]" started-at="2023-09-13T19:39:52 CDT" name="tearDownClass" finished-at="2023-09-13T19:39:52 CDT" duration-ms="145" status="PASS">
          <reporter-output>
          </reporter-output>
        </test-method> <!-- tearDownClass -->
      </class> <!-- com.dsalgoportal.testrunner.TestNGTestRunner -->
    </test> <!-- Default test -->
  </suite> <!-- Default suite -->
</testng-results>
