<?xml version="1.0" encoding="UTF-8"?>
<testng-results ignored="0" total="172" passed="172" failed="0" skipped="0">
  <reporter-output>
  </reporter-output>
  <suite started-at="2023-09-14T13:59:10 CDT" name="Default suite" finished-at="2023-09-14T14:01:27 CDT" duration-ms="137351">
    <groups>
      <group name="cucumber">
        <method signature="AbstractTestNGCucumberTests.runScenario(io.cucumber.testng.PickleWrapper,io.cucumber.testng.FeatureWrapper)[pri:0, instance:com.dsalgoportal.testrunner.TestNGTestRunner@3e84448c]" name="runScenario" class="io.cucumber.testng.AbstractTestNGCucumberTests"/>
      </group> <!-- cucumber -->
    </groups>
    <test started-at="2023-09-14T13:59:10 CDT" name="Default test" finished-at="2023-09-14T14:01:27 CDT" duration-ms="137351">
      <class name="com.dsalgoportal.testrunner.TestNGTestRunner">
        <test-method is-config="true" signature="setUpClass(org.testng.ITestContext)[pri:0, instance:com.dsalgoportal.testrunner.TestNGTestRunner@3e84448c]" started-at="2023-09-14T13:59:10 CDT" name="setUpClass" finished-at="2023-09-14T13:59:16 CDT" duration-ms="5334" status="PASS">
          <params>
            <param index="0">
              <value>
                <![CDATA[org.testng.TestRunner@579c15a7]]>
              </value>
            </param>
          </params>
          <reporter-output>
          </reporter-output>
        </test-method> <!-- setUpClass -->
        <test-method signature="runScenario(io.cucumber.testng.PickleWrapper,io.cucumber.testng.FeatureWrapper)[pri:0, instance:com.dsalgoportal.testrunner.TestNGTestRunner@3e84448c]" started-at="2023-09-14T13:59:16 CDT" name="runScenario" description="Runs Cucumber Scenarios" data-provider="scenarios" finished-at="2023-09-14T13:59:18 CDT" duration-ms="2596" status="PASS">
          <params>
            <param index="0">
              <value>
                <![CDATA["Get started with DsAlgoProject"]]>
              </value>
            </param>
            <param index="1">
              <value>
                <![CDATA["Get started with DsAlgoProject"]]>
              </value>
            </param>
          </params>
          <reporter-output>
          </reporter-output>
        </test-method> <!-- runScenario -->
        <test-method signature="runScenario(io.cucumber.testng.PickleWrapper,io.cucumber.testng.FeatureWrapper)[pri:0, instance:com.dsalgoportal.testrunner.TestNGTestRunner@3e84448c]" started-at="2023-09-14T13:59:18 CDT" name="runScenario" description="Runs Cucumber Scenarios" data-provider="scenarios" finished-at="2023-09-14T13:59:19 CDT" duration-ms="868" status="PASS">
          <params>
            <param index="0">
              <value>
                <![CDATA["Click Register"]]>
              </value>
            </param>
            <param index="1">
              <value>
                <![CDATA["Home"]]>
              </value>
            </param>
          </params>
          <reporter-output>
          </reporter-output>
        </test-method> <!-- runScenario -->
        <test-method signature="runScenario(io.cucumber.testng.PickleWrapper,io.cucumber.testng.FeatureWrapper)[pri:0, instance:com.dsalgoportal.testrunner.TestNGTestRunner@3e84448c]" started-at="2023-09-14T13:59:19 CDT" name="runScenario" description="Runs Cucumber Scenarios" data-provider="scenarios" finished-at="2023-09-14T13:59:20 CDT" duration-ms="904" status="PASS">
          <params>
            <param index="0">
              <value>
                <![CDATA["Click Sign In"]]>
              </value>
            </param>
            <param index="1">
              <value>
                <![CDATA["Home"]]>
              </value>
            </param>
          </params>
          <reporter-output>
          </reporter-output>
        </test-method> <!-- runScenario -->
        <test-method signature="runScenario(io.cucumber.testng.PickleWrapper,io.cucumber.testng.FeatureWrapper)[pri:0, instance:com.dsalgoportal.testrunner.TestNGTestRunner@3e84448c]" started-at="2023-09-14T13:59:20 CDT" name="runScenario" description="Runs Cucumber Scenarios" data-provider="scenarios" finished-at="2023-09-14T13:59:21 CDT" duration-ms="1117" status="PASS">
          <params>
            <param index="0">
              <value>
                <![CDATA["Click on DataStructure DropDown without login"]]>
              </value>
            </param>
            <param index="1">
              <value>
                <![CDATA["Home"]]>
              </value>
            </param>
          </params>
          <reporter-output>
          </reporter-output>
        </test-method> <!-- runScenario -->
        <test-method signature="runScenario(io.cucumber.testng.PickleWrapper,io.cucumber.testng.FeatureWrapper)[pri:0, instance:com.dsalgoportal.testrunner.TestNGTestRunner@3e84448c]" started-at="2023-09-14T13:59:21 CDT" name="runScenario" description="Runs Cucumber Scenarios" data-provider="scenarios" finished-at="2023-09-14T13:59:22 CDT" duration-ms="1047" status="PASS">
          <params>
            <param index="0">
              <value>
                <![CDATA["Click on DataStructure DropDown without login"]]>
              </value>
            </param>
            <param index="1">
              <value>
                <![CDATA["Home"]]>
              </value>
            </param>
          </params>
          <reporter-output>
          </reporter-output>
        </test-method> <!-- runScenario -->
        <test-method signature="runScenario(io.cucumber.testng.PickleWrapper,io.cucumber.testng.FeatureWrapper)[pri:0, instance:com.dsalgoportal.testrunner.TestNGTestRunner@3e84448c]" started-at="2023-09-14T13:59:22 CDT" name="runScenario" description="Runs Cucumber Scenarios" data-provider="scenarios" finished-at="2023-09-14T13:59:23 CDT" duration-ms="1037" status="PASS">
          <params>
            <param index="0">
              <value>
                <![CDATA["Click on DataStructure DropDown without login"]]>
              </value>
            </param>
            <param index="1">
              <value>
                <![CDATA["Home"]]>
              </value>
            </param>
          </params>
          <reporter-output>
          </reporter-output>
        </test-method> <!-- runScenario -->
        <test-method signature="runScenario(io.cucumber.testng.PickleWrapper,io.cucumber.testng.FeatureWrapper)[pri:0, instance:com.dsalgoportal.testrunner.TestNGTestRunner@3e84448c]" started-at="2023-09-14T13:59:23 CDT" name="runScenario" description="Runs Cucumber Scenarios" data-provider="scenarios" finished-at="2023-09-14T13:59:24 CDT" duration-ms="1081" status="PASS">
          <params>
            <param index="0">
              <value>
                <![CDATA["Click on DataStructure DropDown without login"]]>
              </value>
            </param>
            <param index="1">
              <value>
                <![CDATA["Home"]]>
              </value>
            </param>
          </params>
          <reporter-output>
          </reporter-output>
        </test-method> <!-- runScenario -->
        <test-method signature="runScenario(io.cucumber.testng.PickleWrapper,io.cucumber.testng.FeatureWrapper)[pri:0, instance:com.dsalgoportal.testrunner.TestNGTestRunner@3e84448c]" started-at="2023-09-14T13:59:24 CDT" name="runScenario" description="Runs Cucumber Scenarios" data-provider="scenarios" finished-at="2023-09-14T13:59:25 CDT" duration-ms="1053" status="PASS">
          <params>
            <param index="0">
              <value>
                <![CDATA["Click on DataStructure DropDown without login"]]>
              </value>
            </param>
            <param index="1">
              <value>
                <![CDATA["Home"]]>
              </value>
            </param>
          </params>
          <reporter-output>
          </reporter-output>
        </test-method> <!-- runScenario -->
        <test-method signature="runScenario(io.cucumber.testng.PickleWrapper,io.cucumber.testng.FeatureWrapper)[pri:0, instance:com.dsalgoportal.testrunner.TestNGTestRunner@3e84448c]" started-at="2023-09-14T13:59:25 CDT" name="runScenario" description="Runs Cucumber Scenarios" data-provider="scenarios" finished-at="2023-09-14T13:59:26 CDT" duration-ms="1031" status="PASS">
          <params>
            <param index="0">
              <value>
                <![CDATA["Click on DataStructure DropDown without login"]]>
              </value>
            </param>
            <param index="1">
              <value>
                <![CDATA["Home"]]>
              </value>
            </param>
          </params>
          <reporter-output>
          </reporter-output>
        </test-method> <!-- runScenario -->
        <test-method signature="runScenario(io.cucumber.testng.PickleWrapper,io.cucumber.testng.FeatureWrapper)[pri:0, instance:com.dsalgoportal.testrunner.TestNGTestRunner@3e84448c]" started-at="2023-09-14T13:59:26 CDT" name="runScenario" description="Runs Cucumber Scenarios" data-provider="scenarios" finished-at="2023-09-14T13:59:27 CDT" duration-ms="949" status="PASS">
          <params>
            <param index="0">
              <value>
                <![CDATA["Click on Get Started of Each DataStructure Section without login"]]>
              </value>
            </param>
            <param index="1">
              <value>
                <![CDATA["Home"]]>
              </value>
            </param>
          </params>
          <reporter-output>
          </reporter-output>
        </test-method> <!-- runScenario -->
        <test-method signature="runScenario(io.cucumber.testng.PickleWrapper,io.cucumber.testng.FeatureWrapper)[pri:0, instance:com.dsalgoportal.testrunner.TestNGTestRunner@3e84448c]" started-at="2023-09-14T13:59:27 CDT" name="runScenario" description="Runs Cucumber Scenarios" data-provider="scenarios" finished-at="2023-09-14T13:59:28 CDT" duration-ms="934" status="PASS">
          <params>
            <param index="0">
              <value>
                <![CDATA["Click on Get Started of Each DataStructure Section without login"]]>
              </value>
            </param>
            <param index="1">
              <value>
                <![CDATA["Home"]]>
              </value>
            </param>
          </params>
          <reporter-output>
          </reporter-output>
        </test-method> <!-- runScenario -->
        <test-method signature="runScenario(io.cucumber.testng.PickleWrapper,io.cucumber.testng.FeatureWrapper)[pri:0, instance:com.dsalgoportal.testrunner.TestNGTestRunner@3e84448c]" started-at="2023-09-14T13:59:28 CDT" name="runScenario" description="Runs Cucumber Scenarios" data-provider="scenarios" finished-at="2023-09-14T13:59:29 CDT" duration-ms="906" status="PASS">
          <params>
            <param index="0">
              <value>
                <![CDATA["Click on Get Started of Each DataStructure Section without login"]]>
              </value>
            </param>
            <param index="1">
              <value>
                <![CDATA["Home"]]>
              </value>
            </param>
          </params>
          <reporter-output>
          </reporter-output>
        </test-method> <!-- runScenario -->
        <test-method signature="runScenario(io.cucumber.testng.PickleWrapper,io.cucumber.testng.FeatureWrapper)[pri:0, instance:com.dsalgoportal.testrunner.TestNGTestRunner@3e84448c]" started-at="2023-09-14T13:59:29 CDT" name="runScenario" description="Runs Cucumber Scenarios" data-provider="scenarios" finished-at="2023-09-14T13:59:30 CDT" duration-ms="902" status="PASS">
          <params>
            <param index="0">
              <value>
                <![CDATA["Click on Get Started of Each DataStructure Section without login"]]>
              </value>
            </param>
            <param index="1">
              <value>
                <![CDATA["Home"]]>
              </value>
            </param>
          </params>
          <reporter-output>
          </reporter-output>
        </test-method> <!-- runScenario -->
        <test-method signature="runScenario(io.cucumber.testng.PickleWrapper,io.cucumber.testng.FeatureWrapper)[pri:0, instance:com.dsalgoportal.testrunner.TestNGTestRunner@3e84448c]" started-at="2023-09-14T13:59:30 CDT" name="runScenario" description="Runs Cucumber Scenarios" data-provider="scenarios" finished-at="2023-09-14T13:59:31 CDT" duration-ms="877" status="PASS">
          <params>
            <param index="0">
              <value>
                <![CDATA["Click on Get Started of Each DataStructure Section without login"]]>
              </value>
            </param>
            <param index="1">
              <value>
                <![CDATA["Home"]]>
              </value>
            </param>
          </params>
          <reporter-output>
          </reporter-output>
        </test-method> <!-- runScenario -->
        <test-method signature="runScenario(io.cucumber.testng.PickleWrapper,io.cucumber.testng.FeatureWrapper)[pri:0, instance:com.dsalgoportal.testrunner.TestNGTestRunner@3e84448c]" started-at="2023-09-14T13:59:31 CDT" name="runScenario" description="Runs Cucumber Scenarios" data-provider="scenarios" finished-at="2023-09-14T13:59:32 CDT" duration-ms="934" status="PASS">
          <params>
            <param index="0">
              <value>
                <![CDATA["Click on Get Started of Each DataStructure Section without login"]]>
              </value>
            </param>
            <param index="1">
              <value>
                <![CDATA["Home"]]>
              </value>
            </param>
          </params>
          <reporter-output>
          </reporter-output>
        </test-method> <!-- runScenario -->
        <test-method signature="runScenario(io.cucumber.testng.PickleWrapper,io.cucumber.testng.FeatureWrapper)[pri:0, instance:com.dsalgoportal.testrunner.TestNGTestRunner@3e84448c]" started-at="2023-09-14T13:59:32 CDT" name="runScenario" description="Runs Cucumber Scenarios" data-provider="scenarios" finished-at="2023-09-14T13:59:33 CDT" duration-ms="985" status="PASS">
          <params>
            <param index="0">
              <value>
                <![CDATA["Click on Get Started of Each DataStructure Section without login"]]>
              </value>
            </param>
            <param index="1">
              <value>
                <![CDATA["Home"]]>
              </value>
            </param>
          </params>
          <reporter-output>
          </reporter-output>
        </test-method> <!-- runScenario -->
        <test-method signature="runScenario(io.cucumber.testng.PickleWrapper,io.cucumber.testng.FeatureWrapper)[pri:0, instance:com.dsalgoportal.testrunner.TestNGTestRunner@3e84448c]" started-at="2023-09-14T13:59:33 CDT" name="runScenario" description="Runs Cucumber Scenarios" data-provider="scenarios" finished-at="2023-09-14T13:59:34 CDT" duration-ms="1081" status="PASS">
          <params>
            <param index="0">
              <value>
                <![CDATA["Check for empty field use case"]]>
              </value>
            </param>
            <param index="1">
              <value>
                <![CDATA["Register"]]>
              </value>
            </param>
          </params>
          <reporter-output>
          </reporter-output>
        </test-method> <!-- runScenario -->
        <test-method signature="runScenario(io.cucumber.testng.PickleWrapper,io.cucumber.testng.FeatureWrapper)[pri:0, instance:com.dsalgoportal.testrunner.TestNGTestRunner@3e84448c]" started-at="2023-09-14T13:59:34 CDT" name="runScenario" description="Runs Cucumber Scenarios" data-provider="scenarios" finished-at="2023-09-14T13:59:35 CDT" duration-ms="1150" status="PASS">
          <params>
            <param index="0">
              <value>
                <![CDATA["Check for empty field use case"]]>
              </value>
            </param>
            <param index="1">
              <value>
                <![CDATA["Register"]]>
              </value>
            </param>
          </params>
          <reporter-output>
          </reporter-output>
        </test-method> <!-- runScenario -->
        <test-method signature="runScenario(io.cucumber.testng.PickleWrapper,io.cucumber.testng.FeatureWrapper)[pri:0, instance:com.dsalgoportal.testrunner.TestNGTestRunner@3e84448c]" started-at="2023-09-14T13:59:35 CDT" name="runScenario" description="Runs Cucumber Scenarios" data-provider="scenarios" finished-at="2023-09-14T13:59:36 CDT" duration-ms="1106" status="PASS">
          <params>
            <param index="0">
              <value>
                <![CDATA["Check for empty field use case"]]>
              </value>
            </param>
            <param index="1">
              <value>
                <![CDATA["Register"]]>
              </value>
            </param>
          </params>
          <reporter-output>
          </reporter-output>
        </test-method> <!-- runScenario -->
        <test-method signature="runScenario(io.cucumber.testng.PickleWrapper,io.cucumber.testng.FeatureWrapper)[pri:0, instance:com.dsalgoportal.testrunner.TestNGTestRunner@3e84448c]" started-at="2023-09-14T13:59:36 CDT" name="runScenario" description="Runs Cucumber Scenarios" data-provider="scenarios" finished-at="2023-09-14T13:59:37 CDT" duration-ms="1165" status="PASS">
          <params>
            <param index="0">
              <value>
                <![CDATA["Check for empty field use case"]]>
              </value>
            </param>
            <param index="1">
              <value>
                <![CDATA["Register"]]>
              </value>
            </param>
          </params>
          <reporter-output>
          </reporter-output>
        </test-method> <!-- runScenario -->
        <test-method signature="runScenario(io.cucumber.testng.PickleWrapper,io.cucumber.testng.FeatureWrapper)[pri:0, instance:com.dsalgoportal.testrunner.TestNGTestRunner@3e84448c]" started-at="2023-09-14T13:59:37 CDT" name="runScenario" description="Runs Cucumber Scenarios" data-provider="scenarios" finished-at="2023-09-14T13:59:39 CDT" duration-ms="1280" status="PASS">
          <params>
            <param index="0">
              <value>
                <![CDATA["Check for Password mismatch"]]>
              </value>
            </param>
            <param index="1">
              <value>
                <![CDATA["Register"]]>
              </value>
            </param>
          </params>
          <reporter-output>
          </reporter-output>
        </test-method> <!-- runScenario -->
        <test-method signature="runScenario(io.cucumber.testng.PickleWrapper,io.cucumber.testng.FeatureWrapper)[pri:0, instance:com.dsalgoportal.testrunner.TestNGTestRunner@3e84448c]" started-at="2023-09-14T13:59:39 CDT" name="runScenario" description="Runs Cucumber Scenarios" data-provider="scenarios" finished-at="2023-09-14T13:59:40 CDT" duration-ms="1200" status="PASS">
          <params>
            <param index="0">
              <value>
                <![CDATA["Check for Password with only numbers"]]>
              </value>
            </param>
            <param index="1">
              <value>
                <![CDATA["Register"]]>
              </value>
            </param>
          </params>
          <reporter-output>
          </reporter-output>
        </test-method> <!-- runScenario -->
        <test-method signature="runScenario(io.cucumber.testng.PickleWrapper,io.cucumber.testng.FeatureWrapper)[pri:0, instance:com.dsalgoportal.testrunner.TestNGTestRunner@3e84448c]" started-at="2023-09-14T13:59:40 CDT" name="runScenario" description="Runs Cucumber Scenarios" data-provider="scenarios" finished-at="2023-09-14T13:59:41 CDT" duration-ms="1196" status="PASS">
          <params>
            <param index="0">
              <value>
                <![CDATA["Check for Password similar to username"]]>
              </value>
            </param>
            <param index="1">
              <value>
                <![CDATA["Register"]]>
              </value>
            </param>
          </params>
          <reporter-output>
          </reporter-output>
        </test-method> <!-- runScenario -->
        <test-method signature="runScenario(io.cucumber.testng.PickleWrapper,io.cucumber.testng.FeatureWrapper)[pri:0, instance:com.dsalgoportal.testrunner.TestNGTestRunner@3e84448c]" started-at="2023-09-14T13:59:41 CDT" name="runScenario" description="Runs Cucumber Scenarios" data-provider="scenarios" finished-at="2023-09-14T13:59:42 CDT" duration-ms="1224" status="PASS">
          <params>
            <param index="0">
              <value>
                <![CDATA["Check for error message for commonly used password"]]>
              </value>
            </param>
            <param index="1">
              <value>
                <![CDATA["Register"]]>
              </value>
            </param>
          </params>
          <reporter-output>
          </reporter-output>
        </test-method> <!-- runScenario -->
        <test-method signature="runScenario(io.cucumber.testng.PickleWrapper,io.cucumber.testng.FeatureWrapper)[pri:0, instance:com.dsalgoportal.testrunner.TestNGTestRunner@3e84448c]" started-at="2023-09-14T13:59:42 CDT" name="runScenario" description="Runs Cucumber Scenarios" data-provider="scenarios" finished-at="2023-09-14T13:59:43 CDT" duration-ms="1204" status="PASS">
          <params>
            <param index="0">
              <value>
                <![CDATA["Check for error message for password with characters less than 8"]]>
              </value>
            </param>
            <param index="1">
              <value>
                <![CDATA["Register"]]>
              </value>
            </param>
          </params>
          <reporter-output>
          </reporter-output>
        </test-method> <!-- runScenario -->
        <test-method signature="runScenario(io.cucumber.testng.PickleWrapper,io.cucumber.testng.FeatureWrapper)[pri:0, instance:com.dsalgoportal.testrunner.TestNGTestRunner@3e84448c]" started-at="2023-09-14T13:59:43 CDT" name="runScenario" description="Runs Cucumber Scenarios" data-provider="scenarios" finished-at="2023-09-14T13:59:44 CDT" duration-ms="752" status="PASS">
          <params>
            <param index="0">
              <value>
                <![CDATA["The user is able to signin with registered credential"]]>
              </value>
            </param>
            <param index="1">
              <value>
                <![CDATA["SignIn feature"]]>
              </value>
            </param>
          </params>
          <reporter-output>
          </reporter-output>
        </test-method> <!-- runScenario -->
        <test-method signature="runScenario(io.cucumber.testng.PickleWrapper,io.cucumber.testng.FeatureWrapper)[pri:0, instance:com.dsalgoportal.testrunner.TestNGTestRunner@3e84448c]" started-at="2023-09-14T13:59:44 CDT" name="runScenario" description="Runs Cucumber Scenarios" data-provider="scenarios" finished-at="2023-09-14T13:59:45 CDT" duration-ms="566" status="PASS">
          <params>
            <param index="0">
              <value>
                <![CDATA["Verifying Register link"]]>
              </value>
            </param>
            <param index="1">
              <value>
                <![CDATA["SignIn feature"]]>
              </value>
            </param>
          </params>
          <reporter-output>
          </reporter-output>
        </test-method> <!-- runScenario -->
        <test-method signature="runScenario(io.cucumber.testng.PickleWrapper,io.cucumber.testng.FeatureWrapper)[pri:0, instance:com.dsalgoportal.testrunner.TestNGTestRunner@3e84448c]" started-at="2023-09-14T13:59:45 CDT" name="runScenario" description="Runs Cucumber Scenarios" data-provider="scenarios" finished-at="2023-09-14T13:59:46 CDT" duration-ms="780" status="PASS">
          <params>
            <param index="0">
              <value>
                <![CDATA["User on login page and login with invalid inputs"]]>
              </value>
            </param>
            <param index="1">
              <value>
                <![CDATA["SignIn feature"]]>
              </value>
            </param>
          </params>
          <reporter-output>
          </reporter-output>
        </test-method> <!-- runScenario -->
        <test-method signature="runScenario(io.cucumber.testng.PickleWrapper,io.cucumber.testng.FeatureWrapper)[pri:0, instance:com.dsalgoportal.testrunner.TestNGTestRunner@3e84448c]" started-at="2023-09-14T13:59:46 CDT" name="runScenario" description="Runs Cucumber Scenarios" data-provider="scenarios" finished-at="2023-09-14T13:59:47 CDT" duration-ms="1591" status="PASS">
          <params>
            <param index="0">
              <value>
                <![CDATA["User invalid and valid inputs from Excel on login page and login with"]]>
              </value>
            </param>
            <param index="1">
              <value>
                <![CDATA["SignIn feature"]]>
              </value>
            </param>
          </params>
          <reporter-output>
          </reporter-output>
        </test-method> <!-- runScenario -->
        <test-method signature="runScenario(io.cucumber.testng.PickleWrapper,io.cucumber.testng.FeatureWrapper)[pri:0, instance:com.dsalgoportal.testrunner.TestNGTestRunner@3e84448c]" started-at="2023-09-14T13:59:47 CDT" name="runScenario" description="Runs Cucumber Scenarios" data-provider="scenarios" finished-at="2023-09-14T13:59:48 CDT" duration-ms="1025" status="PASS">
          <params>
            <param index="0">
              <value>
                <![CDATA["User invalid and valid inputs from Excel on login page and login with"]]>
              </value>
            </param>
            <param index="1">
              <value>
                <![CDATA["SignIn feature"]]>
              </value>
            </param>
          </params>
          <reporter-output>
          </reporter-output>
        </test-method> <!-- runScenario -->
        <test-method signature="runScenario(io.cucumber.testng.PickleWrapper,io.cucumber.testng.FeatureWrapper)[pri:0, instance:com.dsalgoportal.testrunner.TestNGTestRunner@3e84448c]" started-at="2023-09-14T13:59:48 CDT" name="runScenario" description="Runs Cucumber Scenarios" data-provider="scenarios" finished-at="2023-09-14T13:59:49 CDT" duration-ms="956" status="PASS">
          <params>
            <param index="0">
              <value>
                <![CDATA["User invalid and valid inputs from Excel on login page and login with"]]>
              </value>
            </param>
            <param index="1">
              <value>
                <![CDATA["SignIn feature"]]>
              </value>
            </param>
          </params>
          <reporter-output>
          </reporter-output>
        </test-method> <!-- runScenario -->
        <test-method signature="runScenario(io.cucumber.testng.PickleWrapper,io.cucumber.testng.FeatureWrapper)[pri:0, instance:com.dsalgoportal.testrunner.TestNGTestRunner@3e84448c]" started-at="2023-09-14T13:59:49 CDT" name="runScenario" description="Runs Cucumber Scenarios" data-provider="scenarios" finished-at="2023-09-14T13:59:51 CDT" duration-ms="1405" status="PASS">
          <params>
            <param index="0">
              <value>
                <![CDATA["Verifying signout link"]]>
              </value>
            </param>
            <param index="1">
              <value>
                <![CDATA["SignIn feature"]]>
              </value>
            </param>
          </params>
          <reporter-output>
          </reporter-output>
        </test-method> <!-- runScenario -->
        <test-method signature="runScenario(io.cucumber.testng.PickleWrapper,io.cucumber.testng.FeatureWrapper)[pri:0, instance:com.dsalgoportal.testrunner.TestNGTestRunner@3e84448c]" started-at="2023-09-14T13:59:51 CDT" name="runScenario" description="Runs Cucumber Scenarios" data-provider="scenarios" finished-at="2023-09-14T13:59:52 CDT" duration-ms="1016" status="PASS">
          <params>
            <param index="0">
              <value>
                <![CDATA["User Logs into the DSAlgo Portal"]]>
              </value>
            </param>
            <param index="1">
              <value>
                <![CDATA["Arrays"]]>
              </value>
            </param>
          </params>
          <reporter-output>
          </reporter-output>
        </test-method> <!-- runScenario -->
        <test-method signature="runScenario(io.cucumber.testng.PickleWrapper,io.cucumber.testng.FeatureWrapper)[pri:0, instance:com.dsalgoportal.testrunner.TestNGTestRunner@3e84448c]" started-at="2023-09-14T13:59:52 CDT" name="runScenario" description="Runs Cucumber Scenarios" data-provider="scenarios" finished-at="2023-09-14T13:59:52 CDT" duration-ms="589" status="PASS">
          <params>
            <param index="0">
              <value>
                <![CDATA["User is on the Array page"]]>
              </value>
            </param>
            <param index="1">
              <value>
                <![CDATA["Arrays"]]>
              </value>
            </param>
          </params>
          <reporter-output>
          </reporter-output>
        </test-method> <!-- runScenario -->
        <test-method signature="runScenario(io.cucumber.testng.PickleWrapper,io.cucumber.testng.FeatureWrapper)[pri:0, instance:com.dsalgoportal.testrunner.TestNGTestRunner@3e84448c]" started-at="2023-09-14T13:59:52 CDT" name="runScenario" description="Runs Cucumber Scenarios" data-provider="scenarios" finished-at="2023-09-14T13:59:53 CDT" duration-ms="609" status="PASS">
          <params>
            <param index="0">
              <value>
                <![CDATA["User is on the Arrays in Python page."]]>
              </value>
            </param>
            <param index="1">
              <value>
                <![CDATA["Arrays"]]>
              </value>
            </param>
          </params>
          <reporter-output>
          </reporter-output>
        </test-method> <!-- runScenario -->
        <test-method signature="runScenario(io.cucumber.testng.PickleWrapper,io.cucumber.testng.FeatureWrapper)[pri:0, instance:com.dsalgoportal.testrunner.TestNGTestRunner@3e84448c]" started-at="2023-09-14T13:59:53 CDT" name="runScenario" description="Runs Cucumber Scenarios" data-provider="scenarios" finished-at="2023-09-14T13:59:55 CDT" duration-ms="1842" status="PASS">
          <params>
            <param index="0">
              <value>
                <![CDATA["User is on the tryeditor page of Arrays in python."]]>
              </value>
            </param>
            <param index="1">
              <value>
                <![CDATA["Arrays"]]>
              </value>
            </param>
          </params>
          <reporter-output>
          </reporter-output>
        </test-method> <!-- runScenario -->
        <test-method signature="runScenario(io.cucumber.testng.PickleWrapper,io.cucumber.testng.FeatureWrapper)[pri:0, instance:com.dsalgoportal.testrunner.TestNGTestRunner@3e84448c]" started-at="2023-09-14T13:59:55 CDT" name="runScenario" description="Runs Cucumber Scenarios" data-provider="scenarios" finished-at="2023-09-14T13:59:55 CDT" duration-ms="607" status="PASS">
          <params>
            <param index="0">
              <value>
                <![CDATA["The user runs a valid python code in tryeditor."]]>
              </value>
            </param>
            <param index="1">
              <value>
                <![CDATA["Arrays"]]>
              </value>
            </param>
          </params>
          <reporter-output>
          </reporter-output>
        </test-method> <!-- runScenario -->
        <test-method signature="runScenario(io.cucumber.testng.PickleWrapper,io.cucumber.testng.FeatureWrapper)[pri:0, instance:com.dsalgoportal.testrunner.TestNGTestRunner@3e84448c]" started-at="2023-09-14T13:59:55 CDT" name="runScenario" description="Runs Cucumber Scenarios" data-provider="scenarios" finished-at="2023-09-14T13:59:56 CDT" duration-ms="965" status="PASS">
          <params>
            <param index="0">
              <value>
                <![CDATA["The user runs a invalid code in Editor"]]>
              </value>
            </param>
            <param index="1">
              <value>
                <![CDATA["Arrays"]]>
              </value>
            </param>
          </params>
          <reporter-output>
          </reporter-output>
        </test-method> <!-- runScenario -->
        <test-method signature="runScenario(io.cucumber.testng.PickleWrapper,io.cucumber.testng.FeatureWrapper)[pri:0, instance:com.dsalgoportal.testrunner.TestNGTestRunner@3e84448c]" started-at="2023-09-14T13:59:56 CDT" name="runScenario" description="Runs Cucumber Scenarios" data-provider="scenarios" finished-at="2023-09-14T13:59:57 CDT" duration-ms="422" status="PASS">
          <params>
            <param index="0">
              <value>
                <![CDATA["The user needs to navigate to Array Using List page"]]>
              </value>
            </param>
            <param index="1">
              <value>
                <![CDATA["Arrays"]]>
              </value>
            </param>
          </params>
          <reporter-output>
          </reporter-output>
        </test-method> <!-- runScenario -->
        <test-method signature="runScenario(io.cucumber.testng.PickleWrapper,io.cucumber.testng.FeatureWrapper)[pri:0, instance:com.dsalgoportal.testrunner.TestNGTestRunner@3e84448c]" started-at="2023-09-14T13:59:57 CDT" name="runScenario" description="Runs Cucumber Scenarios" data-provider="scenarios" finished-at="2023-09-14T13:59:57 CDT" duration-ms="301" status="PASS">
          <params>
            <param index="0">
              <value>
                <![CDATA["The user is able to redirect to try Editor for Arrays Using List page"]]>
              </value>
            </param>
            <param index="1">
              <value>
                <![CDATA["Arrays"]]>
              </value>
            </param>
          </params>
          <reporter-output>
          </reporter-output>
        </test-method> <!-- runScenario -->
        <test-method signature="runScenario(io.cucumber.testng.PickleWrapper,io.cucumber.testng.FeatureWrapper)[pri:0, instance:com.dsalgoportal.testrunner.TestNGTestRunner@3e84448c]" started-at="2023-09-14T13:59:57 CDT" name="runScenario" description="Runs Cucumber Scenarios" data-provider="scenarios" finished-at="2023-09-14T13:59:57 CDT" duration-ms="519" status="PASS">
          <params>
            <param index="0">
              <value>
                <![CDATA["The user runs a valid python code in tryeditor."]]>
              </value>
            </param>
            <param index="1">
              <value>
                <![CDATA["Arrays"]]>
              </value>
            </param>
          </params>
          <reporter-output>
          </reporter-output>
        </test-method> <!-- runScenario -->
        <test-method signature="runScenario(io.cucumber.testng.PickleWrapper,io.cucumber.testng.FeatureWrapper)[pri:0, instance:com.dsalgoportal.testrunner.TestNGTestRunner@3e84448c]" started-at="2023-09-14T13:59:57 CDT" name="runScenario" description="Runs Cucumber Scenarios" data-provider="scenarios" finished-at="2023-09-14T13:59:58 CDT" duration-ms="787" status="PASS">
          <params>
            <param index="0">
              <value>
                <![CDATA["The user runs a invalid code in Editor"]]>
              </value>
            </param>
            <param index="1">
              <value>
                <![CDATA["Arrays"]]>
              </value>
            </param>
          </params>
          <reporter-output>
          </reporter-output>
        </test-method> <!-- runScenario -->
        <test-method signature="runScenario(io.cucumber.testng.PickleWrapper,io.cucumber.testng.FeatureWrapper)[pri:0, instance:com.dsalgoportal.testrunner.TestNGTestRunner@3e84448c]" started-at="2023-09-14T13:59:58 CDT" name="runScenario" description="Runs Cucumber Scenarios" data-provider="scenarios" finished-at="2023-09-14T13:59:59 CDT" duration-ms="338" status="PASS">
          <params>
            <param index="0">
              <value>
                <![CDATA["The user needs to navigate to Basic Operations in List page"]]>
              </value>
            </param>
            <param index="1">
              <value>
                <![CDATA["Arrays"]]>
              </value>
            </param>
          </params>
          <reporter-output>
          </reporter-output>
        </test-method> <!-- runScenario -->
        <test-method signature="runScenario(io.cucumber.testng.PickleWrapper,io.cucumber.testng.FeatureWrapper)[pri:0, instance:com.dsalgoportal.testrunner.TestNGTestRunner@3e84448c]" started-at="2023-09-14T13:59:59 CDT" name="runScenario" description="Runs Cucumber Scenarios" data-provider="scenarios" finished-at="2023-09-14T13:59:59 CDT" duration-ms="306" status="PASS">
          <params>
            <param index="0">
              <value>
                <![CDATA["The user is able to redirect to try Editor for Basic Operations in List page"]]>
              </value>
            </param>
            <param index="1">
              <value>
                <![CDATA["Arrays"]]>
              </value>
            </param>
          </params>
          <reporter-output>
          </reporter-output>
        </test-method> <!-- runScenario -->
        <test-method signature="runScenario(io.cucumber.testng.PickleWrapper,io.cucumber.testng.FeatureWrapper)[pri:0, instance:com.dsalgoportal.testrunner.TestNGTestRunner@3e84448c]" started-at="2023-09-14T13:59:59 CDT" name="runScenario" description="Runs Cucumber Scenarios" data-provider="scenarios" finished-at="2023-09-14T13:59:59 CDT" duration-ms="542" status="PASS">
          <params>
            <param index="0">
              <value>
                <![CDATA["The user runs a valid python code in tryeditor."]]>
              </value>
            </param>
            <param index="1">
              <value>
                <![CDATA["Arrays"]]>
              </value>
            </param>
          </params>
          <reporter-output>
          </reporter-output>
        </test-method> <!-- runScenario -->
        <test-method signature="runScenario(io.cucumber.testng.PickleWrapper,io.cucumber.testng.FeatureWrapper)[pri:0, instance:com.dsalgoportal.testrunner.TestNGTestRunner@3e84448c]" started-at="2023-09-14T13:59:59 CDT" name="runScenario" description="Runs Cucumber Scenarios" data-provider="scenarios" finished-at="2023-09-14T14:00:00 CDT" duration-ms="871" status="PASS">
          <params>
            <param index="0">
              <value>
                <![CDATA["The user runs a invalid code in Editor"]]>
              </value>
            </param>
            <param index="1">
              <value>
                <![CDATA["Arrays"]]>
              </value>
            </param>
          </params>
          <reporter-output>
          </reporter-output>
        </test-method> <!-- runScenario -->
        <test-method signature="runScenario(io.cucumber.testng.PickleWrapper,io.cucumber.testng.FeatureWrapper)[pri:0, instance:com.dsalgoportal.testrunner.TestNGTestRunner@3e84448c]" started-at="2023-09-14T14:00:00 CDT" name="runScenario" description="Runs Cucumber Scenarios" data-provider="scenarios" finished-at="2023-09-14T14:00:01 CDT" duration-ms="301" status="PASS">
          <params>
            <param index="0">
              <value>
                <![CDATA["The user needs to navigate to Applications of Array page"]]>
              </value>
            </param>
            <param index="1">
              <value>
                <![CDATA["Arrays"]]>
              </value>
            </param>
          </params>
          <reporter-output>
          </reporter-output>
        </test-method> <!-- runScenario -->
        <test-method signature="runScenario(io.cucumber.testng.PickleWrapper,io.cucumber.testng.FeatureWrapper)[pri:0, instance:com.dsalgoportal.testrunner.TestNGTestRunner@3e84448c]" started-at="2023-09-14T14:00:01 CDT" name="runScenario" description="Runs Cucumber Scenarios" data-provider="scenarios" finished-at="2023-09-14T14:00:01 CDT" duration-ms="301" status="PASS">
          <params>
            <param index="0">
              <value>
                <![CDATA["The user is able to redirect to try Editor for Applications of Array page"]]>
              </value>
            </param>
            <param index="1">
              <value>
                <![CDATA["Arrays"]]>
              </value>
            </param>
          </params>
          <reporter-output>
          </reporter-output>
        </test-method> <!-- runScenario -->
        <test-method signature="runScenario(io.cucumber.testng.PickleWrapper,io.cucumber.testng.FeatureWrapper)[pri:0, instance:com.dsalgoportal.testrunner.TestNGTestRunner@3e84448c]" started-at="2023-09-14T14:00:01 CDT" name="runScenario" description="Runs Cucumber Scenarios" data-provider="scenarios" finished-at="2023-09-14T14:00:01 CDT" duration-ms="542" status="PASS">
          <params>
            <param index="0">
              <value>
                <![CDATA["The user runs a valid python code in tryeditor."]]>
              </value>
            </param>
            <param index="1">
              <value>
                <![CDATA["Arrays"]]>
              </value>
            </param>
          </params>
          <reporter-output>
          </reporter-output>
        </test-method> <!-- runScenario -->
        <test-method signature="runScenario(io.cucumber.testng.PickleWrapper,io.cucumber.testng.FeatureWrapper)[pri:0, instance:com.dsalgoportal.testrunner.TestNGTestRunner@3e84448c]" started-at="2023-09-14T14:00:01 CDT" name="runScenario" description="Runs Cucumber Scenarios" data-provider="scenarios" finished-at="2023-09-14T14:00:02 CDT" duration-ms="805" status="PASS">
          <params>
            <param index="0">
              <value>
                <![CDATA["The user runs a invalid code in Editor"]]>
              </value>
            </param>
            <param index="1">
              <value>
                <![CDATA["Arrays"]]>
              </value>
            </param>
          </params>
          <reporter-output>
          </reporter-output>
        </test-method> <!-- runScenario -->
        <test-method signature="runScenario(io.cucumber.testng.PickleWrapper,io.cucumber.testng.FeatureWrapper)[pri:0, instance:com.dsalgoportal.testrunner.TestNGTestRunner@3e84448c]" started-at="2023-09-14T14:00:02 CDT" name="runScenario" description="Runs Cucumber Scenarios" data-provider="scenarios" finished-at="2023-09-14T14:00:03 CDT" duration-ms="237" status="PASS">
          <params>
            <param index="0">
              <value>
                <![CDATA["The user needs to navigate to Practice questions"]]>
              </value>
            </param>
            <param index="1">
              <value>
                <![CDATA["Arrays"]]>
              </value>
            </param>
          </params>
          <reporter-output>
          </reporter-output>
        </test-method> <!-- runScenario -->
        <test-method signature="runScenario(io.cucumber.testng.PickleWrapper,io.cucumber.testng.FeatureWrapper)[pri:0, instance:com.dsalgoportal.testrunner.TestNGTestRunner@3e84448c]" started-at="2023-09-14T14:00:03 CDT" name="runScenario" description="Runs Cucumber Scenarios" data-provider="scenarios" finished-at="2023-09-14T14:00:06 CDT" duration-ms="3692" status="PASS">
          <params>
            <param index="0">
              <value>
                <![CDATA["The User is at the Search the Array"]]>
              </value>
            </param>
            <param index="1">
              <value>
                <![CDATA["Arrays"]]>
              </value>
            </param>
          </params>
          <reporter-output>
          </reporter-output>
        </test-method> <!-- runScenario -->
        <test-method signature="runScenario(io.cucumber.testng.PickleWrapper,io.cucumber.testng.FeatureWrapper)[pri:0, instance:com.dsalgoportal.testrunner.TestNGTestRunner@3e84448c]" started-at="2023-09-14T14:00:06 CDT" name="runScenario" description="Runs Cucumber Scenarios" data-provider="scenarios" finished-at="2023-09-14T14:00:07 CDT" duration-ms="627" status="PASS">
          <params>
            <param index="0">
              <value>
                <![CDATA["The user is able to run code in tryEditor for Search the array link"]]>
              </value>
            </param>
            <param index="1">
              <value>
                <![CDATA["Arrays"]]>
              </value>
            </param>
          </params>
          <reporter-output>
          </reporter-output>
        </test-method> <!-- runScenario -->
        <test-method signature="runScenario(io.cucumber.testng.PickleWrapper,io.cucumber.testng.FeatureWrapper)[pri:0, instance:com.dsalgoportal.testrunner.TestNGTestRunner@3e84448c]" started-at="2023-09-14T14:00:07 CDT" name="runScenario" description="Runs Cucumber Scenarios" data-provider="scenarios" finished-at="2023-09-14T14:00:11 CDT" duration-ms="3840" status="PASS">
          <params>
            <param index="0">
              <value>
                <![CDATA["The user is able to submit code in tryEditor for Search the array link"]]>
              </value>
            </param>
            <param index="1">
              <value>
                <![CDATA["Arrays"]]>
              </value>
            </param>
          </params>
          <reporter-output>
          </reporter-output>
        </test-method> <!-- runScenario -->
        <test-method signature="runScenario(io.cucumber.testng.PickleWrapper,io.cucumber.testng.FeatureWrapper)[pri:0, instance:com.dsalgoportal.testrunner.TestNGTestRunner@3e84448c]" started-at="2023-09-14T14:00:11 CDT" name="runScenario" description="Runs Cucumber Scenarios" data-provider="scenarios" finished-at="2023-09-14T14:00:14 CDT" duration-ms="3536" status="PASS">
          <params>
            <param index="0">
              <value>
                <![CDATA["The User is at the Max Consecutive Ones"]]>
              </value>
            </param>
            <param index="1">
              <value>
                <![CDATA["Arrays"]]>
              </value>
            </param>
          </params>
          <reporter-output>
          </reporter-output>
        </test-method> <!-- runScenario -->
        <test-method signature="runScenario(io.cucumber.testng.PickleWrapper,io.cucumber.testng.FeatureWrapper)[pri:0, instance:com.dsalgoportal.testrunner.TestNGTestRunner@3e84448c]" started-at="2023-09-14T14:00:14 CDT" name="runScenario" description="Runs Cucumber Scenarios" data-provider="scenarios" finished-at="2023-09-14T14:00:15 CDT" duration-ms="355" status="PASS">
          <params>
            <param index="0">
              <value>
                <![CDATA["The user is able to run code in tryEditor for Max Consecutive Ones"]]>
              </value>
            </param>
            <param index="1">
              <value>
                <![CDATA["Arrays"]]>
              </value>
            </param>
          </params>
          <reporter-output>
          </reporter-output>
        </test-method> <!-- runScenario -->
        <test-method signature="runScenario(io.cucumber.testng.PickleWrapper,io.cucumber.testng.FeatureWrapper)[pri:0, instance:com.dsalgoportal.testrunner.TestNGTestRunner@3e84448c]" started-at="2023-09-14T14:00:15 CDT" name="runScenario" description="Runs Cucumber Scenarios" data-provider="scenarios" finished-at="2023-09-14T14:00:19 CDT" duration-ms="4133" status="PASS">
          <params>
            <param index="0">
              <value>
                <![CDATA["The user is able to submit code in tryEditor for Max Consecutive Ones"]]>
              </value>
            </param>
            <param index="1">
              <value>
                <![CDATA["Arrays"]]>
              </value>
            </param>
          </params>
          <reporter-output>
          </reporter-output>
        </test-method> <!-- runScenario -->
        <test-method signature="runScenario(io.cucumber.testng.PickleWrapper,io.cucumber.testng.FeatureWrapper)[pri:0, instance:com.dsalgoportal.testrunner.TestNGTestRunner@3e84448c]" started-at="2023-09-14T14:00:19 CDT" name="runScenario" description="Runs Cucumber Scenarios" data-provider="scenarios" finished-at="2023-09-14T14:00:22 CDT" duration-ms="3735" status="PASS">
          <params>
            <param index="0">
              <value>
                <![CDATA["The User is at the Find Numbers with Even Number of Digits"]]>
              </value>
            </param>
            <param index="1">
              <value>
                <![CDATA["Arrays"]]>
              </value>
            </param>
          </params>
          <reporter-output>
          </reporter-output>
        </test-method> <!-- runScenario -->
        <test-method signature="runScenario(io.cucumber.testng.PickleWrapper,io.cucumber.testng.FeatureWrapper)[pri:0, instance:com.dsalgoportal.testrunner.TestNGTestRunner@3e84448c]" started-at="2023-09-14T14:00:22 CDT" name="runScenario" description="Runs Cucumber Scenarios" data-provider="scenarios" finished-at="2023-09-14T14:00:23 CDT" duration-ms="587" status="PASS">
          <params>
            <param index="0">
              <value>
                <![CDATA["The user is able to run code in tryEditor for Find Numbers with Even Number of Digits"]]>
              </value>
            </param>
            <param index="1">
              <value>
                <![CDATA["Arrays"]]>
              </value>
            </param>
          </params>
          <reporter-output>
          </reporter-output>
        </test-method> <!-- runScenario -->
        <test-method signature="runScenario(io.cucumber.testng.PickleWrapper,io.cucumber.testng.FeatureWrapper)[pri:0, instance:com.dsalgoportal.testrunner.TestNGTestRunner@3e84448c]" started-at="2023-09-14T14:00:23 CDT" name="runScenario" description="Runs Cucumber Scenarios" data-provider="scenarios" finished-at="2023-09-14T14:00:27 CDT" duration-ms="3849" status="PASS">
          <params>
            <param index="0">
              <value>
                <![CDATA["The user is able to submit code in tryEditor for Find Numbers with Even Number of Digits"]]>
              </value>
            </param>
            <param index="1">
              <value>
                <![CDATA["Arrays"]]>
              </value>
            </param>
          </params>
          <reporter-output>
          </reporter-output>
        </test-method> <!-- runScenario -->
        <test-method signature="runScenario(io.cucumber.testng.PickleWrapper,io.cucumber.testng.FeatureWrapper)[pri:0, instance:com.dsalgoportal.testrunner.TestNGTestRunner@3e84448c]" started-at="2023-09-14T14:00:27 CDT" name="runScenario" description="Runs Cucumber Scenarios" data-provider="scenarios" finished-at="2023-09-14T14:00:30 CDT" duration-ms="3538" status="PASS">
          <params>
            <param index="0">
              <value>
                <![CDATA["The User is at the Squares of a Sorted Array"]]>
              </value>
            </param>
            <param index="1">
              <value>
                <![CDATA["Arrays"]]>
              </value>
            </param>
          </params>
          <reporter-output>
          </reporter-output>
        </test-method> <!-- runScenario -->
        <test-method signature="runScenario(io.cucumber.testng.PickleWrapper,io.cucumber.testng.FeatureWrapper)[pri:0, instance:com.dsalgoportal.testrunner.TestNGTestRunner@3e84448c]" started-at="2023-09-14T14:00:30 CDT" name="runScenario" description="Runs Cucumber Scenarios" data-provider="scenarios" finished-at="2023-09-14T14:00:31 CDT" duration-ms="335" status="PASS">
          <params>
            <param index="0">
              <value>
                <![CDATA["The user is able to run code in tryEditor for Squares of a Sorted Array"]]>
              </value>
            </param>
            <param index="1">
              <value>
                <![CDATA["Arrays"]]>
              </value>
            </param>
          </params>
          <reporter-output>
          </reporter-output>
        </test-method> <!-- runScenario -->
        <test-method signature="runScenario(io.cucumber.testng.PickleWrapper,io.cucumber.testng.FeatureWrapper)[pri:0, instance:com.dsalgoportal.testrunner.TestNGTestRunner@3e84448c]" started-at="2023-09-14T14:00:31 CDT" name="runScenario" description="Runs Cucumber Scenarios" data-provider="scenarios" finished-at="2023-09-14T14:00:35 CDT" duration-ms="3824" status="PASS">
          <params>
            <param index="0">
              <value>
                <![CDATA["The user is able to submit code in tryEditor for Squares of a Sorted Array"]]>
              </value>
            </param>
            <param index="1">
              <value>
                <![CDATA["Arrays"]]>
              </value>
            </param>
          </params>
          <reporter-output>
          </reporter-output>
        </test-method> <!-- runScenario -->
        <test-method signature="runScenario(io.cucumber.testng.PickleWrapper,io.cucumber.testng.FeatureWrapper)[pri:0, instance:com.dsalgoportal.testrunner.TestNGTestRunner@3e84448c]" started-at="2023-09-14T14:00:35 CDT" name="runScenario" description="Runs Cucumber Scenarios" data-provider="scenarios" finished-at="2023-09-14T14:00:35 CDT" duration-ms="802" status="PASS">
          <params>
            <param index="0">
              <value>
                <![CDATA["User Logs into the DSAlgo Website"]]>
              </value>
            </param>
            <param index="1">
              <value>
                <![CDATA["As a User I want to validate Data Structures Introduction"]]>
              </value>
            </param>
          </params>
          <reporter-output>
          </reporter-output>
        </test-method> <!-- runScenario -->
        <test-method signature="runScenario(io.cucumber.testng.PickleWrapper,io.cucumber.testng.FeatureWrapper)[pri:0, instance:com.dsalgoportal.testrunner.TestNGTestRunner@3e84448c]" started-at="2023-09-14T14:00:35 CDT" name="runScenario" description="Runs Cucumber Scenarios" data-provider="scenarios" finished-at="2023-09-14T14:00:36 CDT" duration-ms="638" status="PASS">
          <params>
            <param index="0">
              <value>
                <![CDATA["User in on Data StructureIntroduction Page"]]>
              </value>
            </param>
            <param index="1">
              <value>
                <![CDATA["As a User I want to validate Data Structures Introduction"]]>
              </value>
            </param>
          </params>
          <reporter-output>
          </reporter-output>
        </test-method> <!-- runScenario -->
        <test-method signature="runScenario(io.cucumber.testng.PickleWrapper,io.cucumber.testng.FeatureWrapper)[pri:0, instance:com.dsalgoportal.testrunner.TestNGTestRunner@3e84448c]" started-at="2023-09-14T14:00:36 CDT" name="runScenario" description="Runs Cucumber Scenarios" data-provider="scenarios" finished-at="2023-09-14T14:00:37 CDT" duration-ms="768" status="PASS">
          <params>
            <param index="0">
              <value>
                <![CDATA["The user is on the try editor page of Time complexity"]]>
              </value>
            </param>
            <param index="1">
              <value>
                <![CDATA["As a User I want to validate Data Structures Introduction"]]>
              </value>
            </param>
          </params>
          <reporter-output>
          </reporter-output>
        </test-method> <!-- runScenario -->
        <test-method signature="runScenario(io.cucumber.testng.PickleWrapper,io.cucumber.testng.FeatureWrapper)[pri:0, instance:com.dsalgoportal.testrunner.TestNGTestRunner@3e84448c]" started-at="2023-09-14T14:00:37 CDT" name="runScenario" description="Runs Cucumber Scenarios" data-provider="scenarios" finished-at="2023-09-14T14:00:37 CDT" duration-ms="495" status="PASS">
          <params>
            <param index="0">
              <value>
                <![CDATA["The user is able run code in tryEditor for Time Complexity page"]]>
              </value>
            </param>
            <param index="1">
              <value>
                <![CDATA["As a User I want to validate Data Structures Introduction"]]>
              </value>
            </param>
          </params>
          <reporter-output>
          </reporter-output>
        </test-method> <!-- runScenario -->
        <test-method signature="runScenario(io.cucumber.testng.PickleWrapper,io.cucumber.testng.FeatureWrapper)[pri:0, instance:com.dsalgoportal.testrunner.TestNGTestRunner@3e84448c]" started-at="2023-09-14T14:00:37 CDT" name="runScenario" description="Runs Cucumber Scenarios" data-provider="scenarios" finished-at="2023-09-14T14:00:38 CDT" duration-ms="593" status="PASS">
          <params>
            <param index="0">
              <value>
                <![CDATA["The user is presented with error message for code with invalid syntax in tryEditor for Time Complexity page"]]>
              </value>
            </param>
            <param index="1">
              <value>
                <![CDATA["As a User I want to validate Data Structures Introduction"]]>
              </value>
            </param>
          </params>
          <reporter-output>
          </reporter-output>
        </test-method> <!-- runScenario -->
        <test-method signature="runScenario(io.cucumber.testng.PickleWrapper,io.cucumber.testng.FeatureWrapper)[pri:0, instance:com.dsalgoportal.testrunner.TestNGTestRunner@3e84448c]" started-at="2023-09-14T14:00:38 CDT" name="runScenario" description="Runs Cucumber Scenarios" data-provider="scenarios" finished-at="2023-09-14T14:00:39 CDT" duration-ms="907" status="PASS">
          <params>
            <param index="0">
              <value>
                <![CDATA["user login"]]>
              </value>
            </param>
            <param index="1">
              <value>
                <![CDATA["Graph feature"]]>
              </value>
            </param>
          </params>
          <reporter-output>
          </reporter-output>
        </test-method> <!-- runScenario -->
        <test-method signature="runScenario(io.cucumber.testng.PickleWrapper,io.cucumber.testng.FeatureWrapper)[pri:0, instance:com.dsalgoportal.testrunner.TestNGTestRunner@3e84448c]" started-at="2023-09-14T14:00:39 CDT" name="runScenario" description="Runs Cucumber Scenarios" data-provider="scenarios" finished-at="2023-09-14T14:00:40 CDT" duration-ms="713" status="PASS">
          <params>
            <param index="0">
              <value>
                <![CDATA["The user is able to navigate to Graph page"]]>
              </value>
            </param>
            <param index="1">
              <value>
                <![CDATA["Graph feature"]]>
              </value>
            </param>
          </params>
          <reporter-output>
          </reporter-output>
        </test-method> <!-- runScenario -->
        <test-method signature="runScenario(io.cucumber.testng.PickleWrapper,io.cucumber.testng.FeatureWrapper)[pri:0, instance:com.dsalgoportal.testrunner.TestNGTestRunner@3e84448c]" started-at="2023-09-14T14:00:40 CDT" name="runScenario" description="Runs Cucumber Scenarios" data-provider="scenarios" finished-at="2023-09-14T14:00:40 CDT" duration-ms="396" status="PASS">
          <params>
            <param index="0">
              <value>
                <![CDATA["The user is able to navigate to a page having an tryEditor page on Graph page"]]>
              </value>
            </param>
            <param index="1">
              <value>
                <![CDATA["Graph feature"]]>
              </value>
            </param>
          </params>
          <reporter-output>
          </reporter-output>
        </test-method> <!-- runScenario -->
        <test-method signature="runScenario(io.cucumber.testng.PickleWrapper,io.cucumber.testng.FeatureWrapper)[pri:0, instance:com.dsalgoportal.testrunner.TestNGTestRunner@3e84448c]" started-at="2023-09-14T14:00:40 CDT" name="runScenario" description="Runs Cucumber Scenarios" data-provider="scenarios" finished-at="2023-09-14T14:00:40 CDT" duration-ms="403" status="PASS">
          <params>
            <param index="0">
              <value>
                <![CDATA["The user is able to run valid code in tryEditor page"]]>
              </value>
            </param>
            <param index="1">
              <value>
                <![CDATA["Graph feature"]]>
              </value>
            </param>
          </params>
          <reporter-output>
          </reporter-output>
        </test-method> <!-- runScenario -->
        <test-method signature="runScenario(io.cucumber.testng.PickleWrapper,io.cucumber.testng.FeatureWrapper)[pri:0, instance:com.dsalgoportal.testrunner.TestNGTestRunner@3e84448c]" started-at="2023-09-14T14:00:40 CDT" name="runScenario" description="Runs Cucumber Scenarios" data-provider="scenarios" finished-at="2023-09-14T14:00:41 CDT" duration-ms="648" status="PASS">
          <params>
            <param index="0">
              <value>
                <![CDATA["The user is able to get the error message for invalid syntax of Graph page"]]>
              </value>
            </param>
            <param index="1">
              <value>
                <![CDATA["Graph feature"]]>
              </value>
            </param>
          </params>
          <reporter-output>
          </reporter-output>
        </test-method> <!-- runScenario -->
        <test-method signature="runScenario(io.cucumber.testng.PickleWrapper,io.cucumber.testng.FeatureWrapper)[pri:0, instance:com.dsalgoportal.testrunner.TestNGTestRunner@3e84448c]" started-at="2023-09-14T14:00:41 CDT" name="runScenario" description="Runs Cucumber Scenarios" data-provider="scenarios" finished-at="2023-09-14T14:00:41 CDT" duration-ms="495" status="PASS">
          <params>
            <param index="0">
              <value>
                <![CDATA["The user is able to navigate to Graph Representation Page"]]>
              </value>
            </param>
            <param index="1">
              <value>
                <![CDATA["Graph feature"]]>
              </value>
            </param>
          </params>
          <reporter-output>
          </reporter-output>
        </test-method> <!-- runScenario -->
        <test-method signature="runScenario(io.cucumber.testng.PickleWrapper,io.cucumber.testng.FeatureWrapper)[pri:0, instance:com.dsalgoportal.testrunner.TestNGTestRunner@3e84448c]" started-at="2023-09-14T14:00:41 CDT" name="runScenario" description="Runs Cucumber Scenarios" data-provider="scenarios" finished-at="2023-09-14T14:00:42 CDT" duration-ms="365" status="PASS">
          <params>
            <param index="0">
              <value>
                <![CDATA["The user is able to navigate to a page having an tryEditor page on Graph page"]]>
              </value>
            </param>
            <param index="1">
              <value>
                <![CDATA["Graph feature"]]>
              </value>
            </param>
          </params>
          <reporter-output>
          </reporter-output>
        </test-method> <!-- runScenario -->
        <test-method signature="runScenario(io.cucumber.testng.PickleWrapper,io.cucumber.testng.FeatureWrapper)[pri:0, instance:com.dsalgoportal.testrunner.TestNGTestRunner@3e84448c]" started-at="2023-09-14T14:00:42 CDT" name="runScenario" description="Runs Cucumber Scenarios" data-provider="scenarios" finished-at="2023-09-14T14:00:42 CDT" duration-ms="392" status="PASS">
          <params>
            <param index="0">
              <value>
                <![CDATA["The user is able to run valid code in tryEditor page"]]>
              </value>
            </param>
            <param index="1">
              <value>
                <![CDATA["Graph feature"]]>
              </value>
            </param>
          </params>
          <reporter-output>
          </reporter-output>
        </test-method> <!-- runScenario -->
        <test-method signature="runScenario(io.cucumber.testng.PickleWrapper,io.cucumber.testng.FeatureWrapper)[pri:0, instance:com.dsalgoportal.testrunner.TestNGTestRunner@3e84448c]" started-at="2023-09-14T14:00:42 CDT" name="runScenario" description="Runs Cucumber Scenarios" data-provider="scenarios" finished-at="2023-09-14T14:00:43 CDT" duration-ms="657" status="PASS">
          <params>
            <param index="0">
              <value>
                <![CDATA["The user is able to get the error message for invalid syntax of Graph page"]]>
              </value>
            </param>
            <param index="1">
              <value>
                <![CDATA["Graph feature"]]>
              </value>
            </param>
          </params>
          <reporter-output>
          </reporter-output>
        </test-method> <!-- runScenario -->
        <test-method signature="runScenario(io.cucumber.testng.PickleWrapper,io.cucumber.testng.FeatureWrapper)[pri:0, instance:com.dsalgoportal.testrunner.TestNGTestRunner@3e84448c]" started-at="2023-09-14T14:00:43 CDT" name="runScenario" description="Runs Cucumber Scenarios" data-provider="scenarios" finished-at="2023-09-14T14:00:43 CDT" duration-ms="290" status="PASS">
          <params>
            <param index="0">
              <value>
                <![CDATA["The user is able to navigate to Practice Questions in Graph Page"]]>
              </value>
            </param>
            <param index="1">
              <value>
                <![CDATA["Graph feature"]]>
              </value>
            </param>
          </params>
          <reporter-output>
          </reporter-output>
        </test-method> <!-- runScenario -->
        <test-method signature="runScenario(io.cucumber.testng.PickleWrapper,io.cucumber.testng.FeatureWrapper)[pri:0, instance:com.dsalgoportal.testrunner.TestNGTestRunner@3e84448c]" started-at="2023-09-14T14:00:43 CDT" name="runScenario" description="Runs Cucumber Scenarios" data-provider="scenarios" finished-at="2023-09-14T14:00:44 CDT" duration-ms="878" status="PASS">
          <params>
            <param index="0">
              <value>
                <![CDATA["Login"]]>
              </value>
            </param>
            <param index="1">
              <value>
                <![CDATA["Title of your feature"]]>
              </value>
            </param>
          </params>
          <reporter-output>
          </reporter-output>
        </test-method> <!-- runScenario -->
        <test-method signature="runScenario(io.cucumber.testng.PickleWrapper,io.cucumber.testng.FeatureWrapper)[pri:0, instance:com.dsalgoportal.testrunner.TestNGTestRunner@3e84448c]" started-at="2023-09-14T14:00:44 CDT" name="runScenario" description="Runs Cucumber Scenarios" data-provider="scenarios" finished-at="2023-09-14T14:00:45 CDT" duration-ms="756" status="PASS">
          <params>
            <param index="0">
              <value>
                <![CDATA["The user is able to navigate to Operations in Stack page"]]>
              </value>
            </param>
            <param index="1">
              <value>
                <![CDATA["Title of your feature"]]>
              </value>
            </param>
          </params>
          <reporter-output>
          </reporter-output>
        </test-method> <!-- runScenario -->
        <test-method signature="runScenario(io.cucumber.testng.PickleWrapper,io.cucumber.testng.FeatureWrapper)[pri:0, instance:com.dsalgoportal.testrunner.TestNGTestRunner@3e84448c]" started-at="2023-09-14T14:00:45 CDT" name="runScenario" description="Runs Cucumber Scenarios" data-provider="scenarios" finished-at="2023-09-14T14:00:45 CDT" duration-ms="350" status="PASS">
          <params>
            <param index="0">
              <value>
                <![CDATA["The user is able to navigate to a page having an tryEditor"]]>
              </value>
            </param>
            <param index="1">
              <value>
                <![CDATA["Title of your feature"]]>
              </value>
            </param>
          </params>
          <reporter-output>
          </reporter-output>
        </test-method> <!-- runScenario -->
        <test-method signature="runScenario(io.cucumber.testng.PickleWrapper,io.cucumber.testng.FeatureWrapper)[pri:0, instance:com.dsalgoportal.testrunner.TestNGTestRunner@3e84448c]" started-at="2023-09-14T14:00:45 CDT" name="runScenario" description="Runs Cucumber Scenarios" data-provider="scenarios" finished-at="2023-09-14T14:00:46 CDT" duration-ms="329" status="PASS">
          <params>
            <param index="0">
              <value>
                <![CDATA["The user is able to run code in tryEditor"]]>
              </value>
            </param>
            <param index="1">
              <value>
                <![CDATA["Title of your feature"]]>
              </value>
            </param>
          </params>
          <reporter-output>
          </reporter-output>
        </test-method> <!-- runScenario -->
        <test-method signature="runScenario(io.cucumber.testng.PickleWrapper,io.cucumber.testng.FeatureWrapper)[pri:0, instance:com.dsalgoportal.testrunner.TestNGTestRunner@3e84448c]" started-at="2023-09-14T14:00:46 CDT" name="runScenario" description="Runs Cucumber Scenarios" data-provider="scenarios" finished-at="2023-09-14T14:00:46 CDT" duration-ms="637" status="PASS">
          <params>
            <param index="0">
              <value>
                <![CDATA["The user is able to get the error message for invalid syntax"]]>
              </value>
            </param>
            <param index="1">
              <value>
                <![CDATA["Title of your feature"]]>
              </value>
            </param>
          </params>
          <reporter-output>
          </reporter-output>
        </test-method> <!-- runScenario -->
        <test-method signature="runScenario(io.cucumber.testng.PickleWrapper,io.cucumber.testng.FeatureWrapper)[pri:0, instance:com.dsalgoportal.testrunner.TestNGTestRunner@3e84448c]" started-at="2023-09-14T14:00:46 CDT" name="runScenario" description="Runs Cucumber Scenarios" data-provider="scenarios" finished-at="2023-09-14T14:00:47 CDT" duration-ms="342" status="PASS">
          <params>
            <param index="0">
              <value>
                <![CDATA["The user is able to navigate to Implementation Page"]]>
              </value>
            </param>
            <param index="1">
              <value>
                <![CDATA["Title of your feature"]]>
              </value>
            </param>
          </params>
          <reporter-output>
          </reporter-output>
        </test-method> <!-- runScenario -->
        <test-method signature="runScenario(io.cucumber.testng.PickleWrapper,io.cucumber.testng.FeatureWrapper)[pri:0, instance:com.dsalgoportal.testrunner.TestNGTestRunner@3e84448c]" started-at="2023-09-14T14:00:47 CDT" name="runScenario" description="Runs Cucumber Scenarios" data-provider="scenarios" finished-at="2023-09-14T14:00:47 CDT" duration-ms="376" status="PASS">
          <params>
            <param index="0">
              <value>
                <![CDATA["The user is able to navigate to Implementation page having an tryeditor"]]>
              </value>
            </param>
            <param index="1">
              <value>
                <![CDATA["Title of your feature"]]>
              </value>
            </param>
          </params>
          <reporter-output>
          </reporter-output>
        </test-method> <!-- runScenario -->
        <test-method signature="runScenario(io.cucumber.testng.PickleWrapper,io.cucumber.testng.FeatureWrapper)[pri:0, instance:com.dsalgoportal.testrunner.TestNGTestRunner@3e84448c]" started-at="2023-09-14T14:00:47 CDT" name="runScenario" description="Runs Cucumber Scenarios" data-provider="scenarios" finished-at="2023-09-14T14:00:47 CDT" duration-ms="378" status="PASS">
          <params>
            <param index="0">
              <value>
                <![CDATA["The user is able to run code in tryEditor"]]>
              </value>
            </param>
            <param index="1">
              <value>
                <![CDATA["Title of your feature"]]>
              </value>
            </param>
          </params>
          <reporter-output>
          </reporter-output>
        </test-method> <!-- runScenario -->
        <test-method signature="runScenario(io.cucumber.testng.PickleWrapper,io.cucumber.testng.FeatureWrapper)[pri:0, instance:com.dsalgoportal.testrunner.TestNGTestRunner@3e84448c]" started-at="2023-09-14T14:00:47 CDT" name="runScenario" description="Runs Cucumber Scenarios" data-provider="scenarios" finished-at="2023-09-14T14:00:48 CDT" duration-ms="594" status="PASS">
          <params>
            <param index="0">
              <value>
                <![CDATA["The user is able to get the error message for invalid syntax"]]>
              </value>
            </param>
            <param index="1">
              <value>
                <![CDATA["Title of your feature"]]>
              </value>
            </param>
          </params>
          <reporter-output>
          </reporter-output>
        </test-method> <!-- runScenario -->
        <test-method signature="runScenario(io.cucumber.testng.PickleWrapper,io.cucumber.testng.FeatureWrapper)[pri:0, instance:com.dsalgoportal.testrunner.TestNGTestRunner@3e84448c]" started-at="2023-09-14T14:00:48 CDT" name="runScenario" description="Runs Cucumber Scenarios" data-provider="scenarios" finished-at="2023-09-14T14:00:48 CDT" duration-ms="350" status="PASS">
          <params>
            <param index="0">
              <value>
                <![CDATA["The user is able to navigate to Applications in stack Page"]]>
              </value>
            </param>
            <param index="1">
              <value>
                <![CDATA["Title of your feature"]]>
              </value>
            </param>
          </params>
          <reporter-output>
          </reporter-output>
        </test-method> <!-- runScenario -->
        <test-method signature="runScenario(io.cucumber.testng.PickleWrapper,io.cucumber.testng.FeatureWrapper)[pri:0, instance:com.dsalgoportal.testrunner.TestNGTestRunner@3e84448c]" started-at="2023-09-14T14:00:48 CDT" name="runScenario" description="Runs Cucumber Scenarios" data-provider="scenarios" finished-at="2023-09-14T14:00:49 CDT" duration-ms="382" status="PASS">
          <params>
            <param index="0">
              <value>
                <![CDATA["The user is able to navigate to Applications page having an tryEditor"]]>
              </value>
            </param>
            <param index="1">
              <value>
                <![CDATA["Title of your feature"]]>
              </value>
            </param>
          </params>
          <reporter-output>
          </reporter-output>
        </test-method> <!-- runScenario -->
        <test-method signature="runScenario(io.cucumber.testng.PickleWrapper,io.cucumber.testng.FeatureWrapper)[pri:0, instance:com.dsalgoportal.testrunner.TestNGTestRunner@3e84448c]" started-at="2023-09-14T14:00:49 CDT" name="runScenario" description="Runs Cucumber Scenarios" data-provider="scenarios" finished-at="2023-09-14T14:00:49 CDT" duration-ms="363" status="PASS">
          <params>
            <param index="0">
              <value>
                <![CDATA["The user is able to run code in tryEditor"]]>
              </value>
            </param>
            <param index="1">
              <value>
                <![CDATA["Title of your feature"]]>
              </value>
            </param>
          </params>
          <reporter-output>
          </reporter-output>
        </test-method> <!-- runScenario -->
        <test-method signature="runScenario(io.cucumber.testng.PickleWrapper,io.cucumber.testng.FeatureWrapper)[pri:0, instance:com.dsalgoportal.testrunner.TestNGTestRunner@3e84448c]" started-at="2023-09-14T14:00:49 CDT" name="runScenario" description="Runs Cucumber Scenarios" data-provider="scenarios" finished-at="2023-09-14T14:00:50 CDT" duration-ms="569" status="PASS">
          <params>
            <param index="0">
              <value>
                <![CDATA["The user is able to get the error message for invalid syntax"]]>
              </value>
            </param>
            <param index="1">
              <value>
                <![CDATA["Title of your feature"]]>
              </value>
            </param>
          </params>
          <reporter-output>
          </reporter-output>
        </test-method> <!-- runScenario -->
        <test-method signature="runScenario(io.cucumber.testng.PickleWrapper,io.cucumber.testng.FeatureWrapper)[pri:0, instance:com.dsalgoportal.testrunner.TestNGTestRunner@3e84448c]" started-at="2023-09-14T14:00:50 CDT" name="runScenario" description="Runs Cucumber Scenarios" data-provider="scenarios" finished-at="2023-09-14T14:00:50 CDT" duration-ms="372" status="PASS">
          <params>
            <param index="0">
              <value>
                <![CDATA["The user is able to navigate to Practice Questions in stack Page"]]>
              </value>
            </param>
            <param index="1">
              <value>
                <![CDATA["Title of your feature"]]>
              </value>
            </param>
          </params>
          <reporter-output>
          </reporter-output>
        </test-method> <!-- runScenario -->
        <test-method signature="runScenario(io.cucumber.testng.PickleWrapper,io.cucumber.testng.FeatureWrapper)[pri:0, instance:com.dsalgoportal.testrunner.TestNGTestRunner@3e84448c]" started-at="2023-09-14T14:00:50 CDT" name="runScenario" description="Runs Cucumber Scenarios" data-provider="scenarios" finished-at="2023-09-14T14:00:51 CDT" duration-ms="903" status="PASS">
          <params>
            <param index="0">
              <value>
                <![CDATA["Login"]]>
              </value>
            </param>
            <param index="1">
              <value>
                <![CDATA["Tree feature"]]>
              </value>
            </param>
          </params>
          <reporter-output>
          </reporter-output>
        </test-method> <!-- runScenario -->
        <test-method signature="runScenario(io.cucumber.testng.PickleWrapper,io.cucumber.testng.FeatureWrapper)[pri:0, instance:com.dsalgoportal.testrunner.TestNGTestRunner@3e84448c]" started-at="2023-09-14T14:00:51 CDT" name="runScenario" description="Runs Cucumber Scenarios" data-provider="scenarios" finished-at="2023-09-14T14:00:52 CDT" duration-ms="928" status="PASS">
          <params>
            <param index="0">
              <value>
                <![CDATA["The user is able to navigate to Overview of Trees"]]>
              </value>
            </param>
            <param index="1">
              <value>
                <![CDATA["Tree feature"]]>
              </value>
            </param>
          </params>
          <reporter-output>
          </reporter-output>
        </test-method> <!-- runScenario -->
[...]
          <params>
            <param index="0">
              <value>
                <![CDATA["The user is able to run valid code in tryEditor page of linkedlist"]]>
              </value>
            </param>
            <param index="1">
              <value>
                <![CDATA["Linked List feature"]]>
              </value>
            </param>
          </params>
          <reporter-output>
          </reporter-output>
        </test-method> <!-- runScenario -->
        <test-method signature="runScenario(io.cucumber.testng.PickleWrapper,io.cucumber.testng.FeatureWrapper)[pri:0, instance:com.dsalgoportal.testrunner.TestNGTestRunner@3e84448c]" started-at="2023-09-14T14:01:17 CDT" name="runScenario" description="Runs Cucumber Scenarios" data-provider="scenarios" finished-at="2023-09-14T14:01:18 CDT" duration-ms="590" status="PASS">
          <params>
            <param index="0">
              <value>
                <![CDATA["The user is able to get the error message for invalid syntax of linkedlist page"]]>
              </value>
            </param>
            <param index="1">
              <value>
                <![CDATA["Linked List feature"]]>
              </value>
            </param>
          </params>
          <reporter-output>
          </reporter-output>
        </test-method> <!-- runScenario -->
        <test-method signature="runScenario(io.cucumber.testng.PickleWrapper,io.cucumber.testng.FeatureWrapper)[pri:0, instance:com.dsalgoportal.testrunner.TestNGTestRunner@3e84448c]" started-at="2023-09-14T14:01:18 CDT" name="runScenario" description="Runs Cucumber Scenarios" data-provider="scenarios" finished-at="2023-09-14T14:01:18 CDT" duration-ms="465" status="PASS">
          <params>
            <param index="0">
              <value>
                <![CDATA["The user is able to navigate to types of linkedlist Page"]]>
              </value>
            </param>
            <param index="1">
              <value>
                <![CDATA["Linked List feature"]]>
              </value>
            </param>
          </params>
          <reporter-output>
          </reporter-output>
        </test-method> <!-- runScenario -->
        <test-method signature="runScenario(io.cucumber.testng.PickleWrapper,io.cucumber.testng.FeatureWrapper)[pri:0, instance:com.dsalgoportal.testrunner.TestNGTestRunner@3e84448c]" started-at="2023-09-14T14:01:18 CDT" name="runScenario" description="Runs Cucumber Scenarios" data-provider="scenarios" finished-at="2023-09-14T14:01:18 CDT" duration-ms="321" status="PASS">
          <params>
            <param index="0">
              <value>
                <![CDATA["The user is able to navigate to types of linkedlist page having an tryEditor"]]>
              </value>
            </param>
            <param index="1">
              <value>
                <![CDATA["Linked List feature"]]>
              </value>
            </param>
          </params>
          <reporter-output>
          </reporter-output>
        </test-method> <!-- runScenario -->
        <test-method signature="runScenario(io.cucumber.testng.PickleWrapper,io.cucumber.testng.FeatureWrapper)[pri:0, instance:com.dsalgoportal.testrunner.TestNGTestRunner@3e84448c]" started-at="2023-09-14T14:01:18 CDT" name="runScenario" description="Runs Cucumber Scenarios" data-provider="scenarios" finished-at="2023-09-14T14:01:19 CDT" duration-ms="383" status="PASS">
          <params>
            <param index="0">
              <value>
                <![CDATA["The user is able to run valid code in tryEditor page of linkedlist"]]>
              </value>
            </param>
            <param index="1">
              <value>
                <![CDATA["Linked List feature"]]>
              </value>
            </param>
          </params>
          <reporter-output>
          </reporter-output>
        </test-method> <!-- runScenario -->
        <test-method signature="runScenario(io.cucumber.testng.PickleWrapper,io.cucumber.testng.FeatureWrapper)[pri:0, instance:com.dsalgoportal.testrunner.TestNGTestRunner@3e84448c]" started-at="2023-09-14T14:01:19 CDT" name="runScenario" description="Runs Cucumber Scenarios" data-provider="scenarios" finished-at="2023-09-14T14:01:20 CDT" duration-ms="684" status="PASS">
          <params>
            <param index="0">
              <value>
                <![CDATA["The user is able to get the error message for invalid syntax of linkedlist page"]]>
              </value>
            </param>
            <param index="1">
              <value>
                <![CDATA["Linked List feature"]]>
              </value>
            </param>
          </params>
          <reporter-output>
          </reporter-output>
        </test-method> <!-- runScenario -->
        <test-method signature="runScenario(io.cucumber.testng.PickleWrapper,io.cucumber.testng.FeatureWrapper)[pri:0, instance:com.dsalgoportal.testrunner.TestNGTestRunner@3e84448c]" started-at="2023-09-14T14:01:20 CDT" name="runScenario" description="Runs Cucumber Scenarios" data-provider="scenarios" finished-at="2023-09-14T14:01:20 CDT" duration-ms="437" status="PASS">
          <params>
            <param index="0">
              <value>
                <![CDATA["The user is able to navigate to implement linkedlist in python  Page"]]>
              </value>
            </param>
            <param index="1">
              <value>
                <![CDATA["Linked List feature"]]>
              </value>
            </param>
          </params>
          <reporter-output>
          </reporter-output>
        </test-method> <!-- runScenario -->
        <test-method signature="runScenario(io.cucumber.testng.PickleWrapper,io.cucumber.testng.FeatureWrapper)[pri:0, instance:com.dsalgoportal.testrunner.TestNGTestRunner@3e84448c]" started-at="2023-09-14T14:01:20 CDT" name="runScenario" description="Runs Cucumber Scenarios" data-provider="scenarios" finished-at="2023-09-14T14:01:20 CDT" duration-ms="303" status="PASS">
          <params>
            <param index="0">
              <value>
                <![CDATA["The user is able to navigate to implement linkedlist in python page having an tryEditor"]]>
              </value>
            </param>
            <param index="1">
              <value>
                <![CDATA["Linked List feature"]]>
              </value>
            </param>
          </params>
          <reporter-output>
          </reporter-output>
        </test-method> <!-- runScenario -->
        <test-method signature="runScenario(io.cucumber.testng.PickleWrapper,io.cucumber.testng.FeatureWrapper)[pri:0, instance:com.dsalgoportal.testrunner.TestNGTestRunner@3e84448c]" started-at="2023-09-14T14:01:20 CDT" name="runScenario" description="Runs Cucumber Scenarios" data-provider="scenarios" finished-at="2023-09-14T14:01:21 CDT" duration-ms="427" status="PASS">
          <params>
            <param index="0">
              <value>
                <![CDATA["The user is able to run valid code in tryEditor page of linkedlist"]]>
              </value>
            </param>
            <param index="1">
              <value>
                <![CDATA["Linked List feature"]]>
              </value>
            </param>
          </params>
          <reporter-output>
          </reporter-output>
        </test-method> <!-- runScenario -->
        <test-method signature="runScenario(io.cucumber.testng.PickleWrapper,io.cucumber.testng.FeatureWrapper)[pri:0, instance:com.dsalgoportal.testrunner.TestNGTestRunner@3e84448c]" started-at="2023-09-14T14:01:21 CDT" name="runScenario" description="Runs Cucumber Scenarios" data-provider="scenarios" finished-at="2023-09-14T14:01:21 CDT" duration-ms="617" status="PASS">
          <params>
            <param index="0">
              <value>
                <![CDATA["The user is able to get the error message for invalid syntax of linkedlist page"]]>
              </value>
            </param>
            <param index="1">
              <value>
                <![CDATA["Linked List feature"]]>
              </value>
            </param>
          </params>
          <reporter-output>
          </reporter-output>
        </test-method> <!-- runScenario -->
        <test-method signature="runScenario(io.cucumber.testng.PickleWrapper,io.cucumber.testng.FeatureWrapper)[pri:0, instance:com.dsalgoportal.testrunner.TestNGTestRunner@3e84448c]" started-at="2023-09-14T14:01:21 CDT" name="runScenario" description="Runs Cucumber Scenarios" data-provider="scenarios" finished-at="2023-09-14T14:01:22 CDT" duration-ms="420" status="PASS">
          <params>
            <param index="0">
              <value>
                <![CDATA["The user is able to navigate to linkedlist transversal Page"]]>
              </value>
            </param>
            <param index="1">
              <value>
                <![CDATA["Linked List feature"]]>
              </value>
            </param>
          </params>
          <reporter-output>
          </reporter-output>
        </test-method> <!-- runScenario -->
        <test-method signature="runScenario(io.cucumber.testng.PickleWrapper,io.cucumber.testng.FeatureWrapper)[pri:0, instance:com.dsalgoportal.testrunner.TestNGTestRunner@3e84448c]" started-at="2023-09-14T14:01:22 CDT" name="runScenario" description="Runs Cucumber Scenarios" data-provider="scenarios" finished-at="2023-09-14T14:01:22 CDT" duration-ms="327" status="PASS">
          <params>
            <param index="0">
              <value>
                <![CDATA["The user is able to navigate to linkedlist transversal page having an tryEditor"]]>
              </value>
            </param>
            <param index="1">
              <value>
                <![CDATA["Linked List feature"]]>
              </value>
            </param>
          </params>
          <reporter-output>
          </reporter-output>
        </test-method> <!-- runScenario -->
        <test-method signature="runScenario(io.cucumber.testng.PickleWrapper,io.cucumber.testng.FeatureWrapper)[pri:0, instance:com.dsalgoportal.testrunner.TestNGTestRunner@3e84448c]" started-at="2023-09-14T14:01:22 CDT" name="runScenario" description="Runs Cucumber Scenarios" data-provider="scenarios" finished-at="2023-09-14T14:01:22 CDT" duration-ms="380" status="PASS">
          <params>
            <param index="0">
              <value>
                <![CDATA["The user is able to run valid code in tryEditor page of linkedlist"]]>
              </value>
            </param>
            <param index="1">
              <value>
                <![CDATA["Linked List feature"]]>
              </value>
            </param>
          </params>
          <reporter-output>
          </reporter-output>
        </test-method> <!-- runScenario -->
        <test-method signature="runScenario(io.cucumber.testng.PickleWrapper,io.cucumber.testng.FeatureWrapper)[pri:0, instance:com.dsalgoportal.testrunner.TestNGTestRunner@3e84448c]" started-at="2023-09-14T14:01:22 CDT" name="runScenario" description="Runs Cucumber Scenarios" data-provider="scenarios" finished-at="2023-09-14T14:01:23 CDT" duration-ms="662" status="PASS">
          <params>
            <param index="0">
              <value>
                <![CDATA["The user is able to get the error message for invalid syntax of linkedlist page"]]>
              </value>
            </param>
            <param index="1">
              <value>
                <![CDATA["Linked List feature"]]>
              </value>
            </param>
          </params>
          <reporter-output>
          </reporter-output>
        </test-method> <!-- runScenario -->
        <test-method signature="runScenario(io.cucumber.testng.PickleWrapper,io.cucumber.testng.FeatureWrapper)[pri:0, instance:com.dsalgoportal.testrunner.TestNGTestRunner@3e84448c]" started-at="2023-09-14T14:01:23 CDT" name="runScenario" description="Runs Cucumber Scenarios" data-provider="scenarios" finished-at="2023-09-14T14:01:24 CDT" duration-ms="427" status="PASS">
          <params>
            <param index="0">
              <value>
                <![CDATA["The user is able to navigate to linkedlist insertion Page"]]>
              </value>
            </param>
            <param index="1">
              <value>
                <![CDATA["Linked List feature"]]>
              </value>
            </param>
          </params>
          <reporter-output>
          </reporter-output>
        </test-method> <!-- runScenario -->
        <test-method signature="runScenario(io.cucumber.testng.PickleWrapper,io.cucumber.testng.FeatureWrapper)[pri:0, instance:com.dsalgoportal.testrunner.TestNGTestRunner@3e84448c]" started-at="2023-09-14T14:01:24 CDT" name="runScenario" description="Runs Cucumber Scenarios" data-provider="scenarios" finished-at="2023-09-14T14:01:24 CDT" duration-ms="360" status="PASS">
          <params>
            <param index="0">
              <value>
                <![CDATA["The user is able to navigate to linkedlist insertion page having an tryEditor"]]>
              </value>
            </param>
            <param index="1">
              <value>
                <![CDATA["Linked List feature"]]>
              </value>
            </param>
          </params>
          <reporter-output>
          </reporter-output>
        </test-method> <!-- runScenario -->
        <test-method signature="runScenario(io.cucumber.testng.PickleWrapper,io.cucumber.testng.FeatureWrapper)[pri:0, instance:com.dsalgoportal.testrunner.TestNGTestRunner@3e84448c]" started-at="2023-09-14T14:01:24 CDT" name="runScenario" description="Runs Cucumber Scenarios" data-provider="scenarios" finished-at="2023-09-14T14:01:24 CDT" duration-ms="391" status="PASS">
          <params>
            <param index="0">
              <value>
                <![CDATA["The user is able to run valid code in tryEditor page of linkedlist"]]>
              </value>
            </param>
            <param index="1">
              <value>
                <![CDATA["Linked List feature"]]>
              </value>
            </param>
          </params>
          <reporter-output>
          </reporter-output>
        </test-method> <!-- runScenario -->
        <test-method signature="runScenario(io.cucumber.testng.PickleWrapper,io.cucumber.testng.FeatureWrapper)[pri:0, instance:com.dsalgoportal.testrunner.TestNGTestRunner@3e84448c]" started-at="2023-09-14T14:01:24 CDT" name="runScenario" description="Runs Cucumber Scenarios" data-provider="scenarios" finished-at="2023-09-14T14:01:25 CDT" duration-ms="589" status="PASS">
          <params>
            <param index="0">
              <value>
                <![CDATA["The user is able to get the error message for invalid syntax of linkedlist page"]]>
              </value>
            </param>
            <param index="1">
              <value>
                <![CDATA["Linked List feature"]]>
              </value>
            </param>
          </params>
          <reporter-output>
          </reporter-output>
        </test-method> <!-- runScenario -->
        <test-method signature="runScenario(io.cucumber.testng.PickleWrapper,io.cucumber.testng.FeatureWrapper)[pri:0, instance:com.dsalgoportal.testrunner.TestNGTestRunner@3e84448c]" started-at="2023-09-14T14:01:25 CDT" name="runScenario" description="Runs Cucumber Scenarios" data-provider="scenarios" finished-at="2023-09-14T14:01:25 CDT" duration-ms="485" status="PASS">
          <params>
            <param index="0">
              <value>
                <![CDATA["The user is able to navigate to linkedlist deletion Page"]]>
              </value>
            </param>
            <param index="1">
              <value>
                <![CDATA["Linked List feature"]]>
              </value>
            </param>
          </params>
          <reporter-output>
          </reporter-output>
        </test-method> <!-- runScenario -->
        <test-method signature="runScenario(io.cucumber.testng.PickleWrapper,io.cucumber.testng.FeatureWrapper)[pri:0, instance:com.dsalgoportal.testrunner.TestNGTestRunner@3e84448c]" started-at="2023-09-14T14:01:25 CDT" name="runScenario" description="Runs Cucumber Scenarios" data-provider="scenarios" finished-at="2023-09-14T14:01:26 CDT" duration-ms="317" status="PASS">
          <params>
            <param index="0">
              <value>
                <![CDATA["The user is able to navigate to linkedlist deletion page having an tryEditor"]]>
              </value>
            </param>
            <param index="1">
              <value>
                <![CDATA["Linked List feature"]]>
              </value>
            </param>
          </params>
          <reporter-output>
          </reporter-output>
        </test-method> <!-- runScenario -->
        <test-method signature="runScenario(io.cucumber.testng.PickleWrapper,io.cucumber.testng.FeatureWrapper)[pri:0, instance:com.dsalgoportal.testrunner.TestNGTestRunner@3e84448c]" started-at="2023-09-14T14:01:26 CDT" name="runScenario" description="Runs Cucumber Scenarios" data-provider="scenarios" finished-at="2023-09-14T14:01:26 CDT" duration-ms="379" status="PASS">
          <params>
            <param index="0">
              <value>
                <![CDATA["The user is able to run valid code in tryEditor page of linkedlist"]]>
              </value>
            </param>
            <param index="1">
              <value>
                <![CDATA["Linked List feature"]]>
              </value>
            </param>
          </params>
          <reporter-output>
          </reporter-output>
        </test-method> <!-- runScenario -->
        <test-method signature="runScenario(io.cucumber.testng.PickleWrapper,io.cucumber.testng.FeatureWrapper)[pri:0, instance:com.dsalgoportal.testrunner.TestNGTestRunner@3e84448c]" started-at="2023-09-14T14:01:26 CDT" name="runScenario" description="Runs Cucumber Scenarios" data-provider="scenarios" finished-at="2023-09-14T14:01:27 CDT" duration-ms="604" status="PASS">
          <params>
            <param index="0">
              <value>
                <![CDATA["The user is able to get the error message for invalid syntax of linkedlist page"]]>
              </value>
            </param>
            <param index="1">
              <value>
                <![CDATA["Linked List feature"]]>
              </value>
            </param>
          </params>
          <reporter-output>
          </reporter-output>
        </test-method> <!-- runScenario -->
        <test-method signature="runScenario(io.cucumber.testng.PickleWrapper,io.cucumber.testng.FeatureWrapper)[pri:0, instance:com.dsalgoportal.testrunner.TestNGTestRunner@3e84448c]" started-at="2023-09-14T14:01:27 CDT" name="runScenario" description="Runs Cucumber Scenarios" data-provider="scenarios" finished-at="2023-09-14T14:01:27 CDT" duration-ms="333" status="PASS">
          <params>
            <param index="0">
              <value>
                <![CDATA["The user is able to navigate to Practice Questions in linkedlist Page"]]>
              </value>
            </param>
            <param index="1">
              <value>
                <![CDATA["Linked List feature"]]>
              </value>
            </param>
          </params>
          <reporter-output>
          </reporter-output>
        </test-method> <!-- runScenario -->
        <test-method is-config="true" signature="tearDownClass()[pri:0, instance:com.dsalgoportal.testrunner.TestNGTestRunner@3e84448c]" started-at="2023-09-14T14:01:27 CDT" name="tearDownClass" finished-at="2023-09-14T14:01:27 CDT" duration-ms="451" status="PASS">
          <reporter-output>
          </reporter-output>
        </test-method> <!-- tearDownClass -->
      </class> <!-- com.dsalgoportal.testrunner.TestNGTestRunner -->
    </test> <!-- Default test -->
  </suite> <!-- Default suite -->
</testng-results>
